RUN	LogonSimulation	logonsimulation	1605973880689	 	3.4.1
USER	Logon to MRS	START	1605973881704
USER	Logon to MRS	START	1605973881707
USER	Logon to MRS	START	1605973881704
USER	Logon to MRS	START	1605973881706
USER	Logon to MRS	START	1605973881706
USER	Logon to MRS	START	1605973881705
USER	Logon to MRS	START	1605973881756
USER	Logon to MRS	START	1605973881757
USER	Logon to MRS	START	1605973881758
USER	Logon to MRS	START	1605973881758
USER	Logon to MRS	START	1605973881759
USER	Logon to MRS	START	1605973881756
USER	Logon to MRS	START	1605973881759
USER	Logon to MRS	START	1605973881706
USER	Logon to MRS	START	1605973881761
USER	Logon to MRS	START	1605973881762
USER	Logon to MRS	START	1605973881761
USER	Logon to MRS	START	1605973881756
USER	Logon to MRS	START	1605973881763
USER	Logon to MRS	START	1605973881759
USER	Logon to MRS	START	1605973881706
USER	Logon to MRS	START	1605973881765
USER	Logon to MRS	START	1605973881761
USER	Logon to MRS	START	1605973881765
USER	Logon to MRS	START	1605973881766
USER	Logon to MRS	START	1605973881766
USER	Logon to MRS	START	1605973881767
USER	Logon to MRS	START	1605973881767
USER	Logon to MRS	START	1605973881767
USER	Logon to MRS	START	1605973881764
USER	Logon to MRS	START	1605973881764
USER	Logon to MRS	START	1605973881770
USER	Logon to MRS	START	1605973881770
USER	Logon to MRS	START	1605973881771
USER	Logon to MRS	START	1605973881771
USER	Logon to MRS	START	1605973881772
USER	Logon to MRS	START	1605973881773
USER	Logon to MRS	START	1605973881773
USER	Logon to MRS	START	1605973881772
USER	Logon to MRS	START	1605973881774
USER	Logon to MRS	START	1605973881774
USER	Logon to MRS	START	1605973881776
USER	Logon to MRS	START	1605973881776
USER	Logon to MRS	START	1605973881777
USER	Logon to MRS	START	1605973881777
USER	Logon to MRS	START	1605973881776
USER	Logon to MRS	START	1605973881779
USER	Logon to MRS	START	1605973881778
USER	Logon to MRS	START	1605973881780
USER	Logon to MRS	START	1605973881780
USER	Logon to MRS	START	1605973881780
USER	Logon to MRS	START	1605973881777
USER	Logon to MRS	START	1605973881782
USER	Logon to MRS	START	1605973881782
USER	Logon to MRS	START	1605973881779
USER	Logon to MRS	START	1605973881783
USER	Logon to MRS	START	1605973881785
USER	Logon to MRS	START	1605973881785
USER	Logon to MRS	START	1605973881785
USER	Logon to MRS	START	1605973881783
USER	Logon to MRS	START	1605973881787
USER	Logon to MRS	START	1605973881787
USER	Logon to MRS	START	1605973881785
USER	Logon to MRS	START	1605973881789
USER	Logon to MRS	START	1605973881789
USER	Logon to MRS	START	1605973881790
USER	Logon to MRS	START	1605973881783
USER	Logon to MRS	START	1605973881787
USER	Logon to MRS	START	1605973881791
USER	Logon to MRS	START	1605973881791
USER	Logon to MRS	START	1605973881793
USER	Logon to MRS	START	1605973881793
USER	Logon to MRS	START	1605973881793
USER	Logon to MRS	START	1605973881794
USER	Logon to MRS	START	1605973881794
USER	Logon to MRS	START	1605973881795
USER	Logon to MRS	START	1605973881789
USER	Logon to MRS	START	1605973881796
USER	Logon to MRS	START	1605973881791
USER	Logon to MRS	START	1605973881788
USER	Logon to MRS	START	1605973881796
USER	Logon to MRS	START	1605973881798
USER	Logon to MRS	START	1605973881796
USER	Logon to MRS	START	1605973881800
USER	Logon to MRS	START	1605973881801
USER	Logon to MRS	START	1605973881801
USER	Logon to MRS	START	1605973881799
USER	Logon to MRS	START	1605973881803
USER	Logon to MRS	START	1605973881803
USER	Logon to MRS	START	1605973881803
USER	Logon to MRS	START	1605973881804
USER	Logon to MRS	START	1605973881806
USER	Logon to MRS	START	1605973881806
USER	Logon to MRS	START	1605973881798
USER	Logon to MRS	START	1605973881807
USER	Logon to MRS	START	1605973881810
USER	Logon to MRS	START	1605973881809
USER	Logon to MRS	START	1605973881811
USER	Logon to MRS	START	1605973881812
USER	Logon to MRS	START	1605973881813
REQUEST		Open Main Page	1605973881784	1605973882448	OK	 
REQUEST		Open Main Page	1605973881770	1605973882450	OK	 
REQUEST		Open Main Page	1605973881743	1605973882452	OK	 
REQUEST		Open Main Page	1605973881793	1605973882453	OK	 
REQUEST		Open Main Page	1605973881787	1605973882346	OK	 
REQUEST		Open Main Page	1605973881805	1605973882356	OK	 
REQUEST		Open Main Page	1605973881743	1605973882349	OK	 
REQUEST		Open Main Page	1605973881743	1605973882494	OK	 
REQUEST		Open Main Page	1605973881776	1605973882498	OK	 
REQUEST		Open Main Page	1605973881743	1605973882498	OK	 
REQUEST		Open Main Page	1605973881773	1605973882501	OK	 
REQUEST		Open Main Page	1605973881803	1605973882501	OK	 
REQUEST		Open Main Page	1605973881779	1605973882502	OK	 
REQUEST		Open Main Page	1605973881757	1605973882503	OK	 
REQUEST		Open Main Page	1605973881759	1605973882504	OK	 
REQUEST		Open Main Page	1605973881779	1605973882506	OK	 
REQUEST		Open Main Page	1605973881793	1605973882509	OK	 
REQUEST		Open Main Page	1605973881765	1605973882509	OK	 
REQUEST		Open Main Page	1605973881789	1605973882511	OK	 
REQUEST		Open Main Page	1605973881766	1605973882511	OK	 
REQUEST		Open Main Page	1605973881776	1605973882509	OK	 
REQUEST		Open Main Page	1605973881758	1605973882513	OK	 
REQUEST		Open Main Page	1605973881760	1605973882514	OK	 
REQUEST		Open Main Page	1605973881795	1605973882515	OK	 
REQUEST		Open Main Page	1605973881758	1605973882518	OK	 
REQUEST		Open Main Page	1605973881774	1605973882519	OK	 
REQUEST		Open Main Page	1605973881768	1605973882520	OK	 
REQUEST		Open Main Page	1605973881776	1605973882521	OK	 
REQUEST		Open Main Page	1605973881770	1605973882522	OK	 
REQUEST		Open Main Page	1605973881775	1605973882524	OK	 
REQUEST		Open Main Page	1605973881762	1605973882524	OK	 
REQUEST		Open Main Page	1605973881766	1605973882525	OK	 
REQUEST		Open Main Page	1605973881768	1605973882526	OK	 
REQUEST		Open Main Page	1605973881775	1605973882526	OK	 
REQUEST		Open Main Page	1605973881804	1605973882526	OK	 
REQUEST		Open Main Page	1605973881795	1605973882522	OK	 
REQUEST		Open Main Page	1605973881780	1605973882528	OK	 
REQUEST		Open Main Page	1605973881767	1605973882529	OK	 
REQUEST		Open Main Page	1605973881801	1605973882530	OK	 
REQUEST		Open Main Page	1605973881795	1605973882530	OK	 
REQUEST		Open Main Page	1605973881794	1605973882530	OK	 
REQUEST		Open Main Page	1605973881794	1605973882532	OK	 
REQUEST		Open Main Page	1605973881744	1605973882532	OK	 
REQUEST		Open Main Page	1605973881786	1605973882532	OK	 
REQUEST		Open Main Page	1605973881771	1605973882533	OK	 
REQUEST		Open Main Page	1605973881812	1605973882534	OK	 
REQUEST		Open Main Page	1605973881801	1605973882535	OK	 
REQUEST		Open Main Page	1605973881808	1605973882536	OK	 
REQUEST		Open Main Page	1605973881797	1605973882537	OK	 
REQUEST		Open Main Page	1605973881780	1605973882537	OK	 
REQUEST		Open Main Page	1605973881785	1605973882537	OK	 
REQUEST		Open Main Page	1605973881810	1605973882538	OK	 
REQUEST		Open Main Page	1605973881806	1605973882539	OK	 
REQUEST		Open Main Page	1605973881744	1605973882539	OK	 
REQUEST		Open Main Page	1605973881765	1605973882539	OK	 
REQUEST		Open Main Page	1605973881765	1605973882539	OK	 
REQUEST		Open Main Page	1605973881780	1605973882541	OK	 
REQUEST		Open Main Page	1605973881786	1605973882541	OK	 
REQUEST		Open Main Page	1605973881744	1605973882542	OK	 
REQUEST		Open Main Page	1605973881789	1605973882543	OK	 
REQUEST		Open Main Page	1605973881757	1605973882545	OK	 
REQUEST		Open Main Page	1605973881792	1605973882546	OK	 
REQUEST		Open Main Page	1605973881782	1605973882548	OK	 
REQUEST		Open Main Page	1605973881786	1605973882549	OK	 
REQUEST		Open Main Page	1605973881791	1605973882551	OK	 
REQUEST		Open Main Page	1605973881810	1605973882551	OK	 
REQUEST		Open Main Page	1605973881763	1605973882553	OK	 
REQUEST		Open Main Page	1605973881806	1605973882554	OK	 
REQUEST		Open Main Page	1605973881783	1605973882555	OK	 
REQUEST		Open Main Page	1605973881797	1605973882536	OK	 
REQUEST		Open Main Page	1605973881743	1605973882557	OK	 
REQUEST		Open Main Page	1605973881777	1605973882558	OK	 
REQUEST		Open Main Page	1605973881814	1605973882559	OK	 
REQUEST		Open Main Page	1605973881787	1605973882561	OK	 
REQUEST		Open Main Page	1605973881792	1605973882562	OK	 
REQUEST		Open Main Page	1605973881772	1605973882563	OK	 
REQUEST		Open Main Page	1605973881761	1605973882566	OK	 
REQUEST		Open Main Page	1605973881798	1605973882566	OK	 
REQUEST		Open Main Page	1605973881807	1605973882567	OK	 
REQUEST		Open Main Page	1605973881785	1605973882568	OK	 
REQUEST		Open Main Page	1605973881812	1605973882569	OK	 
REQUEST		Open Main Page	1605973881773	1605973882570	OK	 
REQUEST		Open Main Page	1605973881772	1605973882571	OK	 
REQUEST		Open Main Page	1605973881790	1605973882571	OK	 
REQUEST		Open Main Page	1605973881790	1605973882572	OK	 
REQUEST		Open Main Page	1605973881764	1605973882575	OK	 
REQUEST		Open Main Page	1605973881758	1605973882575	OK	 
REQUEST		Open Main Page	1605973881777	1605973882579	OK	 
REQUEST		Open Main Page	1605973881760	1605973882579	OK	 
REQUEST		Open Main Page	1605973881802	1605973882584	OK	 
REQUEST		Open Main Page	1605973881782	1605973882587	OK	 
REQUEST		Open Main Page	1605973881800	1605973882590	OK	 
REQUEST		Open Main Page	1605973881762	1605973882675	OK	 
REQUEST		Open Main Page	1605973881757	1605973882680	OK	 
REQUEST		Open Main Page	1605973881792	1605973882702	OK	 
REQUEST		Open Main Page	1605973881788	1605973882710	OK	 
REQUEST		Open Main Page	1605973881797	1605973882716	OK	 
REQUEST		Open Main Page	1605973881782	1605973882716	OK	 
REQUEST		Open Main Page	1605973881803	1605973882848	OK	 
REQUEST		Open Main Page	1605973881766	1605973882887	OK	 
REQUEST		Open Main Page Redirect 1	1605973882540	1605973882978	OK	 
REQUEST		Open Main Page Redirect 1	1605973882449	1605973882975	OK	 
REQUEST		Open Main Page Redirect 1	1605973882461	1605973882982	OK	 
REQUEST		Open Main Page Redirect 1	1605973882502	1605973882975	OK	 
REQUEST		Open Main Page Redirect 1	1605973882527	1605973882983	OK	 
REQUEST		Open Main Page Redirect 1	1605973882552	1605973882990	OK	 
REQUEST		Open Main Page Redirect 1	1605973882541	1605973882991	OK	 
REQUEST		Open Main Page Redirect 1	1605973882504	1605973882992	OK	 
REQUEST		Open Main Page Redirect 1	1605973882534	1605973882992	OK	 
REQUEST		Open Main Page Redirect 1	1605973882454	1605973882976	OK	 
REQUEST		Open Main Page Redirect 1	1605973882494	1605973882995	OK	 
REQUEST		Open Main Page Redirect 1	1605973882501	1605973882999	OK	 
REQUEST		Open Main Page Redirect 1	1605973882549	1605973883011	OK	 
REQUEST		Open Main Page Redirect 1	1605973882532	1605973883011	OK	 
REQUEST		Open Main Page Redirect 1	1605973882529	1605973883011	OK	 
REQUEST		Open Main Page Redirect 1	1605973882538	1605973883014	OK	 
REQUEST		Open Main Page Redirect 1	1605973882507	1605973883014	OK	 
REQUEST		Open Main Page Redirect 1	1605973882509	1605973883020	OK	 
REQUEST		Open Main Page Redirect 1	1605973882512	1605973883020	OK	 
REQUEST		Open Main Page Redirect 1	1605973882556	1605973883022	OK	 
REQUEST		Open Main Page Redirect 1	1605973882519	1605973883023	OK	 
REQUEST		Open Main Page Redirect 1	1605973882550	1605973883024	OK	 
REQUEST		Open Main Page Redirect 1	1605973882461	1605973883023	OK	 
REQUEST		Open Main Page Redirect 1	1605973882559	1605973883025	OK	 
REQUEST		Open Main Page Redirect 1	1605973882520	1605973883026	OK	 
REQUEST		Open Main Page Redirect 1	1605973882559	1605973883027	OK	 
REQUEST		Open Main Page Redirect 1	1605973882511	1605973883028	OK	 
REQUEST		Open Main Page Redirect 1	1605973882541	1605973883027	OK	 
REQUEST		Open Main Page Redirect 1	1605973882518	1605973883029	OK	 
REQUEST		Open Main Page Redirect 1	1605973882553	1605973883029	OK	 
REQUEST		Open Main Page Redirect 1	1605973882551	1605973883031	OK	 
REQUEST		Open Main Page Redirect 1	1605973882462	1605973883031	OK	 
REQUEST		Open Main Page Redirect 1	1605973882534	1605973883035	OK	 
REQUEST		Open Main Page Redirect 1	1605973882539	1605973883035	OK	 
REQUEST		Open Main Page Redirect 1	1605973882565	1605973883036	OK	 
REQUEST		Open Main Page Redirect 1	1605973882544	1605973883038	OK	 
REQUEST		Open Main Page Redirect 1	1605973882524	1605973883038	OK	 
REQUEST		Open Main Page Redirect 1	1605973882567	1605973883040	OK	 
REQUEST		Open Main Page Redirect 1	1605973882538	1605973883040	OK	 
REQUEST		Open Main Page Redirect 1	1605973882540	1605973883041	OK	 
REQUEST		Open Main Page Redirect 1	1605973882521	1605973883038	OK	 
REQUEST		Open Main Page Redirect 1	1605973882575	1605973883042	OK	 
REQUEST		Open Main Page Redirect 1	1605973882556	1605973883041	OK	 
REQUEST		Open Main Page Redirect 1	1605973882524	1605973883044	OK	 
REQUEST		Open Main Page Redirect 1	1605973882511	1605973883044	OK	 
REQUEST		Open Main Page Redirect 1	1605973882543	1605973883044	OK	 
REQUEST		Open Main Page Redirect 1	1605973882547	1605973883045	OK	 
REQUEST		Open Main Page Redirect 1	1605973882516	1605973883044	OK	 
REQUEST		Open Main Page Redirect 1	1605973882569	1605973883045	OK	 
REQUEST		Open Main Page Redirect 1	1605973882530	1605973883047	OK	 
REQUEST		Open Main Page Redirect 1	1605973882539	1605973883047	OK	 
REQUEST		Open Main Page Redirect 1	1605973882561	1605973883048	OK	 
REQUEST		Open Main Page Redirect 1	1605973882530	1605973883044	OK	 
REQUEST		Open Main Page Redirect 1	1605973882573	1605973883048	OK	 
REQUEST		Open Main Page Redirect 1	1605973882509	1605973883043	OK	 
REQUEST		Open Main Page Redirect 1	1605973882569	1605973883051	OK	 
REQUEST		Open Main Page Redirect 1	1605973882545	1605973883054	OK	 
REQUEST		Open Main Page Redirect 1	1605973882530	1605973883053	OK	 
REQUEST		Open Main Page Redirect 1	1605973882577	1605973883053	OK	 
REQUEST		Open Main Page Redirect 1	1605973882527	1605973883055	OK	 
REQUEST		Open Main Page Redirect 1	1605973882554	1605973883057	OK	 
REQUEST		Open Main Page Redirect 1	1605973882572	1605973883057	OK	 
REQUEST		Open Main Page Redirect 1	1605973882451	1605973883057	OK	 
REQUEST		Open Main Page Redirect 1	1605973882515	1605973883059	OK	 
REQUEST		Open Main Page Redirect 1	1605973882538	1605973883060	OK	 
REQUEST		Open Main Page Redirect 1	1605973882501	1605973883072	OK	 
REQUEST		Open Main Page Redirect 1	1605973882520	1605973883073	OK	 
REQUEST		Open Main Page Redirect 1	1605973882593	1605973883075	OK	 
REQUEST		Open Main Page Redirect 1	1605973882530	1605973883079	OK	 
REQUEST		Open Main Page Redirect 1	1605973882571	1605973883079	OK	 
REQUEST		Open Main Page Redirect 1	1605973882567	1605973883080	OK	 
REQUEST		Open Main Page Redirect 1	1605973882499	1605973883082	OK	 
REQUEST		Open Main Page Redirect 1	1605973882581	1605973883087	OK	 
REQUEST		Open Main Page Redirect 2	1605973882989	1605973883087	OK	 
REQUEST		Open Main Page Redirect 2	1605973882989	1605973883088	OK	 
REQUEST		Open Main Page Redirect 2	1605973882991	1605973883089	OK	 
REQUEST		Open Main Page Redirect 1	1605973882503	1605973883091	OK	 
REQUEST		Open Main Page Redirect 2	1605973882990	1605973883091	OK	 
REQUEST		Open Main Page Redirect 2	1605973882994	1605973883092	OK	 
REQUEST		Open Main Page Redirect 2	1605973882992	1605973883094	OK	 
REQUEST		Open Main Page Redirect 2	1605973882993	1605973883094	OK	 
REQUEST		Open Main Page Redirect 2	1605973882992	1605973883103	OK	 
REQUEST		Open Main Page Redirect 1	1605973882525	1605973883103	OK	 
REQUEST		Open Main Page Redirect 2	1605973882997	1605973883104	OK	 
REQUEST		Open Main Page Redirect 1	1605973882536	1605973883106	OK	 
REQUEST		Open Main Page Redirect 1	1605973882537	1605973883107	OK	 
REQUEST		Open Main Page Redirect 1	1605973882557	1605973883108	OK	 
REQUEST		Open Main Page Redirect 1	1605973882573	1605973883107	OK	 
REQUEST		Open Main Page Redirect 2	1605973883012	1605973883112	OK	 
REQUEST		Open Main Page Redirect 1	1605973882588	1605973883113	OK	 
REQUEST		Open Main Page Redirect 2	1605973883024	1605973883113	OK	 
REQUEST		Open Main Page Redirect 1	1605973882528	1605973883111	OK	 
REQUEST		Open Main Page Redirect 1	1605973882585	1605973883115	OK	 
REQUEST		Open Main Page Redirect 1	1605973882532	1605973883115	OK	 
REQUEST		Open Main Page Redirect 2	1605973883026	1605973883117	OK	 
REQUEST		Open Main Page Redirect 1	1605973882532	1605973883113	OK	 
REQUEST		Open Main Page Redirect 2	1605973883016	1605973883117	OK	 
REQUEST		Open Main Page Redirect 2	1605973883013	1605973883120	OK	 
REQUEST		Open Main Page Redirect 2	1605973883024	1605973883120	OK	 
REQUEST		Open Main Page Redirect 2	1605973883023	1605973883121	OK	 
REQUEST		Open Main Page Redirect 2	1605973883021	1605973883122	OK	 
REQUEST		Open Main Page Redirect 1	1605973882499	1605973883121	OK	 
REQUEST		Open Main Page Redirect 2	1605973882996	1605973883123	OK	 
REQUEST		Open Main Page Redirect 2	1605973882994	1605973883124	OK	 
REQUEST		Open Main Page Redirect 1	1605973882564	1605973883124	OK	 
REQUEST		Open Main Page Redirect 1	1605973882536	1605973883127	OK	 
REQUEST		Open Main Page Redirect 1	1605973882452	1605973883123	OK	 
REQUEST		Open Main Page Redirect 1	1605973882567	1605973883127	OK	 
REQUEST		Open Main Page Redirect 2	1605973883015	1605973883128	OK	 
REQUEST		Open Main Page Redirect 1	1605973882580	1605973883128	OK	 
REQUEST		Open Main Page Redirect 2	1605973883024	1605973883130	OK	 
REQUEST		Open Main Page Redirect 1	1605973882522	1605973883130	OK	 
REQUEST		Open Main Page Redirect 2	1605973883012	1605973883131	OK	 
REQUEST		Open Main Page Redirect 2	1605973883001	1605973883132	OK	 
REQUEST		Open Main Page Redirect 2	1605973883022	1605973883133	OK	 
REQUEST		Open Main Page Redirect 2	1605973883032	1605973883161	OK	 
REQUEST		Open Main Page Redirect 2	1605973883029	1605973883162	OK	 
REQUEST		Open Main Page Redirect 2	1605973883038	1605973883164	OK	 
REQUEST		Open Main Page Redirect 2	1605973883031	1605973883165	OK	 
REQUEST		Open Main Page Redirect 2	1605973883028	1605973883165	OK	 
REQUEST		Open Main Page Redirect 2	1605973883030	1605973883165	OK	 
REQUEST		Open Main Page Redirect 2	1605973883040	1605973883165	OK	 
REQUEST		Open Main Page Redirect 2	1605973883045	1605973883166	OK	 
REQUEST		Open Main Page Redirect 2	1605973883054	1605973883168	OK	 
REQUEST		Open Main Page Redirect 2	1605973883037	1605973883169	OK	 
REQUEST		Open Main Page Redirect 2	1605973883030	1605973883166	OK	 
REQUEST		Open Main Page Redirect 2	1605973883042	1605973883169	OK	 
REQUEST		Open Main Page Redirect 2	1605973883045	1605973883169	OK	 
REQUEST		Open Main Page Redirect 2	1605973883050	1605973883171	OK	 
REQUEST		Open Main Page Redirect 2	1605973883047	1605973883171	OK	 
REQUEST		Open Main Page Redirect 2	1605973883039	1605973883171	OK	 
REQUEST		Open Main Page Redirect 2	1605973883056	1605973883172	OK	 
REQUEST		Open Main Page Redirect 2	1605973883040	1605973883172	OK	 
REQUEST		Open Main Page Redirect 2	1605973883040	1605973883173	OK	 
REQUEST		Open Main Page Redirect 2	1605973883046	1605973883173	OK	 
REQUEST		Open Main Page Redirect 2	1605973883054	1605973883176	OK	 
REQUEST		Open Main Page Redirect 2	1605973883037	1605973883176	OK	 
REQUEST		Open Main Page Redirect 2	1605973883032	1605973883176	OK	 
REQUEST		Open Main Page Redirect 2	1605973883043	1605973883177	OK	 
REQUEST		Open Main Page Redirect 2	1605973883045	1605973883177	OK	 
REQUEST		Open Main Page Redirect 2	1605973883050	1605973883177	OK	 
REQUEST		Open Main Page Redirect 2	1605973883043	1605973883178	OK	 
REQUEST		Open Main Page Redirect 2	1605973883047	1605973883178	OK	 
REQUEST		Open Main Page Redirect 2	1605973883027	1605973883176	OK	 
REQUEST		Open Main Page Redirect 2	1605973883048	1605973883179	OK	 
REQUEST		Open Main Page Redirect 2	1605973883046	1605973883179	OK	 
REQUEST		Open Main Page Redirect 2	1605973883050	1605973883180	OK	 
REQUEST		Open Main Page Redirect 2	1605973883049	1605973883210	OK	 
REQUEST		Open Main Page Redirect 1	1605973882717	1605973883210	OK	 
REQUEST		Open Main Page Redirect 2	1605973883051	1605973883210	OK	 
REQUEST		Open Main Page Redirect 2	1605973883059	1605973883211	OK	 
REQUEST		Open Main Page Redirect 2	1605973883055	1605973883211	OK	 
REQUEST		Open Main Page Redirect 2	1605973883061	1605973883213	OK	 
REQUEST		Open Main Page Redirect 2	1605973883060	1605973883213	OK	 
REQUEST		Open Main Page Redirect 2	1605973883055	1605973883213	OK	 
REQUEST		Open Main Page Redirect 1	1605973882680	1605973883213	OK	 
REQUEST		Open Main Page Redirect 2	1605973883074	1605973883215	OK	 
REQUEST		Open Main Page Redirect 2	1605973883058	1605973883215	OK	 
REQUEST		Open Main Page Redirect 2	1605973883075	1605973883216	OK	 
REQUEST		Open Main Page Redirect 2	1605973883084	1605973883217	OK	 
REQUEST		Open Main Page Redirect 2	1605973883058	1605973883218	OK	 
REQUEST		Open Main Page Redirect 2	1605973883080	1605973883218	OK	 
REQUEST		Open Main Page Redirect 2	1605973883078	1605973883219	OK	 
REQUEST		Open Main Page Redirect 2	1605973883080	1605973883220	OK	 
REQUEST		Open Main Page Redirect 2	1605973883081	1605973883222	OK	 
REQUEST		Open Main Page Redirect 2	1605973883090	1605973883226	OK	 
REQUEST		Open Main Page Redirect 2	1605973883091	1605973883236	OK	 
REQUEST		Open Main Page Redirect 1	1605973882702	1605973883237	OK	 
REQUEST		Open Main Page Redirect 3	1605973883089	1605973883238	OK	 
REQUEST		Open Main Page Redirect 3	1605973883095	1605973883236	OK	 
REQUEST		Open Main Page Redirect 3	1605973883105	1605973883245	OK	 
REQUEST		Open Main Page Redirect 3	1605973883088	1605973883239	OK	 
REQUEST		Open Main Page Redirect 3	1605973883096	1605973883236	OK	 
REQUEST		Open Main Page Redirect 2	1605973883112	1605973883252	OK	 
REQUEST		Open Main Page Redirect 3	1605973883091	1605973883251	OK	 
REQUEST		Open Main Page Redirect 3	1605973883091	1605973883251	OK	 
REQUEST		Open Main Page Redirect 3	1605973883106	1605973883252	OK	 
REQUEST		Open Main Page Redirect 2	1605973883105	1605973883253	OK	 
REQUEST		Open Main Page Redirect 1	1605973882713	1605973883253	OK	 
REQUEST		Open Main Page Redirect 2	1605973883107	1605973883254	OK	 
REQUEST		Open Main Page Redirect 1	1605973882527	1605973883254	OK	 
REQUEST		Open Main Page Redirect 2	1605973883115	1605973883255	OK	 
REQUEST		Open Main Page Redirect 2	1605973883108	1605973883255	OK	 
REQUEST		Open Main Page Redirect 2	1605973883111	1605973883256	OK	 
REQUEST		Open Main Page Redirect 2	1605973883116	1605973883258	OK	 
REQUEST		Open Main Page Redirect 3	1605973883120	1605973883258	OK	 
REQUEST		Open Main Page Redirect 3	1605973883094	1605973883258	OK	 
REQUEST		Open Main Page Redirect 3	1605973883120	1605973883260	OK	 
REQUEST		Open Main Page Redirect 1	1605973882717	1605973883261	OK	 
REQUEST		Open Main Page Redirect 3	1605973883119	1605973883260	OK	 
REQUEST		Open Main Page Redirect 2	1605973883114	1605973883262	OK	 
REQUEST		Open Main Page Redirect 2	1605973883129	1605973883267	OK	 
REQUEST		Open Main Page Redirect 2	1605973883125	1605973883267	OK	 
REQUEST		Open Main Page Redirect 3	1605973883115	1605973883264	OK	 
REQUEST		Open Main Page Redirect 3	1605973883112	1605973883268	OK	 
REQUEST		Open Main Page Redirect 2	1605973883128	1605973883270	OK	 
REQUEST		Open Main Page Redirect 2	1605973883119	1605973883270	OK	 
REQUEST		Open Main Page Redirect 3	1605973883168	1605973883271	OK	 
REQUEST		Open Main Page Redirect 3	1605973883123	1605973883272	OK	 
REQUEST		Open Main Page Redirect 3	1605973883166	1605973883272	OK	 
REQUEST		Open Main Page Redirect 3	1605973883121	1605973883271	OK	 
REQUEST		Open Main Page Redirect 3	1605973883170	1605973883277	OK	 
REQUEST		Open Main Page Redirect 3	1605973883131	1605973883277	OK	 
REQUEST		Open Main Page Redirect 3	1605973883129	1605973883278	OK	 
REQUEST		Open Main Page Redirect 3	1605973883130	1605973883280	OK	 
REQUEST		Open Main Page Redirect 3	1605973883171	1605973883281	OK	 
REQUEST		Open Main Page Redirect 3	1605973883169	1605973883281	OK	 
REQUEST		Open Main Page Redirect 3	1605973883165	1605973883279	OK	 
REQUEST		Open Main Page Redirect 3	1605973883121	1605973883270	OK	 
REQUEST		Open Main Page Redirect 3	1605973883164	1605973883284	OK	 
REQUEST		Open Main Page Redirect 3	1605973883173	1605973883285	OK	 
REQUEST		Open Main Page Redirect 2	1605973883114	1605973883285	OK	 
REQUEST		Open Main Page Redirect 3	1605973883165	1605973883286	OK	 
REQUEST		Open Main Page Redirect 3	1605973883162	1605973883286	OK	 
REQUEST		Open Main Page Redirect 3	1605973883176	1605973883286	OK	 
REQUEST		Open Main Page Redirect 3	1605973883171	1605973883288	OK	 
REQUEST		Open Main Page Redirect 2	1605973883123	1605973883287	OK	 
REQUEST		Open Main Page Redirect 3	1605973883169	1605973883288	OK	 
REQUEST		Open Main Page Redirect 3	1605973883174	1605973883292	OK	 
REQUEST		Open Main Page Redirect 3	1605973883177	1605973883294	OK	 
REQUEST		Open Main Page Redirect 2	1605973883128	1605973883295	OK	 
REQUEST		Open Main Page Redirect 3	1605973883171	1605973883295	OK	 
REQUEST		Open Main Page Redirect 3	1605973883122	1605973883285	OK	 
REQUEST		Open Main Page Redirect 3	1605973883170	1605973883283	OK	 
REQUEST		Open Main Page Redirect 3	1605973883173	1605973883297	OK	 
REQUEST		Open Main Page Redirect 3	1605973883124	1605973883297	OK	 
REQUEST		Open Main Page Redirect 3	1605973883162	1605973883300	OK	 
REQUEST		Open Main Page Redirect 2	1605973883129	1605973883301	OK	 
REQUEST		Open Main Page Redirect 3	1605973883176	1605973883302	OK	 
REQUEST		Open Main Page Redirect 3	1605973883179	1605973883301	OK	 
REQUEST		Open Main Page Redirect 2	1605973883131	1605973883303	OK	 
REQUEST		Open Main Page Redirect 3	1605973883132	1605973883304	OK	 
REQUEST		Open Main Page Redirect 3	1605973883177	1605973883304	OK	 
REQUEST		Open Main Page Redirect 3	1605973883170	1605973883301	OK	 
REQUEST		Open Main Page Redirect 3	1605973883174	1605973883305	OK	 
REQUEST		Open Main Page Redirect 3	1605973883180	1605973883308	OK	 
REQUEST		Open Main Page Redirect 3	1605973883178	1605973883309	OK	 
REQUEST		Open Main Page Redirect 3	1605973883214	1605973883310	OK	 
REQUEST		Open Main Page Redirect 3	1605973883179	1605973883309	OK	 
REQUEST		Open Main Page Redirect 2	1605973883211	1605973883311	OK	 
REQUEST		Open Main Page Redirect 3	1605973883176	1605973883311	OK	 
REQUEST		Open Main Page Redirect 3	1605973883215	1605973883311	OK	 
REQUEST		Open Main Page Redirect 3	1605973883212	1605973883312	OK	 
REQUEST		Open Main Page Redirect 3	1605973883210	1605973883313	OK	 
REQUEST		Open Main Page Redirect 3	1605973883180	1605973883313	OK	 
REQUEST		Open Main Page Redirect 3	1605973883213	1605973883317	OK	 
REQUEST		Open Main Page Redirect 2	1605973883214	1605973883317	OK	 
REQUEST		Open Main Page Redirect 3	1605973883135	1605973883316	OK	 
REQUEST		Open Main Page Redirect 3	1605973883179	1605973883317	OK	 
REQUEST		Open Main Page Redirect 1	1605973882849	1605973883319	OK	 
REQUEST		Open Main Page Redirect 3	1605973883173	1605973883319	OK	 
REQUEST		Open Main Page Redirect 3	1605973883180	1605973883320	OK	 
REQUEST		Open Main Page Redirect 3	1605973883211	1605973883322	OK	 
REQUEST		Open Main Page Redirect 1	1605973882888	1605973883324	OK	 
REQUEST		Open Main Page Redirect 3	1605973883213	1605973883325	OK	 
REQUEST		Open Main Page Redirect 3	1605973883221	1605973883327	OK	 
REQUEST		Open Main Page Redirect 3	1605973883212	1605973883328	OK	 
REQUEST		Open Main Page Redirect 3	1605973883217	1605973883328	OK	 
REQUEST		Open Main Page Redirect 3	1605973883218	1605973883330	OK	 
REQUEST		Open Main Page Redirect 3	1605973883217	1605973883330	OK	 
REQUEST		Open Main Page Redirect 3	1605973883219	1605973883333	OK	 
REQUEST		Open Main Page Redirect 3	1605973883219	1605973883360	OK	 
REQUEST		Open Main Page Redirect 3	1605973883219	1605973883360	OK	 
REQUEST		Open Main Page Redirect 2	1605973883238	1605973883362	OK	 
REQUEST		Open Main Page Redirect 3	1605973883226	1605973883364	OK	 
REQUEST		Open Main Page Redirect 3	1605973883236	1605973883366	OK	 
REQUEST		Open Main Page Redirect 3	1605973883255	1605973883423	OK	 
REQUEST		Open Main Page Redirect 3	1605973883253	1605973883424	OK	 
REQUEST		Open Main Page Redirect 2	1605973883253	1605973883423	OK	 
REQUEST		Open Main Page Redirect 3	1605973883269	1605973883425	OK	 
REQUEST		Open Main Page Redirect 3	1605973883255	1605973883426	OK	 
REQUEST		Open Main Page Redirect 3	1605973883263	1605973883426	OK	 
REQUEST		Open Main Page Redirect 2	1605973883255	1605973883427	OK	 
REQUEST		Open Main Page Redirect 3	1605973883257	1605973883428	OK	 
REQUEST		Open Main Page Redirect 3	1605973883259	1605973883429	OK	 
REQUEST		Open Main Page Redirect 2	1605973883262	1605973883430	OK	 
REQUEST		Open Main Page Redirect 3	1605973883268	1605973883431	OK	 
REQUEST		Open Main Page Redirect 3	1605973883252	1605973883432	OK	 
REQUEST		Open Main Page Redirect 3	1605973883255	1605973883434	OK	 
REQUEST		Open Main Page Redirect 3	1605973883270	1605973883442	OK	 
REQUEST		Open Main Page Redirect 4	1605973883246	1605973883441	OK	 
ERROR	Login: Failed to build request: No attribute named 'encodelogonstring' is defined 	1605973883459
REQUEST		Open Main Page Redirect 4	1605973883259	1605973883477	OK	 
ERROR	Login: Failed to build request: No attribute named 'encodelogonstring' is defined 	1605973883478
REQUEST		Open Main Page Redirect 4	1605973883252	1605973883478	OK	 
ERROR	Login: Failed to build request: No attribute named 'encodelogonstring' is defined 	1605973883479
REQUEST		Open Main Page Redirect 4	1605973883263	1605973883499	OK	 
ERROR	Login: Failed to build request: No attribute named 'encodelogonstring' is defined 	1605973883500
REQUEST		Open Main Page Redirect 4	1605973883261	1605973883504	OK	 
ERROR	Login: Failed to build request: No attribute named 'encodelogonstring' is defined 	1605973883505
REQUEST		Open Main Page Redirect 3	1605973883286	1605973883507	OK	 
REQUEST		Open Main Page Redirect 4	1605973883253	1605973883509	OK	 
ERROR	Login: Failed to build request: No attribute named 'encodelogonstring' is defined 	1605973883510
REQUEST		Open Main Page Redirect 4	1605973883279	1605973883518	OK	 
ERROR	Login: Failed to build request: No attribute named 'encodelogonstring' is defined 	1605973883519
REQUEST		Open Main Page Redirect 4	1605973883259	1605973883521	OK	 
ERROR	Login: Failed to build request: No attribute named 'encodelogonstring' is defined 	1605973883524
REQUEST		Open Main Page Redirect 4	1605973883279	1605973883526	OK	 
ERROR	Login: Failed to build request: No attribute named 'encodelogonstring' is defined 	1605973883526
REQUEST		Open Main Page Redirect 4	1605973883284	1605973883529	OK	 
ERROR	Login: Failed to build request: No attribute named 'encodelogonstring' is defined 	1605973883530
REQUEST		Open Main Page Redirect 4	1605973883284	1605973883547	OK	 
REQUEST		Open Main Page Redirect 4	1605973883281	1605973883548	OK	 
ERROR	Login: Failed to build request: No attribute named 'encodelogonstring' is defined 	1605973883550
ERROR	Login: Failed to build request: No attribute named 'encodelogonstring' is defined 	1605973883550
REQUEST		Open Main Page Redirect 4	1605973883288	1605973883578	OK	 
REQUEST		Open Main Page Redirect 4	1605973883287	1605973883578	OK	 
ERROR	Login: Failed to build request: No attribute named 'encodelogonstring' is defined 	1605973883579
ERROR	Login: Failed to build request: No attribute named 'encodelogonstring' is defined 	1605973883579
REQUEST		Open Main Page Redirect 4	1605973883277	1605973883581	OK	 
ERROR	Login: Failed to build request: No attribute named 'encodelogonstring' is defined 	1605973883583
REQUEST		Open Main Page Redirect 4	1605973883278	1605973883582	OK	 
ERROR	Login: Failed to build request: No attribute named 'encodelogonstring' is defined 	1605973883585
REQUEST		Open Main Page Redirect 4	1605973883279	1605973883595	OK	 
ERROR	Login: Failed to build request: No attribute named 'encodelogonstring' is defined 	1605973883596
REQUEST		Open Main Page Redirect 4	1605973883269	1605973883602	OK	 
ERROR	Login: Failed to build request: No attribute named 'encodelogonstring' is defined 	1605973883623
REQUEST		Open Main Page Redirect 4	1605973883293	1605973883623	OK	 
ERROR	Login: Failed to build request: No attribute named 'encodelogonstring' is defined 	1605973883624
REQUEST		Open Main Page Redirect 3	1605973883294	1605973883623	OK	 
REQUEST		Open Main Page Redirect 3	1605973883302	1605973883648	OK	 
REQUEST		Open Main Page Redirect 4	1605973883283	1605973883652	OK	 
REQUEST		Open Main Page Redirect 4	1605973883277	1605973883652	OK	 
ERROR	Login: Failed to build request: No attribute named 'encodelogonstring' is defined 	1605973883653
ERROR	Login: Failed to build request: No attribute named 'encodelogonstring' is defined 	1605973883654
REQUEST		Open Main Page Redirect 3	1605973883303	1605973883653	OK	 
REQUEST		Open Main Page Redirect 4	1605973883287	1605973883656	OK	 
REQUEST		Open Main Page Redirect 4	1605973883299	1605973883663	OK	 
REQUEST		Open Main Page Redirect 4	1605973883300	1605973883663	OK	 
ERROR	Login: Failed to build request: No attribute named 'encodelogonstring' is defined 	1605973883665
ERROR	Login: Failed to build request: No attribute named 'encodelogonstring' is defined 	1605973883665
REQUEST		Open Main Page Redirect 4	1605973883292	1605973883663	OK	 
ERROR	Login: Failed to build request: No attribute named 'encodelogonstring' is defined 	1605973883667
ERROR	Login: Failed to build request: No attribute named 'encodelogonstring' is defined 	1605973883669
REQUEST		Open Main Page Redirect 4	1605973883300	1605973883669	OK	 
ERROR	Login: Failed to build request: No attribute named 'encodelogonstring' is defined 	1605973883670
REQUEST		Open Main Page Redirect 4	1605973883301	1605973883671	OK	 
ERROR	Login: Failed to build request: No attribute named 'encodelogonstring' is defined 	1605973883673
REQUEST		Open Main Page Redirect 4	1605973883286	1605973883794	OK	 
REQUEST		Open Main Page Redirect 4	1605973883296	1605973883795	OK	 
REQUEST		Open Main Page Redirect 4	1605973883304	1605973883795	OK	 
ERROR	Login: Failed to build request: No attribute named 'encodelogonstring' is defined 	1605973883795
ERROR	Login: Failed to build request: No attribute named 'encodelogonstring' is defined 	1605973883795
REQUEST		Open Main Page Redirect 4	1605973883306	1605973883795	OK	 
ERROR	Login: Failed to build request: No attribute named 'encodelogonstring' is defined 	1605973883796
ERROR	Login: Failed to build request: No attribute named 'encodelogonstring' is defined 	1605973883798
REQUEST		Open Main Page Redirect 3	1605973883312	1605973883797	OK	 
REQUEST		Open Main Page Redirect 2	1605973883320	1605973883799	OK	 
REQUEST		Open Main Page Redirect 3	1605973883363	1605973883800	OK	 
REQUEST		Open Main Page Redirect 4	1605973883284	1605973883800	OK	 
REQUEST		Open Main Page Redirect 4	1605973883320	1605973883800	OK	 
REQUEST		Open Main Page Redirect 3	1605973883426	1605973883799	OK	 
ERROR	Login: Failed to build request: No attribute named 'encodelogonstring' is defined 	1605973883801
ERROR	Login: Failed to build request: No attribute named 'encodelogonstring' is defined 	1605973883801
REQUEST		Open Main Page Redirect 4	1605973883332	1605973883802	OK	 
ERROR	Login: Failed to build request: No attribute named 'encodelogonstring' is defined 	1605973883802
REQUEST		Open Main Page Redirect 4	1605973883296	1605973883803	OK	 
ERROR	Login: Failed to build request: No attribute named 'encodelogonstring' is defined 	1605973883804
REQUEST		Open Main Page Redirect 2	1605973883325	1605973883806	OK	 
REQUEST		Open Main Page Redirect 3	1605973883318	1605973883806	OK	 
REQUEST		Open Main Page Redirect 4	1605973883332	1605973883816	OK	 
ERROR	Login: Failed to build request: No attribute named 'encodelogonstring' is defined 	1605973883818
REQUEST		Open Main Page Redirect 4	1605973883309	1605973883833	OK	 
ERROR	Login: Failed to build request: No attribute named 'encodelogonstring' is defined 	1605973883833
REQUEST		Open Main Page Redirect 4	1605973883316	1605973883834	OK	 
ERROR	Login: Failed to build request: No attribute named 'encodelogonstring' is defined 	1605973883835
REQUEST		Open Main Page Redirect 4	1605973883424	1605973883847	OK	 
ERROR	Login: Failed to build request: No attribute named 'encodelogonstring' is defined 	1605973883848
REQUEST		Open Main Page Redirect 4	1605973883361	1605973883848	OK	 
ERROR	Login: Failed to build request: No attribute named 'encodelogonstring' is defined 	1605973883849
REQUEST		Open Main Page Redirect 4	1605973883319	1605973883862	OK	 
REQUEST		Open Main Page Redirect 4	1605973883327	1605973883862	OK	 
ERROR	Login: Failed to build request: No attribute named 'encodelogonstring' is defined 	1605973883864
ERROR	Login: Failed to build request: No attribute named 'encodelogonstring' is defined 	1605973883864
REQUEST		Open Main Page Redirect 4	1605973883365	1605973883910	OK	 
ERROR	Login: Failed to build request: No attribute named 'encodelogonstring' is defined 	1605973883910
REQUEST		Open Main Page Redirect 4	1605973883322	1605973883915	OK	 
ERROR	Login: Failed to build request: No attribute named 'encodelogonstring' is defined 	1605973883916
REQUEST		Open Main Page Redirect 3	1605973883428	1605973883919	OK	 
REQUEST		Open Main Page Redirect 3	1605973883431	1605973883922	OK	 
REQUEST		Open Main Page Redirect 4	1605973883367	1605973883982	OK	 
ERROR	Login: Failed to build request: No attribute named 'encodelogonstring' is defined 	1605973883982
REQUEST		Open Main Page Redirect 4	1605973883312	1605973883987	OK	 
ERROR	Login: Failed to build request: No attribute named 'encodelogonstring' is defined 	1605973883988
REQUEST		Open Main Page Redirect 4	1605973883361	1605973884006	OK	 
ERROR	Login: Failed to build request: No attribute named 'encodelogonstring' is defined 	1605973884007
REQUEST		Open Main Page Redirect 4	1605973883317	1605973884016	OK	 
ERROR	Login: Failed to build request: No attribute named 'encodelogonstring' is defined 	1605973884017
REQUEST		Open Main Page Redirect 4	1605973883329	1605973884021	OK	 
ERROR	Login: Failed to build request: No attribute named 'encodelogonstring' is defined 	1605973884021
REQUEST		Open Main Page Redirect 4	1605973883334	1605973884063	OK	 
ERROR	Login: Failed to build request: No attribute named 'encodelogonstring' is defined 	1605973884064
REQUEST		Open Main Page Redirect 4	1605973883443	1605973884079	OK	 
ERROR	Login: Failed to build request: No attribute named 'encodelogonstring' is defined 	1605973884079
REQUEST		Open Main Page Redirect 4	1605973883318	1605973884123	OK	 
REQUEST		Open Main Page Redirect 4	1605973883435	1605973884123	OK	 
ERROR	Login: Failed to build request: No attribute named 'encodelogonstring' is defined 	1605973884124
ERROR	Login: Failed to build request: No attribute named 'encodelogonstring' is defined 	1605973884124
REQUEST		Open Main Page Redirect 4	1605973883311	1605973884127	OK	 
ERROR	Login: Failed to build request: No attribute named 'encodelogonstring' is defined 	1605973884128
REQUEST		Open Main Page Redirect 4	1605973883433	1605973884131	OK	 
ERROR	Login: Failed to build request: No attribute named 'encodelogonstring' is defined 	1605973884132
REQUEST		Open Main Page Redirect 4	1605973883312	1605973884149	OK	 
ERROR	Login: Failed to build request: No attribute named 'encodelogonstring' is defined 	1605973884153
REQUEST		Open Main Page Redirect 4	1605973883316	1605973884163	OK	 
REQUEST		Open Main Page Redirect 4	1605973883428	1605973884162	OK	 
ERROR	Login: Failed to build request: No attribute named 'encodelogonstring' is defined 	1605973884163
ERROR	Login: Failed to build request: No attribute named 'encodelogonstring' is defined 	1605973884163
REQUEST		Open Main Page Redirect 4	1605973883425	1605973884169	OK	 
REQUEST		Open Main Page Redirect 4	1605973883309	1605973884169	OK	 
ERROR	Login: Failed to build request: No attribute named 'encodelogonstring' is defined 	1605973884170
ERROR	Login: Failed to build request: No attribute named 'encodelogonstring' is defined 	1605973884170
REQUEST		Open Main Page Redirect 4	1605973883312	1605973884184	OK	 
REQUEST		Open Main Page Redirect 4	1605973883432	1605973884185	OK	 
ERROR	Login: Failed to build request: No attribute named 'encodelogonstring' is defined 	1605973884185
ERROR	Login: Failed to build request: No attribute named 'encodelogonstring' is defined 	1605973884186
REQUEST		Open Main Page Redirect 4	1605973883508	1605973884190	OK	 
REQUEST		Open Main Page Redirect 4	1605973883430	1605973884192	OK	 
ERROR	Login: Failed to build request: No attribute named 'encodelogonstring' is defined 	1605973884195
ERROR	Login: Failed to build request: No attribute named 'encodelogonstring' is defined 	1605973884193
REQUEST		Open Main Page Redirect 4	1605973883318	1605973884199	OK	 
REQUEST		Open Main Page Redirect 4	1605973883310	1605973884199	OK	 
ERROR	