RUN	LogonSimulation	logonsimulation	1605975116227	 	3.4.1
USER	Logon to MRS	START	1605975117651
USER	Logon to MRS	START	1605975117651
USER	Logon to MRS	START	1605975117650
USER	Logon to MRS	START	1605975117708
USER	Logon to MRS	START	1605975117709
USER	Logon to MRS	START	1605975117709
USER	Logon to MRS	START	1605975117709
USER	Logon to MRS	START	1605975117649
USER	Logon to MRS	START	1605975117711
USER	Logon to MRS	START	1605975117710
USER	Logon to MRS	START	1605975117648
USER	Logon to MRS	START	1605975117712
USER	Logon to MRS	START	1605975117712
USER	Logon to MRS	START	1605975117650
USER	Logon to MRS	START	1605975117710
USER	Logon to MRS	START	1605975117712
USER	Logon to MRS	START	1605975117713
USER	Logon to MRS	START	1605975117714
USER	Logon to MRS	START	1605975117650
USER	Logon to MRS	START	1605975117715
USER	Logon to MRS	START	1605975117715
USER	Logon to MRS	START	1605975117716
USER	Logon to MRS	START	1605975117716
USER	Logon to MRS	START	1605975117716
USER	Logon to MRS	START	1605975117716
USER	Logon to MRS	START	1605975117712
USER	Logon to MRS	START	1605975117718
USER	Logon to MRS	START	1605975117718
USER	Logon to MRS	START	1605975117717
USER	Logon to MRS	START	1605975117718
USER	Logon to MRS	START	1605975117713
USER	Logon to MRS	START	1605975117719
USER	Logon to MRS	START	1605975117719
USER	Logon to MRS	START	1605975117720
USER	Logon to MRS	START	1605975117720
USER	Logon to MRS	START	1605975117650
USER	Logon to MRS	START	1605975117720
USER	Logon to MRS	START	1605975117722
USER	Logon to MRS	START	1605975117722
USER	Logon to MRS	START	1605975117721
USER	Logon to MRS	START	1605975117722
USER	Logon to MRS	START	1605975117724
USER	Logon to MRS	START	1605975117724
USER	Logon to MRS	START	1605975117725
USER	Logon to MRS	START	1605975117725
USER	Logon to MRS	START	1605975117725
USER	Logon to MRS	START	1605975117727
USER	Logon to MRS	START	1605975117727
USER	Logon to MRS	START	1605975117728
USER	Logon to MRS	START	1605975117730
USER	Logon to MRS	START	1605975117730
USER	Logon to MRS	START	1605975117728
USER	Logon to MRS	START	1605975117732
USER	Logon to MRS	START	1605975117732
USER	Logon to MRS	START	1605975117733
USER	Logon to MRS	START	1605975117733
USER	Logon to MRS	START	1605975117734
USER	Logon to MRS	START	1605975117735
USER	Logon to MRS	START	1605975117736
USER	Logon to MRS	START	1605975117736
USER	Logon to MRS	START	1605975117738
USER	Logon to MRS	START	1605975117738
USER	Logon to MRS	START	1605975117739
USER	Logon to MRS	START	1605975117739
USER	Logon to MRS	START	1605975117741
USER	Logon to MRS	START	1605975117718
USER	Logon to MRS	START	1605975117741
USER	Logon to MRS	START	1605975117743
USER	Logon to MRS	START	1605975117746
USER	Logon to MRS	START	1605975117746
USER	Logon to MRS	START	1605975117719
USER	Logon to MRS	START	1605975117749
USER	Logon to MRS	START	1605975117751
USER	Logon to MRS	START	1605975117752
USER	Logon to MRS	START	1605975117751
USER	Logon to MRS	START	1605975117754
USER	Logon to MRS	START	1605975117755
USER	Logon to MRS	START	1605975117755
USER	Logon to MRS	START	1605975117756
USER	Logon to MRS	START	1605975117756
USER	Logon to MRS	START	1605975117757
USER	Logon to MRS	START	1605975117758
USER	Logon to MRS	START	1605975117723
USER	Logon to MRS	START	1605975117759
USER	Logon to MRS	START	1605975117760
USER	Logon to MRS	START	1605975117754
USER	Logon to MRS	START	1605975117761
USER	Logon to MRS	START	1605975117762
USER	Logon to MRS	START	1605975117762
USER	Logon to MRS	START	1605975117734
USER	Logon to MRS	START	1605975117763
USER	Logon to MRS	START	1605975117765
USER	Logon to MRS	START	1605975117765
USER	Logon to MRS	START	1605975117766
USER	Logon to MRS	START	1605975117769
USER	Logon to MRS	START	1605975117769
USER	Logon to MRS	START	1605975117770
USER	Logon to MRS	START	1605975117771
USER	Logon to MRS	START	1605975117772
USER	Logon to MRS	START	1605975117773
REQUEST		Open Main Page	1605975117732	1605975118221	OK	 
REQUEST		Open Main Page	1605975117714	1605975118375	OK	 
REQUEST		Open Main Page	1605975117718	1605975118338	OK	 
REQUEST		Open Main Page	1605975117694	1605975118337	OK	 
REQUEST		Open Main Page	1605975117695	1605975118338	OK	 
REQUEST		Open Main Page	1605975117709	1605975118247	OK	 
REQUEST		Open Main Page	1605975117751	1605975118220	OK	 
REQUEST		Open Main Page	1605975117708	1605975118375	OK	 
REQUEST		Open Main Page	1605975117726	1605975118710	OK	 
REQUEST		Open Main Page	1605975117738	1605975118711	OK	 
REQUEST		Open Main Page	1605975117723	1605975118711	OK	 
REQUEST		Open Main Page	1605975117757	1605975118713	OK	 
REQUEST		Open Main Page	1605975117729	1605975118713	OK	 
REQUEST		Open Main Page	1605975117699	1605975118715	OK	 
REQUEST		Open Main Page	1605975117695	1605975118717	OK	 
REQUEST		Open Main Page	1605975117694	1605975118717	OK	 
REQUEST		Open Main Page	1605975117716	1605975118718	OK	 
REQUEST		Open Main Page	1605975117762	1605975118720	OK	 
REQUEST		Open Main Page	1605975117711	1605975118721	OK	 
REQUEST		Open Main Page	1605975117717	1605975118722	OK	 
REQUEST		Open Main Page	1605975117749	1605975118723	OK	 
REQUEST		Open Main Page	1605975117722	1605975118725	OK	 
REQUEST		Open Main Page	1605975117727	1605975118725	OK	 
REQUEST		Open Main Page	1605975117712	1605975118725	OK	 
REQUEST		Open Main Page	1605975117724	1605975118726	OK	 
REQUEST		Open Main Page	1605975117759	1605975118726	OK	 
REQUEST		Open Main Page	1605975117696	1605975118727	OK	 
REQUEST		Open Main Page	1605975117711	1605975118727	OK	 
REQUEST		Open Main Page	1605975117693	1605975118728	OK	 
REQUEST		Open Main Page	1605975117715	1605975118730	OK	 
REQUEST		Open Main Page	1605975117711	1605975118731	OK	 
REQUEST		Open Main Page	1605975117760	1605975118732	OK	 
REQUEST		Open Main Page	1605975117753	1605975118732	OK	 
REQUEST		Open Main Page	1605975117742	1605975118732	OK	 
REQUEST		Open Main Page	1605975117730	1605975118734	OK	 
REQUEST		Open Main Page	1605975117767	1605975118734	OK	 
REQUEST		Open Main Page	1605975117715	1605975118735	OK	 
REQUEST		Open Main Page	1605975117736	1605975118736	OK	 
REQUEST		Open Main Page	1605975117752	1605975118738	OK	 
REQUEST		Open Main Page	1605975117726	1605975118739	OK	 
REQUEST		Open Main Page	1605975117712	1605975118739	OK	 
REQUEST		Open Main Page	1605975117738	1605975118741	OK	 
REQUEST		Open Main Page	1605975117755	1605975118740	OK	 
REQUEST		Open Main Page	1605975117742	1605975118743	OK	 
REQUEST		Open Main Page	1605975117719	1605975118745	OK	 
REQUEST		Open Main Page	1605975117718	1605975118745	OK	 
REQUEST		Open Main Page	1605975117762	1605975118747	OK	 
REQUEST		Open Main Page	1605975117754	1605975118747	OK	 
REQUEST		Open Main Page	1605975117727	1605975118748	OK	 
REQUEST		Open Main Page	1605975117747	1605975118749	OK	 
REQUEST		Open Main Page	1605975117721	1605975118749	OK	 
REQUEST		Open Main Page	1605975117723	1605975118750	OK	 
REQUEST		Open Main Page	1605975117744	1605975118751	OK	 
REQUEST		Open Main Page	1605975117724	1605975118753	OK	 
REQUEST		Open Main Page	1605975117742	1605975118753	OK	 
REQUEST		Open Main Page	1605975117764	1605975118755	OK	 
REQUEST		Open Main Page	1605975117709	1605975118755	OK	 
REQUEST		Open Main Page	1605975117735	1605975118756	OK	 
REQUEST		Open Main Page	1605975117724	1605975118757	OK	 
REQUEST		Open Main Page	1605975117719	1605975118757	OK	 
REQUEST		Open Main Page	1605975117740	1605975118759	OK	 
REQUEST		Open Main Page	1605975117757	1605975118759	OK	 
REQUEST		Open Main Page	1605975117712	1605975118760	OK	 
REQUEST		Open Main Page	1605975117729	1605975118761	OK	 
REQUEST		Open Main Page	1605975117734	1605975118761	OK	 
REQUEST		Open Main Page	1605975117722	1605975118762	OK	 
REQUEST		Open Main Page	1605975117769	1605975118762	OK	 
REQUEST		Open Main Page	1605975117759	1605975118763	OK	 
REQUEST		Open Main Page	1605975117730	1605975118763	OK	 
REQUEST		Open Main Page	1605975117736	1605975118764	OK	 
REQUEST		Open Main Page	1605975117765	1605975118764	OK	 
REQUEST		Open Main Page	1605975117771	1605975118765	OK	 
REQUEST		Open Main Page	1605975117726	1605975118767	OK	 
REQUEST		Open Main Page	1605975117732	1605975118769	OK	 
REQUEST		Open Main Page	1605975117721	1605975118769	OK	 
REQUEST		Open Main Page	1605975117715	1605975118769	OK	 
REQUEST		Open Main Page	1605975117720	1605975118767	OK	 
REQUEST		Open Main Page	1605975117718	1605975118771	OK	 
REQUEST		Open Main Page	1605975117754	1605975118772	OK	 
REQUEST		Open Main Page	1605975117719	1605975118774	OK	 
REQUEST		Open Main Page	1605975117733	1605975118775	OK	 
REQUEST		Open Main Page	1605975117757	1605975118775	OK	 
REQUEST		Open Main Page	1605975117769	1605975118777	OK	 
REQUEST		Open Main Page	1605975117733	1605975118779	OK	 
REQUEST		Open Main Page	1605975117740	1605975118782	OK	 
REQUEST		Open Main Page	1605975117717	1605975118783	OK	 
REQUEST		Open Main Page	1605975117773	1605975118785	OK	 
REQUEST		Open Main Page	1605975117771	1605975118786	OK	 
REQUEST		Open Main Page	1605975117735	1605975118784	OK	 
REQUEST		Open Main Page	1605975117714	1605975118787	OK	 
REQUEST		Open Main Page	1605975117773	1605975118788	OK	 
REQUEST		Open Main Page	1605975117755	1605975118790	OK	 
REQUEST		Open Main Page	1605975117710	1605975118790	OK	 
REQUEST		Open Main Page	1605975117746	1605975118791	OK	 
REQUEST		Open Main Page	1605975117717	1605975118793	OK	 
REQUEST		Open Main Page	1605975117694	1605975118798	OK	 
REQUEST		Open Main Page	1605975117762	1605975118800	OK	 
REQUEST		Open Main Page	1605975117766	1605975118804	OK	 
REQUEST		Open Main Page	1605975117712	1605975118806	OK	 
REQUEST		Open Main Page Redirect 1	1605975118351	1605975119075	OK	 
REQUEST		Open Main Page Redirect 1	1605975118722	1605975119087	OK	 
REQUEST		Open Main Page Redirect 1	1605975118376	1605975119104	OK	 
REQUEST		Open Main Page Redirect 1	1605975118376	1605975119106	OK	 
REQUEST		Open Main Page Redirect 1	1605975118376	1605975119107	OK	 
REQUEST		Open Main Page Redirect 1	1605975118741	1605975119124	OK	 
REQUEST		Open Main Page Redirect 1	1605975118731	1605975119125	OK	 
REQUEST		Open Main Page Redirect 1	1605975118711	1605975119126	OK	 
REQUEST		Open Main Page Redirect 1	1605975118758	1605975119128	OK	 
REQUEST		Open Main Page Redirect 1	1605975118770	1605975119132	OK	 
REQUEST		Open Main Page Redirect 1	1605975118734	1605975119133	OK	 
REQUEST		Open Main Page Redirect 1	1605975118764	1605975119133	OK	 
REQUEST		Open Main Page Redirect 1	1605975118757	1605975119134	OK	 
REQUEST		Open Main Page Redirect 1	1605975118719	1605975119134	OK	 
REQUEST		Open Main Page Redirect 1	1605975118739	1605975119135	OK	 
REQUEST		Open Main Page Redirect 1	1605975118762	1605975119136	OK	 
REQUEST		Open Main Page Redirect 1	1605975118755	1605975119136	OK	 
REQUEST		Open Main Page Redirect 1	1605975118765	1605975119138	OK	 
REQUEST		Open Main Page Redirect 1	1605975118746	1605975119140	OK	 
REQUEST		Open Main Page Redirect 1	1605975118776	1605975119141	OK	 
REQUEST		Open Main Page Redirect 1	1605975118713	1605975119143	OK	 
REQUEST		Open Main Page Redirect 1	1605975118760	1605975119143	OK	 
REQUEST		Open Main Page Redirect 1	1605975118711	1605975119145	OK	 
REQUEST		Open Main Page Redirect 1	1605975118376	1605975119147	OK	 
REQUEST		Open Main Page Redirect 1	1605975118749	1605975119147	OK	 
REQUEST		Open Main Page Redirect 1	1605975118377	1605975119147	OK	 
REQUEST		Open Main Page Redirect 1	1605975118753	1605975119148	OK	 
REQUEST		Open Main Page Redirect 1	1605975118716	1605975119149	OK	 
REQUEST		Open Main Page Redirect 1	1605975118753	1605975119150	OK	 
REQUEST		Open Main Page Redirect 1	1605975118727	1605975119150	OK	 
REQUEST		Open Main Page Redirect 1	1605975118377	1605975119152	OK	 
REQUEST		Open Main Page Redirect 1	1605975118763	1605975119155	OK	 
REQUEST		Open Main Page Redirect 1	1605975118767	1605975119155	OK	 
REQUEST		Open Main Page Redirect 1	1605975118725	1605975119155	OK	 
REQUEST		Open Main Page Redirect 1	1605975118770	1605975119156	OK	 
REQUEST		Open Main Page Redirect 1	1605975118755	1605975119156	OK	 
REQUEST		Open Main Page Redirect 1	1605975118378	1605975119157	OK	 
REQUEST		Open Main Page Redirect 1	1605975118729	1605975119158	OK	 
REQUEST		Open Main Page Redirect 1	1605975118744	1605975119160	OK	 
REQUEST		Open Main Page Redirect 1	1605975118713	1605975119161	OK	 
REQUEST		Open Main Page Redirect 1	1605975118747	1605975119161	OK	 
REQUEST		Open Main Page Redirect 1	1605975118742	1605975119163	OK	 
REQUEST		Open Main Page Redirect 1	1605975118791	1605975119163	OK	 
REQUEST		Open Main Page Redirect 1	1605975118765	1605975119163	OK	 
REQUEST		Open Main Page Redirect 1	1605975118763	1605975119163	OK	 
REQUEST		Open Main Page Redirect 1	1605975118724	1605975119164	OK	 
REQUEST		Open Main Page Redirect 1	1605975118734	1605975119164	OK	 
REQUEST		Open Main Page Redirect 1	1605975118763	1605975119164	OK	 
REQUEST		Open Main Page Redirect 1	1605975118728	1605975119166	OK	 
REQUEST		Open Main Page Redirect 1	1605975118765	1605975119167	OK	 
REQUEST		Open Main Page Redirect 1	1605975118747	1605975119166	OK	 
REQUEST		Open Main Page Redirect 1	1605975118727	1605975119166	OK	 
REQUEST		Open Main Page Redirect 1	1605975118756	1605975119169	OK	 
REQUEST		Open Main Page Redirect 1	1605975118711	1605975119169	OK	 
REQUEST		Open Main Page Redirect 1	1605975118733	1605975119170	OK	 
REQUEST		Open Main Page Redirect 1	1605975118761	1605975119170	OK	 
REQUEST		Open Main Page Redirect 1	1605975118739	1605975119170	OK	 
REQUEST		Open Main Page Redirect 1	1605975118780	1605975119172	OK	 
REQUEST		Open Main Page Redirect 1	1605975118785	1605975119178	OK	 
REQUEST		Open Main Page Redirect 1	1605975118783	1605975119179	OK	 
REQUEST		Open Main Page Redirect 1	1605975118727	1605975119178	OK	 
REQUEST		Open Main Page Redirect 1	1605975118739	1605975119179	OK	 
REQUEST		Open Main Page Redirect 1	1605975118751	1605975119180	OK	 
REQUEST		Open Main Page Redirect 1	1605975118770	1605975119180	OK	 
REQUEST		Open Main Page Redirect 1	1605975118750	1605975119181	OK	 
REQUEST		Open Main Page Redirect 1	1605975118784	1605975119182	OK	 
REQUEST		Open Main Page Redirect 2	1605975119098	1605975119183	OK	 
REQUEST		Open Main Page Redirect 1	1605975118772	1605975119185	OK	 
REQUEST		Open Main Page Redirect 1	1605975118799	1605975119186	OK	 
REQUEST		Open Main Page Redirect 1	1605975118791	1605975119186	OK	 
REQUEST		Open Main Page Redirect 2	1605975119105	1605975119188	OK	 
REQUEST		Open Main Page Redirect 1	1605975118776	1605975119188	OK	 
REQUEST		Open Main Page Redirect 1	1605975118736	1605975119188	OK	 
REQUEST		Open Main Page Redirect 1	1605975118761	1605975119189	OK	 
REQUEST		Open Main Page Redirect 1	1605975118726	1605975119189	OK	 
REQUEST		Open Main Page Redirect 1	1605975118775	1605975119187	OK	 
REQUEST		Open Main Page Redirect 2	1605975119108	1605975119190	OK	 
REQUEST		Open Main Page Redirect 1	1605975118721	1605975119190	OK	 
REQUEST		Open Main Page Redirect 1	1605975118766	1605975119190	OK	 
REQUEST		Open Main Page Redirect 1	1605975118770	1605975119192	OK	 
REQUEST		Open Main Page Redirect 1	1605975118751	1605975119183	OK	 
REQUEST		Open Main Page Redirect 1	1605975118737	1605975119183	OK	 
REQUEST		Open Main Page Redirect 1	1605975118737	1605975119194	OK	 
REQUEST		Open Main Page Redirect 1	1605975118721	1605975119194	OK	 
REQUEST		Open Main Page Redirect 2	1605975119099	1605975119195	OK	 
REQUEST		Open Main Page Redirect 1	1605975118759	1605975119197	OK	 
REQUEST		Open Main Page Redirect 2	1605975119108	1605975119202	OK	 
REQUEST		Open Main Page Redirect 1	1605975118758	1605975119203	OK	 
REQUEST		Open Main Page Redirect 1	1605975118750	1605975119206	OK	 
REQUEST		Open Main Page Redirect 1	1605975118788	1605975119206	OK	 
REQUEST		Open Main Page Redirect 1	1605975118772	1605975119207	OK	 
REQUEST		Open Main Page Redirect 1	1605975118718	1605975119208	OK	 
REQUEST		Open Main Page Redirect 1	1605975118794	1605975119208	OK	 
REQUEST		Open Main Page Redirect 1	1605975118787	1605975119208	OK	 
REQUEST		Open Main Page Redirect 1	1605975118804	1605975119210	OK	 
REQUEST		Open Main Page Redirect 1	1605975118732	1605975119211	OK	 
REQUEST		Open Main Page Redirect 2	1605975119126	1605975119212	OK	 
REQUEST		Open Main Page Redirect 2	1605975119134	1605975119212	OK	 
REQUEST		Open Main Page Redirect 1	1605975118778	1605975119212	OK	 
REQUEST		Open Main Page Redirect 2	1605975119131	1605975119215	OK	 
REQUEST		Open Main Page Redirect 1	1605975118786	1605975119214	OK	 
REQUEST		Open Main Page Redirect 2	1605975119125	1605975119212	OK	 
REQUEST		Open Main Page Redirect 2	1605975119133	1605975119216	OK	 
REQUEST		Open Main Page Redirect 2	1605975119137	1605975119218	OK	 
REQUEST		Open Main Page Redirect 2	1605975119135	1605975119218	OK	 
REQUEST		Open Main Page Redirect 1	1605975118807	1605975119218	OK	 
REQUEST		Open Main Page Redirect 2	1605975119132	1605975119219	OK	 
REQUEST		Open Main Page Redirect 2	1605975119137	1605975119219	OK	 
REQUEST		Open Main Page Redirect 2	1605975119133	1605975119220	OK	 
REQUEST		Open Main Page Redirect 1	1605975118789	1605975119221	OK	 
REQUEST		Open Main Page Redirect 2	1605975119142	1605975119222	OK	 
REQUEST		Open Main Page Redirect 2	1605975119144	1605975119222	OK	 
REQUEST		Open Main Page Redirect 2	1605975119135	1605975119223	OK	 
REQUEST		Open Main Page Redirect 1	1605975118801	1605975119223	OK	 
REQUEST		Open Main Page Redirect 2	1605975119139	1605975119224	OK	 
REQUEST		Open Main Page Redirect 2	1605975119145	1605975119224	OK	 
REQUEST		Open Main Page Redirect 2	1605975119137	1605975119224	OK	 
REQUEST		Open Main Page Redirect 2	1605975119142	1605975119225	OK	 
REQUEST		Open Main Page Redirect 2	1605975119148	1605975119226	OK	 
REQUEST		Open Main Page Redirect 1	1605975118791	1605975119225	OK	 
REQUEST		Open Main Page Redirect 2	1605975119146	1605975119227	OK	 
REQUEST		Open Main Page Redirect 2	1605975119148	1605975119227	OK	 
REQUEST		Open Main Page Redirect 2	1605975119148	1605975119229	OK	 
REQUEST		Open Main Page Redirect 2	1605975119151	1605975119231	OK	 
REQUEST		Open Main Page Redirect 2	1605975119151	1605975119231	OK	 
REQUEST		Open Main Page Redirect 2	1605975119151	1605975119231	OK	 
REQUEST		Open Main Page Redirect 2	1605975119156	1605975119233	OK	 
REQUEST		Open Main Page Redirect 2	1605975119158	1605975119233	OK	 
REQUEST		Open Main Page Redirect 2	1605975119153	1605975119231	OK	 
REQUEST		Open Main Page Redirect 2	1605975119156	1605975119233	OK	 
REQUEST		Open Main Page Redirect 2	1605975119158	1605975119233	OK	 
REQUEST		Open Main Page Redirect 2	1605975119157	1605975119234	OK	 
REQUEST		Open Main Page Redirect 2	1605975119157	1605975119235	OK	 
REQUEST		Open Main Page Redirect 2	1605975119159	1605975119237	OK	 
REQUEST		Open Main Page Redirect 2	1605975119164	1605975119249	OK	 
REQUEST		Open Main Page Redirect 2	1605975119161	1605975119249	OK	 
REQUEST		Open Main Page Redirect 2	1605975119162	1605975119249	OK	 
REQUEST		Open Main Page Redirect 2	1605975119164	1605975119249	OK	 
REQUEST		Open Main Page Redirect 2	1605975119166	1605975119250	OK	 
REQUEST		Open Main Page Redirect 2	1605975119164	1605975119251	OK	 
REQUEST		Open Main Page Redirect 2	1605975119162	1605975119251	OK	 
REQUEST		Open Main Page Redirect 2	1605975119165	1605975119253	OK	 
REQUEST		Open Main Page Redirect 2	1605975119169	1605975119253	OK	 
REQUEST		Open Main Page Redirect 2	1605975119165	1605975119254	OK	 
REQUEST		Open Main Page Redirect 2	1605975119168	1605975119254	OK	 
REQUEST		Open Main Page Redirect 2	1605975119164	1605975119254	OK	 
REQUEST		Open Main Page Redirect 2	1605975119150	1605975119255	OK	 
REQUEST		Open Main Page Redirect 2	1605975119169	1605975119255	OK	 
REQUEST		Open Main Page Redirect 2	1605975119167	1605975119255	OK	 
REQUEST		Open Main Page Redirect 2	1605975119168	1605975119253	OK	 
REQUEST		Open Main Page Redirect 2	1605975119171	1605975119256	OK	 
REQUEST		Open Main Page Redirect 2	1605975119180	1605975119256	OK	 
REQUEST		Open Main Page Redirect 1	1605975118745	1605975119256	OK	 
REQUEST		Open Main Page Redirect 2	1605975119173	1605975119257	OK	 
REQUEST		Open Main Page Redirect 2	1605975119172	1605975119257	OK	 
REQUEST		Open Main Page Redirect 1	1605975118725	1605975119257	OK	 
REQUEST		Open Main Page Redirect 2	1605975119179	1605975119258	OK	 
REQUEST		Open Main Page Redirect 2	1605975119170	1605975119259	OK	 
REQUEST		Open Main Page Redirect 2	1605975119179	1605975119260	OK	 
REQUEST		Open Main Page Redirect 2	1605975119171	1605975119261	OK	 
REQUEST		Open Main Page Redirect 2	1605975119181	1605975119262	OK	 
REQUEST		Open Main Page Redirect 2	1605975119183	1605975119262	OK	 
REQUEST		Open Main Page Redirect 2	1605975119182	1605975119263	OK	 
REQUEST		Open Main Page Redirect 2	1605975119188	1605975119264	OK	 
REQUEST		Open Main Page Redirect 2	1605975119186	1605975119264	OK	 
REQUEST		Open Main Page Redirect 2	1605975119181	1605975119265	OK	 
REQUEST		Open Main Page Redirect 2	1605975119187	1605975119266	OK	 
REQUEST		Open Main Page Redirect 2	1605975119188	1605975119266	OK	 
REQUEST		Open Main Page Redirect 2	1605975119187	1605975119267	OK	 
REQUEST		Open Main Page Redirect 2	1605975119190	1605975119271	OK	 
REQUEST		Open Main Page Redirect 2	1605975119190	1605975119271	OK	 
REQUEST		Open Main Page Redirect 2	1605975119194	1605975119272	OK	 
REQUEST		Open Main Page Redirect 2	1605975119191	1605975119273	OK	 
REQUEST		Open Main Page Redirect 2	1605975119193	1605975119274	OK	 
REQUEST		Open Main Page Redirect 2	1605975119195	1605975119274	OK	 
REQUEST		Open Main Page Redirect 2	1605975119195	1605975119276	OK	 
REQUEST		Open Main Page Redirect 2	1605975119190	1605975119277	OK	 
REQUEST		Open Main Page Redirect 3	1605975119185	1605975119271	OK	 
REQUEST		Open Main Page Redirect 2	1605975119191	1605975119279	OK	 
REQUEST		Open Main Page Redirect 3	1605975119188	1605975119272	OK	 
REQUEST		Open Main Page Redirect 3	1605975119196	1605975119273	OK	 
REQUEST		Open Main Page Redirect 2	1605975119198	1605975119280	OK	 
REQUEST		Open Main Page Redirect 2	1605975119192	1605975119280	OK	 
REQUEST		Open Main Page Redirect 3	1605975119191	1605975119280	OK	 
REQUEST		Open Main Page Redirect 2	1605975119179	1605975119283	OK	 
REQUEST		Open Main Page Redirect 2	1605975119204	1605975119286	OK	 
REQUEST		Open Main Page Redirect 3	1605975119204	1605975119286	OK	 
REQUEST		Open Main Page Redirect 2	1605975119207	1605975119288	OK	 
REQUEST		Open Main Page Redirect 2	1605975119207	1605975119289	OK	 
REQUEST		Open Main Page Redirect 2	1605975119209	1605975119293	OK	 
REQUEST		Open Main Page Redirect 2	1605975119209	1605975119293	OK	 
REQUEST		Open Main Page Redirect 2	1605975119209	1605975119293	OK	 
REQUEST		Open Main Page Redirect 2	1605975119216	1605975119310	OK	 
REQUEST		Open Main Page Redirect 2	1605975119213	1605975119310	OK	 
REQUEST		Open Main Page Redirect 3	1605975119213	1605975119311	OK	 
REQUEST		Open Main Page Redirect 2	1605975119213	1605975119312	OK	 
REQUEST		Open Main Page Redirect 3	1605975119217	1605975119313	OK	 
REQUEST		Open Main Page Redirect 3	1605975119223	1605975119313	OK	 
REQUEST		Open Main Page Redirect 3	1605975119215	1605975119313	OK	 
REQUEST		Open Main Page Redirect 2	1605975119222	1605975119314	OK	 
REQUEST		Open Main Page Redirect 2	1605975119211	1605975119315	OK	 
REQUEST		Open Main Page Redirect 3	1605975119220	1605975119315	OK	 
REQUEST		Open Main Page Redirect 3	1605975119220	1605975119315	OK	 
REQUEST		Open Main Page Redirect 3	1605975119212	1605975119315	OK	 
REQUEST		Open Main Page Redirect 2	1605975119219	1605975119316	OK	 
REQUEST		Open Main Page Redirect 3	1605975119217	1605975119317	OK	 
REQUEST		Open Main Page Redirect 3	1605975119218	1605975119317	OK	 
REQUEST		Open Main Page Redirect 3	1605975119221	1605975119317	OK	 
REQUEST		Open Main Page Redirect 3	1605975119218	1605975119319	OK	 
REQUEST		Open Main Page Redirect 3	1605975119223	1605975119321	OK	 
REQUEST		Open Main Page Redirect 3	1605975119232	1605975119341	OK	 
REQUEST		Open Main Page Redirect 3	1605975119232	1605975119343	OK	 
REQUEST		Open Main Page Redirect 3	1605975119250	1605975119344	OK	 
REQUEST		Open Main Page Redirect 3	1605975119233	1605975119344	OK	 
REQUEST		Open Main Page Redirect 2	1605975119224	1605975119344	OK	 
REQUEST		Open Main Page Redirect 3	1605975119236	1605975119346	OK	 
REQUEST		Open Main Page Redirect 3	1605975119227	1605975119346	OK	 
REQUEST		Open Main Page Redirect 3	1605975119234	1605975119347	OK	 
REQUEST		Open Main Page Redirect 3	1605975119250	1605975119348	OK	 
REQUEST		Open Main Page Redirect 2	1605975119226	1605975119348	OK	 
REQUEST		Open Main Page Redirect 3	1605975119230	1605975119348	OK	 
REQUEST		Open Main Page Redirect 3	1605975119251	1605975119349	OK	 
REQUEST		Open Main Page Redirect 3	1605975119238	1605975119350	OK	 
REQUEST		Open Main Page Redirect 3	1605975119233	1605975119351	OK	 
REQUEST		Open Main Page Redirect 3	1605975119250	1605975119352	OK	 
REQUEST		Open Main Page Redirect 3	1605975119252	1605975119352	OK	 
REQUEST		Open Main Page Redirect 3	1605975119235	1605975119352	OK	 
REQUEST		Open Main Page Redirect 3	1605975119254	1605975119355	OK	 
REQUEST		Open Main Page Redirect 3	1605975119250	1605975119352	OK	 
REQUEST		Open Main Page Redirect 3	1605975119255	1605975119355	OK	 
REQUEST		Open Main Page Redirect 2	1605975119257	1605975119356	OK	 
REQUEST		Open Main Page Redirect 3	1605975119225	1605975119356	OK	 
REQUEST		Open Main Page Redirect 3	1605975119253	1605975119355	OK	 
REQUEST		Open Main Page Redirect 3	1605975119255	1605975119357	OK	 
REQUEST		Open Main Page Redirect 3	1605975119253	1605975119358	OK	 
REQUEST		Open Main Page Redirect 3	1605975119234	1605975119358	OK	 
REQUEST		Open Main Page Redirect 3	1605975119257	1605975119359	OK	 
REQUEST		Open Main Page Redirect 3	1605975119226	1605975119350	OK	 
REQUEST		Open Main Page Redirect 3	1605975119254	1605975119360	OK	 
REQUEST		Open Main Page Redirect 3	1605975119256	1605975119361	OK	 
REQUEST		Open Main Page Redirect 3	1605975119224	1605975119361	OK	 
REQUEST		Open Main Page Redirect 3	1605975119232	1605975119362	OK	 
REQUEST		Open Main Page Redirect 3	1605975119255	1605975119362	OK	 
REQUEST		Open Main Page Redirect 3	1605975119234	1605975119363	OK	 
REQUEST		Open Main Page Redirect 3	1605975119228	1605975119364	OK	 
REQUEST		Open Main Page Redirect 3	1605975119228	1605975119365	OK	 
REQUEST		Open Main Page Redirect 3	1605975119225	1605975119367	OK	 
REQUEST		Open Main Page Redirect 3	1605975119254	1605975119367	OK	 
REQUEST		Open Main Page Redirect 3	1605975119256	1605975119369	OK	 
REQUEST		Open Main Page Redirect 3	1605975119255	1605975119372	OK	 
REQUEST		Open Main Page Redirect 3	1605975119256	1605975119372	OK	 
REQUEST		Open Main Page Redirect 2	1605975119258	1605975119382	OK	 
REQUEST		Open Main Page Redirect 3	1605975119259	1605975119382	OK	 
REQUEST		Open Main Page Redirect 3	1605975119262	1605975119382	OK	 
REQUEST		Open Main Page Redirect 3	1605975119264	1605975119384	OK	 
REQUEST		Open Main Page Redirect 3	1605975119262	1605975119384	OK	 
REQUEST		Open Main Page Redirect 3	1605975119265	1605975119384	OK	 
REQUEST		Open Main Page Redirect 3	1605975119268	1605975119386	OK	 
REQUEST		Open Main Page Redirect 3	1605975119260	1605975119387	OK	 
REQUEST		Open Main Page Redirect 3	1605975119265	1605975119387	OK	 
REQUEST		Open Main Page Redirect 3	1605975119276	1605975119387	OK	 
REQUEST		Open Main Page Redirect 3	1605975119279	1605975119388	OK	 
REQUEST		Open Main Page Redirect 3	1605975119263	1605975119388	OK	 
REQUEST		Open Main Page Redirect 3	1605975119272	1605975119389	OK	 
REQUEST		Open Main Page Redirect 3	1605975119275	1605975119389	OK	 
REQUEST		Open Main Page Redirect 3	1605975119272	1605975119390	OK	 
REQUEST		Open Main Page Redirect 3	1605975119281	1605975119390	OK	 
REQUEST		Open Main Page Redirect 3	1605975119260	1605975119392	OK	 
REQUEST		Open Main Page Redirect 3	1605975119293	1605975119392	OK	 
REQUEST		Open Main Page Redirect 3	1605975119275	1605975119392	OK	 
REQUEST		Open Main Page Redirect 3	1605975119288	1605975119394	OK	 
REQUEST		Open Main Page Redirect 3	1605975119283	1605975119394	OK	 
REQUEST		Open Main Page Redirect 3	1605975119278	1605975119395	OK	 
REQUEST		Open Main Page Redirect 3	1605975119266	1605975119396	OK	 
REQUEST		Open Main Page Redirect 3	1605975119265	1605975119392	OK	 
REQUEST		Open Main Page Redirect 3	1605975119287	1605975119399	OK	 
REQUEST		Open Main Page Redirect 3	1605975119311	1605975119401	OK	 
REQUEST		Open Main Page Redirect 3	1605975119293	1605975119402	OK	 
REQUEST		Open Main Page Redirect 3	1605975119266	1605975119403	OK	 
REQUEST		Open Main Page Redirect 3	1605975119315	1605975119404	OK	 
REQUEST		Open Main Page Redirect 3	1605975119272	1605975119405	OK	 
REQUEST		Open Main Page Redirect 3	1605975119281	1605975119403	OK	 
REQUEST		Open Main Page Redirect 3	1605975119316	1605975119406	OK	 
REQUEST		Open Main Page Redirect 3	1605975119274	1605975119407	OK	 
REQUEST		Open Main Page Redirect 3	1605975119289	1605975119409	OK	 
REQUEST		Open Main Page Redirect 3	1605975119317	1605975119409	OK	 
REQUEST		Open Main Page Redirect 3	1605975119313	1605975119411	OK	 
REQUEST		Open Main Page Redirect 3	1605975119294	1605975119411	OK	 
REQUEST		Open Main Page Redirect 3	1605975119311	1605975119414	OK	 
REQUEST		Open Main Page	1605975117720	1605975119420	OK	 
REQUEST		Open Main Page Redirect 3	1605975119347	1605975119436	OK	 
REQUEST		Open Main Page Redirect 3	1605975119351	1605975119441	OK	 
REQUEST		Open Main Page Redirect 3	1605975119357	1605975119461	OK	 
REQUEST		Open Main Page Redirect 4	1605975119279	1605975119476	OK	 
REQUEST		Open Main Page Redirect 4	1605975119368	1605975119475	OK	 
REQUEST		Open Main Page Redirect 4	1605975119318	1605975119470	OK	 
REQUEST		Open Main Page Redirect 3	1605975119383	1605975119495	OK	 
REQUEST		Open Main Page Redirect 4	1605975119373	1605975119508	OK	 
REQUEST		Open Main Page Redirect 4	1605975119359	1605975119513	OK	 
REQUEST		Open Main Page Redirect 4	1605975119316	1605975119515	OK	 
REQUEST		Open Main Page Redirect 4	1605975119316	1605975119519	OK	 
REQUEST		Open Main Page Redirect 4	1605975119366	1605975119519	OK	 
REQUEST		Open Main Page Redirect 4	1605975119403	1605975119521	OK	 
REQUEST		Open Main Page Redirect 4	1605975119318	1605975119525	OK	 
REQUEST		Open Main Page Redirect 4	1605975119389	1605975119526	OK	 
REQUEST		Open Main Page Redirect 4	1605975119391	1605975119530	OK	 
REQUEST		Open Main Page Redirect 4	1605975119323	1605975119530	OK	 
REQUEST		Open Main Page Redirect 4	1605975119374	1605975119530	OK	 
REQUEST		Open Main Page Redirect 4	1605975119359	1605975119532	OK	 
REQUEST		Open Main Page Redirect 4	1605975119400	1605975119534	OK	 
REQUEST		Open Main Page Redirect 4	1605975119387	1605975119536	OK	 
REQUEST		Open Main Page Redirect 4	1605975119364	1605975119538	OK	 
REQUEST		Open Main Page Redirect 4	1605975119314	1605975119540	OK	 
REQUEST		Open Main Page Redirect 4	1605975119385	1605975119543	OK	 
REQUEST		Open Main Page Redirect 4	1605975119398	1605975119545	OK	 
REQUEST		Open Main Page Redirect 4	1605975119345	1605975119547	OK	 
REQUEST		Open Main Page Redirect 4	1605975119350	1605975119547	OK	 
REQUEST		Open Main Page Redirect 4	1605975119401	1605975119551	OK	 
REQUEST		Open Main Page Redirect 4	1605975119315	1605975119559	OK	 
REQUEST		Open Main Page Redirect 4	1605975119387	1605975119563	OK	 
REQUEST		Open Main Page Redirect 4	1605975119391	1605975119567	OK	 
REQUEST		Open Main Page Redirect 4	1605975119281	1605975119567	OK	 
REQUEST		Open Main Page Redirect 4	1605975119404	1605975119585	OK	 
REQUEST		Open Main Page Redirect 4	1605975119314	1605975119585	OK	 
REQUEST		Open Main Page Redirect 4	1605975119288	1605975119588	OK	 
REQUEST		Open Main Page Redirect 4	1605975119406	1605975119589	OK	 
REQUEST		Open Main Page Redirect 4	1605975119353	1605975119591	OK	 
REQUEST		Open Main Page Redirect 4	1605975119393	1605975119592	OK	 
REQUEST		Open Main Page Redirect 4	1605975119387	1605975119593	OK	 
REQUEST		Open Main Page Redirect 4	1605975119342	1605975119596	OK	 
REQUEST		Open Main Page Redirect 4	1605975119316	1605975119598	OK	 
REQUEST		Open Main Page Redirect 4	1605975119353	1605975119599	OK	 
REQUEST		Open Main Page Redirect 4	1605975119438	1605975119602	OK	 
REQUEST		Open Main Page Redirect 4	1605975119320	1605975119604	OK	 
REQUEST		Open Main Page Redirect 4	1605975119412	1605975119605	OK	 
REQUEST		Open Main Page Redirect 4	1605975119358	1605975119605	OK	 
REQUEST		Open Main Page Redirect 4	1605975119359	1605975119607	OK	 
REQUEST		Open Main Page Redirect 4	1605975119410	1605975119609	OK	 
REQUEST		Open Main Page Redirect 4	1605975119356	1605975119619	OK	 
REQUEST		Open Main Page Redirect 4	1605975119279	1605975119622	OK	 
REQUEST		Open Main Page Redirect 4	1605975119353	1605975119626	OK	 
REQUEST		Open Main Page Redirect 4	1605975119390	1605975119627	OK	 
REQUEST		Open Main Page Redirect 4	1605975119415	1605975119631	OK	 
REQUEST		Open Main Page Redirect 4	1605975119385	1605975119632	OK	 
REQUEST		Open Main Page Redirect 4	1605975119384	1605975119633	OK	 
REQUEST		Open Main Page Redirect 4	1605975119346	1605975119635	OK	 
REQUEST		Open Main Page Redirect 4	1605975119361	1605975119637	OK	 
REQUEST		Open Main Page Redirect 4	1605975119356	1605975119640	OK	 
REQUEST		Open Main Page Redirect 4	1605975119399	1605975119641	OK	 
REQUEST		Open Main Page Redirect 4	1605975119347	1605975119643	OK	 
REQUEST		Open Main Page Redirect 4	1605975119356	1605975119643	OK	 
REQUEST		Open Main Page Redirect 4	1605975119397	1605975119644	OK	 
REQUEST		Open Main Page Redirect 4	1605975119389	1605975119645	OK	 
REQUEST		Open Main Page Redirect 4	1605975119362	1605975119650	OK	 
REQUEST		Open Main Page Redirect 4	1605975119312	1605975119651	OK	 
REQUEST		Open Main Page Redirect 4	1605975119351	1605975119654	OK	 
REQUEST		Open Main Page Redirect 4	1605975119366	1605975119655	OK	 
REQUEST		Open Main Page Redirect 4	1605975119406	1605975119662	OK	 
REQUEST		Open Main Page Redirect 4	1605975119350	1605975119664	OK	 
REQUEST		Open Main Page Redirect 4	1605975119353	1605975119664	OK	 
REQUEST		Open Main Page Redirect 4	1605975119410	1605975119664	OK	 
REQUEST		Open Main Page Redirect 4	1605975119318	1605975119666	OK	 
REQUEST		Open Main Page Redirect 4	1605975119404	1605975119667	OK	 
REQUEST		Open Main Page Redirect 4	1605975119408	1605975119669	OK	 
REQUEST		Open Main Page Redirect 4	1605975119348	1605975119675	OK	 
REQUEST		Open Main Page Redirect 4	1605975119349	1605975119676	OK	 
REQUEST		Open Main Page Redirect 4	1605975119408	1605975119678	OK	 
REQUEST		Open Main Page Redirect 4	1605975119363	1605975119680	OK	 
REQUEST		Open Main Page Redirect 4	1605975119363	1605975119689	OK	 
REQUEST		Open Main Page Redirect 4	1605975119362	1605975119689	OK	 
REQUEST		Open Main Page Redirect 4	1605975119345	1605975119691	OK	 
REQUEST		Open Main Page Redirect 4	1605975119393	1605975119692	OK	 
REQUEST		Login	1605975119493	1605975119692	OK	 
REQUEST		Login	1605975119493	1605975119695	OK	 
REQUEST		Open Main Page Redirect 4	1605975119385	1605975119697	OK	 
REQUEST		Login	1605975119493	1605975119697	OK	 
REQUEST		Open Main Page Redirect 3	1605975119223	1605975119697	OK	 
REQUEST		Open Main Page Redirect 4	1605975119368	1605975119700	OK	 
REQUEST		Open Main Page Redirect 4	1605975119358	1605975119708	OK	 
REQUEST		Open Main Page Redirect 4	1605975119282	1605975119716	OK	 
REQUEST		Open Main Page Redirect 4	1605975119395	1605975119716	OK	 
REQUEST		Open Main Page Redirect 4	1605975119412	1605975119720	OK	 
REQUEST		Open Main Page Redirect 4	1605975119405	1605975119723	OK	 
REQUEST		Open Main Page Redirect 4	1605975119360	1605975119723	OK	 
REQUEST		Open Main Page Redirect 4	1605975119393	1605975119726	OK	 
REQUEST		Open Main Page Redirect 4	1605975119496	1605975119728	OK	 
REQUEST		Open Main Page Redirect 4	1605975119462	1605975119730	OK	 
REQUEST		Open Main Page Redirect 2	1605975119211	1605975119731	OK	 
REQUEST		Open Main Page Redirect 4	1605975119442	1605975119731	OK	 
REQUEST		Open Main Page Redirect 4	1605975119387	1605975119733	OK	 
REQUEST		Open Main Page Redirect 4	1605975119371	1605975119735	OK	 
REQUEST		Login	1605975119516	1605975119735	OK	 
REQUEST		Login	1605975119521	1605975119736	OK	 
REQUEST		Login	1605975119521	1605975119737	OK	 
REQUEST		Login	1605975119523	1605975119738	OK	 
REQUEST		Open Main Page Redirect 4	1605975119391	1605975119740	OK	 
REQUEST		Open Main Page Redirect 4	1605975119360	1605975119740	OK	 
REQUEST		Open Main Page Redirect 4	1605975119383	1605975119741	OK	 
REQUEST		Login	1605975119528	1605975119742	OK	 
REQUEST		Open Main Page Redirect 4	1605975119347	1605975119743	OK	 
REQUEST		Login	1605975119516	1605975119743	OK	 
REQUEST		Login	1605975119526	1605975119744	OK	 
REQUEST		Login	1605975119509	1605975119745	OK	 
REQUEST		Login	1605975119532	1605975119781	OK	 
REQUEST		Login	1605975119532	1605975119782	OK	 
REQUEST		Login	1605975119541	1605975119782	OK	 
REQUEST		Login	1605975119532	1605975119783	OK	 
REQUEST		Login	1605975119534	1605975119783	OK	 
REQUEST		Login	1605975119546	1605975119784	OK	 
REQUEST		Login	1605975119539	1605975119784	OK	 
REQUEST		Login	1605975119548	1605975119784	OK	 
REQUEST		Login	1605975119538	1605975119784	OK	 
REQUEST		Login	1605975119535	1605975119786	OK	 
REQUEST		Login	1605975119545	1605975119786	OK	 
REQUEST		Login	1605975119549	1605975119786	OK	 
REQUEST		Login	1605975119568	1605975119826	OK	 
REQUEST		Login	1605975119552	1605975119827	OK	 
REQUEST		Login	1605975119592	1605975119827	OK	 
REQUEST		Login	1605975119560	1605975119827	OK	 
REQUEST		Login	1605975119586	1605975119826	OK	 
REQUEST		Login	1605975119568	1605975119829	OK	 
REQUEST		Login	1605975119590	1605975119829	OK	 
REQUEST		Login	1605975119594	1605975119829	OK	 
REQUEST		Login	1605975119564	1605975119830	OK	 
REQUEST		Login	1605975119590	1605975119831	OK	 
REQUEST		Login	1605975119604	1605975119840	OK	 
REQUEST		Login	1605975119597	1605975119840	OK	 
REQUEST		Login	1605975119601	1605975119840	OK	 
REQUEST		Login	1605975119586	1605975119839	OK	 
REQUEST		Login	1605975119594	1605975119841	OK	 
REQUEST		Login	1605975119600	1605975119843	OK	 
REQUEST		Open Main Page Redirect 3	1605975119257	1605975119845	OK	 
REQUEST		Login	1605975119609	1605975119865	OK	 
REQUEST		Login	1605975119610	1605975119866	OK	 
REQUEST		Login	1605975119627	1605975119866	OK	 
REQUEST		Login	1605975119607	1605975119865	OK	 
REQUEST		Login	1605975119612	1605975119866	OK	 
REQUEST		Login	1605975119607	1605975119865	OK	 
REQUEST		Login	1605975119636	1605975119868	OK	 
REQUEST		Login	1605975119621	1605975119868	OK	 
REQUEST		Login	1605975119634	1605975119868	OK	 
REQUEST		Login	1605975119623	1605975119870	OK	 
REQUEST		Login	1605975119638	1605975119872	OK	 
REQUEST		Login	1605975119629	1605975119873	OK	 
REQUEST		Login	1605975119643	1605975119877	OK	 
REQUEST		Login	1605975119642	1605975119877	OK	 
REQUEST		Login	1605975119633	1605975119876	OK	 
REQUEST		Login	1605975119646	1605975119879	OK	 
REQUEST		Login	1605975119638	1605975119880	OK	 
REQUEST		Login	1605975119645	1605975119881	OK	 
REQUEST		Login	1605975119645	1605975119881	OK	 
REQUEST		Login	1605975119652	1605975119880	OK	 
REQUEST		Login	1605975119653	1605975119885	OK	 
REQUEST		Login	1605975119655	1605975119885	OK	 
REQUEST		Login	1605975119663	1605975119885	OK	 
REQUEST		Login	1605975119656	1605975119887	OK	 
REQUEST		Login	1605975119665	1605975119890	OK	 
REQUEST		Login	1605975119667	1605975119890	OK	 
REQUEST		Login	1605975119666	1605975119891	OK	 
REQUEST		Login	1605975119665	1605975119895	OK	 
REQUEST		Login	1605975119670	1605975119897	OK	 
REQUEST		Login	1605975119668	1605975119895	OK	 
REQUEST		Login	1605975119645	1605975119897	OK	 
REQUEST		Login	1605975119678	1605975119899	OK	 
REQUEST		Login	1605975119679	1605975119900	OK	 
REQUEST		Login	1605975119681	1605975119900	OK	 
REQUEST		Login	1605975119677	1605975119899	OK	 
REQUEST		Login	1605975119690	1605975119903	OK	 
REQUEST		Login	1605975119698	1605975119938	OK	 
REQUEST		Login	1605975119693	1605975119938	OK	 
REQUEST		Login	1605975119718	1605975119939	OK	 
REQUEST		Login	1605975119701	1605975119941	OK	 
REQUEST		Login	1605975119728	1605975119941	OK	 
REQUEST		Login	1605975119711	1605975119941	OK	 
REQUEST		Login	1605975119694	1605975119942	OK	 
REQUEST		Login Redirect 1	1605975119737	1605975119943	OK	 
REQUEST		Login Redirect 1	1605975119696	1605975119943	OK	 
REQUEST		Login	1605975119722	1605975119945	OK	 
REQUEST		Login	1605975119734	1605975119947	OK	 
REQUEST		Login	1605975119727	1605975119948	OK	 
REQUEST		Open Main Page Redirect 4	1605975119699	1605975119948	OK	 
REQUEST		Login	1605975119741	1605975119949	OK	 
REQUEST		Login	1605975119732	1605975119949	OK	 
REQUEST		Login Redirect 1	1605975119739	1605975119951	OK	 
REQUEST		Login Redirect 1	1605975119738	1605975119952	OK	 
REQUEST		Login	1605975119737	1605975119954	OK	 
REQUEST		Login	1605975119691	1605975119955	OK	 
REQUEST		Login Redirect 1	1605975119736	1605975119956	OK	 
REQUEST		Login	1605975119728	1605975119956	OK	 
REQUEST		Login	1605975119717	1605975119957	OK	 
REQUEST		Open Main Page Redirect 3	1605975119731	1605975119957	OK	 
REQUEST		Login	1605975119729	1605975119960	OK	 
REQUEST		Login	1605975119742	1605975119961	OK	 
REQUEST		Login Redirect 1	1605975119744	1605975119962	OK	 
REQUEST		Login	1605975119733	1605975119963	OK	 
REQUEST		Login Redirect 1	1605975119743	1605975119963	OK	 
REQUEST		Login Redirect 1	1605975119746	1605975119963	OK	 
REQUEST		Login Redirect 1	1605975119698	1605975119965	OK	 
REQUEST		Login	1605975119745	1605975119965	OK	 
REQUEST		Login	1605975119744	1605975119965	OK	 
REQUEST		Login Redirect 1	1605975119696	1605975119966	OK	 
REQUEST		Login Redirect 1	1605975119744	1605975119966	OK	 
REQUEST		Login Redirect 1	1605975119783	1605975119981	OK	 
REQUEST		Login Redirect 1	1605975119782	1605975119981	OK	 
REQUEST		Login Redirect 1	1605975119783	1605975119982	OK	 
REQUEST		Login Redirect 1	1605975119785	1605975120000	OK	 
REQUEST		Login Redirect 1	1605975119785	1605975120001	OK	 
REQUEST		Login Redirect 1	1605975119787	1605975120001	OK	 
REQUEST		Login Redirect 1	1605975119786	1605975120001	OK	 
REQUEST		Login Redirect 1	1605975119828	1605975120001	OK	 
REQUEST		Login Redirect 1	1605975119829	1605975120004	OK	 
REQUEST		Login Redirect 1	1605975119840	1605975120006	OK	 
REQUEST		Login Redirect 1	1605975119844	1605975120006	OK	 
REQUEST		Login Redirect 1	1605975119831	1605975120007	OK	 
REQUEST		Login Redirect 1	1605975119841	1605975120008	OK	 
REQUEST		Login Redirect 1	1605975119867	1605975120008	OK	 
REQUEST		Login Redirect 1	1605975119840	1605975120009	OK	 
REQUEST		Login Redirect 1	1605975119830	1605975120009	OK	 
REQUEST		Login Redirect 1	1605975119867	1605975120009	OK	 
REQUEST		Login Redirect 1	1605975119827	1605975120009	OK	 
REQUEST		Login Redirect 1	1605975119785	1605975120010	OK	 
REQUEST		Login Redirect 1	1605975119828	1605975120011	OK	 
REQUEST		Login Redirect 1	1605975119877	1605975120011	OK	 
REQUEST		Login Redirect 1	1605975119868	1605975120012	OK	 
REQUEST		Login Redirect 1	1605975119785	1605975120003	OK	 
REQUEST		Login Redirect 1	1605975119786	1605975120014	OK	 
REQUEST		Login Redirect 1	1605975119870	1605975120010	OK	 
REQUEST		Login Redirect 1	1605975119892	1605975120015	OK	 
REQUEST		Login Redirect 1	1605975119783	1605975120015	OK	 
REQUEST		Login Redirect 1	1605975119866	1605975120016	OK	 
REQUEST		Login Redirect 1	1605975119886	1605975120016	OK	 
REQUEST		Login Redirect 1	1605975119831	1605975120017	OK	 
REQUEST		Login Redirect 1	1605975119866	1605975120017	OK	 
REQUEST		Login Redirect 1	1605975119842	1605975120018	OK	 
REQUEST		Login Redirect 1	1605975119827	1605975120018	OK	 
REQUEST		Login Redirect 1	1605975119829	1605975120019	OK	 
REQUEST		Login Redirect 1	1605975119888	1605975120019	OK	 
REQUEST		Login Redirect 1	1605975119880	1605975120019	OK	 
REQUEST		Open Main Page Redirect 4	1605975119846	1605975120020	OK	 
REQUEST		Login Redirect 1	1605975119883	1605975120020	OK	 
REQUEST		Login Redirect 1	1605975119882	1605975120020	OK	 
REQUEST		Login Redirect 1	1605975119867	1605975120015	OK	 
REQUEST		Login Redirect 1	1605975119885	1605975120022	OK	 
REQUEST		Login Redirect 1	1605975119874	1605975120022	OK	 
REQUEST		Login Redirect 1	1605975119896	1605975120024	OK	 
REQUEST		Login Redirect 1	1605975119879	1605975120024	OK	 
REQUEST		Login Redirect 1	1605975119871	1605975120026	OK	 
REQUEST		Login Redirect 1	1605975119840	1605975120026	OK	 
REQUEST		Login Redirect 1	1605975119866	1605975120028	OK	 
REQUEST		Login Redirect 1	1605975119898	1605975120031	OK	 
REQUEST		Login Redirect 1	1605975119886	1605975120031	OK	 
REQUEST		Login Redirect 1	1605975119830	1605975120031	OK	 
REQUEST		Open Main Page Redirect 1	1605975119421	1605975120032	OK	 
REQUEST		Login Redirect 1	1605975119878	1605975120032	OK	 
REQUEST		Login Redirect 1	1605975119898	1605975120032	OK	 
REQUEST		Login Redirect 1	1605975119879	1605975120033	OK	 
REQUEST		Login Redirect 1	1605975119900	1605975120033	OK	 
REQUEST		Login Redirect 1	1605975119869	1605975120010	OK	 
REQUEST		Login Redirect 1	1605975119892	1605975120034	OK	 
REQUEST		Login Redirect 1	1605975119940	1605975120033	OK	 
REQUEST		Login Redirect 1	1605975119873	1605975120034	OK	 
REQUEST		Login Redirect 1	1605975119901	1605975120031	OK	 
REQUEST		Login Redirect 1	1605975119897	1605975120035	OK	 
REQUEST		Login Redirect 1	1605975119941	1605975120035	OK	 
REQUEST		Login Redirect 1	1605975119939	1605975120035	OK	 
REQUEST		Login Redirect 1	1605975119886	1605975120035	OK	 
REQUEST		Login Redirect 1	1605975119901	1605975120033	OK	 
REQUEST		Login Redirect 1	1605975119943	1605975120036	OK	 
REQUEST		Login Redirect 1	1605975119903	1605975120037	OK	 
REQUEST		Login Redirect 1	1605975119891	1605975120038	OK	 
REQUEST		Login Redirect 1	1605975119900	1605975120039	OK	 
REQUEST		Login Redirect 2	1605975119945	1605975120041	OK	 
REQUEST		Login Redirect 2	1605975119944	1605975120046	OK	 
REQUEST		Login Redirect 1	1605975119948	1605975120046	OK	 
REQUEST		Login Redirect 1	1605975119953	1605975120047	OK	 
REQUEST		Login	1605975119951	1605975120048	OK	 
REQUEST		Login Redirect 1	1605975119955	1605975120050	OK	 
REQUEST		Login Redirect 1	1605975119958	1605975120050	OK	 
REQUEST		Login Redirect 1	1605975119955	1605975120050	OK	 
REQUEST		Login Redirect 2	1605975119956	1605975120050	OK	 
REQUEST		Login Redirect 1	1605975119955	1605975120051	OK	 
REQUEST		Login Redirect 1	1605975119957	1605975120051	OK	 
REQUEST		Login Redirect 1	1605975119948	1605975120054	OK	 
REQUEST		Login Redirect 1	1605975119965	1605975120055	OK	 
REQUEST		Login Redirect 1	1605975119950	1605975120054	OK	 
REQUEST		Login Redirect 1	1605975119953	1605975120055	OK	 
REQUEST		Login Redirect 1	1605975119965	1605975120055	OK	 
REQUEST		Login Redirect 1	1605975119946	1605975120056	OK	 
REQUEST		Login Redirect 2	1605975119965	1605975120056	OK	 
REQUEST		Login Redirect 1	1605975119950	1605975120058	OK	 
REQUEST		Login Redirect 1	1605975119962	1605975120059	OK	 
REQUEST		Login Redirect 2	1605975119982	1605975120059	OK	 
REQUEST		Login Redirect 2	1605975119983	1605975120060	OK	 
REQUEST		Login Redirect 2	1605975119982	1605975120060	OK	 
REQUEST		Login Redirect 1	1605975119962	1605975120061	OK	 
REQUEST		Login Redirect 1	1605975119963	1605975120062	OK	 
REQUEST		Login Redirect 2	1605975119964	1605975120063	OK	 
REQUEST		Login Redirect 2	1605975119967	1605975120066	OK	 
REQUEST		Login Redirect 2	1605975120002	1605975120078	OK	 
REQUEST		Login Redirect 2	1605975120004	1605975120082	OK	 
REQUEST		Login Redirect 2	1605975120005	1605975120081	OK	 
REQUEST		Login Redirect 2	1605975119952	1605975120083	OK	 
REQUEST		Login Redirect 2	1605975119953	1605975120083	OK	 
REQUEST		Login Redirect 2	1605975120000	1605975120083	OK	 
REQUEST		Login Redirect 2	1605975120007	1605975120084	OK	 
REQUEST		Login Redirect 2	1605975119964	1605975120084	OK	 
REQUEST		Login Redirect 2	1605975120002	1605975120083	OK	 
REQUEST		Login Redirect 2	1605975119967	1605975120085	OK	 
REQUEST		Login Redirect 2	1605975119963	1605975120086	OK	 
REQUEST		Login Redirect 2	1605975120006	1605975120085	OK	 
REQUEST		Login Redirect 2	1605975120003	1605975120087	OK	 
REQUEST		Login Redirect 2	1605975120008	1605975120094	OK	 
REQUEST		Login Redirect 2	1605975120009	1605975120094	OK	 
REQUEST		Login Redirect 2	1605975120009	1605975120095	OK	 
REQUEST		Login Redirect 2	1605975120011	1605975120097	OK	 
REQUEST		Login Redirect 2	1605975120010	1605975120097	OK	 
REQUEST		Open Main Page Redirect 4	1605975119959	1605975120098	OK	 
REQUEST		Login Redirect 2	1605975120015	1605975120098	OK	 
REQUEST		Login Redirect 2	1605975120017	1605975120098	OK	 
REQUEST		Login Redirect 2	1605975120012	1605975120098	OK	 
REQUEST		Login Redirect 2	1605975120010	1605975120099	OK	 
REQUEST		Login Redirect 2	1605975120014	1605975120099	OK	 
REQUEST		Login Redirect 2	1605975120018	1605975120100	OK	 
REQUEST		Login Redirect 2	1605975120017	1605975120100	OK	 
REQUEST		Login Redirect 2	1605975120015	1605975120100	OK	 
REQUEST		Login Redirect 2	1605975120010	1605975120100	OK	 
REQUEST		Login Redirect 2	1605975120014	1605975120101	OK	 
REQUEST		Login Redirect 2	1605975120018	1605975120102	OK	 
REQUEST		Login Redirect 2	1605975120014	1605975120102	OK	 
REQUEST		Login Redirect 2	1605975120015	1605975120102	OK	 
REQUEST		Login Redirect 2	1605975120019	1605975120104	OK	 
REQUEST		Login Redirect 2	1605975120021	1605975120104	OK	 
REQUEST		Login Redirect 2	1605975120019	1605975120105	OK	 
REQUEST		Login Redirect 2	1605975120020	1605975120105	OK	 
REQUEST		Login Redirect 2	1605975120020	1605975120105	OK	 
REQUEST		Login Redirect 2	1605975120021	1605975120105	OK	 
REQUEST		Login Redirect 2	1605975120020	1605975120107	OK	 
REQUEST		Login Redirect 2	1605975120011	1605975120144	OK	 
REQUEST		Login Redirect 2	1605975120022	1605975120144	OK	 
REQUEST		Login	1605975120021	1605975120148	OK	 
REQUEST		Login Redirect 2	1605975120037	1605975120150	OK	 
REQUEST		Login Redirect 2	1605975120023	1605975120150	OK	 
REQUEST		Login Redirect 2	1605975120023	1605975120150	OK	 
REQUEST		Login Redirect 2	1605975120050	1605975120151	OK	 
REQUEST		Login Redirect 2	1605975120026	1605975120151	OK	 
REQUEST		Login Redirect 2	1605975120031	1605975120152	OK	 
REQUEST		Login Redirect 2	1605975120025	1605975120152	OK	 
REQUEST		Login Redirect 2	1605975120056	1605975120153	OK	 
REQUEST		Login Redirect 2	1605975120025	1605975120152	OK	 
REQUEST		Open Main Page Redirect 2	1605975120032	1605975120154	OK	 
REQUEST		Login Redirect 2	1605975120034	1605975120154	OK	 
REQUEST		Login Redirect 2	1605975120033	1605975120154	OK	 
REQUEST		Login Redirect 1	1605975120049	1605975120154	OK	 
REQUEST		Login Redirect 2	1605975120035	1605975120155	OK	 
REQUEST		Login Redirect 2	1605975120031	1605975120155	OK	 
REQUEST		Login Redirect 2	1605975120039	1605975120155	OK	 
REQUEST		Login Redirect 2	1605975120032	1605975120158	OK	 
REQUEST		Login Redirect 2	1605975120036	1605975120157	OK	 
REQUEST		Login Redirect 3	1605975120047	1605975120158	OK	 
REQUEST		Login Redirect 2	1605975120048	1605975120162	OK	 
REQUEST		Login Redirect 2	1605975120034	1605975120160	OK	 
REQUEST		Login Redirect 2	1605975120050	1605975120163	OK	 
REQUEST		Login Redirect 3	1605975120041	1605975120163	OK	 
REQUEST		Login Redirect 2	1605975120035	1605975120162	OK	 
REQUEST		Login Redirect 3	1605975120079	1605975120162	OK	 
REQUEST		Login Redirect 2	1605975120057	1605975120164	OK	 
REQUEST		Login Redirect 2	1605975120055	1605975120164	OK	 
REQUEST		Login Redirect 2	1605975120061	1605975120165	OK	 
REQUEST		Login Redirect 2	1605975120037	1605975120165	OK	 
REQUEST		Login Redirect 3	1605975120061	1605975120154	OK	 
REQUEST		Login Redirect 2	1605975120037	1605975120167	OK	 
REQUEST		Login Redirect 2	1605975120036	1605975120167	OK	 
REQUEST		Login Redirect 3	1605975120067	1605975120167	OK	 
REQUEST		Login Redirect 2	1605975120035	1605975120168	OK	 
REQUEST		Login Redirect 2	1605975120051	1605975120168	OK	 
REQUEST		Login Redirect 2	1605975120063	1605975120167	OK	 
REQUEST		Login Redirect 3	1605975120057	1605975120166	OK	 
REQUEST		Login Redirect 2	1605975120052	1605975120170	OK	 
REQUEST		Login Redirect 2	1605975120040	1605975120170	OK	 
REQUEST		Login Redirect 2	1605975120059	1605975120171	OK	 
REQUEST		Login Redirect 2	1605975120055	1605975120171	OK	 
REQUEST		Login Redirect 3	1605975120050	1605975120171	OK	 
REQUEST		Login Redirect 2	1605975120052	1605975120172	OK	 
REQUEST		Login Redirect 2	1605975120011	1605975120151	OK	 
REQUEST		Login Redirect 3	1605975120060	1605975120173	OK	 
REQUEST		Login Redirect 3	1605975120061	1605975120173	OK	 
REQUEST		Login Redirect 2	1605975120026	1605975120174	OK	 
REQUEST		Login Redirect 3	1605975120082	1605975120174	OK	 
REQUEST		Login Redirect 3	1605975120064	1605975120175	OK	 
REQUEST		Login Redirect 2	1605975120032	1605975120176	OK	 
REQUEST		Login Redirect 3	1605975120082	1605975120177	OK	 
REQUEST		Login Redirect 3	1605975120084	1605975120177	OK	 
REQUEST		Login Redirect 3	1605975120083	1605975120177	OK	 
REQUEST		Login Redirect 2	1605975120030	1605975120178	OK	 
REQUEST		Login Redirect 2	1605975120033	1605975120179	OK	 
REQUEST		Login Redirect 3	1605975120085	1605975120180	OK	 
REQUEST		Login Redirect 2	1605975120031	1605975120181	OK	 
REQUEST		Login Redirect 2	1605975120037	1605975120182	OK	 
REQUEST		Login Redirect 3	1605975120085	1605975120182	OK	 
REQUEST		Login Redirect 2	1605975120036	1605975120184	OK	 
REQUEST		Login Redirect 2	1605975120047	1605975120186	OK	 
REQUEST		Login Redirect 2	1605975120055	1605975120187	OK	 
REQUEST		Login Redirect 2	1605975120057	1605975120189	OK	 
REQUEST		Login Redirect 2	1605975120059	1605975120190	OK	 
REQUEST		Login Redirect 3	1605975120084	1605975120191	OK	 
REQUEST		Login Redirect 3	1605975120085	1605975120197	OK	 
REQUEST		Login Redirect 3	1605975120085	1605975120197	OK	 
REQUEST		Login Redirect 3	1605975120088	1605975120197	OK	 
REQUEST		Login Redirect 3	1605975120087	1605975120199	OK	 
REQUEST		Login Redirect 3	1605975120095	1605975120199	OK	 
REQUEST		Login Redirect 3	1605975120097	1605975120198	OK	 
REQUEST		Login Redirect 3	1605975120086	1605975120199	OK	 
REQUEST		Login Redirect 3	1605975120095	1605975120200	OK	 
REQUEST		Login Redirect 3	1605975120097	1605975120202	OK	 
REQUEST		Login Redirect 3	1605975120099	1605975120215	OK	 
REQUEST		Login	1605975120099	1605975120215	OK	 
REQUEST		Login Redirect 3	1605975120098	1605975120215	OK	 
REQUEST		Login Redirect 3	1605975120100	1605975120216	OK	 
REQUEST		Login Redirect 3	1605975120099	1605975120215	OK	 
REQUEST		Login Redirect 3	1605975120097	1605975120265	OK	 
REQUEST		Login Redirect 3	1605975120100	1605975120265	OK	 
REQUEST		Login Redirect 3	1605975120101	1605975120265	OK	 
REQUEST		Login Redirect 3	1605975120103	1605975120267	OK	 
REQUEST		Login Redirect 3	1605975120106	1605975120268	OK	 
REQUEST		Login Redirect 3	1605975120102	1605975120268	OK	 
REQUEST		Login Redirect 3	1605975120105	1605975120269	OK	 
REQUEST		Login Redirect 3	1605975120105	1605975120269	OK	 
REQUEST		Login Redirect 3	1605975120102	1605975120265	OK	 
REQUEST		Login Redirect 3	1605975120101	1605975120268	OK	 
REQUEST		Login Redirect 3	1605975120103	1605975120270	OK	 
REQUEST		Login Redirect 1	1605975119783	1605975120272	OK	 
REQUEST		Login Redirect 3	1605975120107	1605975120271	OK	 
REQUEST		Login Redirect 3	1605975120103	1605975120272	OK	 
REQUEST		Login Redirect 3	1605975120101	1605975120273	OK	 
REQUEST		Login Redirect 3	1605975120106	1605975120273	OK	 
REQUEST		Login Redirect 3	1605975120106	1605975120274	OK	 
REQUEST		Login Redirect 1	1605975120149	1605975120274	OK	 
REQUEST		Login Redirect 3	1605975120105	1605975120275	OK	 
REQUEST		Login Redirect 3	1605975120149	1605975120289	OK	 
REQUEST		Login Redirect 3	1605975120148	1605975120289	OK	 
REQUEST		Login Redirect 3	1605975120150	1605975120289	OK	 
REQUEST		Login Redirect 3	1605975120151	1605975120291	OK	 
REQUEST		Login Redirect 3	1605975120152	1605975120292	OK	 
REQUEST		Login Redirect 3	1605975120151	1605975120292	OK	 
REQUEST		Login Redirect 3	1605975120153	1605975120294	OK	 
REQUEST		Login Redirect 3	1605975120152	1605975120293	OK	 
REQUEST		Login Redirect 3	1605975120153	1605975120294	OK	 
REQUEST		Login Redirect 3	1605975120153	1605975120294	OK	 
REQUEST		Open Main Page Redirect 3	1605975120154	1605975120295	OK	 
REQUEST		Login Redirect 3	1605975120153	1605975120295	OK	 
REQUEST		Login Redirect 2	1605975120157	1605975120295	OK	 
REQUEST		Login Redirect 3	1605975120155	1605975120296	OK	 
REQUEST		Login Redirect 3	1605975120164	1605975120297	OK	 
REQUEST		Login Redirect 3	1605975120156	1605975120296	OK	 
REQUEST		Login Redirect 3	1605975120165	1605975120296	OK	 
REQUEST		Login Redirect 3	1605975120166	1605975120298	OK	 
REQUEST		Login Redirect 3	1605975120161	1605975120298	OK	 
REQUEST		Login Redirect 3	1605975120162	1605975120299	OK	 
REQUEST		Login Redirect 3	1605975120155	1605975120298	OK	 
REQUEST		Login Redirect 3	1605975120169	1605975120305	OK	 
REQUEST		Login Redirect 3	1605975120168	1605975120307	OK	 
REQUEST		Login Redirect 3	1605975120167	1605975120308	OK	 
REQUEST		Login Redirect 3	1605975120170	1605975120309	OK	 
REQUEST		Login Redirect 3	1605975120157	1605975120310	OK	 
REQUEST		Login Redirect 3	1605975120169	1605975120311	OK	 
REQUEST		Login Redirect 3	1605975120170	1605975120312	OK	 
REQUEST		Login Redirect 3	1605975120173	1605975120312	OK	 
REQUEST		Login Redirect 3	1605975120171	1605975120312	OK	 
REQUEST		Login Redirect 3	1605975120172	1605975120313	OK	 
REQUEST		Login Redirect 3	1605975120156	1605975120302	OK	 
REQUEST		Login Redirect 3	1605975120160	1605975120316	OK	 
REQUEST		Login Redirect 3	1605975120165	1605975120317	OK	 
REQUEST		Login Redirect 3	1605975120163	1605975120320	OK	 
REQUEST		Login Redirect 3	1605975120162	1605975120322	OK	 
REQUEST		Login Redirect 3	1605975120166	1605975120323	OK	 
REQUEST		Login Redirect 3	1605975120169	1605975120328	OK	 
REQUEST		Login Redirect 3	1605975120178	1605975120339	OK	 
REQUEST		Login Redirect 3	1605975120188	1605975120341	OK	 
REQUEST		Login Redirect 3	1605975120182	1605975120342	OK	 
REQUEST		Login Redirect 3	1605975120185	1605975120344	OK	 
REQUEST		Login Redirect 3	1605975120183	1605975120346	OK	 
REQUEST		Login Redirect 3	1605975120187	1605975120348	OK	 
REQUEST		Login Redirect 3	1605975120189	1605975120350	OK	 
REQUEST		Login Redirect 3	1605975120180	1605975120351	OK	 
REQUEST		Login Redirect 3	1605975120177	1605975120353	OK	 
REQUEST		Login Redirect 3	1605975120190	1605975120354	OK	 
REQUEST		Login Redirect 3	1605975120175	1605975120356	OK	 
REQUEST		Login Redirect 4	1605975120163	1605975120302	KO	jsonPath($..token).find.exists preparation crashed: Jackson failed to parse into a valid AST: c.f.j.c.JsonParseException: Unexpected character ('<' (code 60)): expected a valid value (JSON String, Number, Array, Object or token 'null', 'true' or 'false')  at [Source: (SequenceInputStream); line: 1, column: 2]
REQUEST		Login Redirect 4	1605975120162	1605975120300	KO	jsonPath($..token).find.exists preparation crashed: Jackson failed to parse into a valid AST: c.f.j.c.JsonParseException: Unexpected character ('<' (code 60)): expected a valid value (JSON String, Number, Array, Object or token 'null', 'true' or 'false')  at [Source: (SequenceInputStream); line: 1, column: 2]
REQUEST		Login Redirect 4	1605975120198	1605975120364	KO	jsonPath($..token).find.exists preparation crashed: Jackson failed to parse into a valid AST: c.f.j.c.JsonParseException: Unexpected character ('<' (code 60)): expected a valid value (JSON String, Number, Array, Object or token 'null', 'true' or 'false')  at [Source: (SequenceInputStream); line: 1, column: 2]
REQUEST		Login Redirect 4	1605975120178	1605975120351	KO	jsonPath($..token).find.exists preparation crashed: Jackson failed to parse into a valid AST: c.f.j.c.JsonParseException: Unexpected character ('<' (code 60)): expected a valid value (JSON String, Number, Array, Object or token 'null', 'true' or 'false')  at [Source: (SequenceInputStream); line: 1, column: 2]
REQUEST		Login Redirect 4	1605975120163	1605975120306	KO	jsonPath($..token).find.exists preparation crashed: Jackson failed to parse into a valid AST: c.f.j.c.JsonParseException: Unexpected character ('<' (code 60)): expected a valid value (JSON String, Number, Array, Object or token 'null', 'true' or 'false')  at [Source: (SequenceInputStream); line: 1, column: 2]
REQUEST		Login Redirect 4	1605975120166	1605975120303	KO	jsonPath($..token).find.exists preparation crashed: Jackson failed to parse into a valid AST: c.f.j.c.JsonParseException: Unexpected character ('<' (code 60)): expected a valid value (JSON String, Number, Array, Object or token 'null', 'true' or 'false')  at [Source: (SequenceInputStream); line: 1, column: 2]
REQUEST		Login Redirect 4	1605975120192	1605975120358	KO	jsonPath($..token).find.exists preparation crashed: Jackson failed to parse into a valid AST: c.f.j.c.JsonParseException: Unexpected character ('<' (code 60)): expected a valid value (JSON String, Number, Array, Object or token 'null', 'true' or 'false')  at [Source: (SequenceInputStream); line: 1, column: 2]
REQUEST		Login Redirect 4	1605975120171	1605975120327	KO	jsonPath($..token).find.exists preparation crashed: Jackson failed to parse into a valid AST: c.f.j.c.JsonParseException: Unexpected character ('<' (code 60)): expected a valid value (JSON String, Number, Array, Object or token 'null', 'true' or 'false')  at [Source: (SequenceInputStream); line: 1, column: 2]
USER	Logon to MRS	END	1605975120395
USER	Logon to MRS	END	1605975120396
USER	Logon to MRS	END	1605975120397
REQUEST		Login Redirect 1	1605975120216	1605975120397	OK	 
USER	Logon to MRS	END	1605975120397
REQUEST		Login Redirect 4	1605975120167	1605975120397	KO	jsonPath($..token).find.exists preparation crashed: Jackson failed to parse into a valid AST: c.f.j.c.JsonParseException: Unexpected character ('<' (code 60)): expected a valid value (JSON String, Number, Array, Object or token 'null', 'true' or 'false')  at [Source: (SequenceInputStream); line: 1, column: 2]
REQUEST		Login Redirect 4	1605975120266	1605975120398	KO	jsonPath($..token).find.exists preparation crashed: Jackson failed to parse into a valid AST: c.f.j.c.JsonParseException: Unexpected character ('<' (code 60)): expected a valid value (JSON String, Number, Array, Object or token 'null', 'true' or 'false')  at [Source: (SequenceInputStream); line: 1, column: 2]
USER	Logon to MRS	END	1605975120400
REQUEST		Login Redirect 4	1605975120217	1605975120398	KO	jsonPath($..token).find.exists preparation crashed: Jackson failed to parse into a valid AST: c.f.j.c.JsonParseException: Unexpected character ('<' (code 60)): expected a valid value (JSON String, Number, Array, Object or token 'null', 'true' or 'false')  at [Source: (SequenceInputStream); line: 1, column: 2]
USER	Logon to MRS	END	1605975120401
USER	Logon to MRS	END	1605975120401
USER	Logon to MRS	END	1605975120402
REQUEST		Login Redirect 3	1605975120172	1605975120402	OK	 
USER	Logon to MRS	END	1605975120404
REQUEST		Login Redirect 4	1605975120268	1605975120403	KO	jsonPath($..token).find.exists preparation crashed: Jackson failed to parse into a valid AST: c.f.j.c.JsonParseException: Unexpected character ('<' (code 60)): expected a valid value (JSON String, Number, Array, Object or token 'null', 'true' or 'false')  at [Source: (SequenceInputStream); line: 1, column: 2]
REQUEST		Login Redirect 4	1605975120183	1605975120404	KO	jsonPath($..token).find.exists preparation crashed: Jackson failed to parse into a valid AST: c.f.j.c.JsonParseException: Unexpected character ('<' (code 60)): expected a valid value (JSON String, Number, Array, Object or token 'null', 'true' or 'false')  at [Source: (SequenceInputStream); line: 1, column: 2]
REQUEST		Login Redirect 4	1605975120170	1605975120405	KO	jsonPath($..token).find.exists preparation crashed: Jackson failed to parse into a valid AST: c.f.j.c.JsonParseException: Unexpected character ('<' (code 60)): expected a valid value (JSON String, Number, Array, Object or token 'null', 'true' or 'false')  at [Source: (SequenceInputStream); line: 1, column: 2]
USER	Logon to MRS	END	1605975120408
USER	Logon to MRS	END	1605975120408
USER	Logon to MRS	END	1605975120409
REQUEST		Login Redirect 4	1605975120273	1605975120405	KO	jsonPath($..token).find.exists preparation crashed: Jackson failed to parse into a valid AST: c.f.j.c.JsonParseException: Unexpected character ('<' (code 60)): expected a valid value (JSON String, Number, Array, Object or token 'null', 'true' or 'false')  at [Source: (SequenceInputStream); line: 1, column: 2]
REQUEST		Login Redirect 4	1605975120176	1605975120408	KO	jsonPath($..token).find.exists preparation crashed: Jackson failed to parse into a valid AST: c.f.j.c.JsonParseException: Unexpected character ('<' (code 60)): expected a valid value (JSON String, Number, Array, Object or token 'null', 'true' or 'false')  at [Source: (SequenceInputStream); line: 1, column: 2]
REQUEST		Login Redirect 4	1605975120200	1605975120409	KO	jsonPath($..token).find.exists preparation crashed: Jackson failed to parse into a valid AST: c.f.j.c.JsonParseException: Unexpected character ('<' (code 60)): expected a valid value (JSON String, Number, Array, Object or token 'null', 'true' or 'false')  at [Source: (SequenceInputStream); line: 1, column: 2]
REQUEST		Login Redirect 4	1605975120178	1605975120400	KO	jsonPath($..token).find.exists preparation crashed: Jackson failed to parse into a valid AST: c.f.j.c.JsonParseException: Unexpected character ('<' (code 60)): expected a valid value (JSON String, Number, Array, Object or token 'null', 'true' or 'false')  at [Source: (SequenceInputStream); line: 1, column: 2]
USER	Logon to MRS	END	1605975120412
REQUEST		Login Redirect 4	1605975120217	1605975120411	KO	jsonPath($..token).find.exists preparation crashed: Jackson failed to parse into a valid AST: c.f.j.c.JsonParseException: Unexpected character ('<' (code 60)): expected a valid value (JSON String, Number, Array, Object or token 'null', 'true' or 'false')  at [Source: (SequenceInputStream); line: 1, column: 2]
USER	Logon to MRS	END	1605975120414
USER	Logon to MRS	END	1605975120415
USER	Logon to MRS	END	1605975120416
REQUEST		Login Redirect 4	1605975120200	1605975120414	KO	jsonPath($..token).find.exists preparation crashed: Jackson failed to parse into a valid AST: c.f.j.c.JsonParseException: Unexpected character ('<' (code 60)): expected a valid value (JSON String, Number, Array, Object or token 'null', 'true' or 'false')  at [Source: (SequenceInputStream); line: 1, column: 2]
REQUEST		Login Redirect 4	1605975120198	1605975120415	KO	jsonPath($..token).find.exists preparation crashed: Jackson failed to parse into a valid AST: c.f.j.c.JsonParseException: Unexpected character ('<' (code 60)): expected a valid value (JSON String, Number, Array, Object or token 'null', 'true' or 'false')  at [Source: (SequenceInputStream); line: 1, column: 2]
USER	Logon to MRS	END	1605975120418
USER	Logon to MRS	END	1605975120419
REQUEST		Login Redirect 4	1605975120270	1605975120418	KO	jsonPath($..token).find.exists preparation crashed: Jackson failed to parse into a valid AST: c.f.j.c.JsonParseException: Unexpected character ('<' (code 60)): expected a valid value (JSON String, Number, Array, Object or token 'null', 'true' or 'false')  at [Source: (SequenceInputStream); line: 1, column: 2]
USER	Logon to MRS	END	1605975120420
USER	Logon to MRS	END	1605975120422
REQUEST		Login Redirect 4	1605975120198	1605975120419	KO	jsonPath($..token).find.exists preparation crashed: Jackson failed to parse into a valid AST: c.f.j.c.JsonParseException: Unexpected character ('<' (code 60)): expected a valid value (JSON String, Number, Array, Object or token 'null', 'true' or 'false')  at [Source: (SequenceInputStream); line: 1, column: 2]
REQUEST		Login Redirect 4	1605975120203	1605975120421	KO	jsonPath($..token).find.exists preparation crashed: Jackson failed to parse into a valid AST: c.f.j.c.JsonParseException: Unexpected character ('<' (code 60)): expected a valid value (JSON String, Number, Array, Object or token 'null', 'true' or 'false')  at [Source: (SequenceInputStream); line: 1, column: 2]
REQUEST		Login Redirect 4	1605975120270	1605975120422	KO	jsonPath($..token).find.exists preparation crashed: Jackson failed to parse into a valid AST: c.f.j.c.JsonParseException: Unexpected character ('<' (code 60)): expected a valid value (JSON String, Number, Array, Object or token 'null', 'true' or 'false')  at [Source: (SequenceInputStream); line: 1, column: 2]
REQUEST		Login Redirect 4	1605975120274	1605975120423	KO	jsonPath($..token).find.exists preparation crashed: Jackson failed to parse into a valid AST: c.f.j.c.JsonParseException: Unexpected character ('<' (code 60)): expected a valid value (JSON String, Number, Array, Object or token 'null', 'true' or 'false')  at [Source: (SequenceInputStream); line: 1, column: 2]
USER	Logon to MRS	END	1605975120425
USER	Logon to MRS	END	1605975120425
USER	Logon to MRS	END	1605975120426
USER	Logon to MRS	END	1605975120427
REQUEST		Login Redirect 4	1605975120199	1605975120426	KO	jsonPath($..token).find.exists preparation crashed: Jackson failed to parse into a valid AST: c.f.j.c.JsonParseException: Unexpected character ('<' (code 60)): expected a valid value (JSON String, Number, Array, Object or token 'null', 'true' or 'false')  at [Source: (SequenceInputStream); line: 1, column: 2]
USER	Logon to MRS	END	1605975120428
REQUEST		Login Redirect 4	1605975120201	1605975120428	KO	jsonPath($..token).find.exists preparation crashed: Jackson failed to parse into a valid AST: c.f.j.c.JsonParseException: Unexpected character ('<' (code 60)): expected a valid value (JSON String, Number, Array, Object or token 'null', 'true' or 'false')  at [Source: (SequenceInputStream); line: 1, column: 2]
REQUEST		Login Redirect 4	1605975120176	1605975120427	KO	jsonPath($..token).find.exists preparation crashed: Jackson failed to parse into a valid AST: c.f.j.c.JsonParseException: Unexpected character ('<' (code 60)): expected a valid value (JSON String, Number, Array, Object or token 'null', 'true' or 'false')  at [Source: (SequenceInputStream); line: 1, column: 2]
USER	Logon to MRS	END	1605975120430
USER	Logon to MRS	END	1605975120431
REQUEST		Login Redirect 4	1605975120178	1605975120430	KO	jsonPath($..token).find.exists preparation crashed: Jackson failed to parse into a valid AST: c.f.j.c.JsonParseException: Unexpected character ('<' (code 60)): expected a valid value (JSON String, Number, Array, Object or token 'null', 'true' or 'false')  at [Source: (SequenceInputStream); line: 1, column: 2]
REQUEST		Login Redirect 4	1605975120216	1605975120430	KO	jsonPath($..token).find.exists preparation crashed: Jackson failed to parse into a valid AST: c.f.j.c.JsonParseException: Unexpected character ('<' (code 60)): expected a valid value (JSON String, Number, Array, Object or token 'null', 'true' or 'false')  at [Source: (SequenceInputStream); line: 1, column: 2]
USER	Logon to MRS	END	1605975120433
USER	Logon to MRS	END	1605975120433
REQUEST		Login Redirect 2	1605975120272	1605975120433	OK	 
REQUEST		Login Redirect 4	1605975120175	1605975120434	KO	jsonPath($..token).find.exists preparation crashed: Jackson failed to parse into a valid AST: c.f.j.c.JsonParseException: Unexpected character ('<' (code 60)): expected a valid value (JSON String, Number, Array, Object or token 'null', 'true' or 'false')  at [Source: (SequenceInputStream); line: 1, column: 2]
USER	Logon to MRS	END	1605975120435
REQUEST		Login Redirect 4	1605975120291	1605975120434	KO	jsonPath($..token).find.exists preparation crashed: Jackson failed to parse into a valid AST: c.f.j.c.JsonParseException: Unexpected character ('<' (code 60)): expected a valid value (JSON String, Number, Array, Object or token 'null', 'true' or 'false')  at [Source: (SequenceInputStream); line: 1, column: 2]
REQUEST		Login Redirect 4	1605975120268	1605975120436	KO	jsonPath($..token).find.exists preparation crashed: Jackson failed to parse into a valid AST: c.f.j.c.JsonParseException: Unexpected character ('<' (code 60)): expected a valid value (JSON String, Number, Array, Object or token 'null', 'true' or 'false')  at [Source: (SequenceInputStream); line: 1, column: 2]
USER	Logon to MRS	END	1605975120438
USER	Logon to MRS	END	1605975120438
USER	Logon to MRS	END	1605975120439
REQUEST		Login Redirect 2	1605975120275	1605975120439	OK	 
REQUEST		Login Redirect 4	1605975120182	1605975120437	KO	jsonPath($..token).find.exists preparation crashed: Jackson failed to parse into a valid AST: c.f.j.c.JsonParseException: Unexpected character ('<' (code 60)): expected a valid value (JSON String, Number, Array, Object or token 'null', 'true' or 'false')  at [Source: (SequenceInputStream); line: 1, column: 2]
REQUEST		Login Redirect 4	1605975120270	1605975120434	KO	jsonPath($..token).find.exists preparation crashed: Jackson failed to parse into a valid AST: c.f.j.c.JsonParseException: Unexpected character ('<' (code 60)): expected a valid value (JSON String, Number, Array, Object or token 'null', 'true' or 'false')  at [Source: (SequenceInputStream); line: 1, column: 2]
USER	Logon to MRS	END	1605975120442
USER	Logon to MRS	END	1605975120442
REQUEST		Login Redirect 4	1605975120271	1605975120443	KO	jsonPath($..token).find.exists preparation crashed: Jackson failed to parse into a valid AST: c.f.j.c.JsonParseException: Unexpected character ('<' (code 60)): expected a valid value (JSON String, Number, Array, Object or token 'null', 'true' or 'false')  at [Source: (SequenceInputStream); line: 1, column: 2]
REQUEST		Login Redirect 4	1605975120216	1605975120443	KO	jsonPath($..token).find.exists preparation crashed: Jackson failed to parse into a valid AST: c.f.j.c.JsonParseException: Unexpected character ('<' (code 60)): expected a valid value (JSON String, Number, Array, Object or token 'null', 'true' or 'false')  at [Source: (SequenceInputStream); line: 1, column: 2]
REQUEST		Login Redirect 4	1605975120295	1605975120443	KO	jsonPath($..token).find.exists preparation crashed: Jackson failed to parse into a valid AST: c.f.j.c.JsonParseException: Unexpected character ('<' (code 60)): expected a valid value (JSON String, Number, Array, Object or token 'null', 'true' or 'false')  at [Source: (SequenceInputStream); line: 1, column: 2]
REQUEST		Login Redirect 4	1605975120295	1605975120443	KO	jsonPath($..token).find.exists preparation crashed: Jackson failed to parse into a valid AST: c.f.j.c.JsonParseException: Unexpected character ('<' (code 60)): expected a valid value (JSON String, Number, Array, Object or token 'null', 'true' or 'false')  at [Source: (SequenceInputStream); line: 1, column: 2]
USER	Logon to MRS	END	1605975120446
USER	Logon to MRS	END	1605975120447
USER	Logon to MRS	END	1605975120447
USER	Logon to MRS	END	1605975120448
USER	Logon to MRS	END	1605975120449
REQUEST		Login Redirect 4	1605975120199	1605975120439	KO	jsonPath($..token).find.exists preparation crashed: Jackson failed to parse into a valid AST: c.f.j.c.JsonParseException: Unexpected character ('<' (code 60)): expected a valid value (JSON String, Number, Array, Object or token 'null', 'true' or 'false')  at [Source: (SequenceInputStream); line: 1, column: 2]
REQUEST		Login Redirect 4	1605975120275	1605975120448	KO	jsonPath($..token).find.exists preparation crashed: Jackson failed to parse into a valid AST: c.f.j.c.JsonParseException: Unexpected character ('<' (code 60)): expected a valid value (JSON String, Number, Array, Object or token 'null', 'true' or 'false')  at [Source: (SequenceInputStream); line: 1, column: 2]
USER	Logon to MRS	END	1605975120451
REQUEST		Login Redirect 4	1605975120266	1605975120450	KO	jsonPath($..token).find.exists preparation crashed: Jackson failed to parse into a valid AST: c.f.j.c.JsonParseException: Unexpected character ('<' (code 60)): expected a valid value (JSON String, Number, Array, Object or token 'null', 'true' or 'false')  at [Source: (SequenceInputStream); line: 1, column: 2]
REQUEST		Login Redirect 4	1605975120291	1605975120452	KO	jsonPath($..token).find.exists preparation crashed: Jackson failed to parse into a valid AST: c.f.j.c.JsonParseException: Unexpected character ('<' (code 60)): expected a valid value (JSON String, Number, Array, Object or token 'null', 'true' or 'false')  at [Source: (SequenceInputStream); line: 1, column: 2]
REQUEST		Login Redirect 4	1605975120298	1605975120452	KO	jsonPath($..token).find.exists preparation crashed: Jackson failed to parse into a valid AST: c.f.j.c.JsonParseException: Unexpected character ('<' (code 60)): expected a valid value (JSON String, Number, Array, Object or token 'null', 'true' or 'false')  at [Source: (SequenceInputStream); line: 1, column: 2]
USER	Logon to MRS	END	1605975120454
USER	Logon to MRS	END	1605975120455
USER	Logon to MRS	END	1605975120456
USER	Logon to MRS	END	1605975120456
REQUEST		Login Redirect 4	1605975120266	1605975120449	KO	jsonPath($..token).find.exists preparation crashed: Jackson failed to parse into a valid AST: c.f.j.c.JsonParseException: Unexpected character ('<' (code 60)): expected a valid value (JSON String, Number, Array, Object or token 'null', 'true' or 'false')  at [Source: (SequenceInputStream); line: 1, column: 2]
REQUEST		Login Redirect 4	1605975120271	1605975120455	KO	jsonPath($..token).find.exists preparation crashed: Jackson failed to parse into a valid AST: c.f.j.c.JsonParseException: Unexpected character ('<' (code 60)): expected a valid value (JSON String, Number, Array, Object or token 'null', 'true' or 'false')  at [Source: (SequenceInputStream); line: 1, column: 2]
USER	Logon to MRS	END	1605975120459
REQUEST		Login Redirect 4	1605975120293	1605975120458	KO	jsonPath($..token).find.exists preparation crashed: Jackson failed to parse into a valid AST: c.f.j.c.JsonParseException: Unexpected character ('<' (code 60)): expected a valid value (JSON String, Number, Array, Object or token 'null', 'true' or 'false')  at [Source: (SequenceInputStream); line: 1, column: 2]
USER	Logon to MRS	END	1605975120460
REQUEST		Login Redirect 4	1605975120297	1605975120460	KO	jsonPath($..token).find.exists preparation crashed: Jackson failed to parse into a valid AST: c.f.j.c.JsonParseException: Unexpected character ('<' (code 60)): expected a valid value (JSON String, Number, Array, Object or token 'null', 'true' or 'false')  at [Source: (SequenceInputStream); line: 1, column: 2]
REQUEST		Login Redirect 4	1605975120271	1605975120459	KO	jsonPath($..token).find.exists preparation crashed: Jackson failed to parse into a valid AST: c.f.j.c.JsonParseException: Unexpected character ('<' (code 60)): expected a valid value (JSON String, Number, Array, Object or token 'null', 'true' or 'false')  at [Source: (SequenceInputStream); line: 1, column: 2]
REQUEST		Login Redirect 4	1605975120301	1605975120462	KO	jsonPath($..token).find.exists preparation crashed: Jackson failed to parse into a valid AST: c.f.j.c.JsonParseException: Unexpected character ('<' (code 60)): expected a valid value (JSON String, Number, Array, Object or token 'null', 'true' or 'false')  at [Source: (SequenceInputStream); line: 1, column: 2]
USER	Logon to MRS	END	1605975120464
USER	Logon to MRS	END	1605975120464
USER	Logon to MRS	END	1605975120465
USER	Logon to MRS	END	1605975120465
REQUEST		Login Redirect 4	1605975120298	1605975120465	KO	jsonPath($..token).find.exists preparation crashed: Jackson failed to parse into a valid AST: c.f.j.c.JsonParseException: Unexpected character ('<' (code 60)): expected a valid value (JSON String, Number, Array, Object or token 'null', 'true' or 'false')  at [Source: (SequenceInputStream); line: 1, column: 2]
REQUEST		Login Redirect 4	1605975120290	1605975120466	KO	jsonPath($..token).find.exists preparation crashed: Jackson failed to parse into a valid AST: c.f.j.c.JsonParseException: Unexpected character ('<' (code 60)): expected a valid value (JSON String, Number, Array, Object or token 'null', 'true' or 'false')  at [Source: (SequenceInputStream); line: 1, column: 2]
REQUEST		Login Redirect 4	1605975120299	1605975120466	KO	jsonPath($..token).find.exists preparation crashed: Jackson failed to parse into a valid AST: c.f.j.c.JsonParseException: Unexpected character ('<' (code 60)): expected a valid value (JSON String, Number, Array, Object or token 'null', 'true' or 'false')  at [Source: (SequenceInputStream); line: 1, column: 2]
REQUEST		Login Redirect 4	1605975120272	1605975120466	KO	jsonPath($..token).find.exists preparation crashed: Jackson failed to parse into a valid AST: c.f.j.c.JsonParseException: Unexpected character ('<' (code 60)): expected a valid value (JSON String, Number, Array, Object or token 'null', 'true' or 'false')  at [Source: (SequenceInputStream); line: 1, column: 2]
USER	Logon to MRS	END	1605975120469
USER	Logon to MRS	END	1605975120470
USER	Logon to MRS	END	1605975120470
REQUEST		Login Redirect 4	1605975120292	1605975120470	KO	jsonPath($..token).find.exists preparation crashed: Jackson failed to parse into a valid AST: c.f.j.c.JsonParseException: Unexpected character ('<' (code 60)): expected a valid value (JSON String, Number, Array, Object or token 'null', 'true' or 'false')  at [Source: (SequenceInputStream); line: 1, column: 2]
USER	Logon to MRS	END	1605975120472
REQUEST		Login Redirect 4	1605975120299	1605975120471	KO	jsonPath($..token).find.exists preparation crashed: Jackson failed to parse into a valid AST: c.f.j.c.JsonParseException: Unexpected character ('<' (code 60)): expected a valid value (JSON String, Number, Array, Object or token 'null', 'true' or 'false')  at [Source: (SequenceInputStream); line: 1, column: 2]
REQUEST		Login Redirect 4	1605975120274	1605975120473	KO	jsonPath($..token).find.exists preparation crashed: Jackson failed to parse into a valid AST: c.f.j.c.JsonParseException: Unexpected character ('<' (code 60)): expected a valid value (JSON String, Number, Array, Object or token 'null', 'true' or 'false')  at [Source: (SequenceInputStream); line: 1, column: 2]
USER	Logon to MRS	END	1605975120474
REQUEST		Login Redirect 3	1605975120297	1605975120474	OK	 
USER	Logon to MRS	END	1605975120475
USER	Logon to MRS	END	1605975120476
REQUEST		Login Redirect 4	1605975120296	1605975120476	KO	jsonPath($..token).find.exists preparation crashed: Jackson failed to parse into a valid AST: c.f.j.c.JsonParseException: Unexpected character ('<' (code 60)): expected a valid value (JSON String, Number, Array, Object or token 'null', 'true' or 'false')  at [Source: (SequenceInputStream); line: 1, column: 2]
REQUEST		Login Redirect 4	1605975120276	1605975120476	KO	jsonPath($..token).find.exists preparation crashed: Jackson failed to parse into a valid AST: c.f.j.c.JsonParseException: Unexpected character ('<' (code 60)): expected a valid value (JSON String, Number, Array, Object or token 'null', 'true' or 'false')  at [Source: (SequenceInputStream); line: 1, column: 2]
USER	Logon to MRS	END	1605975120479
USER	Logon to MRS	END	1605975120480
REQUEST		Login Redirect 4	1605975120295	1605975120478	KO	jsonPath($..token).find.exists preparation crashed: Jackson failed to parse into a valid AST: c.f.j.c.JsonParseException: Unexpected character ('<' (code 60)): expected a valid value (JSON String, Number, Array, Object or token 'null', 'true' or 'false')  at [Source: (SequenceInputStream); line: 1, column: 2]
USER	Logon to MRS	END	1605975120483
REQUEST		Login Redirect 4	1605975120295	1605975120482	KO	jsonPath($..token).find.exists preparation crashed: Jackson failed to parse into a valid AST: c.f.j.c.JsonParseException: Unexpected character ('<' (code 60)): expected a valid value (JSON String, Number, Array, Object or token 'null', 'true' or 'false')  at [Source: (SequenceInputStream); line: 1, column: 2]
USER	Logon to MRS	END	1605975120492
REQUEST		Login Redirect 4	1605975120293	1605975120491	KO	jsonPath($..token).find.exists preparation crashed: Jackson failed to parse into a valid AST: c.f.j.c.JsonParseException: Unexpected character ('<' (code 60)): expected a valid value (JSON String, Number, Array, Object or token 'null', 'true' or 'false')  at [Source: (SequenceInputStream); line: 1, column: 2]
REQUEST		Login Redirect 4	1605975120298	1605975120492	KO	jsonPath($..token).find.exists preparation crashed: Jackson failed to parse into a valid AST: c.f.j.c.JsonParseException: Unexpected character ('<' (code 60)): expected a valid value (JSON String, Number, Array, Object or token 'null', 'true' or 'false')  at [Source: (SequenceInputStream); line: 1, column: 2]
USER	Logon to MRS	END	1605975120495
REQUEST		Open Main Page Redirect 4	1605975120296	1605975120496	OK	 
REQUEST		Login Redirect 4	1605975120311	1605975120498	KO	jsonPath($..token).find.exists preparation crashed: Jackson failed to parse into a valid AST: c.f.j.c.JsonParseException: Unexpected character ('<' (code 60)): expected a valid value (JSON String, Number, Array, Object or token 'null', 'true' or 'false')  at [Source: (SequenceInputStream); line: 1, column: 2]
REQUEST		Login Redirect 4	1605975120306	1605975120499	KO	jsonPath($..token).find.exists preparation crashed: Jackson failed to parse into a valid AST: c.f.j.c.JsonParseException: Unexpected character ('<' (code 60)): expected a valid value (JSON String, Number, Array, Object or token 'null', 'true' or 'false')  at [Source: (SequenceInputStream); line: 1, column: 2]
REQUEST		Login Redirect 4	1605975120299	1605975120499	KO	jsonPath($..token).find.exists preparation crashed: Jackson failed to parse into a valid AST: c.f.j.c.JsonParseException: Unexpected character ('<' (code 60)): expected a valid value (JSON String, Number, Array, Object or token 'null', 'true' or 'false')  at [Source: (SequenceInputStream); line: 1, column: 2]
USER	Logon to MRS	END	1605975120498
USER	Logon to MRS	END	1605975120501
USER	Logon to MRS	END	1605975120504
REQUEST		Login Redirect 4	1605975120308	1605975120505	KO	jsonPath($..token).find.exists preparation crashed: Jackson failed to parse into a valid AST: c.f.j.c.JsonParseException: Unexpected character ('<' (code 60)): expected a valid value (JSON String, Number, Array, Object or token 'null', 'true' or 'false')  at [Source: (SequenceInputStream); line: 1, column: 2]
USER	Logon to MRS	END	1605975120507
REQUEST		Login Redirect 4	1605975120309	1605975120508	KO	jsonPath($..token).find.exists preparation crashed: Jackson failed to parse into a valid AST: c.f.j.c.JsonParseException: Unexpected character ('<' (code 60)): expected a valid value (JSON String, Number, Array, Object or token 'null', 'true' or 'false')  at [Source: (SequenceInputStream); line: 1, column: 2]
USER	Logon to MRS	END	1605975120509
REQUEST		Login Redirect 4	1605975120312	1605975120510	KO	jsonPath($..token).find.exists preparation crashed: Jackson failed to parse into a valid AST: c.f.j.c.JsonParseException: Unexpected character ('<' (code 60)): expected a valid value (JSON String, Number, Array, Object or token 'null', 'true' or 'false')  at [Source: (SequenceInputStream); line: 1, column: 2]
USER	Logon to MRS	END	1605975120512
REQUEST		Login Redirect 4	1605975120311	1605975120512	KO	jsonPath($..token).find.exists preparation crashed: Jackson failed to parse into a valid AST: c.f.j.c.JsonParseException: Unexpected character ('<' (code 60)): expected a valid value (JSON String, Number, Array, Object or token 'null', 'true' or 'false')  at [Source: (SequenceInputStream); line: 1, column: 2]
USER	Logon to MRS	END	1605975120513
USER	Logon to MRS	END	1605975120516
REQUEST		Login Redirect 4	1605975120313	1605975120528	KO	jsonPath($..token).find.exists preparation crashed: Jackson failed to parse into a valid AST: c.f.j.c.JsonParseException: Unexpected character ('<' (code 60)): expected a valid value (JSON String, Number, Array, Object or token 'null', 'true' or 'false')  at [Source: (SequenceInputStream); line: 1, column: 2]
USER	Logon to MRS	END	1605975120530
REQUEST		Login Redirect 4	1605975120313	1605975120530	KO	jsonPath($..token).find.exists preparation crashed: Jackson failed to parse into a valid AST: c.f.j.c.JsonParseException: Unexpected character ('<' (code 60)): expected a valid value (JSON String, Number, Array, Object or token 'null', 'true' or 'false')  at [Source: (SequenceInputStream); line: 1, column: 2]
USER	Logon to MRS	END	1605975120533
REQUEST		Login Redirect 4	1605975120313	1605975120600	KO	jsonPath($..token).find.exists preparation crashed: Jackson failed to parse into a valid AST: c.f.j.c.JsonParseException: Unexpected character ('<' (code 60)): expected a valid value (JSON String, Number, Array, Object or token 'null', 'true' or 'false')  at [Source: (SequenceInputStream); line: 1, column: 2]
USER	Logon to MRS	END	1605975120603
REQUEST		Login Redirect 4	1605975120322	1605975120608	KO	jsonPath($..token).find.exists preparation crashed: Jackson failed to parse into a valid AST: c.f.j.c.JsonParseException: Unexpected character ('<' (code 60)): expected a valid value (JSON String, Number, Array, Object or token 'null', 'true' or 'false')  at [Source: (SequenceInputStream); line: 1, column: 2]
USER	Logon to MRS	END	1605975120611
REQUEST		Login Redirect 4	1605975120319	1605975120612	KO	jsonPath($..token).find.exists preparation crashed: Jackson failed to parse into a valid AST: c.f.j.c.JsonParseException: Unexpected character ('<' (code 60)): expected a valid value (JSON String, Number, Array, Object or token 'null', 'true' or 'false')  at [Source: (SequenceInputStream); line: 1, column: 2]
USER	Logon to MRS	END	1605975120615
REQUEST		Login Redirect 4	1605975120314	1605975120622	KO	jsonPath($..token).find.exists preparation crashed: Jackson failed to parse into a valid AST: c.f.j.c.JsonParseException: Unexpected character ('<' (code 60)): expected a valid value (JSON String, Number, Array, Object or token 'null', 'true' or 'false')  at [Source: (SequenceInputStream); line: 1, column: 2]
REQUEST		Login Redirect 4	1605975120321	1605975120623	KO	jsonPath($..token).find.exists preparation crashed: Jackson failed to parse into a valid AST: c.f.j.c.JsonParseException: Unexpected character ('<' (code 60)): expected a valid value (JSON String, Number, Array, Object or token 'null', 'true' or 'false')  at [Source: (SequenceInputStream); line: 1, column: 2]
USER	Logon to MRS	END	1605975120626
USER	Logon to MRS	END	1605975120627
REQUEST		Login Redirect 4	1605975120317	1605975120627	KO	jsonPath($..token).find.exists preparation crashed: Jackson failed to parse into a valid AST: c.f.j.c.JsonParseException: Unexpected character ('<' (code 60)): expected a valid value (JSON String, Number, Array, Object or token 'null', 'true' or 'false')  at [Source: (SequenceInputStream); line: 1, column: 2]
USER	Logon to MRS	END	1605975120631
REQUEST		Login Redirect 2	1605975120397	1605975120630	OK	 
REQUEST		Login Redirect 4	1605975120315	1605975120631	KO	jsonPath($..token).find.exists preparation crashed: Jackson failed to parse into a valid AST: c.f.j.c.JsonParseException: Unexpected character ('<' (code 60)): expected a valid value (JSON String, Number, Array, Object or token 'null', 'true' or 'false')  at [Source: (SequenceInputStream); line: 1, column: 2]
REQUEST		Login Redirect 4	1605975120343	1605975120632	KO	jsonPath($..token).find.exists preparation crashed: Jackson failed to parse into a valid AST: c.f.j.c.JsonParseException: Unexpected character ('<' (code 60)): expected a valid value (JSON String, Number, Array, Object or token 'null', 'true' or 'false')  at [Source: (SequenceInputStream); line: 1, column: 2]
USER	Logon to MRS	END	1605975120635
USER	Logon to MRS	END	1605975120635
REQUEST		Login Redirect 4	1605975120329	1605975120637	KO	jsonPath($..token).find.exists preparation crashed: Jackson failed to parse into a valid AST: c.f.j.c.JsonParseException: Unexpected character ('<' (code 60)): expected a valid value (JSON String, Number, Array, Object or token 'null', 'true' or 'false')  at [Source: (SequenceInputStream); line: 1, column: 2]
USER	Logon to MRS	END	1605975120639
REQUEST		Login Redirect 4	1605975120324	1605975120640	KO	jsonPath($..token).find.exists preparation crashed: Jackson failed to parse into a valid AST: c.f.j.c.JsonParseException: Unexpected character ('<' (code 60)): expected a valid value (JSON String, Number, Array, Object or token 'null', 'true' or 'false')  at [Source: (SequenceInputStream); line: 1, column: 2]
USER	Logon to MRS	END	1605975120643
REQUEST		Login Redirect 4	1605975120347	1605975120659	KO	jsonPath($..token).find.exists preparation crashed: Jackson failed to parse into a valid AST: c.f.j.c.JsonParseException: Unexpected character ('<' (code 60)): expected a valid value (JSON String, Number, Array, Object or token 'null', 'true' or 'false')  at [Source: (SequenceInputStream); line: 1, column: 2]
USER	Logon to MRS	END	1605975120664
REQUEST		Login Redirect 4	1605975120345	1605975120664	KO	jsonPath($..token).find.exists preparation crashed: Jackson failed to parse into a valid AST: c.f.j.c.JsonParseException: Unexpected character ('<' (code 60)): expected a valid value (JSON String, Number, Array, Object or token 'null', 'true' or 'false')  at [Source: (SequenceInputStream); line: 1, column: 2]
USER	Logon to MRS	END	1605975120668
REQUEST		Login Redirect 4	1605975120355	1605975120673	KO	jsonPath($..token).find.exists preparation crashed: Jackson failed to parse into a valid AST: c.f.j.c.JsonParseException: Unexpected character ('<' (code 60)): expected a valid value (JSON String, Number, Array, Object or token 'null', 'true' or 'false')  at [Source: (SequenceInputStream); line: 1, column: 2]
USER	Logon to MRS	END	1605975120678
REQUEST		Login Redirect 4	1605975120403	1605975120678	KO	jsonPath($..token).find.exists preparation crashed: Jackson failed to parse into a valid AST: c.f.j.c.JsonParseException: Unexpected character ('<' (code 60)): expected a valid value (JSON String, Number, Array, Object or token 'null', 'true' or 'false')  at [Source: (SequenceInputStream); line: 1, column: 2]
REQUEST		Login Redirect 3	1605975120440	1605975120678	OK	 
REQUEST		Login Redirect 3	1605975120434	1605975120676	OK	 
REQUEST		Login Redirect 4	1605975120341	1605975120679	KO	jsonPath($..token).find.exists preparation crashed: Jackson failed to parse into a valid AST: c.f.j.c.JsonParseException: Unexpected character ('<' (code 60)): expected a valid value (JSON String, Number, Array, Object or token 'null', 'true' or 'false')  at [Source: (SequenceInputStream); line: 1, column: 2]
USER	Logon to MRS	END	1605975120681
USER	Logon to MRS	END	1605975120682
REQUEST		Login Redirect 4	1605975120352	1605975120682	KO	jsonPath($..token).find.exists preparation crashed: Jackson failed to parse into a valid AST: c.f.j.c.JsonParseException: Unexpected character ('<' (code 60)): expected a valid value (JSON String, Number, Array, Object or token 'null', 'true' or 'false')  at [Source: (SequenceInputStream); line: 1, column: 2]
USER	Logon to MRS	END	1605975120685
REQUEST		Login Redirect 4	1605975120353	1605975120685	KO	jsonPath($..token).find.exists preparation crashed: Jackson failed to parse into a valid AST: c.f.j.c.JsonParseException: Unexpected character ('<' (code 60)): expected a valid value (JSON String, Number, Array, Object or token 'null', 'true' or 'false')  at [Source: (SequenceInputStream); line: 1, column: 2]
REQUEST		Login Redirect 4	1605975120475	1605975120685	KO	jsonPath($..token).find.exists preparation crashed: Jackson failed to parse into a valid AST: c.f.j.c.JsonParseException: Unexpected character ('<' (code 60)): expected a valid value (JSON String, Number, Array, Object or token 'null', 'true' or 'false')  at [Source: (SequenceInputStream); line: 1, column: 2]
USER	Logon to MRS	END	1605975120688
USER	Logon to MRS	END	1605975120688
REQUEST		Login Redirect 4	1605975120357	1605975120688	KO	jsonPath($..token).find.exists preparation crashed: Jackson failed to parse into a valid AST: c.f.j.c.JsonParseException: Unexpected character ('<' (code 60)): expected a valid value (JSON String, Number, Array, Object or token 'null', 'true' or 'false')  at [Source: (SequenceInputStream); line: 1, column: 2]
USER	Logon to MRS	END	1605975120691
REQUEST		Login Redirect 4	1605975120351	1605975120692	KO	jsonPath($..token).find.exists preparation crashed: Jackson failed to parse into a valid AST: c.f.j.c.JsonParseException: Unexpected character ('<' (code 60)): expected a valid value (JSON String, Number, Array, Object or token 'null', 'true' or 'false')  at [Source: (SequenceInputStream); line: 1, column: 2]
USER	Logon to MRS	END	1605975120695
REQUEST		Login Redirect 4	1605975120349	1605975120695	KO	jsonPath($..token).find.exists preparation crashed: Jackson failed to parse into a valid AST: c.f.j.c.JsonParseException: Unexpected character ('<' (code 60)): expected a valid value (JSON String, Number, Array, Object or token 'null', 'true' or 'false')  at [Source: (SequenceInputStream); line: 1, column: 2]
USER	Logon to MRS	END	1605975120698
REQUEST		Login	1605975120497	1605975120728	OK	 
REQUEST		Login Redirect 4	1605975120174	1605975120779	KO	jsonPath($..token).find.exists preparation crashed: Jackson failed to parse into a valid AST: c.f.j.c.JsonParseException: Unexpected character ('<' (code 60)): expected a valid value (JSON String, Number, Array, Object or token 'null', 'true' or 'false')  at [Source: (SequenceInputStream); line: 1, column: 2]
USER	Logon to MRS	END	1605975120781
REQUEST		Login Redirect 3	1605975120632	1605975120784	OK	 
REQUEST		Login Redirect 1	1605975120728	1605975120813	OK	 
REQUEST		Login Redirect 4	1605975120680	1605975120816	KO	jsonPath($..token).find.exists preparation crashed: Jackson failed to parse into a valid AST: c.f.j.c.JsonParseException: Unexpected character ('<' (code 60)): expected a valid value (JSON String, Number, Array, Object or token 'null', 'true' or 'false')  at [Source: (SequenceInputStream); line: 1, column: 2]
USER	Logon to MRS	END	1605975120818
REQUEST		Login Redirect 4	1605975120680	1605975120825	KO	jsonPath($..token).find.exists preparation crashed: Jackson failed to parse into a valid AST: c.f.j.c.JsonParseException: Unexpected character ('<' (code 60)): expected a valid value (JSON String, Number, Array, Object or token 'null', 'true' or 'false')  at [Source: (SequenceInputStream); line: 1, column: 2]
USER	Logon to MRS	END	1605975120829
REQUEST		Login Redirect 4	1605975120340	1605975120835	KO	jsonPath($..token).find.exists preparation crashed: Jackson failed to parse into a valid AST: c.f.j.c.JsonParseException: Unexpected character ('<' (code 60)): expected a valid value (JSON String, Number, Array, Object or token 'null', 'true' or 'false')  at [Source: (SequenceInputStream); line: 1, column: 2]
USER	Logon to MRS	END	1605975120837
REQUEST		Login Redirect 4	1605975120785	1605975120890	KO	jsonPath($..token).find.exists preparation crashed: Jackson failed to parse into a valid AST: c.f.j.c.JsonParseException: Unexpected character ('<' (code 60)): expected a valid value (JSON String, Number, Array, Object or token 'null', 'true' or 'false')  at [Source: (SequenceInputStream); line: 1, column: 2]
USER	Logon to MRS	END	1605975120893
REQUEST		Login Redirect 2	1605975120814	1605975120902	OK	 
REQUEST		Login Redirect 3	1605975120903	1605975120992	OK	 
REQUEST		Login Redirect 4	1605975120994	1605975121093	KO	jsonPath($..token).find.exists preparation crashed: Jackson failed to parse into a valid AST: c.f.j.c.JsonParseException: Unexpected character ('<' (code 60)): expected a valid value (JSON String, Number, Array, Object or token 'null', 'true' or 'false')  at [Source: (SequenceInputStream); line: 1, column: 2]
USER	Logon to MRS	END	1605975121096
