RUN	LogonSimulation	logonsimulation	1605975463237	 	3.4.1
USER	Logon to MRS	START	1605975464466
USER	Logon to MRS	START	1605975464467
USER	Logon to MRS	START	1605975464467
USER	Logon to MRS	START	1605975464471
USER	Logon to MRS	START	1605975464525
USER	Logon to MRS	START	1605975464525
USER	Logon to MRS	START	1605975464525
USER	Logon to MRS	START	1605975464525
USER	Logon to MRS	START	1605975464465
USER	Logon to MRS	START	1605975464526
USER	Logon to MRS	START	1605975464527
USER	Logon to MRS	START	1605975464526
USER	Logon to MRS	START	1605975464526
USER	Logon to MRS	START	1605975464528
USER	Logon to MRS	START	1605975464528
USER	Logon to MRS	START	1605975464466
USER	Logon to MRS	START	1605975464529
USER	Logon to MRS	START	1605975464529
USER	Logon to MRS	START	1605975464530
USER	Logon to MRS	START	1605975464530
USER	Logon to MRS	START	1605975464468
USER	Logon to MRS	START	1605975464531
USER	Logon to MRS	START	1605975464531
USER	Logon to MRS	START	1605975464531
USER	Logon to MRS	START	1605975464531
USER	Logon to MRS	START	1605975464533
USER	Logon to MRS	START	1605975464532
USER	Logon to MRS	START	1605975464533
USER	Logon to MRS	START	1605975464532
USER	Logon to MRS	START	1605975464531
USER	Logon to MRS	START	1605975464534
USER	Logon to MRS	START	1605975464534
USER	Logon to MRS	START	1605975464535
USER	Logon to MRS	START	1605975464535
USER	Logon to MRS	START	1605975464528
USER	Logon to MRS	START	1605975464537
USER	Logon to MRS	START	1605975464537
USER	Logon to MRS	START	1605975464471
USER	Logon to MRS	START	1605975464538
USER	Logon to MRS	START	1605975464538
USER	Logon to MRS	START	1605975464538
USER	Logon to MRS	START	1605975464535
USER	Logon to MRS	START	1605975464528
USER	Logon to MRS	START	1605975464540
USER	Logon to MRS	START	1605975464540
USER	Logon to MRS	START	1605975464541
USER	Logon to MRS	START	1605975464541
USER	Logon to MRS	START	1605975464540
USER	Logon to MRS	START	1605975464540
USER	Logon to MRS	START	1605975464543
USER	Logon to MRS	START	1605975464545
USER	Logon to MRS	START	1605975464544
USER	Logon to MRS	START	1605975464544
USER	Logon to MRS	START	1605975464544
USER	Logon to MRS	START	1605975464546
USER	Logon to MRS	START	1605975464546
USER	Logon to MRS	START	1605975464546
USER	Logon to MRS	START	1605975464547
USER	Logon to MRS	START	1605975464547
USER	Logon to MRS	START	1605975464549
USER	Logon to MRS	START	1605975464547
USER	Logon to MRS	START	1605975464549
USER	Logon to MRS	START	1605975464549
USER	Logon to MRS	START	1605975464550
USER	Logon to MRS	START	1605975464550
USER	Logon to MRS	START	1605975464552
USER	Logon to MRS	START	1605975464552
USER	Logon to MRS	START	1605975464550
USER	Logon to MRS	START	1605975464553
USER	Logon to MRS	START	1605975464554
USER	Logon to MRS	START	1605975464554
USER	Logon to MRS	START	1605975464555
USER	Logon to MRS	START	1605975464556
USER	Logon to MRS	START	1605975464557
USER	Logon to MRS	START	1605975464537
USER	Logon to MRS	START	1605975464558
USER	Logon to MRS	START	1605975464559
USER	Logon to MRS	START	1605975464562
USER	Logon to MRS	START	1605975464564
USER	Logon to MRS	START	1605975464534
USER	Logon to MRS	START	1605975464540
USER	Logon to MRS	START	1605975464566
USER	Logon to MRS	START	1605975464568
USER	Logon to MRS	START	1605975464567
USER	Logon to MRS	START	1605975464567
USER	Logon to MRS	START	1605975464570
USER	Logon to MRS	START	1605975464567
USER	Logon to MRS	START	1605975464571
USER	Logon to MRS	START	1605975464571
USER	Logon to MRS	START	1605975464571
USER	Logon to MRS	START	1605975464573
USER	Logon to MRS	START	1605975464573
USER	Logon to MRS	START	1605975464575
USER	Logon to MRS	START	1605975464575
USER	Logon to MRS	START	1605975464556
USER	Logon to MRS	START	1605975464576
USER	Logon to MRS	START	1605975464577
USER	Logon to MRS	START	1605975464578
USER	Logon to MRS	START	1605975464580
USER	Logon to MRS	START	1605975464582
REQUEST		Open Main Page	1605975464546	1605975465003	OK	 
REQUEST		Open Main Page	1605975464546	1605975464983	OK	 
REQUEST		Open Main Page	1605975464525	1605975465052	OK	 
REQUEST		Open Main Page	1605975464535	1605975465165	OK	 
REQUEST		Open Main Page	1605975464545	1605975465166	OK	 
REQUEST		Open Main Page	1605975464526	1605975465204	OK	 
REQUEST		Open Main Page	1605975464512	1605975465206	OK	 
REQUEST		Open Main Page	1605975464545	1605975465225	OK	 
REQUEST		Open Main Page	1605975464512	1605975465489	OK	 
REQUEST		Open Main Page	1605975464551	1605975465490	OK	 
REQUEST		Open Main Page	1605975464513	1605975465491	OK	 
REQUEST		Open Main Page	1605975464560	1605975465492	OK	 
REQUEST		Open Main Page	1605975464549	1605975465492	OK	 
REQUEST		Open Main Page	1605975464530	1605975465494	OK	 
REQUEST		Open Main Page	1605975464512	1605975465495	OK	 
REQUEST		Open Main Page	1605975464528	1605975465496	OK	 
REQUEST		Open Main Page	1605975464526	1605975465497	OK	 
REQUEST		Open Main Page	1605975464545	1605975465499	OK	 
REQUEST		Open Main Page	1605975464537	1605975465499	OK	 
REQUEST		Open Main Page	1605975464550	1605975465500	OK	 
REQUEST		Open Main Page	1605975464534	1605975465501	OK	 
REQUEST		Open Main Page	1605975464528	1605975465502	OK	 
REQUEST		Open Main Page	1605975464573	1605975465502	OK	 
REQUEST		Open Main Page	1605975464568	1605975465503	OK	 
REQUEST		Open Main Page	1605975464533	1605975465504	OK	 
REQUEST		Open Main Page	1605975464528	1605975465505	OK	 
REQUEST		Open Main Page	1605975464537	1605975465507	OK	 
REQUEST		Open Main Page	1605975464527	1605975465507	OK	 
REQUEST		Open Main Page	1605975464552	1605975465509	OK	 
REQUEST		Open Main Page	1605975464540	1605975465509	OK	 
REQUEST		Open Main Page	1605975464554	1605975465511	OK	 
REQUEST		Open Main Page	1605975464534	1605975465512	OK	 
REQUEST		Open Main Page	1605975464533	1605975465514	OK	 
REQUEST		Open Main Page	1605975464512	1605975465514	OK	 
REQUEST		Open Main Page	1605975464530	1605975465514	OK	 
REQUEST		Open Main Page	1605975464582	1605975465516	OK	 
REQUEST		Open Main Page	1605975464549	1605975465516	OK	 
REQUEST		Open Main Page	1605975464548	1605975465518	OK	 
REQUEST		Open Main Page	1605975464541	1605975465520	OK	 
REQUEST		Open Main Page	1605975464531	1605975465520	OK	 
REQUEST		Open Main Page	1605975464556	1605975465522	OK	 
REQUEST		Open Main Page	1605975464556	1605975465522	OK	 
REQUEST		Open Main Page	1605975464579	1605975465523	OK	 
REQUEST		Open Main Page	1605975464554	1605975465525	OK	 
REQUEST		Open Main Page	1605975464581	1605975465526	OK	 
REQUEST		Open Main Page	1605975464528	1605975465527	OK	 
REQUEST		Open Main Page	1605975464533	1605975465528	OK	 
REQUEST		Open Main Page	1605975464514	1605975465528	OK	 
REQUEST		Open Main Page	1605975464527	1605975465528	OK	 
REQUEST		Open Main Page	1605975464562	1605975465530	OK	 
REQUEST		Open Main Page	1605975464532	1605975465530	OK	 
REQUEST		Open Main Page	1605975464550	1605975465531	OK	 
REQUEST		Open Main Page	1605975464564	1605975465532	OK	 
REQUEST		Open Main Page	1605975464534	1605975465533	OK	 
REQUEST		Open Main Page	1605975464575	1605975465533	OK	 
REQUEST		Open Main Page	1605975464573	1605975465534	OK	 
REQUEST		Open Main Page	1605975464548	1605975465536	OK	 
REQUEST		Open Main Page	1605975464532	1605975465536	OK	 
REQUEST		Open Main Page	1605975464577	1605975465536	OK	 
REQUEST		Open Main Page	1605975464577	1605975465538	OK	 
REQUEST		Open Main Page	1605975464535	1605975465538	OK	 
REQUEST		Open Main Page	1605975464538	1605975465538	OK	 
REQUEST		Open Main Page	1605975464514	1605975465509	OK	 
REQUEST		Open Main Page	1605975464566	1605975465540	OK	 
REQUEST		Open Main Page	1605975464562	1605975465540	OK	 
REQUEST		Open Main Page	1605975464554	1605975465541	OK	 
REQUEST		Open Main Page	1605975464536	1605975465542	OK	 
REQUEST		Open Main Page	1605975464542	1605975465544	OK	 
REQUEST		Open Main Page	1605975464527	1605975465547	OK	 
REQUEST		Open Main Page	1605975464572	1605975465549	OK	 
REQUEST		Open Main Page	1605975464569	1605975465550	OK	 
REQUEST		Open Main Page	1605975464566	1605975465553	OK	 
REQUEST		Open Main Page	1605975464571	1605975465553	OK	 
REQUEST		Open Main Page	1605975464530	1605975465555	OK	 
REQUEST		Open Main Page	1605975464537	1605975465556	OK	 
REQUEST		Open Main Page	1605975464525	1605975465557	OK	 
REQUEST		Open Main Page	1605975464568	1605975465559	OK	 
REQUEST		Open Main Page	1605975464543	1605975465559	OK	 
REQUEST		Open Main Page	1605975464546	1605975465562	OK	 
REQUEST		Open Main Page	1605975464527	1605975465561	OK	 
REQUEST		Open Main Page	1605975464570	1605975465545	OK	 
REQUEST		Open Main Page	1605975464514	1605975465565	OK	 
REQUEST		Open Main Page	1605975464538	1605975465565	OK	 
REQUEST		Open Main Page	1605975464530	1605975465567	OK	 
REQUEST		Open Main Page	1605975464568	1605975465569	OK	 
REQUEST		Open Main Page	1605975464533	1605975465569	OK	 
REQUEST		Open Main Page	1605975464572	1605975465571	OK	 
REQUEST		Open Main Page	1605975464545	1605975465572	OK	 
REQUEST		Open Main Page	1605975464575	1605975465574	OK	 
REQUEST		Open Main Page	1605975464542	1605975465574	OK	 
REQUEST		Open Main Page	1605975464531	1605975465577	OK	 
REQUEST		Open Main Page	1605975464538	1605975465580	OK	 
REQUEST		Open Main Page	1605975464540	1605975465582	OK	 
REQUEST		Open Main Page	1605975464548	1605975465587	OK	 
REQUEST		Open Main Page	1605975464549	1605975465589	OK	 
REQUEST		Open Main Page	1605975464555	1605975465592	OK	 
REQUEST		Open Main Page	1605975464552	1605975465594	OK	 
REQUEST		Open Main Page	1605975464559	1605975465597	OK	 
REQUEST		Open Main Page	1605975464543	1605975465611	OK	 
REQUEST		Open Main Page	1605975464557	1605975465614	OK	 
REQUEST		Open Main Page Redirect 1	1605975465551	1605975465962	OK	 
REQUEST		Open Main Page Redirect 1	1605975465547	1605975465962	OK	 
REQUEST		Open Main Page Redirect 1	1605975465207	1605975465962	OK	 
REQUEST		Open Main Page Redirect 1	1605975465011	1605975465962	OK	 
REQUEST		Open Main Page Redirect 1	1605975465167	1605975465953	OK	 
REQUEST		Open Main Page Redirect 1	1605975465024	1605975465961	OK	 
REQUEST		Open Main Page Redirect 1	1605975465515	1605975465979	OK	 
REQUEST		Open Main Page Redirect 1	1605975465526	1605975465979	OK	 
REQUEST		Open Main Page Redirect 1	1605975465533	1605975466032	OK	 
REQUEST		Open Main Page Redirect 1	1605975465515	1605975466033	OK	 
REQUEST		Open Main Page Redirect 1	1605975465570	1605975466033	OK	 
REQUEST		Open Main Page Redirect 1	1605975465502	1605975466034	OK	 
REQUEST		Open Main Page Redirect 1	1605975465529	1605975466034	OK	 
REQUEST		Open Main Page Redirect 1	1605975465167	1605975466035	OK	 
REQUEST		Open Main Page Redirect 1	1605975465492	1605975466035	OK	 
REQUEST		Open Main Page Redirect 1	1605975465562	1605975466035	OK	 
REQUEST		Open Main Page Redirect 1	1605975465553	1605975466036	OK	 
REQUEST		Open Main Page Redirect 1	1605975465554	1605975466037	OK	 
REQUEST		Open Main Page Redirect 1	1605975465502	1605975466037	OK	 
REQUEST		Open Main Page Redirect 1	1605975465522	1605975466038	OK	 
REQUEST		Open Main Page Redirect 1	1605975465538	1605975466038	OK	 
REQUEST		Open Main Page Redirect 1	1605975465583	1605975466038	OK	 
REQUEST		Open Main Page Redirect 1	1605975465574	1605975466039	OK	 
REQUEST		Open Main Page Redirect 1	1605975465536	1605975466039	OK	 
REQUEST		Open Main Page Redirect 1	1605975465550	1605975466039	OK	 
REQUEST		Open Main Page Redirect 1	1605975465497	1605975466032	OK	 
REQUEST		Open Main Page Redirect 1	1605975465565	1605975466040	OK	 
REQUEST		Open Main Page Redirect 1	1605975465572	1605975466040	OK	 
REQUEST		Open Main Page Redirect 1	1605975465053	1605975466041	OK	 
REQUEST		Open Main Page Redirect 1	1605975465490	1605975466041	OK	 
REQUEST		Open Main Page Redirect 1	1605975465531	1605975466041	OK	 
REQUEST		Open Main Page Redirect 1	1605975465536	1605975466043	OK	 
REQUEST		Open Main Page Redirect 1	1605975465499	1605975466043	OK	 
REQUEST		Open Main Page Redirect 1	1605975465575	1605975466043	OK	 
REQUEST		Open Main Page Redirect 1	1605975465518	1605975466043	OK	 
REQUEST		Open Main Page Redirect 1	1605975465539	1605975466044	OK	 
REQUEST		Open Main Page Redirect 1	1605975465535	1605975466044	OK	 
REQUEST		Open Main Page Redirect 1	1605975465500	1605975466045	OK	 
REQUEST		Open Main Page Redirect 1	1605975465563	1605975466046	OK	 
REQUEST		Open Main Page Redirect 1	1605975465505	1605975466047	OK	 
REQUEST		Open Main Page Redirect 1	1605975465542	1605975466047	OK	 
REQUEST		Open Main Page Redirect 1	1605975465528	1605975466047	OK	 
REQUEST		Open Main Page Redirect 1	1605975465523	1605975466048	OK	 
REQUEST		Open Main Page Redirect 1	1605975465205	1605975466049	OK	 
REQUEST		Open Main Page Redirect 1	1605975465509	1605975466049	OK	 
REQUEST		Open Main Page Redirect 1	1605975465533	1605975466049	OK	 
REQUEST		Open Main Page Redirect 1	1605975465531	1605975466037	OK	 
REQUEST		Open Main Page Redirect 1	1605975465518	1605975466050	OK	 
REQUEST		Open Main Page Redirect 1	1605975465492	1605975466051	OK	 
REQUEST		Open Main Page Redirect 1	1605975465512	1605975466051	OK	 
REQUEST		Open Main Page Redirect 1	1605975465521	1605975466052	OK	 
REQUEST		Open Main Page Redirect 1	1605975465531	1605975466053	OK	 
REQUEST		Open Main Page Redirect 1	1605975465502	1605975466053	OK	 
REQUEST		Open Main Page Redirect 1	1605975465540	1605975466054	OK	 
REQUEST		Open Main Page Redirect 1	1605975465538	1605975466055	OK	 
REQUEST		Open Main Page Redirect 1	1605975465492	1605975466055	OK	 
REQUEST		Open Main Page Redirect 1	1605975465538	1605975466055	OK	 
REQUEST		Open Main Page Redirect 1	1605975465560	1605975466057	OK	 
REQUEST		Open Main Page Redirect 1	1605975465490	1605975466057	OK	 
REQUEST		Open Main Page Redirect 1	1605975465556	1605975466057	OK	 
REQUEST		Open Main Page Redirect 1	1605975465495	1605975466059	OK	 
REQUEST		Open Main Page Redirect 1	1605975465553	1605975466059	OK	 
REQUEST		Open Main Page Redirect 1	1605975465557	1605975466059	OK	 
REQUEST		Open Main Page Redirect 1	1605975465508	1605975466060	OK	 
REQUEST		Open Main Page Redirect 1	1605975465527	1605975466061	OK	 
REQUEST		Open Main Page Redirect 1	1605975465566	1605975466062	OK	 
REQUEST		Open Main Page Redirect 1	1605975465512	1605975466062	OK	 
REQUEST		Open Main Page Redirect 1	1605975465507	1605975466064	OK	 
REQUEST		Open Main Page Redirect 2	1605975465978	1605975466070	OK	 
REQUEST		Open Main Page Redirect 2	1605975465978	1605975466070	OK	 
REQUEST		Open Main Page Redirect 1	1605975465527	1605975466071	OK	 
REQUEST		Open Main Page Redirect 2	1605975465980	1605975466072	OK	 
REQUEST		Open Main Page Redirect 2	1605975465978	1605975466073	OK	 
REQUEST		Open Main Page Redirect 1	1605975465592	1605975466074	OK	 
REQUEST		Open Main Page Redirect 1	1605975465559	1605975466075	OK	 
REQUEST		Open Main Page Redirect 1	1605975465590	1605975466075	OK	 
REQUEST		Open Main Page Redirect 1	1605975465570	1605975466076	OK	 
REQUEST		Open Main Page Redirect 1	1605975465515	1605975466076	OK	 
REQUEST		Open Main Page Redirect 1	1605975465581	1605975466077	OK	 
REQUEST		Open Main Page Redirect 2	1605975465978	1605975466077	OK	 
REQUEST		Open Main Page Redirect 1	1605975465510	1605975466078	OK	 
REQUEST		Open Main Page Redirect 2	1605975465980	1605975466079	OK	 
REQUEST		Open Main Page Redirect 2	1605975465981	1605975466079	OK	 
REQUEST		Open Main Page Redirect 1	1605975465569	1605975466080	OK	 
REQUEST		Open Main Page Redirect 1	1605975465581	1605975466081	OK	 
REQUEST		Open Main Page Redirect 1	1605975465572	1605975466082	OK	 
REQUEST		Open Main Page Redirect 1	1605975465542	1605975466082	OK	 
REQUEST		Open Main Page Redirect 2	1605975465978	1605975466084	OK	 
REQUEST		Open Main Page Redirect 2	1605975466034	1605975466117	OK	 
REQUEST		Open Main Page Redirect 2	1605975466035	1605975466119	OK	 
REQUEST		Open Main Page Redirect 1	1605975465614	1605975466119	OK	 
REQUEST		Open Main Page Redirect 2	1605975466034	1605975466120	OK	 
REQUEST		Open Main Page Redirect 2	1605975466035	1605975466120	OK	 
REQUEST		Open Main Page Redirect 2	1605975466038	1605975466122	OK	 
REQUEST		Open Main Page Redirect 2	1605975466038	1605975466122	OK	 
REQUEST		Open Main Page Redirect 2	1605975466037	1605975466123	OK	 
REQUEST		Open Main Page Redirect 2	1605975466036	1605975466124	OK	 
REQUEST		Open Main Page Redirect 2	1605975466040	1605975466125	OK	 
REQUEST		Open Main Page Redirect 2	1605975466042	1605975466125	OK	 
REQUEST		Open Main Page Redirect 2	1605975466039	1605975466125	OK	 
REQUEST		Open Main Page Redirect 2	1605975466037	1605975466124	OK	 
REQUEST		Open Main Page Redirect 2	1605975466033	1605975466126	OK	 
REQUEST		Open Main Page Redirect 2	1605975466039	1605975466127	OK	 
REQUEST		Open Main Page Redirect 2	1605975466036	1605975466128	OK	 
REQUEST		Open Main Page Redirect 2	1605975466042	1605975466149	OK	 
REQUEST		Open Main Page Redirect 1	1605975465611	1605975466149	OK	 
REQUEST		Open Main Page Redirect 2	1605975466043	1605975466150	OK	 
REQUEST		Open Main Page Redirect 2	1605975466042	1605975466151	OK	 
REQUEST		Open Main Page Redirect 2	1605975466045	1605975466151	OK	 
REQUEST		Open Main Page Redirect 2	1605975466041	1605975466152	OK	 
REQUEST		Open Main Page Redirect 2	1605975466042	1605975466152	OK	 
REQUEST		Open Main Page Redirect 2	1605975466038	1605975466153	OK	 
REQUEST		Open Main Page Redirect 2	1605975466040	1605975466153	OK	 
REQUEST		Open Main Page Redirect 2	1605975466043	1605975466155	OK	 
REQUEST		Open Main Page Redirect 2	1605975466044	1605975466156	OK	 
REQUEST		Open Main Page Redirect 2	1605975466043	1605975466156	OK	 
REQUEST		Open Main Page Redirect 2	1605975466051	1605975466157	OK	 
REQUEST		Open Main Page Redirect 2	1605975466049	1605975466157	OK	 
REQUEST		Open Main Page Redirect 2	1605975466050	1605975466158	OK	 
REQUEST		Open Main Page Redirect 2	1605975466040	1605975466159	OK	 
REQUEST		Open Main Page Redirect 2	1605975466047	1605975466160	OK	 
REQUEST		Open Main Page Redirect 2	1605975466047	1605975466160	OK	 
REQUEST		Open Main Page Redirect 2	1605975466046	1605975466161	OK	 
REQUEST		Open Main Page Redirect 2	1605975466046	1605975466161	OK	 
REQUEST		Open Main Page Redirect 2	1605975466048	1605975466161	OK	 
REQUEST		Open Main Page Redirect 2	1605975466062	1605975466163	OK	 
REQUEST		Open Main Page Redirect 2	1605975466064	1605975466163	OK	 
REQUEST		Open Main Page Redirect 2	1605975466075	1605975466163	OK	 
REQUEST		Open Main Page Redirect 2	1605975466063	1605975466164	OK	 
REQUEST		Open Main Page Redirect 2	1605975466053	1605975466164	OK	 
REQUEST		Open Main Page Redirect 2	1605975466054	1605975466166	OK	 
REQUEST		Open Main Page Redirect 2	1605975466049	1605975466166	OK	 
REQUEST		Open Main Page Redirect 2	1605975466043	1605975466168	OK	 
REQUEST		Open Main Page Redirect 2	1605975466049	1605975466168	OK	 
REQUEST		Open Main Page Redirect 2	1605975466052	1605975466170	OK	 
REQUEST		Open Main Page Redirect 2	1605975466056	1605975466170	OK	 
REQUEST		Open Main Page Redirect 2	1605975466060	1605975466170	OK	 
REQUEST		Open Main Page Redirect 2	1605975466078	1605975466172	OK	 
REQUEST		Open Main Page Redirect 2	1605975466050	1605975466172	OK	 
REQUEST		Open Main Page Redirect 2	1605975466058	1605975466172	OK	 
REQUEST		Open Main Page Redirect 2	1605975466054	1605975466173	OK	 
REQUEST		Open Main Page Redirect 2	1605975466083	1605975466173	OK	 
REQUEST		Open Main Page Redirect 2	1605975466066	1605975466174	OK	 
REQUEST		Open Main Page Redirect 2	1605975466056	1605975466175	OK	 
REQUEST		Open Main Page Redirect 1	1605975465505	1605975466176	OK	 
REQUEST		Open Main Page Redirect 2	1605975466081	1605975466176	OK	 
REQUEST		Open Main Page Redirect 2	1605975466058	1605975466176	OK	 
REQUEST		Open Main Page Redirect 2	1605975466079	1605975466178	OK	 
REQUEST		Open Main Page Redirect 2	1605975466060	1605975466178	OK	 
REQUEST		Open Main Page Redirect 3	1605975466072	1605975466165	OK	 
REQUEST		Open Main Page Redirect 2	1605975466081	1605975466179	OK	 
REQUEST		Open Main Page Redirect 3	1605975466074	1605975466171	OK	 
REQUEST		Open Main Page Redirect 2	1605975466076	1605975466180	OK	 
REQUEST		Open Main Page Redirect 2	1605975466083	1605975466180	OK	 
REQUEST		Open Main Page Redirect 2	1605975466051	1605975466181	OK	 
REQUEST		Open Main Page Redirect 2	1605975466078	1605975466182	OK	 
REQUEST		Open Main Page Redirect 2	1605975466072	1605975466181	OK	 
REQUEST		Open Main Page Redirect 2	1605975466053	1605975466183	OK	 
REQUEST		Open Main Page Redirect 2	1605975466075	1605975466184	OK	 
REQUEST		Open Main Page Redirect 3	1605975466085	1605975466183	OK	 
REQUEST		Open Main Page Redirect 3	1605975466078	1605975466179	OK	 
REQUEST		Open Main Page Redirect 2	1605975466055	1605975466185	OK	 
REQUEST		Open Main Page Redirect 2	1605975466077	1605975466185	OK	 
REQUEST		Open Main Page Redirect 2	1605975466056	1605975466187	OK	 
REQUEST		Open Main Page Redirect 3	1605975466079	1605975466186	OK	 
REQUEST		Open Main Page Redirect 2	1605975466058	1605975466188	OK	 
REQUEST		Open Main Page Redirect 2	1605975466060	1605975466190	OK	 
REQUEST		Open Main Page Redirect 2	1605975466062	1605975466192	OK	 
REQUEST		Open Main Page Redirect 3	1605975466072	1605975466194	OK	 
REQUEST		Open Main Page Redirect 3	1605975466073	1605975466196	OK	 
REQUEST		Open Main Page Redirect 3	1605975466122	1605975466293	OK	 
REQUEST		Open Main Page Redirect 3	1605975466158	1605975466293	OK	 
REQUEST		Open Main Page Redirect 3	1605975466124	1605975466293	OK	 
REQUEST		Open Main Page Redirect 3	1605975466125	1605975466296	OK	 
REQUEST		Open Main Page Redirect 3	1605975466150	1605975466296	OK	 
REQUEST		Open Main Page Redirect 3	1605975466163	1605975466296	OK	 
REQUEST		Open Main Page Redirect 3	1605975466169	1605975466297	OK	 
REQUEST		Open Main Page Redirect 3	1605975466119	1605975466298	OK	 
REQUEST		Open Main Page Redirect 3	1605975466152	1605975466298	OK	 
REQUEST		Open Main Page Redirect 3	1605975466127	1605975466300	OK	 
REQUEST		Open Main Page Redirect 3	1605975466165	1605975466300	OK	 
REQUEST		Open Main Page Redirect 3	1605975466157	1605975466300	OK	 
REQUEST		Open Main Page Redirect 3	1605975466153	1605975466297	OK	 
REQUEST		Open Main Page Redirect 3	1605975466128	1605975466302	OK	 
REQUEST		Open Main Page Redirect 3	1605975466167	1605975466302	OK	 
REQUEST		Open Main Page Redirect 3	1605975466151	1605975466303	OK	 
REQUEST		Open Main Page Redirect 1	1605975465562	1605975466304	OK	 
REQUEST		Open Main Page Redirect 3	1605975466159	1605975466302	OK	 
REQUEST		Open Main Page Redirect 1	1605975465540	1605975466305	OK	 
REQUEST		Open Main Page Redirect 1	1605975465556	1605975466305	OK	 
REQUEST		Open Main Page Redirect 3	1605975466154	1605975466305	OK	 
REQUEST		Open Main Page Redirect 1	1605975465524	1605975466307	OK	 
REQUEST		Open Main Page Redirect 3	1605975466125	1605975466293	OK	 
REQUEST		Open Main Page Redirect 3	1605975466162	1605975466308	OK	 
REQUEST		Open Main Page Redirect 3	1605975466171	1605975466309	OK	 
REQUEST		Open Main Page Redirect 2	1605975466150	1605975466310	OK	 
REQUEST		Open Main Page Redirect 3	1605975466122	1605975466310	OK	 
REQUEST		Open Main Page Redirect 3	1605975466173	1605975466311	OK	 
REQUEST		Open Main Page Redirect 3	1605975466154	1605975466311	OK	 
REQUEST		Open Main Page Redirect 2	1605975466120	1605975466313	OK	 
REQUEST		Open Main Page Redirect 3	1605975466126	1605975466308	OK	 
REQUEST		Open Main Page Redirect 3	1605975466123	1605975466312	OK	 
REQUEST		Open Main Page Redirect 3	1605975466156	1605975466313	OK	 
REQUEST		Open Main Page Redirect 3	1605975466126	1605975466315	OK	 
REQUEST		Open Main Page Redirect 3	1605975466123	1605975466315	OK	 
REQUEST		Open Main Page Redirect 3	1605975466157	1605975466315	OK	 
REQUEST		Open Main Page Redirect 3	1605975466128	1605975466317	OK	 
REQUEST		Open Main Page Redirect 3	1605975466159	1605975466317	OK	 
REQUEST		Open Main Page Redirect 3	1605975466168	1605975466317	OK	 
REQUEST		Open Main Page Redirect 3	1605975466157	1605975466317	OK	 
REQUEST		Open Main Page Redirect 3	1605975466152	1605975466318	OK	 
REQUEST		Open Main Page Redirect 3	1605975466161	1605975466318	OK	 
REQUEST		Open Main Page Redirect 3	1605975466174	1605975466319	OK	 
REQUEST		Open Main Page Redirect 3	1605975466171	1605975466308	OK	 
REQUEST		Open Main Page Redirect 1	1605975465226	1605975466321	OK	 
REQUEST		Open Main Page Redirect 3	1605975466155	1605975466320	OK	 
REQUEST		Open Main Page Redirect 3	1605975466172	1605975466322	OK	 
REQUEST		Open Main Page Redirect 3	1605975466171	1605975466322	OK	 
REQUEST		Open Main Page Redirect 1	1605975465495	1605975466323	OK	 
REQUEST		Open Main Page Redirect 1	1605975465536	1605975466324	OK	 
REQUEST		Open Main Page Redirect 1	1605975465528	1605975466325	OK	 
REQUEST		Open Main Page Redirect 3	1605975466175	1605975466325	OK	 
REQUEST		Open Main Page Redirect 1	1605975465531	1605975466325	OK	 
REQUEST		Open Main Page Redirect 3	1605975466161	1605975466319	OK	 
REQUEST		Open Main Page Redirect 1	1605975465504	1605975466326	OK	 
REQUEST		Open Main Page Redirect 3	1605975466165	1605975466326	OK	 
REQUEST		Open Main Page Redirect 1	1605975465533	1605975466328	OK	 
REQUEST		Open Main Page Redirect 3	1605975466174	1605975466328	OK	 
REQUEST		Open Main Page Redirect 3	1605975466162	1605975466328	OK	 
REQUEST		Open Main Page Redirect 1	1605975465496	1605975466329	OK	 
REQUEST		Open Main Page Redirect 3	1605975466164	1605975466330	OK	 
REQUEST		Open Main Page Redirect 3	1605975466169	1605975466331	OK	 
REQUEST		Open Main Page Redirect 3	1605975466163	1605975466329	OK	 
REQUEST		Open Main Page Redirect 1	1605975465544	1605975466332	OK	 
REQUEST		Open Main Page Redirect 2	1605975466177	1605975466334	OK	 
REQUEST		Open Main Page Redirect 3	1605975466172	1605975466333	OK	 
REQUEST		Open Main Page Redirect 3	1605975466165	1605975466335	OK	 
REQUEST		Open Main Page Redirect 3	1605975466176	1605975466336	OK	 
REQUEST		Open Main Page Redirect 3	1605975466177	1605975466337	OK	 
REQUEST		Open Main Page Redirect 3	1605975466186	1605975466429	OK	 
REQUEST		Open Main Page Redirect 3	1605975466184	1605975466429	OK	 
REQUEST		Open Main Page Redirect 3	1605975466186	1605975466431	OK	 
REQUEST		Open Main Page Redirect 3	1605975466187	1605975466431	OK	 
REQUEST		Open Main Page Redirect 3	1605975466184	1605975466433	OK	 
REQUEST		Open Main Page Redirect 3	1605975466310	1605975466476	OK	 
REQUEST		Open Main Page Redirect 2	1605975466322	1605975466488	OK	 
REQUEST		Open Main Page Redirect 2	1605975466325	1605975466488	OK	 
REQUEST		Open Main Page Redirect 2	1605975466329	1605975466489	OK	 
REQUEST		Open Main Page Redirect 2	1605975466324	1605975466490	OK	 
REQUEST		Open Main Page Redirect 2	1605975466326	1605975466491	OK	 
REQUEST		Open Main Page Redirect 2	1605975466327	1605975466492	OK	 
REQUEST		Open Main Page Redirect 4	1605975466316	1605975466492	OK	 
REQUEST		Open Main Page Redirect 4	1605975466294	1605975466478	OK	 
REQUEST		Open Main Page Redirect 4	1605975466298	1605975466476	OK	 
REQUEST		Open Main Page Redirect 4	1605975466303	1605975466478	OK	 
REQUEST		Open Main Page Redirect 4	1605975466295	1605975466502	OK	 
REQUEST		Open Main Page Redirect 4	1605975466297	1605975466506	OK	 
REQUEST		Open Main Page Redirect 4	1605975466327	1605975466505	OK	 
REQUEST		Open Main Page Redirect 4	1605975466299	1605975466506	OK	 
REQUEST		Open Main Page Redirect 4	1605975466326	1605975466506	OK	 
REQUEST		Open Main Page Redirect 4	1605975466312	1605975466509	OK	 
REQUEST		Open Main Page Redirect 4	1605975466325	1605975466509	OK	 
REQUEST		Open Main Page Redirect 4	1605975466330	1605975466511	OK	 
REQUEST		Open Main Page Redirect 4	1605975466312	1605975466511	OK	 
REQUEST		Open Main Page Redirect 4	1605975466301	1605975466512	OK	 
REQUEST		Open Main Page Redirect 4	1605975466299	1605975466523	OK	 
REQUEST		Open Main Page Redirect 4	1605975466310	1605975466524	OK	 
REQUEST		Open Main Page Redirect 4	1605975466320	1605975466527	OK	 
REQUEST		Open Main Page Redirect 4	1605975466323	1605975466530	OK	 
REQUEST		Open Main Page Redirect 3	1605975466313	1605975466530	OK	 
REQUEST		Open Main Page Redirect 4	1605975466320	1605975466532	OK	 
REQUEST		Open Main Page Redirect 4	1605975466323	1605975466533	OK	 
REQUEST		Open Main Page Redirect 4	1605975466318	1605975466540	OK	 
REQUEST		Open Main Page Redirect 4	1605975466314	1605975466542	OK	 
REQUEST		Open Main Page Redirect 4	1605975466318	1605975466547	OK	 
REQUEST		Open Main Page Redirect 4	1605975466318	1605975466547	OK	 
REQUEST		Open Main Page Redirect 4	1605975466306	1605975466552	OK	 
REQUEST		Open Main Page Redirect 3	1605975466080	1605975466551	OK	 
REQUEST		Open Main Page Redirect 4	1605975466318	1605975466555	OK	 
REQUEST		Open Main Page Redirect 4	1605975466311	1605975466558	OK	 
REQUEST		Open Main Page Redirect 4	1605975466313	1605975466558	OK	 
REQUEST		Open Main Page Redirect 2	1605975466326	1605975466560	OK	 
REQUEST		Open Main Page Redirect 2	1605975466330	1605975466560	OK	 
REQUEST		Open Main Page Redirect 4	1605975466303	1605975466560	OK	 
REQUEST		Open Main Page Redirect 4	1605975466327	1605975466564	OK	 
REQUEST		Open Main Page Redirect 4	1605975466294	1605975466564	OK	 
REQUEST		Open Main Page Redirect 2	1605975466333	1605975466570	OK	 
REQUEST		Open Main Page Redirect 4	1605975466301	1605975466571	OK	 
REQUEST		Open Main Page Redirect 4	1605975466184	1605975466574	OK	 
REQUEST		Open Main Page Redirect 4	1605975466185	1605975466574	OK	 
REQUEST		Open Main Page Redirect 4	1605975466195	1605975466573	OK	 
REQUEST		Open Main Page Redirect 4	1605975466198	1605975466582	OK	 
REQUEST		Open Main Page Redirect 4	1605975466316	1605975466584	OK	 
REQUEST		Open Main Page Redirect 4	1605975466316	1605975466584	OK	 
REQUEST		Open Main Page Redirect 4	1605975466301	1605975466586	OK	 
REQUEST		Open Main Page Redirect 4	1605975466336	1605975466589	OK	 
REQUEST		Open Main Page Redirect 4	1605975466338	1605975466592	OK	 
REQUEST		Open Main Page Redirect 4	1605975466332	1605975466592	OK	 
REQUEST		Open Main Page Redirect 4	1605975466335	1605975466594	OK	 
REQUEST		Open Main Page Redirect 4	1605975466302	1605975466603	OK	 
REQUEST		Open Main Page Redirect 4	1605975466299	1605975466606	OK	 
REQUEST		Open Main Page Redirect 3	1605975466118	1605975466606	OK	 
REQUEST		Open Main Page Redirect 4	1605975466333	1605975466610	OK	 
REQUEST		Open Main Page Redirect 4	1605975466332	1605975466610	OK	 
REQUEST		Open Main Page Redirect 4	1605975466321	1605975466616	OK	 
REQUEST		Open Main Page Redirect 4	1605975466313	1605975466618	OK	 
REQUEST		Open Main Page Redirect 4	1605975466330	1605975466618	OK	 
REQUEST		Open Main Page Redirect 4	1605975466336	1605975466618	OK	 
REQUEST		Open Main Page Redirect 3	1605975466334	1605975466625	OK	 
REQUEST		Open Main Page Redirect 4	1605975466305	1605975466626	OK	 
REQUEST		Open Main Page Redirect 4	1605975466328	1605975466628	OK	 
REQUEST		Open Main Page Redirect 4	1605975466321	1605975466630	OK	 
REQUEST		Open Main Page Redirect 3	1605975466178	1605975466630	OK	 
REQUEST		Open Main Page Redirect 1	1605975465520	1605975466631	OK	 
REQUEST		Open Main Page Redirect 3	1605975466182	1605975466631	OK	 
REQUEST		Open Main Page Redirect 3	1605975466121	1605975466632	OK	 
REQUEST		Open Main Page Redirect 3	1605975466182	1605975466649	OK	 
REQUEST		Open Main Page Redirect 3	1605975466179	1605975466786	OK	 
REQUEST		Open Main Page Redirect 3	1605975466177	1605975466786	OK	 
REQUEST		Open Main Page Redirect 3	1605975466180	1605975466786	OK	 
REQUEST		Open Main Page Redirect 3	1605975466189	1605975466786	OK	 
REQUEST		Open Main Page Redirect 2	1605975466308	1605975466795	OK	 
REQUEST		Open Main Page Redirect 4	1605975466485	1605975466798	OK	 
REQUEST		Open Main Page Redirect 2	1605975466306	1605975466797	OK	 
REQUEST		Open Main Page Redirect 3	1605975466490	1605975466798	OK	 
REQUEST		Open Main Page Redirect 4	1605975466431	1605975466800	OK	 
REQUEST		Open Main Page Redirect 4	1605975466431	1605975466801	OK	 
REQUEST		Open Main Page Redirect 4	1605975466432	1605975466802	OK	 
REQUEST		Open Main Page Redirect 3	1605975466489	1605975466802	OK	 
REQUEST		Open Main Page Redirect 4	1605975466432	1605975466804	OK	 
REQUEST		Open Main Page Redirect 3	1605975466488	1605975466805	OK	 
REQUEST		Open Main Page Redirect 3	1605975466490	1605975466805	OK	 
REQUEST		Open Main Page Redirect 2	1605975466305	1605975466806	OK	 
REQUEST		Login	1605975466503	1605975466808	OK	 
REQUEST		Login	1605975466507	1605975466809	OK	 
REQUEST		Open Main Page Redirect 3	1605975466493	1605975466810	OK	 
REQUEST		Login	1605975466507	1605975466807	OK	 
REQUEST		Login	1605975466508	1605975466811	OK	 
REQUEST		Login	1605975466510	1605975466812	OK	 
REQUEST		Login	1605975466510	1605975466813	OK	 
REQUEST		Open Main Page Redirect 3	1605975466492	1605975466812	OK	 
REQUEST		Login	1605975466528	1605975466813	OK	 
REQUEST		Login	1605975466504	1605975466814	OK	 
REQUEST		Login	1605975466512	1605975466814	OK	 
REQUEST		Login	1605975466507	1605975466808	OK	 
REQUEST		Open Main Page Redirect 3	1605975466191	1605975466808	OK	 
REQUEST		Login	1605975466513	1605975466815	OK	 
REQUEST		Open Main Page Redirect 4	1605975466435	1605975466817	OK	 
REQUEST		Login	1605975466503	1605975466817	OK	 
REQUEST		Login	1605975466525	1605975466818	OK	 
REQUEST		Open Main Page Redirect 2	1605975466307	1605975466819	OK	 
REQUEST		Login	1605975466503	1605975466821	OK	 
REQUEST		Login	1605975466524	1605975466822	OK	 
REQUEST		Login	1605975466513	1605975466824	OK	 
REQUEST		Login	1605975466533	1605975466833	OK	 
REQUEST		Login	1605975466541	1605975466835	OK	 
REQUEST		Open Main Page Redirect 4	1605975466531	1605975466836	OK	 
REQUEST		Login	1605975466562	1605975466836	OK	 
REQUEST		Login	1605975466534	1605975466836	OK	 
REQUEST		Login	1605975466531	1605975466838	OK	 
REQUEST		Login	1605975466556	1605975466838	OK	 
REQUEST		Login	1605975466548	1605975466839	OK	 
REQUEST		Login	1605975466543	1605975466839	OK	 
REQUEST		Login	1605975466548	1605975466840	OK	 
REQUEST		Login	1605975466559	1605975466840	OK	 
REQUEST		Login	1605975466560	1605975466842	OK	 
REQUEST		Login	1605975466565	1605975466842	OK	 
REQUEST		Open Main Page Redirect 3	1605975466561	1605975466842	OK	 
REQUEST		Login	1605975466566	1605975466842	OK	 
REQUEST		Open Main Page Redirect 4	1605975466552	1605975466843	OK	 
REQUEST		Open Main Page Redirect 3	1605975466561	1605975466844	OK	 
REQUEST		Open Main Page Redirect 3	1605975466571	1605975466845	OK	 
REQUEST		Login	1605975466575	1605975466845	OK	 
REQUEST		Login	1605975466572	1605975466846	OK	 
REQUEST		Login	1605975466575	1605975466850	OK	 
REQUEST		Login	1605975466575	1605975466850	OK	 
REQUEST		Login	1605975466603	1605975466963	OK	 
REQUEST		Open Main Page Redirect 2	1605975466632	1605975466964	OK	 
REQUEST		Login	1605975466595	1605975466962	OK	 
REQUEST		Login	1605975466619	1605975466965	OK	 
REQUEST		Login	1605975466611	1605975466965	OK	 
REQUEST		Login	1605975466593	1605975466962	OK	 
REQUEST		Login	1605975466503	1605975466966	OK	 
REQUEST		Login	1605975466617	1605975466966	OK	 
REQUEST		Login	1605975466619	1605975466967	OK	 
REQUEST		Login	1605975466619	1605975466967	OK	 
REQUEST		Login	1605975466611	1605975466963	OK	 
REQUEST		Open Main Page Redirect 4	1605975466607	1605975466969	OK	 
REQUEST		Open Main Page Redirect 4	1605975466650	1605975466969	OK	 
REQUEST		Login	1605975466627	1605975466969	OK	 
REQUEST		Login	1605975466629	1605975466970	OK	 
REQUEST		Login	1605975466607	1605975466963	OK	 
REQUEST		Open Main Page Redirect 4	1605975466632	1605975466971	OK	 
REQUEST		Open Main Page Redirect 4	1605975466632	1605975466971	OK	 
REQUEST		Login	1605975466631	1605975466971	OK	 
REQUEST		Open Main Page Redirect 4	1605975466633	1605975466973	OK	 
REQUEST		Open Main Page Redirect 4	1605975466787	1605975466975	OK	 
REQUEST		Open Main Page Redirect 4	1605975466787	1605975466976	OK	 
REQUEST		Open Main Page Redirect 4	1605975466787	1605975466978	OK	 
REQUEST		Open Main Page Redirect 4	1605975466788	1605975466983	OK	 
REQUEST		Open Main Page Redirect 3	1605975466798	1605975466983	OK	 
REQUEST		Login	1605975466801	1605975466984	OK	 
REQUEST		Login	1605975466802	1605975466985	OK	 
REQUEST		Login	1605975466801	1605975466986	OK	 
REQUEST		Open Main Page Redirect 4	1605975466627	1605975466987	OK	 
REQUEST		Open Main Page Redirect 3	1605975466796	1605975466988	OK	 
REQUEST		Login	1605975466807	1605975466988	OK	 
REQUEST		Login Redirect 1	1605975466810	1605975466988	OK	 
REQUEST		Login Redirect 1	1605975466811	1605975466990	OK	 
REQUEST		Open Main Page Redirect 3	1605975466807	1605975466990	OK	 
REQUEST		Login	1605975466805	1605975466993	OK	 
REQUEST		Login Redirect 1	1605975466814	1605975467047	OK	 
REQUEST		Login Redirect 1	1605975466814	1605975467047	OK	 
REQUEST		Login Redirect 1	1605975466816	1605975467048	OK	 
REQUEST		Login Redirect 1	1605975466812	1605975467048	OK	 
REQUEST		Login Redirect 1	1605975466818	1605975467049	OK	 
REQUEST		Login Redirect 1	1605975466834	1605975467049	OK	 
REQUEST		Login Redirect 1	1605975466815	1605975467050	OK	 
REQUEST		Login Redirect 1	1605975466818	1605975467050	OK	 
REQUEST		Login Redirect 1	1605975466839	1605975467050	OK	 
REQUEST		Login	1605975466818	1605975467050	OK	 
REQUEST		Login Redirect 1	1605975466841	1605975467051	OK	 
REQUEST		Login Redirect 1	1605975466821	1605975467051	OK	 
REQUEST		Login Redirect 1	1605975466818	1605975467051	OK	 
REQUEST		Login	1605975466553	1605975467052	OK	 
REQUEST		Login Redirect 1	1605975466837	1605975467052	OK	 
REQUEST		Login Redirect 1	1605975466837	1605975467053	OK	 
REQUEST		Open Main Page Redirect 3	1605975466819	1605975467052	OK	 
REQUEST		Login Redirect 1	1605975466839	1605975467054	OK	 
REQUEST		Login Redirect 1	1605975466825	1605975467054	OK	 
REQUEST		Login Redirect 1	1605975466814	1605975467054	OK	 
REQUEST		Login Redirect 1	1605975466837	1605975467051	OK	 
REQUEST		Login Redirect 1	1605975466823	1605975467055	OK	 
REQUEST		Login	1605975466837	1605975467056	OK	 
REQUEST		Open Main Page Redirect 4	1605975466815	1605975467057	OK	 
REQUEST		Login Redirect 1	1605975466839	1605975467057	OK	 
REQUEST		Open Main Page Redirect 3	1605975466193	1605975467058	OK	 
REQUEST		Login Redirect 1	1605975466850	1605975467156	OK	 
REQUEST		Login Redirect 1	1605975466847	1605975467156	OK	 
REQUEST		Open Main Page Redirect 3	1605975466181	1605975467158	OK	 
REQUEST		Login Redirect 1	1605975466850	1605975467159	OK	 
REQUEST		Login Redirect 1	1605975466969	1605975467216	OK	 
REQUEST		Login Redirect 1	1605975466965	1605975467216	OK	 
REQUEST		Login Redirect 1	1605975466966	1605975467217	OK	 
REQUEST		Login Redirect 1	1605975466966	1605975467216	OK	 
REQUEST		Login Redirect 1	1605975466965	1605975467216	OK	 
REQUEST		Login Redirect 1	1605975466966	1605975467216	OK	 
REQUEST		Login Redirect 1	1605975466968	1605975467219	OK	 
REQUEST		Login Redirect 1	1605975466968	1605975467219	OK	 
REQUEST		Login Redirect 1	1605975466966	1605975467220	OK	 
REQUEST		Login Redirect 1	1605975466985	1605975467221	OK	 
REQUEST		Login	1605975466988	1605975467221	OK	 
REQUEST		Login Redirect 2	1605975466989	1605975467221	OK	 
REQUEST		Login	1605975466970	1605975467222	OK	 
REQUEST		Login Redirect 1	1605975466987	1605975467223	OK	 
REQUEST		Login Redirect 1	1605975466989	1605975467222	OK	 
REQUEST		Login Redirect 2	1605975467047	1605975467335	OK	 
REQUEST		Login	1605975466585	1605975467338	OK	 
REQUEST		Login	1605975466590	1605975467338	OK	 
REQUEST		Login Redirect 2	1605975467049	1605975467338	OK	 
REQUEST		Login Redirect 2	1605975467051	1605975467339	OK	 
REQUEST		Login Redirect 1	1605975467051	1605975467339	OK	 
REQUEST		Login Redirect 2	1605975467050	1605975467340	OK	 
REQUEST		Login	1605975466586	1605975467340	OK	 
REQUEST		Login Redirect 2	1605975467052	1605975467341	OK	 
REQUEST		Login Redirect 2	1605975467051	1605975467341	OK	 
REQUEST		Login	1605975466593	1605975467341	OK	 
REQUEST		Login	1605975466586	1605975467342	OK	 
REQUEST		Login Redirect 2	1605975467050	1605975467340	OK	 
REQUEST		Login Redirect 1	1605975467052	1605975467342	OK	 
REQUEST		Login	1605975466585	1605975467343	OK	 
REQUEST		Login Redirect 2	1605975467051	1605975467343	OK	 
REQUEST		Login Redirect 2	1605975467049	1605975467343	OK	 
REQUEST		Login Redirect 2	1605975467053	1605975467344	OK	 
REQUEST		Login Redirect 2	1605975467052	1605975467345	OK	 
REQUEST		Login Redirect 2	1605975467053	1605975467346	OK	 
REQUEST		Login Redirect 2	1605975467218	1605975467489	OK	 
REQUEST		Login Redirect 2	1605975467220	1605975467489	OK	 
REQUEST		Login Redirect 2	1605975467218	1605975467489	OK	 
REQUEST		Login Redirect 2	1605975467157	1605975467489	OK	 
REQUEST		Login Redirect 2	1605975467218	1605975467489	OK	 
REQUEST		Login Redirect 2	1605975467217	1605975467489	OK	 
REQUEST		Login Redirect 2	1605975467217	1605975467489	OK	 
REQUEST		Login Redirect 2	1605975467159	1605975467491	OK	 
REQUEST		Login Redirect 2	1605975467220	1605975467491	OK	 
REQUEST		Login Redirect 2	1605975467218	1605975467492	OK	 
REQUEST		Login Redirect 1	1605975467222	1605975467641	OK	 
REQUEST		Login Redirect 1	1605975467340	1605975467692	OK	 
REQUEST		Login Redirect 3	1605975467336	1605975467692	OK	 
REQUEST		Login Redirect 3	1605975467339	1605975467692	OK	 
REQUEST		Login Redirect 2	1605975467047	1605975467692	OK	 
REQUEST		Login Redirect 3	1605975467340	1605975467692	OK	 
REQUEST		Login Redirect 3	1605975467339	1605975467692	OK	 
REQUEST		Login	1605975466970	1605975467694	OK	 
REQUEST		Login	1605975466972	1605975467693	OK	 
REQUEST		Login Redirect 1	1605975467339	1605975467695	OK	 
REQUEST		Login Redirect 2	1605975467339	1605975467695	OK	 
REQUEST		Login	1605975466972	1605975467695	OK	 
REQUEST		Login	1605975466979	1605975467696	OK	 
REQUEST		Login	1605975466984	1605975467696	OK	 
REQUEST		Login Redirect 3	1605975467346	1605975467796	OK	 
REQUEST		Login Redirect 2	1605975467055	1605975467821	OK	 
REQUEST		Login Redirect 2	1605975467221	1605975467884	OK	 
REQUEST		Login Redirect 2	1605975467057	1605975467884	OK	 
REQUEST		Login Redirect 3	1605975467490	1605975467884	OK	 
REQUEST		Login	1605975467058	1605975467886	OK	 
REQUEST		Open Main Page Redirect 3	1605975466965	1605975467886	OK	 
REQUEST		Open Main Page Redirect 4	1605975466842	1605975467886	OK	 
REQUEST		Login Redirect 2	1605975467052	1605975467885	OK	 
REQUEST		Login Redirect 3	1605975467490	1605975467886	OK	 
REQUEST		Login Redirect 1	1605975466812	1605975467887	OK	 
REQUEST		Login Redirect 3	1605975467491	1605975467887	OK	 
REQUEST		Open Main Page Redirect 4	1605975466845	1605975467887	OK	 
REQUEST		Login	1605975466977	1605975467889	OK	 
REQUEST		Login	1605975466974	1605975467889	OK	 
REQUEST		Login	1605975466976	1605975467890	OK	 
REQUEST		Login Redirect 1	1605975467056	1605975467890	OK	 
REQUEST		Open Main Page Redirect 4	1605975466814	1605975468014	OK	 
REQUEST		Login Redirect 2	1605975467695	1605975468015	OK	 
REQUEST		Open Main Page Redirect 4	1605975466811	1605975468015	OK	 
REQUEST		Login Redirect 1	1605975466841	1605975468014	OK	 
REQUEST		Login Redirect 1	1605975467697	1605975468016	OK	 
REQUEST		Login Redirect 1	1605975467697	1605975468014	OK	 
REQUEST		Login Redirect 3	1605975467695	1605975468022	OK	 
REQUEST		Open Main Page Redirect 4	1605975467053	1605975468024	OK	 
REQUEST		Login Redirect 4	1605975467694	1605975468014	OK	 
USER	Logon to MRS	END	1605975468046
REQUEST		Login Redirect 1	1605975467696	1605975468047	OK	 
REQUEST		Login Redirect 1	1605975466846	1605975468117	OK	 
REQUEST		Open Main Page Redirect 4	1605975466800	1605975468117	OK	 
REQUEST		Open Main Page Redirect 4	1605975466985	1605975468118	OK	 
REQUEST		Open Main Page Redirect 3	1605975466178	1605975468118	OK	 
REQUEST		Login Redirect 1	1605975466843	1605975468119	OK	 
REQUEST		Login Redirect 4	1605975467797	1605975468121	OK	 
USER	Logon to MRS	END	1605975468125
REQUEST		Open Main Page Redirect 4	1605975466806	1605975468323	OK	 
REQUEST		Open Main Page Redirect 4	1605975466992	1605975468324	OK	 
REQUEST		Open Main Page Redirect 4	1605975466846	1605975468324	OK	 
REQUEST		Login Redirect 3	1605975467885	1605975468324	OK	 
REQUEST		Login Redirect 3	1605975467222	1605975468325	OK	 
REQUEST		Login Redirect 3	1605975467344	1605975468325	OK	 
REQUEST		Login Redirect 3	1605975467885	1605975468325	OK	 
REQUEST		Login Redirect 2	1605975467888	1605975468326	OK	 
REQUEST		Login Redirect 2	1605975467223	1605975468326	OK	 
REQUEST		Login Redirect 3	1605975467887	1605975468326	OK	 
REQUEST		Login Redirect 3	1605975467342	1605975468326	OK	 
REQUEST		Open Main Page Redirect 4	1605975466989	1605975468327	OK	 
REQUEST		Login Redirect 3	1605975467490	1605975468327	OK	 
REQUEST		Login Redirect 3	1605975467343	1605975468327	OK	 
REQUEST		Login Redirect 4	1605975467885	1605975468327	OK	 
REQUEST		Login Redirect 2	1605975467056	1605975468323	OK	 
REQUEST		Login Redirect 1	1605975467340	1605975468329	OK	 
REQUEST		Login Redirect 3	1605975467342	1605975468330	OK	 
REQUEST		Login Redirect 2	1605975467221	1605975468331	OK	 
USER	Logon to MRS	END	1605975468330
REQUEST		Login Redirect 3	1605975467344	1605975468328	OK	 
REQUEST		Login	1605975467887	1605975468332	OK	 
REQUEST		Login Redirect 2	1605975467223	1605975468332	OK	 
REQUEST		Login Redirect 3	1605975467345	1605975468333	OK	 
REQUEST		Login Redirect 1	1605975467886	1605975468334	OK	 
REQUEST		Login Redirect 3	1605975467345	1605975468333	OK	 
REQUEST		Login Redirect 2	1605975467157	1605975468485	OK	 
REQUEST		Login Redirect 1	1605975466971	1605975468485	OK	 
REQUEST		Login Redirect 2	1605975467693	1605975468512	OK	 
REQUEST		Login Redirect 1	1605975467694	1605975468527	OK	 
REQUEST		Login Redirect 3	1605975467492	1605975468527	OK	 
REQUEST		Login Redirect 1	1605975466993	1605975468527	OK	 
REQUEST		Login Redirect 3	1605975467492	1605975468527	OK	 
REQUEST		Login	1605975466844	1605975468530	OK	 
REQUEST		Login Redirect 2	1605975468018	1605975468666	OK	 
REQUEST		Login Redirect 2	1605975468018	1605975468666	OK	 
REQUEST		Login Redirect 2	1605975468021	1605975468666	OK	 
REQUEST		Login	1605975468015	1605975468666	OK	 
REQUEST		Login	1605975468016	1605975468668	OK	 
REQUEST		Login Redirect 3	1605975468015	1605975468667	OK	 
REQUEST		Login	1605975468024	1605975468668	OK	 
REQUEST		Login Redirect 2	1605975468048	1605975468802	OK	 
REQUEST		Login	1605975468118	1605975468803	OK	 
REQUEST		Login Redirect 2	1605975467054	1605975468804	OK	 
REQUEST		Login Redirect 1	1605975467342	1605975468803	OK	 
REQUEST		Open Main Page Redirect 3	1605975466183	1605975468804	OK	 
REQUEST		Open Main Page Redirect 4	1605975466808	1605975468803	OK	 
REQUEST		Login Redirect 2	1605975468118	1605975468806	OK	 
REQUEST		Login	1605975468120	1605975468806	OK	 
REQUEST		Login Redirect 2	1605975467055	1605975468806	OK	 
REQUEST		Login Redirect 2	1605975467891	1605975468808	OK	 
REQUEST		Login Redirect 2	1605975467054	1605975468809	OK	 
REQUEST		Login Redirect 2	1605975467642	1605975468861	OK	 
REQUEST		Open Main Page Redirect 4	1605975466179	1605975468918	OK	 
REQUEST		Open Main Page Redirect 4	1605975466309	1605975468917	OK	 
REQUEST		Login	1605975468324	1605975468918	OK	 
REQUEST		Login	1605975468324	1605975468918	OK	 
REQUEST		Login	1605975468325	1605975468919	OK	 
REQUEST		Login Redirect 3	1605975468327	1605975469143	OK	 
REQUEST		Login Redirect 4	1605975468325	1605975469143	OK	 
REQUEST		Login Redirect 1	1605975466812	1605975469143	OK	 
USER	Logon to MRS	END	1605975469146
REQUEST		Login Redirect 3	1605975468326	1605975469147	OK	 
REQUEST		Login Redirect 4	1605975468023	1605975469347	OK	 
REQUEST		Login	1605975468328	1605975469347	OK	 
REQUEST		Login Redirect 3	1605975467693	1605975469349	OK	 
USER	Logon to MRS	END	1605975469351
REQUEST		Login Redirect 3	1605975468328	1605975469352	OK	 
REQUEST		Login Redirect 2	1605975468330	1605975469353	OK	 
REQUEST		Login Redirect 1	1605975466972	1605975469440	OK	 
REQUEST		Login Redirect 1	1605975466971	1605975469466	OK	 
REQUEST		Login Redirect 2	1605975468486	1605975469466	OK	 
REQUEST		Login Redirect 1	1605975466986	1605975469467	OK	 
REQUEST		Login Redirect 1	1605975466970	1605975469466	OK	 
REQUEST		Login Redirect 3	1605975468512	1605975469468	OK	 
REQUEST		Login Redirect 2	1605975468528	1605975469547	OK	 
REQUEST		Login Redirect 1	1605975468530	1605975469547	OK	 
REQUEST		Login Redirect 4	1605975468529	1605975469549	OK	 
REQUEST		Login Redirect 1	1605975467889	1605975469549	OK	 
REQUEST		Login Redirect 3	1605975468668	1605975469550	OK	 
REQUEST		Login Redirect 4	1605975467694	1605975469551	OK	 
REQUEST		Login Redirect 1	1605975467694	1605975469552	OK	 
REQUEST		Login Redirect 3	1605975468667	1605975469554	OK	 
REQUEST		Login Redirect 2	1605975468120	1605975469554	OK	 
USER	Logon to MRS	END	1605975469552
USER	Logon to MRS	END	1605975469554
REQUEST		Login Redirect 1	1605975468668	1605975469554	OK	 
REQUEST		Login Redirect 1	1605975468669	1605975469556	OK	 
REQUEST		Login Redirect 3	1605975467492	1605975469556	OK	 
REQUEST		Login Redirect 3	1605975468667	1605975469557	OK	 
REQUEST		Login Redirect 4	1605975468668	1605975469559	OK	 
USER	Logon to MRS	END	1605975469561
REQUEST		Login	1605975467888	1605975469655	OK	 
REQUEST		Login Redirect 1	1605975468807	1605975469671	OK	 
REQUEST		Login Redirect 2	1605975468804	1605975469671	OK	 
REQUEST		Login Redirect 1	1605975468804	1605975469671	OK	 
REQUEST		Login	1605975468806	1605975469671	OK	 
REQUEST		Login Redirect 2	1605975468335	1605975469672	OK	 
REQUEST		Login Redirect 3	1605975468807	1605975469672	OK	 
REQUEST		Login Redirect 3	1605975468807	1605975469673	OK	 
REQUEST		Login Redirect 3	1605975468806	1605975469672	OK	 
REQUEST		Login Redirect 1	1605975468919	1605975469673	OK	 
REQUEST		Login Redirect 3	1605975468804	1605975469672	OK	 
REQUEST		Login Redirect 1	1605975466842	1605975469674	OK	 
REQUEST		Login Redirect 1	1605975467891	1605975469674	OK	 
REQUEST		Login Redirect 2	1605975469145	1605975469674	OK	 
REQUEST		Login Redirect 1	1605975466841	1605975469674	OK	 
REQUEST		Login	1605975468918	1605975469675	OK	 
REQUEST		Login Redirect 1	1605975466843	1605975469675	OK	 
REQUEST		Login Redirect 3	1605975468331	1605975469675	OK	 
REQUEST		Login Redirect 3	1605975467490	1605975469676	OK	 
REQUEST		Login Redirect 1	1605975468918	1605975469676	OK	 
REQUEST		Login Redirect 3	1605975468862	1605975469676	OK	 
REQUEST		Login Redirect 3	1605975467822	1605975469676	OK	 
REQUEST		Login Redirect 3	1605975468334	1605975469677	OK	 
REQUEST		Login Redirect 4	1605975468326	1605975469677	OK	 
REQUEST		Login Redirect 3	1605975468808	1605975469673	OK	 
REQUEST		Login Redirect 1	1605975467889	1605975469678	OK	 
USER	Logon to MRS	END	1605975469680
REQUEST		Login Redirect 3	1605975468809	1605975469679	OK	 
REQUEST		Login	1605975468918	1605975469681	OK	 
REQUEST		Login Redirect 1	1605975468920	1605975469682	OK	 
REQUEST		Login Redirect 4	1605975469144	1605975469684	OK	 
REQUEST		Login Redirect 1	1605975467223	1605975469685	OK	 
USER	Logon to MRS	END	1605975469686
REQUEST		Login Redirect 1	1605975468333	1605975469694	OK	 
REQUEST		Login Redirect 3	1605975468486	1605975469694	OK	 
REQUEST		Login Redirect 4	1605975468327	1605975469722	OK	 
REQUEST		Login Redirect 1	1605975469348	1605975469722	OK	 
REQUEST		Login Redirect 2	1605975466991	1605975469724	OK	 
REQUEST		Login Redirect 3	1605975469353	1605975469725	OK	 
USER	Logon to MRS	END	1605975469725
REQUEST		Login Redirect 2	1605975469468	1605975469814	OK	 
REQUEST		Login Redirect 3	1605975469467	1605975469814	OK	 
REQUEST		Login Redirect 2	1605975469469	1605975469814	OK	 
REQUEST		Login Redirect 2	1605975469467	1605975469815	OK	 
REQUEST		Login Redirect 1	1605975468667	1605975469815	OK	 
REQUEST		Login Redirect 4	1605975469470	1605975469825	OK	 
REQUEST		Open Main Page Redirect 4	1605975466804	1605975469827	OK	 
REQUEST		Login Redirect 3	1605975469548	1605975469828	OK	 
USER	Logon to MRS	END	1605975469828
REQUEST		Login Redirect 2	1605975469548	1605975469831	OK	 
REQUEST		Login Redirect 2	1605975469550	1605975469843	OK	 
REQUEST		Login Redirect 2	1605975469553	1605975469843	OK	 
REQUEST		Login Redirect 2	1605975468528	1605975469845	OK	 
REQUEST		Login Redirect 3	1605975469554	1605975469845	OK	 
REQUEST		Login Redirect 2	1605975469556	1605975469850	OK	 
REQUEST		Login Redirect 2	1605975469557	1605975469850	OK	 
REQUEST		Open Main Page Redirect 4	1605975467158	1605975469858	OK	 
REQUEST		Login Redirect 4	1605975469557	1605975469868	OK	 
USER	Logon to MRS	END	1605975469870
REQUEST		Login Redirect 4	1605975467888	1605975469876	OK	 
USER	Logon to MRS	END	1605975469878
REQUEST		Open Main Page Redirect 4	1605975466188	1605975469881	OK	 
REQUEST		Open Main Page Redirect 4	1605975466297	1605975469881	OK	 
REQUEST		Open Main Page Redirect 4	1605975467059	1605975469883	OK	 
REQUEST		Login Redirect 1	1605975469656	1605975469883	OK	 
REQUEST		Open Main Page Redirect 4	1605975468119	1605975469884	OK	 
REQUEST		Login Redirect 2	1605975469671	1605975469889	OK	 
REQUEST		Login Redirect 3	1605975469671	1605975469891	OK	 
REQUEST		Login Redirect 3	1605975469672	1605975469891	OK	 
REQUEST		Login Redirect 2	1605975469674	1605975469892	OK	 
REQUEST		Login Redirect 2	1605975469673	1605975469893	OK	 
REQUEST		Login Redirect 1	1605975469672	1605975469893	OK	 
REQUEST		Login Redirect 2	1605975469671	1605975469894	OK	 
REQUEST		Login Redirect 2	1605975469674	1605975469894	OK	 
REQUEST		Login Redirect 2	1605975469675	1605975469895	OK	 
REQUEST		Login Redirect 1	1605975469675	1605975469895	OK	 
REQUEST		Login Redirect 3	1605975469675	1605975469896	OK	 
REQUEST		Login Redirect 4	1605975469673	1605975469926	OK	 
USER	Logon to MRS	END	1605975469928
REQUEST		Login Redirect 2	1605975469675	1605975469928	OK	 
REQUEST		Login Redirect 2	1605975469676	1605975469930	OK	 
REQUEST		Login Redirect 4	1605975469674	1605975469938	OK	 
USER	Logon to MRS	END	1605975469940
REQUEST		Open Main Page Redirect 1	1605975465598	1605975469966	OK	 
REQUEST		Login Redirect 1	1605975469682	1605975469978	OK	 
REQUEST		Login Redirect 2	1605975469679	1605975469981	OK	 
REQUEST		Login Redirect 2	1605975469683	1605975469985	OK	 
REQUEST		Open Main Page Redirect 1	1605975465595	1605975469987	OK	 
REQUEST		Login Redirect 2	1605975469695	1605975469988	OK	 
REQUEST		Open Main Page Redirect 1	1605975465588	1605975469988	OK	 
REQUEST		Login Redirect 4	1605975469676	1605975469988	OK	 
USER	Logon to MRS	END	1605975469991
REQUEST		Login Redirect 4	1605975469678	1605975469994	OK	 
USER	Logon to MRS	END	1605975469996
REQUEST		Login Redirect 4	1605975469676	1605975470004	OK	 
USER	Logon to MRS	END	1605975470006
REQUEST		Login Redirect 3	1605975469726	1605975470006	OK	 
REQUEST		Login Redirect 4	1605975469726	1605975470020	OK	 
REQUEST		Login Redirect 4	1605975469695	1605975470021	OK	 
REQUEST		Login Redirect 4	1605975467887	1605975470022	OK	 
USER	Logon to MRS	END	1605975470023
REQUEST		Login Redirect 4	1605975469352	1605975470024	OK	 
USER	Logon to MRS	END	1605975470024
USER	Logon to MRS	END	1605975470024
USER	Logon to MRS	END	1605975470026
REQUEST		Login Redirect 2	1605975469815	1605975470032	OK	 
REQUEST		Login Redirect 3	1605975469814	1605975470032	OK	 
REQUEST		Login Redirect 3	1605975469815	1605975470033	OK	 
REQUEST		Login Redirect 3	1605975469815	1605975470033	OK	 
REQUEST		Login	1605975469827	1605975470034	OK	 
REQUEST		Login Redirect 4	1605975469814	1605975470035	OK	 
USER	Logon to MRS	END	1605975470037
REQUEST		Login Redirect 4	1605975468327	1605975470046	OK	 
REQUEST		Login Redirect 4	1605975468326	1605975470046	OK	 
USER	Logon to MRS	END	1605975470047
USER	Logon to MRS	END	1605975470047
REQUEST		Login Redirect 3	1605975469831	1605975470048	OK	 
REQUEST		Login Redirect 3	1605975469844	1605975470048	OK	 
REQUEST		Login Redirect 4	1605975468334	1605975470059	OK	 
USER	Logon to MRS	END	1605975470061
REQUEST		Login Redirect 4	1605975468328	1605975470066	OK	 
USER	Logon to MRS	END	1605975470067
REQUEST		Login Redirect 4	1605975469554	1605975470068	OK	 
REQUEST		Login Redirect 3	1605975469850	1605975470069	OK	 
USER	Logon to MRS	END	1605975470071
REQUEST		Login Redirect 3	1605975469850	1605975470071	OK	 
REQUEST		Login Redirect 3	1605975469845	1605975470072	OK	 
REQUEST		Open Main Page Redirect 4	1605975468805	1605975470174	OK	 
REQUEST		Login	1605975469858	1605975470175	OK	 
REQUEST		Login Redirect 4	1605975469558	1605975470176	OK	 
USER	Logon to MRS	END	1605975470178
REQUEST		Login	1605975469881	1605975470181	OK	 
REQUEST		Login Redirect 2	1605975469883	1605975470181	OK	 
REQUEST		Login	1605975469884	1605975470184	OK	 
REQUEST		Login Redirect 3	1605975469890	1605975470183	OK	 
REQUEST		Login	1605975469883	1605975470184	OK	 
REQUEST		Login Redirect 2	1605975467343	1605975470191	OK	 
REQUEST		Login Redirect 3	1605975469893	1605975470191	OK	 
REQUEST		Login Redirect 2	1605975469894	1605975470208	OK	 
REQUEST		Login Redirect 3	1605975469895	1605975470210	OK	 
REQUEST		Login Redirect 3	1605975469893	1605975470209	OK	 
REQUEST		Login Redirect 2	1605975469895	1605975470216	OK	 
REQUEST		Login Redirect 3	1605975469895	1605975470217	OK	 
REQUEST		Login Redirect 3	1605975469895	1605975470217	OK	 
REQUEST		Login Redirect 4	1605975469672	1605975470222	OK	 
USER	Logon to MRS	END	1605975470224
REQUEST		Login Redirect 3	1605975469930	1605975470328	OK	 
REQUEST		Open Main Page Redirect 4	1605975467887	1605975470329	OK	 
REQUEST		Login Redirect 4	1605975469677	1605975470329	OK	 
REQUEST		Login Redirect 3	1605975469929	1605975470330	OK	 
REQUEST		Login Redirect 4	1605975469148	1605975470331	OK	 
REQUEST		Login Redirect 3	1605975470033	1605975470331	OK	 
REQUEST		Login Redirect 4	1605975469350	1605975470331	OK	 
REQUEST		Open Main Page Redirect 2	1605975469967	1605975470329	OK	 
USER	Logon to MRS	END	1605975470332
REQUEST		Login Redirect 2	1605975469979	1605975470332	OK	 
REQUEST		Login Redirect 3	1605975469989	1605975470333	OK	 
REQUEST		Login Redirect 3	1605975469983	1605975470333	OK	 
USER	Logon to MRS	END	1605975470333
USER	Logon to MRS	END	1605975470333
REQUEST		Login Redirect 1	1605975467343	1605975470334	OK	 
REQUEST		Login Redirect 4	1605975467693	1605975470334	OK	 
REQUEST		Open Main Page Redirect 2	1605975469988	1605975470335	OK	 
REQUEST		Open Main Page Redirect 2	1605975469989	1605975470335	OK	 
REQUEST		Login Redirect 4	1605975469680	1605975470336	OK	 
USER	Logon to MRS	END	1605975470336
REQUEST		Login Redirect 1	1605975470034	1605975470337	OK	 
USER	Logon to MRS	END	1605975470338
REQUEST		Login Redirect 3	1605975469985	1605975470338	OK	 
REQUEST		Login Redirect 4	1605975470049	1605975470466	OK	 
REQUEST		Login Redirect 4	1605975469551	1605975470466	OK	 
REQUEST		Login Redirect 4	1605975470049	1605975470466	OK	 
USER	Logon to MRS	END	1605975470468
USER	Logon to MRS	END	1605975470469
USER	Logon to MRS	END	1605975470469
REQUEST		Login Redirect 1	1605975470181	1605975470510	OK	 
REQUEST		Login Redirect 1	1605975470184	1605975470510	OK	 
REQUEST		Login Redirect 1	1605975470176	1605975470510	OK	 
REQUEST		Login Redirect 3	1605975470209	1605975470510	OK	 
REQUEST		Login Redirect 3	1605975470181	1605975470510	OK	 
REQUEST		Login Redirect 1	1605975470184	1605975470511	OK	 
REQUEST		Login Redirect 4	1605975469892	1605975470511	OK	 
REQUEST		Login Redirect 3	1605975470216	1605975470512	OK	 
REQUEST		Login Redirect 3	1605975470191	1605975470512	OK	 
USER	Logon to MRS	END	1605975470513
REQUEST		Login Redirect 4	1605975468336	1605975470529	OK	 
REQUEST		Login Redirect 4	1605975469673	1605975470530	OK	 
USER	Logon to MRS	END	1605975470531
REQUEST		Login Redirect 4	1605975470007	1605975470532	OK	 
USER	Logon to MRS	END	1605975470533
USER	Logon to MRS	END	1605975470534
REQUEST		Login	1605975470329	1605975470536	OK	 
REQUEST		Open Main Page Redirect 3	1605975470332	1605975470542	OK	 
REQUEST		Login Redirect 3	1605975470333	1605975470543	OK	 
REQUEST		Login Redirect 2	1605975470334	1605975470553	OK	 
REQUEST		Open Main Page Redirect 3	1605975470335	1605975470554	OK	 
REQUEST		Open Main Page Redirect 3	1605975470335	1605975470555	OK	 
REQUEST		Login Redirect 2	1605975470337	1605975470567	OK	 
REQUEST		Login Redirect 4	1605975469828	1605975470572	OK	 
USER	Logon to MRS	END	1605975470574
REQUEST		Login Redirect 4	1605975468331	1605975470580	OK	 
USER	Logon to MRS	END	1605975470582
REQUEST		Login Redirect 4	1605975470072	1605975470606	OK	 
USER	Logon to MRS	END	1605975470609
REQUEST		Login Redirect 4	1605975470184	1605975470610	OK	 
REQUEST		Login Redirect 4	1605975469846	1605975470610	OK	 
USER	Logon to MRS	END	1605975470612
USER	Logon to MRS	END	1605975470612
REQUEST		Login Redirect 4	1605975470210	1605975470615	OK	 
REQUEST		Login Redirect 4	1605975470191	1605975470616	OK	 
USER	Logon to MRS	END	1605975470617
USER	Logon to MRS	END	1605975470617
REQUEST		Login Redirect 4	1605975469892	1605975470617	OK	 
REQUEST		Login Redirect 2	1605975470510	1605975470618	OK	 
REQUEST		Login Redirect 2	1605975470511	1605975470619	OK	 
REQUEST		Login Redirect 2	1605975470512	1605975470620	OK	 
USER	Logon to MRS	END	1605975470620
REQUEST		Login Redirect 2	1605975470511	1605975470621	OK	 
REQUEST		Login Redirect 4	1605975469897	1605975470682	OK	 
USER	Logon to MRS	END	1605975470684
REQUEST		Login Redirect 4	1605975468328	1605975470687	OK	 
USER	Logon to MRS	END	1605975470688
REQUEST		Login Redirect 4	1605975470034	1605975470696	OK	 
REQUEST		Login Redirect 4	1605975470034	1605975470697	OK	 
USER	Logon to MRS	END	1605975470698
REQUEST		Login Redirect 4	1605975468333	1605975470698	OK	 
USER	Logon to MRS	END	1605975470699
USER	Logon to MRS	END	1605975470699
REQUEST		Login Redirect 4	1605975470334	1605975470701	OK	 
USER	Logon to MRS	END	1605975470703
REQUEST		Login Redirect 4	1605975470333	1605975470705	OK	 
USER	Logon to MRS	END	1605975470707
REQUEST		Login Redirect 3	1605975470554	1605975470707	OK	 
REQUEST		Login Redirect 1	1605975470536	1605975470710	OK	 
REQUEST		Login Redirect 4	1605975468326	1605975470713	OK	 
USER	Logon to MRS	END	1605975470714
REQUEST		Login Redirect 3	1605975470568	1605975470725	OK	 
REQUEST		Login Redirect 4	1605975470210	1605975470749	OK	 
REQUEST		Login Redirect 4	1605975467693	1605975470750	OK	 
USER	Logon to MRS	END	1605975470752
USER	Logon to MRS	END	1605975470752
REQUEST		Login Redirect 4	1605975470511	1605975470752	OK	 
USER	Logon to MRS	END	1605975470754
REQUEST		Login Redirect 3	1605975470619	1605975470765	OK	 
REQUEST		Login Redirect 4	1605975470512	1605975470765	OK	 
REQUEST		Login Redirect 3	1605975470621	1605975470767	OK	 
REQUEST		Login Redirect 3	1605975470620	1605975470770	OK	 
USER	Logon to MRS	END	1605975470771
REQUEST		Login Redirect 3	1605975470618	1605975470770	OK	 
REQUEST		Login Redirect 4	1605975470218	1605975470809	OK	 
REQUEST		Login Redirect 4	1605975470218	1605975470810	OK	 
USER	Logon to MRS	END	1605975470812
USER	Logon to MRS	END	1605975470813
REQUEST		Login Redirect 4	1605975470330	1605975470813	OK	 
REQUEST		Login Redirect 4	1605975470513	1605975470815	OK	 
USER	Logon to MRS	END	1605975470816
REQUEST		Login Redirect 4	1605975470329	1605975470816	OK	 
USER	Logon to MRS	END	1605975470817
USER	Logon to MRS	END	1605975470819
REQUEST		Login Redirect 4	1605975470331	1605975470819	OK	 
USER	Logon to MRS	END	1605975470821
REQUEST		Login Redirect 2	1605975470710	1605975470829	OK	 
REQUEST		Open Main Page Redirect 4	1605975466307	1605975470868	OK	 
REQUEST		Login Redirect 4	1605975469676	1605975470876	OK	 
USER	Logon to MRS	END	1605975470878
REQUEST		Login Redirect 4	1605975469676	1605975470909	OK	 
USER	Logon to MRS	END	1605975470911
REQUEST		Login Redirect 4	1605975470339	1605975470915	OK	 
USER	Logon to MRS	END	1605975470917
REQUEST		Open Main Page Redirect 4	1605975470543	1605975470930	OK	 
REQUEST		Login Redirect 4	1605975470726	1605975470934	OK	 
REQUEST		Open Main Page Redirect 4	1605975470555	1605975470936	OK	 
USER	Logon to MRS	END	1605975470936
REQUEST		Open Main Page Redirect 4	1605975470554	1605975470938	OK	 
REQUEST		Login Redirect 4	1605975470512	1605975470942	OK	 
USER	Logon to MRS	END	1605975470943
REQUEST		Login Redirect 3	1605975470830	1605975470962	OK	 
REQUEST		Login	1605975470869	1605975470969	OK	 
REQUEST		Login Redirect 4	1605975470766	1605975470987	OK	 
REQUEST		Login Redirect 4	1605975470771	1605975470989	OK	 
USER	Logon to MRS	END	1605975470989
USER	Logon to MRS	END	1605975470990
REQUEST		Login	1605975470931	1605975471055	OK	 
REQUEST		Login Redirect 4	1605975470707	1605975471057	OK	 
REQUEST		Login	1605975470936	1605975471058	OK	 
REQUEST		Login	1605975470938	1605975471059	OK	 
USER	Logon to MRS	END	1605975471059
REQUEST		Login Redirect 1	1605975470970	1605975471069	OK	 
REQUEST		Login Redirect 4	1605975470771	1605975471087	OK	 
USER	Logon to MRS	END	1605975471089
REQUEST		Login Redirect 4	1605975470072	1605975471116	OK	 
USER	Logon to MRS	END	1605975471118
REQUEST		Login Redirect 4	1605975470544	1605975471139	OK	 
USER	Logon to MRS	END	1605975471142
REQUEST		Login Redirect 1	1605975471055	1605975471163	OK	 
REQUEST		Login Redirect 1	1605975471058	1605975471172	OK	 
REQUEST		Login Redirect 1	1605975471059	1605975471173	OK	 
REQUEST		Login Redirect 1	1605975466964	1605975471197	OK	 
REQUEST		Login Redirect 4	1605975470769	1605975471200	OK	 
USER	Logon to MRS	END	1605975471202
REQUEST		Login Redirect 4	1605975470962	1605975471212	OK	 
USER	Logon to MRS	END	1605975471214
REQUEST		Login Redirect 2	1605975471163	1605975471268	OK	 
REQUEST		Login Redirect 2	1605975471173	1605975471276	OK	 
REQUEST		Login Redirect 4	1605975470033	1605975471275	OK	 
REQUEST		Login Redirect 2	1605975471173	1605975471277	OK	 
USER	Logon to MRS	END	1605975471277
REQUEST		Login Redirect 2	1605975471198	1605975471614	OK	 
REQUEST		Login Redirect 3	1605975471268	1605975471614	OK	 
REQUEST		Login Redirect 3	1605975469844	1605975471615	OK	 
REQUEST		Login Redirect 3	1605975471276	1605975471616	OK	 
REQUEST		Login Redirect 3	1605975471277	1605975471616	OK	 
REQUEST		Login Redirect 3	1605975467491	1605975471618	OK	 
REQUEST		Login Redirect 3	1605975471615	1605975471722	OK	 
REQUEST		Login Redirect 2	1605975471070	1605975471744	OK	 
REQUEST		Login Redirect 4	1605975470070	1605975471820	OK	 
USER	Logon to MRS	END	1605975471822
REQUEST		Login Redirect 4	1605975471616	1605975471848	OK	 
REQUEST		Login Redirect 4	1605975471615	1605975471848	OK	 
USER	Logon to MRS	END	1605975471855
USER	Logon to MRS	END	1605975471855
REQUEST		Login Redirect 4	1605975471617	1605975471856	OK	 
REQUEST		Login Redirect 3	1605975471744	1605975471857	OK	 
USER	Logon to MRS	END	1605975471858
REQUEST		Login Redirect 4	1605975471616	1605975471861	OK	 
USER	Logon to MRS	END	1605975471862
REQUEST		Login Redirect 4	1605975471619	1605975471950	OK	 
USER	Logon to MRS	END	1605975471951
REQUEST		Login Redirect 4	1605975468529	1605975472036	OK	 
USER	Logon to MRS	END	1605975472038
REQUEST		Login Redirect 4	1605975471722	1605975472053	OK	 
USER	Logon to MRS	END	1605975472056
REQUEST		Login Redirect 4	1605975471857	1605975472078	OK	 
USER	Logon to MRS	END	1605975472080
REQUEST		Open Main Page Redirect 4	1605975466180	1605975472316	OK	 
REQUEST		Login	1605975472317	1605975472411	OK	 
REQUEST		Login Redirect 1	1605975472411	1605975472500	OK	 
REQUEST		Login Redirect 2	1605975472500	1605975472592	OK	 
REQUEST		Login Redirect 3	1605975472593	1605975472682	OK	 
REQUEST		Login Redirect 4	1605975472683	1605975473132	OK	 
USER	Logon to MRS	END	1605975473134
REQUEST		Login Redirect 1	1605975467343	1605975474347	OK	 
REQUEST		Login Redirect 2	1605975474347	1605975474439	OK	 
REQUEST		Login Redirect 3	1605975474440	1605975474543	OK	 
REQUEST		Login Redirect 2	1605975469440	1605975474796	OK	 
REQUEST		Login Redirect 4	1605975474543	1605975474862	OK	 
USER	Logon to MRS	END	1605975474866
REQUEST		Login Redirect 3	1605975474796	1605975474891	OK	 
REQUEST		Login Redirect 2	1605975469685	1605975475000	OK	 
REQUEST		Login	1605975469882	1605975475051	OK	 
REQUEST		Login Redirect 3	1605975475001	1605975475092	OK	 
REQUEST		Login Redirect 1	1605975475052	1605975475139	OK	 
REQUEST		Login Redirect 4	1605975474892	1605975475167	OK	 
USER	Logon to MRS	END	1605975475169
REQUEST		Login Redirect 2	1605975475140	1605975475232	OK	 
REQUEST		Login Redirect 3	1605975475232	1605975475320	OK	 
REQUEST		Login Redirect 4	1605975475092	1605975475405	OK	 
USER	Logon to MRS	END	1605975475412
REQUEST		Login Redirect 3	1605975467490	1605975475510	OK	 
REQUEST		Login	1605975470175	1605975475566	OK	 
REQUEST		Login Redirect 1	1605975475566	1605975475660	OK	 
REQUEST		Login Redirect 4	1605975475321	1605975475695	OK	 
USER	Logon to MRS	END	1605975475697
REQUEST		Login Redirect 2	1605975475661	1605975475745	OK	 
REQUEST		Login Redirect 4	1605975475511	1605975475790	OK	 
USER	Logon to MRS	END	1605975475793
REQUEST		Login Redirect 3	1605975475745	1605975475830	OK	 
REQUEST		Login Redirect 4	1605975475831	1605975476012	OK	 
USER	Logon to MRS	END	1605975476014
REQUEST		Login Redirect 2	1605975469723	1605975477933	OK	 
REQUEST		Login Redirect 3	1605975477933	1605975478010	OK	 
REQUEST		Login Redirect 4	1605975478011	1605975478218	OK	 
USER	Logon to MRS	END	1605975478219
