RUN	LogonSimulation	logonsimulation	1605973691016	 	3.4.1
USER	Logon to MRS	START	1605973692559
USER	Logon to MRS	START	1605973692559
USER	Logon to MRS	START	1605973692560
USER	Logon to MRS	START	1605973692559
USER	Logon to MRS	START	1605973692610
USER	Logon to MRS	START	1605973692610
USER	Logon to MRS	START	1605973692559
USER	Logon to MRS	START	1605973692610
USER	Logon to MRS	START	1605973692611
USER	Logon to MRS	START	1605973692612
USER	Logon to MRS	START	1605973692613
USER	Logon to MRS	START	1605973692612
USER	Logon to MRS	START	1605973692614
USER	Logon to MRS	START	1605973692613
USER	Logon to MRS	START	1605973692615
USER	Logon to MRS	START	1605973692615
USER	Logon to MRS	START	1605973692615
USER	Logon to MRS	START	1605973692617
USER	Logon to MRS	START	1605973692617
USER	Logon to MRS	START	1605973692617
USER	Logon to MRS	START	1605973692615
USER	Logon to MRS	START	1605973692611
USER	Logon to MRS	START	1605973692618
USER	Logon to MRS	START	1605973692618
USER	Logon to MRS	START	1605973692618
USER	Logon to MRS	START	1605973692619
USER	Logon to MRS	START	1605973692620
USER	Logon to MRS	START	1605973692620
USER	Logon to MRS	START	1605973692618
USER	Logon to MRS	START	1605973692620
USER	Logon to MRS	START	1605973692621
USER	Logon to MRS	START	1605973692621
USER	Logon to MRS	START	1605973692621
USER	Logon to MRS	START	1605973692621
USER	Logon to MRS	START	1605973692559
USER	Logon to MRS	START	1605973692623
USER	Logon to MRS	START	1605973692623
USER	Logon to MRS	START	1605973692622
USER	Logon to MRS	START	1605973692624
USER	Logon to MRS	START	1605973692624
USER	Logon to MRS	START	1605973692624
USER	Logon to MRS	START	1605973692626
USER	Logon to MRS	START	1605973692626
USER	Logon to MRS	START	1605973692626
USER	Logon to MRS	START	1605973692627
USER	Logon to MRS	START	1605973692627
USER	Logon to MRS	START	1605973692627
USER	Logon to MRS	START	1605973692624
USER	Logon to MRS	START	1605973692629
USER	Logon to MRS	START	1605973692629
USER	Logon to MRS	START	1605973692559
USER	Logon to MRS	START	1605973692629
USER	Logon to MRS	START	1605973692631
USER	Logon to MRS	START	1605973692632
USER	Logon to MRS	START	1605973692632
USER	Logon to MRS	START	1605973692632
USER	Logon to MRS	START	1605973692559
USER	Logon to MRS	START	1605973692634
USER	Logon to MRS	START	1605973692635
USER	Logon to MRS	START	1605973692635
USER	Logon to MRS	START	1605973692635
USER	Logon to MRS	START	1605973692637
USER	Logon to MRS	START	1605973692637
USER	Logon to MRS	START	1605973692637
USER	Logon to MRS	START	1605973692638
USER	Logon to MRS	START	1605973692638
USER	Logon to MRS	START	1605973692638
USER	Logon to MRS	START	1605973692640
USER	Logon to MRS	START	1605973692642
USER	Logon to MRS	START	1605973692642
USER	Logon to MRS	START	1605973692644
USER	Logon to MRS	START	1605973692644
USER	Logon to MRS	START	1605973692645
USER	Logon to MRS	START	1605973692647
USER	Logon to MRS	START	1605973692648
USER	Logon to MRS	START	1605973692651
USER	Logon to MRS	START	1605973692651
USER	Logon to MRS	START	1605973692640
USER	Logon to MRS	START	1605973692652
USER	Logon to MRS	START	1605973692646
USER	Logon to MRS	START	1605973692654
USER	Logon to MRS	START	1605973692654
USER	Logon to MRS	START	1605973692654
USER	Logon to MRS	START	1605973692655
USER	Logon to MRS	START	1605973692657
USER	Logon to MRS	START	1605973692657
USER	Logon to MRS	START	1605973692652
USER	Logon to MRS	START	1605973692660
USER	Logon to MRS	START	1605973692660
USER	Logon to MRS	START	1605973692657
USER	Logon to MRS	START	1605973692662
USER	Logon to MRS	START	1605973692665
USER	Logon to MRS	START	1605973692662
USER	Logon to MRS	START	1605973692668
USER	Logon to MRS	START	1605973692668
USER	Logon to MRS	START	1605973692669
USER	Logon to MRS	START	1605973692673
USER	Logon to MRS	START	1605973692674
USER	Logon to MRS	START	1605973692678
USER	Logon to MRS	START	1605973692682
REQUEST		Open Main Page	1605973692626	1605973693257	OK	 
REQUEST		Open Main Page	1605973692637	1605973693196	OK	 
REQUEST		Open Main Page	1605973692595	1605973693202	OK	 
REQUEST		Open Main Page	1605973692612	1605973693260	OK	 
REQUEST		Open Main Page	1605973692642	1605973693262	OK	 
REQUEST		Open Main Page	1605973692616	1605973693202	OK	 
REQUEST		Open Main Page	1605973692613	1605973693256	OK	 
REQUEST		Open Main Page	1605973692597	1605973693280	OK	 
REQUEST		Open Main Page	1605973692613	1605973693323	OK	 
REQUEST		Open Main Page	1605973692614	1605973693322	OK	 
REQUEST		Open Main Page	1605973692635	1605973693323	OK	 
REQUEST		Open Main Page	1605973692621	1605973693323	OK	 
REQUEST		Open Main Page	1605973692617	1605973693325	OK	 
REQUEST		Open Main Page	1605973692644	1605973693326	OK	 
REQUEST		Open Main Page	1605973692595	1605973693326	OK	 
REQUEST		Open Main Page	1605973692634	1605973693327	OK	 
REQUEST		Open Main Page	1605973692597	1605973693328	OK	 
REQUEST		Open Main Page	1605973692629	1605973693328	OK	 
REQUEST		Open Main Page	1605973692626	1605973693330	OK	 
REQUEST		Open Main Page	1605973692639	1605973693330	OK	 
REQUEST		Open Main Page	1605973692614	1605973693331	OK	 
REQUEST		Open Main Page	1605973692612	1605973693332	OK	 
REQUEST		Open Main Page	1605973692597	1605973693333	OK	 
REQUEST		Open Main Page	1605973692626	1605973693333	OK	 
REQUEST		Open Main Page	1605973692610	1605973693334	OK	 
REQUEST		Open Main Page	1605973692619	1605973693333	OK	 
REQUEST		Open Main Page	1605973692639	1605973693334	OK	 
REQUEST		Open Main Page	1605973692622	1605973693330	OK	 
REQUEST		Open Main Page	1605973692598	1605973693336	OK	 
REQUEST		Open Main Page	1605973692621	1605973693336	OK	 
REQUEST		Open Main Page	1605973692636	1605973693336	OK	 
REQUEST		Open Main Page	1605973692610	1605973693338	OK	 
REQUEST		Open Main Page	1605973692615	1605973693339	OK	 
REQUEST		Open Main Page	1605973692620	1605973693339	OK	 
REQUEST		Open Main Page	1605973692654	1605973693339	OK	 
REQUEST		Open Main Page	1605973692658	1605973693341	OK	 
REQUEST		Open Main Page	1605973692626	1605973693341	OK	 
REQUEST		Open Main Page	1605973692623	1605973693342	OK	 
REQUEST		Open Main Page	1605973692628	1605973693343	OK	 
REQUEST		Open Main Page	1605973692653	1605973693343	OK	 
REQUEST		Open Main Page	1605973692636	1605973693344	OK	 
REQUEST		Open Main Page	1605973692611	1605973693345	OK	 
REQUEST		Open Main Page	1605973692620	1605973693345	OK	 
REQUEST		Open Main Page	1605973692657	1605973693347	OK	 
REQUEST		Open Main Page	1605973692617	1605973693348	OK	 
REQUEST		Open Main Page	1605973692624	1605973693348	OK	 
REQUEST		Open Main Page	1605973692640	1605973693349	OK	 
REQUEST		Open Main Page	1605973692628	1605973693350	OK	 
REQUEST		Open Main Page	1605973692654	1605973693350	OK	 
REQUEST		Open Main Page	1605973692648	1605973693351	OK	 
REQUEST		Open Main Page	1605973692644	1605973693351	OK	 
REQUEST		Open Main Page	1605973692632	1605973693353	OK	 
REQUEST		Open Main Page	1605973692637	1605973693355	OK	 
REQUEST		Open Main Page	1605973692680	1605973693355	OK	 
REQUEST		Open Main Page	1605973692674	1605973693356	OK	 
REQUEST		Open Main Page	1605973692616	1605973693356	OK	 
REQUEST		Open Main Page	1605973692619	1605973693357	OK	 
REQUEST		Open Main Page	1605973692631	1605973693357	OK	 
REQUEST		Open Main Page	1605973692633	1605973693359	OK	 
REQUEST		Open Main Page	1605973692640	1605973693359	OK	 
REQUEST		Open Main Page	1605973692595	1605973693359	OK	 
REQUEST		Open Main Page	1605973692655	1605973693359	OK	 
REQUEST		Open Main Page	1605973692629	1605973693361	OK	 
REQUEST		Open Main Page	1605973692623	1605973693362	OK	 
REQUEST		Open Main Page	1605973692657	1605973693363	OK	 
REQUEST		Open Main Page	1605973692643	1605973693364	OK	 
REQUEST		Open Main Page	1605973692651	1605973693365	OK	 
REQUEST		Open Main Page	1605973692665	1605973693368	OK	 
REQUEST		Open Main Page	1605973692646	1605973693368	OK	 
REQUEST		Open Main Page	1605973692620	1605973693369	OK	 
REQUEST		Open Main Page	1605973692615	1605973693370	OK	 
REQUEST		Open Main Page	1605973692634	1605973693371	OK	 
REQUEST		Open Main Page	1605973692619	1605973693371	OK	 
REQUEST		Open Main Page	1605973692617	1605973693373	OK	 
REQUEST		Open Main Page	1605973692647	1605973693373	OK	 
REQUEST		Open Main Page	1605973692619	1605973693376	OK	 
REQUEST		Open Main Page	1605973692668	1605973693377	OK	 
REQUEST		Open Main Page	1605973692637	1605973693376	OK	 
REQUEST		Open Main Page	1605973692624	1605973693379	OK	 
REQUEST		Open Main Page	1605973692654	1605973693381	OK	 
REQUEST		Open Main Page	1605973692668	1605973693381	OK	 
REQUEST		Open Main Page	1605973692629	1605973693383	OK	 
REQUEST		Open Main Page	1605973692663	1605973693384	OK	 
REQUEST		Open Main Page	1605973692657	1605973693387	OK	 
REQUEST		Open Main Page	1605973692640	1605973693388	OK	 
REQUEST		Open Main Page	1605973692670	1605973693391	OK	 
REQUEST		Open Main Page	1605973692614	1605973693395	OK	 
REQUEST		Open Main Page	1605973692660	1605973693400	OK	 
REQUEST		Open Main Page	1605973692663	1605973693400	OK	 
REQUEST		Open Main Page	1605973692653	1605973693403	OK	 
REQUEST		Open Main Page	1605973692628	1605973693365	OK	 
REQUEST		Open Main Page	1605973692677	1605973693405	OK	 
REQUEST		Open Main Page	1605973692624	1605973693405	OK	 
REQUEST		Open Main Page	1605973692660	1605973693406	OK	 
REQUEST		Open Main Page	1605973692620	1605973693408	OK	 
REQUEST		Open Main Page	1605973692682	1605973693410	OK	 
REQUEST		Open Main Page	1605973692651	1605973693410	OK	 
REQUEST		Open Main Page	1605973692621	1605973693472	OK	 
REQUEST		Open Main Page Redirect 1	1605973693273	1605973693814	OK	 
REQUEST		Open Main Page Redirect 1	1605973693270	1605973693805	OK	 
REQUEST		Open Main Page Redirect 1	1605973693323	1605973693846	OK	 
REQUEST		Open Main Page Redirect 1	1605973693281	1605973693846	OK	 
REQUEST		Open Main Page Redirect 1	1605973693336	1605973693847	OK	 
REQUEST		Open Main Page Redirect 1	1605973693341	1605973693850	OK	 
REQUEST		Open Main Page Redirect 1	1605973693345	1605973693850	OK	 
REQUEST		Open Main Page Redirect 1	1605973693271	1605973693850	OK	 
REQUEST		Open Main Page Redirect 1	1605973693361	1605973693851	OK	 
REQUEST		Open Main Page Redirect 1	1605973693274	1605973693864	OK	 
REQUEST		Open Main Page Redirect 1	1605973693267	1605973693873	OK	 
REQUEST		Open Main Page Redirect 1	1605973693336	1605973693876	OK	 
REQUEST		Open Main Page Redirect 1	1605973693335	1605973693877	OK	 
REQUEST		Open Main Page Redirect 1	1605973693335	1605973693877	OK	 
REQUEST		Open Main Page Redirect 1	1605973693363	1605973693877	OK	 
REQUEST		Open Main Page Redirect 1	1605973693323	1605973693879	OK	 
REQUEST		Open Main Page Redirect 1	1605973693348	1605973693879	OK	 
REQUEST		Open Main Page Redirect 1	1605973693365	1605973693879	OK	 
REQUEST		Open Main Page Redirect 1	1605973693372	1605973693880	OK	 
REQUEST		Open Main Page Redirect 1	1605973693358	1605973693880	OK	 
REQUEST		Open Main Page Redirect 1	1605973693370	1605973693880	OK	 
REQUEST		Open Main Page Redirect 1	1605973693343	1605973693882	OK	 
REQUEST		Open Main Page Redirect 1	1605973693328	1605973693882	OK	 
REQUEST		Open Main Page Redirect 1	1605973693360	1605973693882	OK	 
REQUEST		Open Main Page Redirect 1	1605973693324	1605973693883	OK	 
REQUEST		Open Main Page Redirect 1	1605973693327	1605973693883	OK	 
REQUEST		Open Main Page Redirect 1	1605973693341	1605973693883	OK	 
REQUEST		Open Main Page Redirect 1	1605973693343	1605973693885	OK	 
REQUEST		Open Main Page Redirect 1	1605973693363	1605973693885	OK	 
REQUEST		Open Main Page Redirect 1	1605973693271	1605973693886	OK	 
REQUEST		Open Main Page Redirect 1	1605973693340	1605973693897	OK	 
REQUEST		Open Main Page Redirect 1	1605973693389	1605973693897	OK	 
REQUEST		Open Main Page Redirect 1	1605973693369	1605973693898	OK	 
REQUEST		Open Main Page Redirect 1	1605973693334	1605973693899	OK	 
REQUEST		Open Main Page Redirect 1	1605973693348	1605973693899	OK	 
REQUEST		Open Main Page Redirect 1	1605973693357	1605973693900	OK	 
REQUEST		Open Main Page Redirect 1	1605973693351	1605973693904	OK	 
REQUEST		Open Main Page Redirect 1	1605973693339	1605973693904	OK	 
REQUEST		Open Main Page Redirect 1	1605973693337	1605973693903	OK	 
REQUEST		Open Main Page Redirect 1	1605973693329	1605973693903	OK	 
REQUEST		Open Main Page Redirect 1	1605973693375	1605973693905	OK	 
REQUEST		Open Main Page Redirect 1	1605973693365	1605973693907	OK	 
REQUEST		Open Main Page Redirect 1	1605973693379	1605973693909	OK	 
REQUEST		Open Main Page Redirect 1	1605973693350	1605973693909	OK	 
REQUEST		Open Main Page Redirect 1	1605973693385	1605973693910	OK	 
REQUEST		Open Main Page Redirect 1	1605973693357	1605973693909	OK	 
REQUEST		Open Main Page Redirect 1	1605973693339	1605973693911	OK	 
REQUEST		Open Main Page Redirect 1	1605973693383	1605973693911	OK	 
REQUEST		Open Main Page Redirect 1	1605973693350	1605973693911	OK	 
REQUEST		Open Main Page Redirect 1	1605973693354	1605973693911	OK	 
REQUEST		Open Main Page Redirect 1	1605973693384	1605973693912	OK	 
REQUEST		Open Main Page Redirect 1	1605973693352	1605973693912	OK	 
REQUEST		Open Main Page Redirect 1	1605973693332	1605973693913	OK	 
REQUEST		Open Main Page Redirect 1	1605973693403	1605973693914	OK	 
REQUEST		Open Main Page Redirect 1	1605973693331	1605973693914	OK	 
REQUEST		Open Main Page Redirect 1	1605973693381	1605973693914	OK	 
REQUEST		Open Main Page Redirect 1	1605973693343	1605973693915	OK	 
REQUEST		Open Main Page Redirect 1	1605973693406	1605973693915	OK	 
REQUEST		Open Main Page Redirect 1	1605973693408	1605973693916	OK	 
REQUEST		Open Main Page Redirect 1	1605973693326	1605973693916	OK	 
REQUEST		Open Main Page Redirect 1	1605973693355	1605973693917	OK	 
REQUEST		Open Main Page Redirect 1	1605973693324	1605973693917	OK	 
REQUEST		Open Main Page Redirect 1	1605973693348	1605973693917	OK	 
REQUEST		Open Main Page Redirect 1	1605973693352	1605973693918	OK	 
REQUEST		Open Main Page Redirect 1	1605973693391	1605973693915	OK	 
REQUEST		Open Main Page Redirect 1	1605973693378	1605973693918	OK	 
REQUEST		Open Main Page Redirect 1	1605973693337	1605973693920	OK	 
REQUEST		Open Main Page Redirect 2	1605973693824	1605973693922	OK	 
REQUEST		Open Main Page Redirect 1	1605973693328	1605973693922	OK	 
REQUEST		Open Main Page Redirect 1	1605973693360	1605973693923	OK	 
REQUEST		Open Main Page Redirect 1	1605973693388	1605973693923	OK	 
REQUEST		Open Main Page Redirect 1	1605973693371	1605973693924	OK	 
REQUEST		Open Main Page Redirect 2	1605973693820	1605973693924	OK	 
REQUEST		Open Main Page Redirect 1	1605973693334	1605973693921	OK	 
REQUEST		Open Main Page Redirect 1	1605973693349	1605973693925	OK	 
REQUEST		Open Main Page Redirect 1	1605973693382	1605973693925	OK	 
REQUEST		Open Main Page Redirect 1	1605973693358	1605973693926	OK	 
REQUEST		Open Main Page Redirect 1	1605973693328	1605973693926	OK	 
REQUEST		Open Main Page Redirect 1	1605973693333	1605973693925	OK	 
REQUEST		Open Main Page Redirect 1	1605973693400	1605973693928	OK	 
REQUEST		Open Main Page Redirect 1	1605973693403	1605973693928	OK	 
REQUEST		Open Main Page Redirect 1	1605973693397	1605973693928	OK	 
REQUEST		Open Main Page Redirect 1	1605973693356	1605973693929	OK	 
REQUEST		Open Main Page Redirect 1	1605973693374	1605973693929	OK	 
REQUEST		Open Main Page Redirect 2	1605973693847	1605973693931	OK	 
REQUEST		Open Main Page Redirect 2	1605973693848	1605973693931	OK	 
REQUEST		Open Main Page Redirect 1	1605973693368	1605973693931	OK	 
REQUEST		Open Main Page Redirect 1	1605973693410	1605973693931	OK	 
REQUEST		Open Main Page Redirect 2	1605973693848	1605973693932	OK	 
REQUEST		Open Main Page Redirect 1	1605973693410	1605973693933	OK	 
REQUEST		Open Main Page Redirect 1	1605973693333	1605973693933	OK	 
REQUEST		Open Main Page Redirect 1	1605973693407	1605973693934	OK	 
REQUEST		Open Main Page Redirect 1	1605973693363	1605973693935	OK	 
REQUEST		Open Main Page Redirect 1	1605973693401	1605973693936	OK	 
REQUEST		Open Main Page Redirect 1	1605973693377	1605973693938	OK	 
REQUEST		Open Main Page Redirect 2	1605973693852	1605973693941	OK	 
REQUEST		Open Main Page Redirect 2	1605973693851	1605973693941	OK	 
REQUEST		Open Main Page Redirect 2	1605973693851	1605973693941	OK	 
REQUEST		Open Main Page Redirect 2	1605973693865	1605973693952	OK	 
REQUEST		Open Main Page Redirect 1	1605973693406	1605973693952	OK	 
REQUEST		Open Main Page Redirect 1	1605973693331	1605973693952	OK	 
REQUEST		Open Main Page Redirect 1	1605973693345	1605973693952	OK	 
REQUEST		Open Main Page Redirect 1	1605973693372	1605973693954	OK	 
REQUEST		Open Main Page Redirect 2	1605973693852	1605973693954	OK	 
REQUEST		Open Main Page Redirect 2	1605973693876	1605973693969	OK	 
REQUEST		Open Main Page Redirect 2	1605973693874	1605973693969	OK	 
REQUEST		Open Main Page Redirect 2	1605973693878	1605973693971	OK	 
REQUEST		Open Main Page Redirect 2	1605973693878	1605973693972	OK	 
REQUEST		Open Main Page Redirect 2	1605973693880	1605973693973	OK	 
REQUEST		Open Main Page Redirect 2	1605973693880	1605973693973	OK	 
REQUEST		Open Main Page Redirect 2	1605973693881	1605973693975	OK	 
REQUEST		Open Main Page Redirect 2	1605973693900	1605973693975	OK	 
REQUEST		Open Main Page Redirect 2	1605973693882	1605973693976	OK	 
REQUEST		Open Main Page Redirect 2	1605973693880	1605973693973	OK	 
REQUEST		Open Main Page Redirect 2	1605973693898	1605973693976	OK	 
REQUEST		Open Main Page Redirect 2	1605973693881	1605973693977	OK	 
REQUEST		Open Main Page Redirect 2	1605973693898	1605973693978	OK	 
REQUEST		Open Main Page Redirect 2	1605973693884	1605973693978	OK	 
REQUEST		Open Main Page Redirect 2	1605973693878	1605973693980	OK	 
REQUEST		Open Main Page Redirect 2	1605973693888	1605973693981	OK	 
REQUEST		Open Main Page Redirect 2	1605973693886	1605973693981	OK	 
REQUEST		Open Main Page Redirect 2	1605973693884	1605973693983	OK	 
REQUEST		Open Main Page Redirect 2	1605973693883	1605973693983	OK	 
REQUEST		Open Main Page Redirect 2	1605973693886	1605973693984	OK	 
REQUEST		Open Main Page Redirect 2	1605973693881	1605973693986	OK	 
REQUEST		Open Main Page Redirect 2	1605973693882	1605973693987	OK	 
REQUEST		Open Main Page Redirect 2	1605973693900	1605973693988	OK	 
REQUEST		Open Main Page Redirect 2	1605973693884	1605973693989	OK	 
REQUEST		Open Main Page Redirect 2	1605973693898	1605973693991	OK	 
REQUEST		Open Main Page Redirect 2	1605973693904	1605973694001	OK	 
REQUEST		Open Main Page Redirect 2	1605973693905	1605973694001	OK	 
REQUEST		Open Main Page Redirect 2	1605973693908	1605973694001	OK	 
REQUEST		Open Main Page Redirect 2	1605973693901	1605973694001	OK	 
REQUEST		Open Main Page Redirect 2	1605973693905	1605973694003	OK	 
REQUEST		Open Main Page Redirect 1	1605973693473	1605973694002	OK	 
REQUEST		Open Main Page Redirect 2	1605973693904	1605973694003	OK	 
REQUEST		Open Main Page Redirect 2	1605973693906	1605973694004	OK	 
REQUEST		Open Main Page Redirect 2	1605973693912	1605973694006	OK	 
REQUEST		Open Main Page Redirect 2	1605973693912	1605973694007	OK	 
REQUEST		Open Main Page Redirect 2	1605973693910	1605973694010	OK	 
REQUEST		Open Main Page Redirect 2	1605973693910	1605973694010	OK	 
REQUEST		Open Main Page Redirect 2	1605973693910	1605973694010	OK	 
REQUEST		Open Main Page Redirect 2	1605973693910	1605973694010	OK	 
REQUEST		Open Main Page Redirect 2	1605973693912	1605973694010	OK	 
REQUEST		Open Main Page Redirect 2	1605973693912	1605973694012	OK	 
REQUEST		Open Main Page Redirect 2	1605973693917	1605973694023	OK	 
REQUEST		Open Main Page Redirect 2	1605973693913	1605973694023	OK	 
REQUEST		Open Main Page Redirect 2	1605973693914	1605973694023	OK	 
REQUEST		Open Main Page Redirect 2	1605973693915	1605973694023	OK	 
REQUEST		Open Main Page Redirect 2	1605973693915	1605973694024	OK	 
REQUEST		Open Main Page Redirect 2	1605973693916	1605973694024	OK	 
REQUEST		Open Main Page Redirect 2	1605973693916	1605973694025	OK	 
REQUEST		Open Main Page Redirect 2	1605973693913	1605973694025	OK	 
REQUEST		Open Main Page Redirect 2	1605973693918	1605973694025	OK	 
REQUEST		Open Main Page Redirect 2	1605973693916	1605973694026	OK	 
REQUEST		Open Main Page Redirect 2	1605973693915	1605973694026	OK	 
REQUEST		Open Main Page Redirect 2	1605973693919	1605973694026	OK	 
REQUEST		Open Main Page Redirect 2	1605973693918	1605973694027	OK	 
REQUEST		Open Main Page Redirect 2	1605973693918	1605973694027	OK	 
REQUEST		Open Main Page Redirect 2	1605973693921	1605973694027	OK	 
REQUEST		Open Main Page Redirect 2	1605973693923	1605973694028	OK	 
REQUEST		Open Main Page Redirect 2	1605973693919	1605973694028	OK	 
REQUEST		Open Main Page Redirect 2	1605973693919	1605973694030	OK	 
REQUEST		Open Main Page Redirect 2	1605973693923	1605973694031	OK	 
REQUEST		Open Main Page Redirect 2	1605973693928	1605973694043	OK	 
REQUEST		Open Main Page Redirect 2	1605973693925	1605973694046	OK	 
REQUEST		Open Main Page Redirect 2	1605973693929	1605973694043	OK	 
REQUEST		Open Main Page Redirect 2	1605973693926	1605973694048	OK	 
REQUEST		Open Main Page Redirect 2	1605973693927	1605973694049	OK	 
REQUEST		Open Main Page Redirect 2	1605973693927	1605973694052	OK	 
REQUEST		Open Main Page Redirect 2	1605973693926	1605973694052	OK	 
REQUEST		Open Main Page Redirect 2	1605973693929	1605973694056	OK	 
REQUEST		Open Main Page Redirect 2	1605973693930	1605973694056	OK	 
REQUEST		Open Main Page Redirect 2	1605973693925	1605973694059	OK	 
REQUEST		Open Main Page Redirect 2	1605973693927	1605973694060	OK	 
REQUEST		Open Main Page Redirect 3	1605973693926	1605973694055	OK	 
REQUEST		Open Main Page Redirect 2	1605973693931	1605973694060	OK	 
REQUEST		Open Main Page Redirect 2	1605973693932	1605973694062	OK	 
REQUEST		Open Main Page Redirect 2	1605973693953	1605973694062	OK	 
REQUEST		Open Main Page Redirect 2	1605973693929	1605973694062	OK	 
REQUEST		Open Main Page Redirect 2	1605973693935	1605973694063	OK	 
REQUEST		Open Main Page Redirect 2	1605973693936	1605973694058	OK	 
REQUEST		Open Main Page Redirect 3	1605973693932	1605973694058	OK	 
REQUEST		Open Main Page Redirect 3	1605973693941	1605973694058	OK	 
REQUEST		Open Main Page Redirect 3	1605973693933	1605973694066	OK	 
REQUEST		Open Main Page Redirect 2	1605973693934	1605973694067	OK	 
REQUEST		Open Main Page Redirect 3	1605973693942	1605973694067	OK	 
REQUEST		Open Main Page Redirect 3	1605973693932	1605973694059	OK	 
REQUEST		Open Main Page Redirect 2	1605973693932	1605973694068	OK	 
REQUEST		Open Main Page Redirect 3	1605973693973	1605973694068	OK	 
REQUEST		Open Main Page Redirect 2	1605973693953	1605973694069	OK	 
REQUEST		Open Main Page Redirect 3	1605973693952	1605973694069	OK	 
REQUEST		Open Main Page Redirect 3	1605973693970	1605973694071	OK	 
REQUEST		Open Main Page Redirect 3	1605973693955	1605973694071	OK	 
REQUEST		Open Main Page Redirect 3	1605973693970	1605973694071	OK	 
REQUEST		Open Main Page Redirect 2	1605973693955	1605973694077	OK	 
REQUEST		Open Main Page Redirect 1	1605973693272	1605973694077	OK	 
REQUEST		Open Main Page Redirect 3	1605973693974	1605973694079	OK	 
REQUEST		Open Main Page Redirect 3	1605973693972	1605973694079	OK	 
REQUEST		Open Main Page Redirect 3	1605973693979	1605973694080	OK	 
REQUEST		Open Main Page Redirect 2	1605973693937	1605973694077	OK	 
REQUEST		Open Main Page Redirect 3	1605973693924	1605973694049	OK	 
REQUEST		Open Main Page Redirect 3	1605973693975	1605973694085	OK	 
REQUEST		Open Main Page Redirect 2	1605973693939	1605973694086	OK	 
REQUEST		Open Main Page Redirect 3	1605973693975	1605973694085	OK	 
REQUEST		Open Main Page Redirect 2	1605973693933	1605973694087	OK	 
REQUEST		Open Main Page Redirect 3	1605973693976	1605973694087	OK	 
REQUEST		Open Main Page Redirect 3	1605973693982	1605973694087	OK	 
REQUEST		Open Main Page Redirect 2	1605973693953	1605973694088	OK	 
REQUEST		Open Main Page Redirect 3	1605973693976	1605973694089	OK	 
REQUEST		Open Main Page Redirect 3	1605973693942	1605973694089	OK	 
REQUEST		Open Main Page Redirect 3	1605973693974	1605973694090	OK	 
REQUEST		Open Main Page Redirect 3	1605973693976	1605973694089	OK	 
REQUEST		Open Main Page Redirect 3	1605973693985	1605973694091	OK	 
REQUEST		Open Main Page Redirect 3	1605973693980	1605973694092	OK	 
REQUEST		Open Main Page Redirect 3	1605973693983	1605973694093	OK	 
REQUEST		Open Main Page Redirect 3	1605973693978	1605973694093	OK	 
REQUEST		Open Main Page Redirect 3	1605973693979	1605973694097	OK	 
REQUEST		Open Main Page Redirect 3	1605973693982	1605973694100	OK	 
REQUEST		Open Main Page Redirect 3	1605973693983	1605973694102	OK	 
REQUEST		Open Main Page Redirect 3	1605973693986	1605973694108	OK	 
REQUEST		Open Main Page Redirect 3	1605973693988	1605973694109	OK	 
REQUEST		Open Main Page Redirect 3	1605973694001	1605973694109	OK	 
REQUEST		Open Main Page Redirect 3	1605973693988	1605973694110	OK	 
REQUEST		Open Main Page Redirect 3	1605973694003	1605973694110	OK	 
REQUEST		Open Main Page Redirect 3	1605973694006	1605973694110	OK	 
REQUEST		Open Main Page Redirect 3	1605973694008	1605973694112	OK	 
REQUEST		Open Main Page Redirect 3	1605973694004	1605973694112	OK	 
REQUEST		Open Main Page Redirect 3	1605973693992	1605973694112	OK	 
REQUEST		Open Main Page Redirect 2	1605973694004	1605973694113	OK	 
REQUEST		Open Main Page Redirect 3	1605973693990	1605973694113	OK	 
REQUEST		Open Main Page Redirect 3	1605973694001	1605973694115	OK	 
REQUEST		Open Main Page Redirect 3	1605973694001	1605973694116	OK	 
REQUEST		Open Main Page Redirect 3	1605973694003	1605973694118	OK	 
REQUEST		Open Main Page Redirect 3	1605973694010	1605973694125	OK	 
REQUEST		Open Main Page Redirect 3	1605973694010	1605973694125	OK	 
REQUEST		Open Main Page Redirect 3	1605973694011	1605973694127	OK	 
REQUEST		Open Main Page Redirect 3	1605973694025	1605973694127	OK	 
REQUEST		Open Main Page Redirect 3	1605973694010	1605973694126	OK	 
REQUEST		Open Main Page Redirect 3	1605973694011	1605973694130	OK	 
REQUEST		Open Main Page Redirect 3	1605973694034	1605973694130	OK	 
REQUEST		Open Main Page Redirect 3	1605973694026	1605973694132	OK	 
REQUEST		Open Main Page Redirect 3	1605973694013	1605973694132	OK	 
REQUEST		Open Main Page Redirect 3	1605973694030	1605973694132	OK	 
REQUEST		Open Main Page Redirect 3	1605973694024	1605973694127	OK	 
REQUEST		Open Main Page Redirect 3	1605973694024	1605973694133	OK	 
REQUEST		Open Main Page Redirect 3	1605973694026	1605973694134	OK	 
REQUEST		Open Main Page Redirect 3	1605973694024	1605973694134	OK	 
REQUEST		Open Main Page Redirect 3	1605973694026	1605973694136	OK	 
REQUEST		Open Main Page Redirect 3	1605973694027	1605973694136	OK	 
REQUEST		Open Main Page Redirect 3	1605973694027	1605973694136	OK	 
REQUEST		Open Main Page Redirect 3	1605973694005	1605973694125	OK	 
REQUEST		Open Main Page Redirect 3	1605973694024	1605973694138	OK	 
REQUEST		Open Main Page Redirect 3	1605973694025	1605973694138	OK	 
REQUEST		Open Main Page Redirect 3	1605973694025	1605973694139	OK	 
REQUEST		Open Main Page Redirect 3	1605973694027	1605973694140	OK	 
REQUEST		Open Main Page Redirect 3	1605973694029	1605973694140	OK	 
REQUEST		Open Main Page Redirect 3	1605973694029	1605973694142	OK	 
REQUEST		Open Main Page Redirect 3	1605973694048	1605973694155	OK	 
REQUEST		Open Main Page Redirect 3	1605973694047	1605973694154	OK	 
REQUEST		Open Main Page Redirect 3	1605973694028	1605973694154	OK	 
REQUEST		Open Main Page Redirect 3	1605973694029	1605973694161	OK	 
REQUEST		Open Main Page Redirect 3	1605973694051	1605973694168	OK	 
REQUEST		Open Main Page Redirect 3	1605973694057	1605973694169	OK	 
REQUEST		Open Main Page Redirect 3	1605973694057	1605973694171	OK	 
REQUEST		Open Main Page Redirect 3	1605973694049	1605973694171	OK	 
REQUEST		Open Main Page Redirect 1	1605973693360	1605973694173	OK	 
REQUEST		Open Main Page Redirect 3	1605973694059	1605973694172	OK	 
REQUEST		Open Main Page Redirect 3	1605973694055	1605973694172	OK	 
REQUEST		Open Main Page Redirect 1	1605973693346	1605973694175	OK	 
REQUEST		Open Main Page Redirect 3	1605973694061	1605973694175	OK	 
REQUEST		Open Main Page Redirect 3	1605973694048	1605973694175	OK	 
REQUEST		Open Main Page Redirect 3	1605973694054	1605973694176	OK	 
REQUEST		Open Main Page Redirect 3	1605973694060	1605973694177	OK	 
REQUEST		Open Main Page Redirect 3	1605973694062	1605973694179	OK	 
REQUEST		Open Main Page Redirect 3	1605973694068	1605973694179	OK	 
REQUEST		Open Main Page Redirect 3	1605973694063	1605973694179	OK	 
REQUEST		Open Main Page Redirect 3	1605973694066	1605973694181	OK	 
REQUEST		Open Main Page Redirect 2	1605973694078	1605973694185	OK	 
REQUEST		Open Main Page	1605973692623	1605973694186	OK	 
REQUEST		Open Main Page Redirect 3	1605973694087	1605973694185	OK	 
REQUEST		Open Main Page Redirect 3	1605973694070	1605973694186	OK	 
REQUEST		Open Main Page Redirect 3	1605973694088	1605973694188	OK	 
REQUEST		Open Main Page Redirect 3	1605973694078	1605973694190	OK	 
REQUEST		Open Main Page Redirect 3	1605973694076	1605973694191	OK	 
REQUEST		Open Main Page Redirect 3	1605973694085	1605973694193	OK	 
REQUEST		Open Main Page Redirect 3	1605973694089	1605973694205	OK	 
REQUEST		Open Main Page Redirect 3	1605973694062	1605973694205	OK	 
REQUEST		Open Main Page	1605973692595	1605973694221	OK	 
REQUEST		Open Main Page Redirect 4	1605973694066	1605973694259	OK	 
REQUEST		Open Main Page Redirect 4	1605973694061	1605973694255	OK	 
REQUEST		Open Main Page Redirect 4	1605973694067	1605973694256	OK	 
REQUEST		Open Main Page Redirect 4	1605973694076	1605973694266	OK	 
REQUEST		Open Main Page Redirect 4	1605973694076	1605973694272	OK	 
REQUEST		Open Main Page Redirect 4	1605973694068	1605973694292	OK	 
REQUEST		Open Main Page Redirect 4	1605973694067	1605973694295	OK	 
REQUEST		Open Main Page Redirect 4	1605973694070	1605973694297	OK	 
REQUEST		Open Main Page Redirect 4	1605973694111	1605973694301	OK	 
REQUEST		Open Main Page Redirect 4	1605973694088	1605973694305	OK	 
REQUEST		Open Main Page Redirect 4	1605973694068	1605973694305	OK	 
REQUEST		Open Main Page Redirect 3	1605973694114	1605973694305	OK	 
REQUEST		Open Main Page Redirect 4	1605973694082	1605973694318	OK	 
REQUEST		Open Main Page Redirect 4	1605973694069	1605973694322	OK	 
REQUEST		Open Main Page Redirect 4	1605973694090	1605973694326	OK	 
REQUEST		Open Main Page Redirect 4	1605973694113	1605973694336	OK	 
REQUEST		Open Main Page Redirect 4	1605973694074	1605973694338	OK	 
REQUEST		Open Main Page Redirect 4	1605973694092	1605973694345	OK	 
REQUEST		Open Main Page Redirect 4	1605973694091	1605973694354	OK	 
REQUEST		Open Main Page Redirect 4	1605973694101	1605973694356	OK	 
REQUEST		Open Main Page Redirect 4	1605973694088	1605973694356	OK	 
REQUEST		Open Main Page Redirect 4	1605973694086	1605973694367	OK	 
REQUEST		Open Main Page Redirect 4	1605973694095	1605973694367	OK	 
REQUEST		Open Main Page Redirect 4	1605973694096	1605973694369	OK	 
REQUEST		Open Main Page Redirect 4	1605973694113	1605973694374	OK	 
REQUEST		Open Main Page Redirect 4	1605973694087	1605973694375	OK	 
REQUEST		Open Main Page Redirect 4	1605973694093	1605973694377	OK	 
REQUEST		Open Main Page Redirect 4	1605973694113	1605973694378	OK	 
REQUEST		Open Main Page Redirect 4	1605973694091	1605973694383	OK	 
REQUEST		Open Main Page Redirect 4	1605973694110	1605973694385	OK	 
REQUEST		Open Main Page Redirect 4	1605973694109	1605973694387	OK	 
REQUEST		Open Main Page Redirect 4	1605973694087	1605973694389	OK	 
REQUEST		Open Main Page Redirect 4	1605973694115	1605973694393	OK	 
REQUEST		Open Main Page Redirect 4	1605973694099	1605973694393	OK	 
REQUEST		Open Main Page Redirect 4	1605973694111	1605973694425	OK	 
REQUEST		Open Main Page Redirect 4	1605973694084	1605973694425	OK	 
REQUEST		Open Main Page Redirect 4	1605973694092	1605973694426	OK	 
REQUEST		Open Main Page Redirect 4	1605973694119	1605973694431	OK	 
REQUEST		Open Main Page Redirect 4	1605973694104	1605973694448	OK	 
REQUEST		Open Main Page Redirect 4	1605973694117	1605973694450	OK	 
REQUEST		Open Main Page Redirect 2	1605973694174	1605973694453	OK	 
REQUEST		Open Main Page Redirect 4	1605973694132	1605973694454	OK	 
REQUEST		Open Main Page Redirect 2	1605973694175	1605973694454	OK	 
REQUEST		Open Main Page Redirect 4	1605973694139	1605973694474	OK	 
REQUEST		Open Main Page Redirect 4	1605973694131	1605973694515	OK	 
REQUEST		Open Main Page Redirect 4	1605973694127	1605973694516	OK	 
REQUEST		Open Main Page Redirect 4	1605973694137	1605973694530	OK	 
REQUEST		Open Main Page Redirect 4	1605973694170	1605973694531	OK	 
REQUEST		Open Main Page Redirect 4	1605973694158	1605973694531	OK	 
REQUEST		Open Main Page Redirect 4	1605973694157	1605973694540	OK	 
REQUEST		Open Main Page Redirect 4	1605973694137	1605973694545	OK	 
REQUEST		Open Main Page Redirect 4	1605973694139	1605973694549	OK	 
REQUEST		Open Main Page Redirect 4	1605973694172	1605973694549	OK	 
REQUEST		Open Main Page Redirect 4	1605973694135	1605973694549	OK	 
REQUEST		Open Main Page Redirect 4	1605973694174	1605973694554	OK	 
REQUEST		Open Main Page Redirect 4	1605973694142	1605973694553	OK	 
REQUEST		Open Main Page Redirect 3	1605973694185	1605973694553	OK	 
REQUEST		Open Main Page Redirect 4	1605973694135	1605973694563	OK	 
REQUEST		Open Main Page Redirect 4	1605973694162	1605973694563	OK	 
REQUEST		Open Main Page Redirect 4	1605973694159	1605973694568	OK	 
REQUEST		Open Main Page Redirect 4	1605973694135	1605973694571	OK	 
REQUEST		Open Main Page Redirect 4	1605973694133	1605973694571	OK	 
REQUEST		Open Main Page Redirect 4	1605973694134	1605973694579	OK	 
REQUEST		Open Main Page Redirect 4	1605973694142	1605973694585	OK	 
REQUEST		Open Main Page Redirect 4	1605973694131	1605973694588	OK	 
REQUEST		Open Main Page Redirect 4	1605973694170	1605973694588	OK	 
REQUEST		Open Main Page Redirect 4	1605973694133	1605973694589	OK	 
REQUEST		Open Main Page Redirect 4	1605973694129	1605973694599	OK	 
REQUEST		Open Main Page Redirect 4	1605973694082	1605973694607	OK	 
REQUEST		Open Main Page Redirect 4	1605973694176	1605973694607	OK	 
REQUEST		Open Main Page Redirect 4	1605973694128	1605973694607	OK	 
REQUEST		Open Main Page Redirect 4	1605973694133	1605973694610	OK	 
REQUEST		Open Main Page Redirect 4	1605973694180	1605973694611	OK	 
REQUEST		Open Main Page Redirect 4	1605973694187	1605973694612	OK	 
REQUEST		Open Main Page Redirect 4	1605973694144	1605973694640	OK	 
REQUEST		Open Main Page Redirect 4	1605973694180	1605973694640	OK	 
REQUEST		Open Main Page Redirect 4	1605973694178	1605973694644	OK	 
REQUEST		Open Main Page Redirect 4	1605973694173	1605973694644	OK	 
REQUEST		Open Main Page Redirect 4	1605973694188	1605973694650	OK	 
REQUEST		Open Main Page Redirect 4	1605973694135	1605973694651	OK	 
REQUEST		Open Main Page Redirect 4	1605973694191	1605973694650	OK	 
REQUEST		Open Main Page Redirect 4	1605973694172	1605973694651	OK	 
REQUEST		Open Main Page Redirect 4	1605973694181	1605973694726	OK	 
REQUEST		Open Main Page Redirect 4	1605973694140	1605973694729	OK	 
REQUEST		Open Main Page Redirect 4	1605973694182	1605973694728	OK	 
REQUEST		Open Main Page Redirect 4	1605973694178	1605973694729	OK	 
REQUEST		Open Main Page Redirect 4	1605973694190	1605973694732	OK	 
REQUEST		Open Main Page Redirect 4	1605973694138	1605973694734	OK	 
REQUEST		Open Main Page Redirect 4	1605973694192	1605973694735	OK	 
REQUEST		Open Main Page Redirect 4	1605973694176	1605973694742	OK	 
REQUEST		Open Main Page Redirect 4	1605973694194	1605973694744	OK	 
REQUEST		Open Main Page Redirect 4	1605973694207	1605973694748	OK	 
REQUEST		Login	1605973694271	1605973694747	OK	 
REQUEST		Login	1605973694271	1605973694747	OK	 
REQUEST		Login	1605973694271	1605973694747	OK	 
REQUEST		Login	1605973694271	1605973694748	OK	 
REQUEST		Open Main Page Redirect 4	1605973694207	1605973694750	OK	 
REQUEST		Login	1605973694273	1605973694754	OK	 
REQUEST		Login	1605973694306	1605973694754	OK	 
REQUEST		Login	1605973694293	1605973694754	OK	 
REQUEST		Login	1605973694327	1605973694754	OK	 
REQUEST		Login	1605973694298	1605973694756	OK	 
REQUEST		Login	1605973694302	1605973694756	OK	 
REQUEST		Login	1605973694355	1605973694757	OK	 
REQUEST		Login	1605973694306	1605973694757	OK	 
REQUEST		Login	1605973694323	1605973694758	OK	 
REQUEST		Login	1605973694376	1605973694759	OK	 
REQUEST		Login	1605973694376	1605973694759	OK	 
REQUEST		Open Main Page Redirect 4	1605973694308	1605973694760	OK	 
REQUEST		Login	1605973694319	1605973694760	OK	 
REQUEST		Login	1605973694384	1605973694761	OK	 
REQUEST		Login	1605973694377	1605973694761	OK	 
REQUEST		Login	1605973694390	1605973694761	OK	 
REQUEST		Login	1605973694357	1605973694761	OK	 
REQUEST		Login	1605973694370	1605973694762	OK	 
REQUEST		Login	1605973694427	1605973694762	OK	 
REQUEST		Login	1605973694347	1605973694764	OK	 
REQUEST		Login	1605973694368	1605973694764	OK	 
REQUEST		Login	1605973694386	1605973694765	OK	 
REQUEST		Login	1605973694428	1605973694766	OK	 
REQUEST		Login	1605973694357	1605973694766	OK	 
REQUEST		Login	1605973694427	1605973694766	OK	 
REQUEST		Open Main Page Redirect 3	1605973694453	1605973694767	OK	 
REQUEST		Login	1605973694455	1605973694764	OK	 
REQUEST		Open Main Page Redirect 4	1605973694113	1605973694768	OK	 
REQUEST		Login	1605973694379	1605973694768	OK	 
REQUEST		Login	1605973694368	1605973694770	OK	 
REQUEST		Login	1605973694339	1605973694770	OK	 
REQUEST		Login	1605973694389	1605973694770	OK	 
REQUEST		Login	1605973694452	1605973694770	OK	 
REQUEST		Login	1605973694394	1605973694771	OK	 
REQUEST		Open Main Page Redirect 3	1605973694455	1605973694771	OK	 
REQUEST		Login	1605973694394	1605973694771	OK	 
REQUEST		Login	1605973694449	1605973694772	OK	 
REQUEST		Login	1605973694432	1605973694772	OK	 
REQUEST		Login	1605973694297	1605973694772	OK	 
REQUEST		Login	1605973694337	1605973694774	OK	 
REQUEST		Login	1605973694475	1605973694775	OK	 
REQUEST		Open Main Page Redirect 4	1605973694117	1605973694784	OK	 
REQUEST		Open Main Page Redirect 4	1605973694111	1605973694786	OK	 
REQUEST		Login	1605973694517	1605973694786	OK	 
REQUEST		Login	1605973694516	1605973694786	OK	 
REQUEST		Login	1605973694550	1605973694786	OK	 
REQUEST		Login	1605973694532	1605973694788	OK	 
REQUEST		Login	1605973694572	1605973694789	OK	 
REQUEST		Login	1605973694564	1605973694789	OK	 
REQUEST		Login	1605973694552	1605973694789	OK	 
REQUEST		Login	1605973694554	1605973694789	OK	 
REQUEST		Login	1605973694572	1605973694791	OK	 
REQUEST		Login	1605973694568	1605973694791	OK	 
REQUEST		Login	1605973694531	1605973694792	OK	 
REQUEST		Login	1605973694546	1605973694792	OK	 
REQUEST		Login	1605973694590	1605973694792	OK	 
REQUEST		Login	1605973694600	1605973694793	OK	 
REQUEST		Login	1605973694564	1605973694793	OK	 
REQUEST		Login	1605973694611	1605973694795	OK	 
REQUEST		Login	1605973694607	1605973694795	OK	 
REQUEST		Login	1605973694607	1605973694795	OK	 
REQUEST		Open Main Page Redirect 3	1605973694069	1605973694793	OK	 
REQUEST		Open Main Page Redirect 4	1605973694555	1605973694796	OK	 
REQUEST		Login	1605973694609	1605973694797	OK	 
REQUEST		Login	1605973694551	1605973694797	OK	 
REQUEST		Login	1605973694579	1605973694797	OK	 
REQUEST		Login	1605973694541	1605973694799	OK	 
REQUEST		Login	1605973694586	1605973694799	OK	 
REQUEST		Login	1605973694554	1605973694801	OK	 
REQUEST		Login	1605973694589	1605973694803	OK	 
REQUEST		Login	1605973694590	1605973694805	OK	 
REQUEST		Login	1605973694613	1605973694924	OK	 
REQUEST		Login	1605973694612	1605973694924	OK	 
REQUEST		Login	1605973694641	1605973694924	OK	 
REQUEST		Login	1605973694641	1605973694926	OK	 
REQUEST		Login	1605973694651	1605973694959	OK	 
REQUEST		Login	1605973694651	1605973694959	OK	 
REQUEST		Login	1605973694644	1605973694959	OK	 
REQUEST		Login	1605973694651	1605973694959	OK	 
REQUEST		Login	1605973694730	1605973694961	OK	 
REQUEST		Login	1605973694728	1605973694959	OK	 
REQUEST		Login	1605973694730	1605973694962	OK	 
REQUEST		Login	1605973694730	1605973694964	OK	 
REQUEST		Login	1605973694734	1605973694965	OK	 
REQUEST		Login Redirect 1	1605973694749	1605973694965	OK	 
REQUEST		Login	1605973694749	1605973694966	OK	 
REQUEST		Login	1605973694645	1605973694958	OK	 
REQUEST		Login Redirect 1	1605973694754	1605973694966	OK	 
REQUEST		Login Redirect 1	1605973694757	1605973694967	OK	 
REQUEST		Login	1605973694652	1605973694967	OK	 
REQUEST		Login Redirect 1	1605973694755	1605973694967	OK	 
REQUEST		Login Redirect 1	1605973694760	1605973694968	OK	 
REQUEST		Login Redirect 1	1605973694757	1605973694970	OK	 
REQUEST		Login Redirect 1	1605973694756	1605973694967	OK	 
REQUEST		Login	1605973694734	1605973694971	OK	 
REQUEST		Login	1605973694736	1605973694973	OK	 
REQUEST		Login Redirect 1	1605973694749	1605973694965	OK	 
REQUEST		Login Redirect 1	1605973694756	1605973694975	OK	 
REQUEST		Login	1605973694744	1605973694975	OK	 
REQUEST		Login Redirect 1	1605973694761	1605973694976	OK	 
REQUEST		Login Redirect 1	1605973694749	1605973694966	OK	 
REQUEST		Login Redirect 1	1605973694759	1605973694977	OK	 
REQUEST		Login	1605973694760	1605973694979	OK	 
REQUEST		Login	1605973694751	1605973694980	OK	 
REQUEST		Login Redirect 1	1605973694755	1605973694982	OK	 
REQUEST		Login Redirect 1	1605973694762	1605973694983	OK	 
REQUEST		Login Redirect 1	1605973694765	1605973694984	OK	 
REQUEST		Login Redirect 1	1605973694760	1605973694983	OK	 
REQUEST		Login Redirect 1	1605973694758	1605973694986	OK	 
REQUEST		Login Redirect 1	1605973694761	1605973694987	OK	 
REQUEST		Login Redirect 1	1605973694766	1605973694987	OK	 
REQUEST		Login Redirect 1	1605973694770	1605973694989	OK	 
REQUEST		Login Redirect 1	1605973694763	1605973694989	OK	 
REQUEST		Login Redirect 1	1605973694772	1605973694990	OK	 
REQUEST		Login Redirect 1	1605973694773	1605973694991	OK	 
REQUEST		Login Redirect 1	1605973694768	1605973694990	OK	 
REQUEST		Open Main Page Redirect 4	1605973694139	1605973694995	OK	 
REQUEST		Login Redirect 1	1605973694761	1605973694995	OK	 
REQUEST		Login Redirect 1	1605973694765	1605973694995	OK	 
REQUEST		Login Redirect 1	1605973694787	1605973694996	OK	 
REQUEST		Login Redirect 1	1605973694763	1605973694996	OK	 
REQUEST		Login Redirect 1	1605973694765	1605973694996	OK	 
REQUEST		Login Redirect 1	1605973694791	1605973694997	OK	 
REQUEST		Login	1605973694769	1605973694998	OK	 
REQUEST		Login Redirect 1	1605973694766	1605973694998	OK	 
REQUEST		Login Redirect 1	1605973694761	1605973694999	OK	 
REQUEST		Login Redirect 1	1605973694787	1605973694999	OK	 
REQUEST		Login Redirect 1	1605973694767	1605973694999	OK	 
REQUEST		Login Redirect 1	1605973694787	1605973695000	OK	 
REQUEST		Login Redirect 1	1605973694790	1605973695000	OK	 
REQUEST		Login Redirect 1	1605973694771	1605973694999	OK	 
REQUEST		Login Redirect 1	1605973694791	1605973695001	OK	 
REQUEST		Login Redirect 1	1605973694790	1605973695000	OK	 
REQUEST		Login Redirect 1	1605973694793	1605973695002	OK	 
REQUEST		Login Redirect 1	1605973694791	1605973695002	OK	 
REQUEST		Login Redirect 1	1605973694769	1605973695002	OK	 
REQUEST		Login Redirect 1	1605973694770	1605973694999	OK	 
REQUEST		Login Redirect 1	1605973694793	1605973695003	OK	 
REQUEST		Open Main Page Redirect 4	1605973694768	1605973695005	OK	 
REQUEST		Open Main Page Redirect 4	1605973694772	1605973695006	OK	 
REQUEST		Login Redirect 1	1605973694770	1605973695003	OK	 
REQUEST		Login Redirect 1	1605973694772	1605973695007	OK	 
REQUEST		Login	1605973694743	1605973694966	OK	 
REQUEST		Login Redirect 1	1605973694773	1605973695008	OK	 
REQUEST		Login	1605973694785	1605973695012	OK	 
REQUEST		Login	1605973694787	1605973695014	OK	 
REQUEST		Login Redirect 1	1605973694750	1605973695009	OK	 
REQUEST		Login Redirect 1	1605973694788	1605973695016	OK	 
REQUEST		Login Redirect 1	1605973694791	1605973695019	OK	 
REQUEST		Login Redirect 1	1605973694774	1605973695017	OK	 
REQUEST		Login Redirect 1	1605973694773	1605973695021	OK	 
REQUEST		Login Redirect 1	1605973694776	1605973695022	OK	 
REQUEST		Login Redirect 1	1605973694795	1605973695026	OK	 
REQUEST		Login Redirect 1	1605973694796	1605973695028	OK	 
REQUEST		Login Redirect 1	1605973694796	1605973695028	OK	 
REQUEST		Login	1605973694797	1605973695031	OK	 
REQUEST		Login Redirect 1	1605973694795	1605973695032	OK	 
REQUEST		Login Redirect 1	1605973694804	1605973695094	OK	 
REQUEST		Login Redirect 1	1605973694798	1605973695095	OK	 
REQUEST		Login Redirect 1	1605973694800	1605973695096	OK	 
REQUEST		Login Redirect 1	1605973694806	1605973695098	OK	 
REQUEST		Login Redirect 1	1605973694798	1605973695102	OK	 
REQUEST		Login Redirect 1	1605973694802	1605973695104	OK	 
REQUEST		Login Redirect 1	1605973694800	1605973695106	OK	 
REQUEST		Login Redirect 1	1605973694960	1605973695118	OK	 
REQUEST		Login Redirect 1	1605973694962	1605973695119	OK	 
REQUEST		Login Redirect 1	1605973694965	1605973695120	OK	 
REQUEST		Login Redirect 1	1605973694963	1605973695120	OK	 
REQUEST		Login Redirect 1	1605973694966	1605973695121	OK	 
REQUEST		Login Redirect 1	1605973694962	1605973695121	OK	 
REQUEST		Login Redirect 1	1605973694927	1605973695115	OK	 
REQUEST		Login Redirect 1	1605973694960	1605973695122	OK	 
REQUEST		Login Redirect 1	1605973694925	1605973695128	OK	 
REQUEST		Login Redirect 1	1605973694797	1605973695114	OK	 
REQUEST		Login Redirect 1	1605973694966	1605973695129	OK	 
REQUEST		Login Redirect 2	1605973694966	1605973695131	OK	 
REQUEST		Login	1605973694532	1605973695131	OK	 
REQUEST		Login Redirect 1	1605973694960	1605973695133	OK	 
REQUEST		Login Redirect 1	1605973694966	1605973695135	OK	 
REQUEST		Login Redirect 2	1605973694968	1605973695143	OK	 
REQUEST		Login Redirect 2	1605973694972	1605973695145	OK	 
REQUEST		Login Redirect 2	1605973694969	1605973695146	OK	 
REQUEST		Login Redirect 1	1605973694972	1605973695147	OK	 
REQUEST		Login Redirect 2	1605973694975	1605973695147	OK	 
REQUEST		Login Redirect 1	1605973694974	1605973695148	OK	 
REQUEST		Login Redirect 2	1605973694977	1605973695148	OK	 
REQUEST		Login Redirect 1	1605973694969	1605973695154	OK	 
REQUEST		Login Redirect 2	1605973694970	1605973695154	OK	 
REQUEST		Login Redirect 2	1605973694971	1605973695155	OK	 
REQUEST		Login Redirect 2	1605973694983	1605973695156	OK	 
REQUEST		Login Redirect 2	1605973694988	1605973695169	OK	 
REQUEST		Login Redirect 2	1605973694977	1605973695171	OK	 
REQUEST		Login Redirect 2	1605973694978	1605973695169	OK	 
REQUEST		Login Redirect 1	1605973694981	1605973695172	OK	 
REQUEST		Login Redirect 2	1605973695001	1605973695176	OK	 
REQUEST		Login Redirect 2	1605973694989	1605973695176	OK	 
REQUEST		Login Redirect 2	1605973694983	1605973695177	OK	 
REQUEST		Login Redirect 2	1605973695003	1605973695177	OK	 
REQUEST		Login Redirect 2	1605973694994	1605973695179	OK	 
REQUEST		Login Redirect 2	1605973694985	1605973695181	OK	 
REQUEST		Login Redirect 2	1605973695001	1605973695185	OK	 
REQUEST		Login Redirect 1	1605973695008	1605973695192	OK	 
REQUEST		Login Redirect 1	1605973694979	1605973695188	OK	 
REQUEST		Login Redirect 1	1605973694999	1605973695188	OK	 
REQUEST		Login Redirect 2	1605973694997	1605973695195	OK	 
REQUEST		Login Redirect 2	1605973695000	1605973695197	OK	 
REQUEST		Login	1605973694996	1605973695201	OK	 
REQUEST		Login Redirect 2	1605973694997	1605973695203	OK	 
REQUEST		Login Redirect 2	1605973695002	1605973695205	OK	 
REQUEST		Login Redirect 2	1605973695017	1605973695208	OK	 
REQUEST		Login Redirect 2	1605973694974	1605973695196	OK	 
REQUEST		Login Redirect 2	1605973694996	1605973695210	OK	 
REQUEST		Login Redirect 2	1605973695003	1605973695210	OK	 
REQUEST		Login Redirect 2	1605973694987	1605973695212	OK	 
REQUEST		Login Redirect 2	1605973694999	1605973695212	OK	 
REQUEST		Login Redirect 2	1605973694988	1605973695213	OK	 
REQUEST		Login Redirect 2	1605973694990	1605973695217	OK	 
REQUEST		Login Redirect 1	1605973694975	1605973695218	OK	 
REQUEST		Login Redirect 2	1605973694995	1605973695219	OK	 
REQUEST		Login Redirect 2	1605973694989	1605973695219	OK	 
REQUEST		Login Redirect 2	1605973694997	1605973695220	OK	 
REQUEST		Login Redirect 2	1605973695004	1605973695217	OK	 
REQUEST		Login Redirect 2	1605973694992	1605973695221	OK	 
REQUEST		Login Redirect 2	1605973694999	1605973695221	OK	 
REQUEST		Login Redirect 2	1605973694998	1605973695222	OK	 
REQUEST		Login Redirect 2	1605973695000	1605973695222	OK	 
REQUEST		Login Redirect 2	1605973695008	1605973695223	OK	 
REQUEST		Login Redirect 2	1605973695005	1605973695224	OK	 
REQUEST		Login Redirect 2	1605973695003	1605973695224	OK	 
REQUEST		Login Redirect 2	1605973694985	1605973695225	OK	 
REQUEST		Login Redirect 2	1605973695006	1605973695225	OK	 
REQUEST		Open Main Page Redirect 1	1605973694186	1605973695225	OK	 
REQUEST		Login Redirect 2	1605973695002	1605973695226	OK	 
REQUEST		Login Redirect 1	1605973695015	1605973695226	OK	 
REQUEST		Login Redirect 1	1605973695013	1605973695227	OK	 
REQUEST		Login	1605973695005	1605973695227	OK	 
REQUEST		Login	1605973695006	1605973695229	OK	 
REQUEST		Login Redirect 2	1605973695023	1605973695251	OK	 
REQUEST		Login Redirect 2	1605973695022	1605973695253	OK	 
REQUEST		Login Redirect 2	1605973695027	1605973695323	OK	 
REQUEST		Login Redirect 2	1605973695033	1605973695324	OK	 
REQUEST		Login Redirect 2	1605973695103	1605973695324	OK	 
REQUEST		Login Redirect 2	1605973695119	1605973695325	OK	 
REQUEST		Login Redirect 2	1605973695028	1605973695325	OK	 
REQUEST		Login Redirect 2	1605973695105	1605973695325	OK	 
REQUEST		Login Redirect 2	1605973695029	1605973695325	OK	 
REQUEST		Login Redirect 2	1605973695106	1605973695326	OK	 
REQUEST		Login Redirect 2	1605973695127	1605973695326	OK	 
REQUEST		Login Redirect 2	1605973695120	1605973695326	OK	 
REQUEST		Login Redirect 2	1605973695119	1605973695326	OK	 
REQUEST		Login Redirect 2	1605973695121	1605973695327	OK	 
REQUEST		Login Redirect 2	1605973695120	1605973695328	OK	 
REQUEST		Login Redirect 2	1605973695095	1605973695327	OK	 
REQUEST		Login Redirect 2	1605973695129	1605973695327	OK	 
REQUEST		Login Redirect 2	1605973695136	1605973695329	OK	 
REQUEST		Login Redirect 3	1605973695131	1605973695329	OK	 
REQUEST		Login Redirect 2	1605973695155	1605973695329	OK	 
REQUEST		Login Redirect 3	1605973695144	1605973695330	OK	 
REQUEST		Open Main Page Redirect 1	1605973694221	1605973695332	OK	 
REQUEST		Login Redirect 3	1605973695154	1605973695332	OK	 
REQUEST		Login Redirect 3	1605973695155	1605973695332	OK	 
REQUEST		Login Redirect 2	1605973695097	1605973695333	OK	 
REQUEST		Login Redirect 2	1605973695135	1605973695333	OK	 
REQUEST		Login Redirect 2	1605973695148	1605973695333	OK	 
REQUEST		Login Redirect 2	1605973695121	1605973695333	OK	 
REQUEST		Login Redirect 2	1605973695097	1605973695334	OK	 
REQUEST		Login Redirect 1	1605973695132	1605973695334	OK	 
REQUEST		Login Redirect 3	1605973695179	1605973695334	OK	 
REQUEST		Login Redirect 3	1605973695156	1605973695335	OK	 
REQUEST		Login Redirect 3	1605973695177	1605973695337	OK	 
REQUEST		Login Redirect 3	1605973695176	1605973695337	OK	 
REQUEST		Login Redirect 3	1605973695145	1605973695337	OK	 
REQUEST		Login Redirect 3	1605973695170	1605973695338	OK	 
REQUEST		Login Redirect 2	1605973695154	1605973695341	OK	 
REQUEST		Login Redirect 1	1605973695031	1605973695345	OK	 
REQUEST		Login Redirect 3	1605973695176	1605973695345	OK	 
REQUEST		Login Redirect 3	1605973695147	1605973695346	OK	 
REQUEST		Login Redirect 2	1605973695129	1605973695347	OK	 
REQUEST		Login Redirect 3	1605973695171	1605973695346	OK	 
REQUEST		Login Redirect 2	1605973695123	1605973695347	OK	 
REQUEST		Login Redirect 2	1605973695194	1605973695347	OK	 
REQUEST		Login Redirect 2	1605973695100	1605973695348	OK	 
REQUEST		Login Redirect 3	1605973695186	1605973695348	OK	 
REQUEST		Login Redirect 3	1605973695172	1605973695348	OK	 
REQUEST		Login Redirect 2	1605973695194	1605973695349	OK	 
REQUEST		Login Redirect 3	1605973695210	1605973695350	OK	 
REQUEST		Login Redirect 3	1605973695184	1605973695350	OK	 
REQUEST		Login Redirect 3	1605973695197	1605973695351	OK	 
REQUEST		Login Redirect 2	1605973695173	1605973695351	OK	 
REQUEST		Login Redirect 2	1605973695193	1605973695352	OK	 
REQUEST		Login Redirect 1	1605973695203	1605973695352	OK	 
REQUEST		Login Redirect 3	1605973695180	1605973695352	OK	 
REQUEST		Login Redirect 3	1605973695211	1605973695351	OK	 
REQUEST		Login Redirect 3	1605973695204	1605973695353	OK	 
REQUEST		Login Redirect 3	1605973695209	1605973695355	OK	 
REQUEST		Login Redirect 3	1605973695213	1605973695355	OK	 
REQUEST		Login Redirect 3	1605973695211	1605973695358	OK	 
REQUEST		Login Redirect 3	1605973695146	1605973695367	OK	 
REQUEST		Login Redirect 3	1605973695156	1605973695370	OK	 
REQUEST		Login Redirect 2	1605973695130	1605973695371	OK	 
REQUEST		Login Redirect 3	1605973695216	1605973695372	OK	 
REQUEST		Login Redirect 2	1605973695218	1605973695372	OK	 
REQUEST		Login Redirect 3	1605973695218	1605973695374	OK	 
REQUEST		Login Redirect 3	1605973695220	1605973695375	OK	 
REQUEST		Login Redirect 3	1605973695221	1605973695377	OK	 
REQUEST		Login Redirect 3	1605973695220	1605973695377	OK	 
REQUEST		Login Redirect 3	1605973695222	1605973695378	OK	 
REQUEST		Login Redirect 3	1605973695222	1605973695380	OK	 
REQUEST		Login Redirect 3	1605973695222	1605973695393	OK	 
REQUEST		Login Redirect 3	1605973695225	1605973695394	OK	 
REQUEST		Login Redirect 3	1605973695223	1605973695394	OK	 
REQUEST		Login Redirect 3	1605973695223	1605973695401	OK	 
REQUEST		Open Main Page Redirect 2	1605973695226	1605973695416	OK	 
REQUEST		Login Redirect 3	1605973695253	1605973695416	OK	 
REQUEST		Login Redirect 1	1605973695228	1605973695417	OK	 
REQUEST		Login Redirect 1	1605973695229	1605973695419	OK	 
REQUEST		Login Redirect 2	1605973695228	1605973695419	OK	 
REQUEST		Login Redirect 3	1605973695226	1605973695420	OK	 
REQUEST		Login Redirect 3	1605973695226	1605973695420	OK	 
REQUEST		Login Redirect 2	1605973695227	1605973695421	OK	 
REQUEST		Login Redirect 3	1605973695227	1605973695421	OK	 
REQUEST		Login Redirect 3	1605973695252	1605973695441	OK	 
REQUEST		Login Redirect 3	1605973695323	1605973695464	OK	 
REQUEST		Login Redirect 3	1605973695326	1605973695464	OK	 
REQUEST		Login Redirect 3	1605973695325	1605973695465	OK	 
REQUEST		Login Redirect 3	1605973695325	1605973695464	OK	 
REQUEST		Login Redirect 3	1605973695326	1605973695467	OK	 
REQUEST		Login Redirect 3	1605973695326	1605973695467	OK	 
REQUEST		Login Redirect 3	1605973695326	1605973695467	OK	 
REQUEST		Login Redirect 3	1605973695327	1605973695497	OK	 
REQUEST		Login Redirect 3	1605973695328	1605973695497	OK	 
REQUEST		Login Redirect 3	1605973695327	1605973695497	OK	 
REQUEST		Open Main Page Redirect 2	1605973695333	1605973695500	OK	 
REQUEST		Login Redirect 3	1605973695327	1605973695499	OK	 
REQUEST		Login Redirect 3	1605973695329	1605973695500	OK	 
REQUEST		Login Redirect 3	1605973695328	1605973695501	OK	 
REQUEST		Login Redirect 3	1605973695328	1605973695502	OK	 
REQUEST		Login Redirect 3	1605973695334	1605973695505	OK	 
REQUEST		Login Redirect 2	1605973695335	1605973695505	OK	 
REQUEST		Login Redirect 3	1605973695334	1605973695505	OK	 
REQUEST		Login Redirect 3	1605973695330	1605973695504	OK	 
REQUEST		Login Redirect 3	1605973695334	1605973695507	OK	 
REQUEST		Login Redirect 3	1605973695334	1605973695507	OK	 
REQUEST		Login Redirect 4	1605973695330	1605973695509	KO	jsonPath($..token).find.exists preparation crashed: Jackson failed to parse into a valid AST: c.f.j.c.JsonParseException: Unexpected character ('<' (code 60)): expected a valid value (JSON String, Number, Array, Object or token 'null', 'true' or 'false')  at [Source: (SequenceInputStream); line: 1, column: 2]
REQUEST		Login Redirect 4	1605973695333	1605973695552	KO	jsonPath($..token).find.exists preparation crashed: Jackson failed to parse into a valid AST: c.f.j.c.JsonParseException: Unexpected character ('<' (code 60)): expected a valid value (JSON String, Number, Array, Object or token 'null', 'true' or 'false')  at [Source: (SequenceInputStream); line: 1, column: 2]
REQUEST		Login Redirect 3	1605973695342	1605973695553	OK	 
REQUEST		Login Redirect 4	1605973695332	1605973695555	KO	jsonPath($..token).find.exists preparation crashed: Jackson failed to parse into a valid AST: c.f.j.c.JsonParseException: Unexpected character ('<' (code 60)): expected a valid value (JSON String, Number, Array, Object or token 'null', 'true' or 'false')  at [Source: (SequenceInputStream); line: 1, column: 2]
REQUEST		Login Redirect 2	1605973695346	1605973695556	OK	 
REQUEST		Login Redirect 4	1605973695337	1605973695574	KO	jsonPath($..token).find.exists preparation crashed: Jackson failed to parse into a valid AST: c.f.j.c.JsonParseException: Unexpected character ('<' (code 60)): expected a valid value (JSON String, Number, Array, Object or token 'null', 'true' or 'false')  at [Source: (SequenceInputStream); line: 1, column: 2]
REQUEST		Login Redirect 4	1605973695337	1605973695576	KO	jsonPath($..token).find.exists preparation crashed: Jackson failed to parse into a valid AST: c.f.j.c.JsonParseException: Unexpected character ('<' (code 60)): expected a valid value (JSON String, Number, Array, Object or token 'null', 'true' or 'false')  at [Source: (SequenceInputStream); line: 1, column: 2]
REQUEST		Login Redirect 4	1605973695331	1605973695579	KO	jsonPath($..token).find.exists preparation crashed: Jackson failed to parse into a valid AST: c.f.j.c.JsonParseException: Unexpected character ('<' (code 60)): expected a valid value (JSON String, Number, Array, Object or token 'null', 'true' or 'false')  at [Source: (SequenceInputStream); line: 1, column: 2]
REQUEST		Login Redirect 3	1605973695335	1605973695573	OK	 
REQUEST		Login Redirect 4	1605973695336	1605973695594	KO	jsonPath($..token).find.exists preparation crashed: Jackson failed to parse into a valid AST: c.f.j.c.JsonParseException: Unexpected character ('<' (code 60)): expected a valid value (JSON String, Number, Array, Object or token 'null', 'true' or 'false')  at [Source: (SequenceInputStream); line: 1, column: 2]
REQUEST		Login Redirect 4	1605973695338	1605973695594	KO	jsonPath($..token).find.exists preparation crashed: Jackson failed to parse into a valid AST: c.f.j.c.JsonParseException: Unexpected character ('<' (code 60)): expected a valid value (JSON String, Number, Array, Object or token 'null', 'true' or 'false')  at [Source: (SequenceInputStream); line: 1, column: 2]
REQUEST		Login Redirect 4	1605973695336	1605973695595	KO	jsonPath($..token).find.exists preparation crashed: Jackson failed to parse into a valid AST: c.f.j.c.JsonParseException: Unexpected character ('<' (code 60)): expected a valid value (JSON String, Number, Array, Object or token 'null', 'true' or 'false')  at [Source: (SequenceInputStream); line: 1, column: 2]
REQUEST		Login Redirect 3	1605973695348	1605973695598	OK	 
REQUEST		Login Redirect 3	1605973695348	1605973695598	OK	 
REQUEST		Login Redirect 4	1605973695347	1605973695602	KO	jsonPath($..token).find.exists preparation crashed: Jackson failed to parse into a valid AST: c.f.j.c.JsonParseException: Unexpected character ('<' (code 60)): expected a valid value (JSON String, Number, Array, Object or token 'null', 'true' or 'false')  at [Source: (SequenceInputStream); line: 1, column: 2]
REQUEST		Login Redirect 3	1605973695348	1605973695603	OK	 
REQUEST		Login Redirect 3	1605973695350	1605973695604	OK	 
REQUEST		Login Redirect 4	1605973695349	1605973695604	KO	jsonPath($..token).find.exists preparation crashed: Jackson failed to parse into a valid AST: c.f.j.c.JsonParseException: Unexpected character ('<' (code 60)): expected a valid value (JSON String, Number, Array, Object or token 'null', 'true' or 'false')  at [Source: (SequenceInputStream); line: 1, column: 2]
REQUEST		Login Redirect 4	1605973695339	1605973695603	KO	jsonPath($..token).find.exists preparation crashed: Jackson failed to parse into a valid AST: c.f.j.c.JsonParseException: Unexpected character ('<' (code 60)): expected a valid value (JSON String, Number, Array, Object or token 'null', 'true' or 'false')  at [Source: (SequenceInputStream); line: 1, column: 2]
REQUEST		Login Redirect 4	1605973695347	1605973695605	KO	jsonPath($..token).find.exists preparation crashed: Jackson failed to parse into a valid AST: c.f.j.c.JsonParseException: Unexpected character ('<' (code 60)): expected a valid value (JSON String, Number, Array, Object or token 'null', 'true' or 'false')  at [Source: (SequenceInputStream); line: 1, column: 2]
REQUEST		Login Redirect 2	1605973695353	1605973695608	OK	 
REQUEST		Login Redirect 4	1605973695349	1605973695608	KO	jsonPath($..token).find.exists preparation crashed: Jackson failed to parse into a valid AST: c.f.j.c.JsonParseException: Unexpected character ('<' (code 60)): expected a valid value (JSON String, Number, Array, Object or token 'null', 'true' or 'false')  at [Source: (SequenceInputStream); line: 1, column: 2]
REQUEST		Login Redirect 3	1605973695349	1605973695608	OK	 
REQUEST		Login Redirect 3	1605973695353	1605973695609	OK	 
REQUEST		Login Redirect 4	1605973695348	1605973695610	KO	jsonPath($..token).find.exists preparation crashed: Jackson failed to parse into a valid AST: c.f.j.c.JsonParseException: Unexpected character ('<' (code 60)): expected a valid value (JSON String, Number, Array, Object or token 'null', 'true' or 'false')  at [Source: (SequenceInputStream); line: 1, column: 2]
REQUEST		Login Redirect 4	1605973695351	1605973695612	KO	jsonPath($..token).find.exists preparation crashed: Jackson failed to parse into a valid AST: c.f.j.c.JsonParseException: Unexpected character ('<' (code 60)): expected a valid value (JSON String, Number, Array, Object or token 'null', 'true' or 'false')  at [Source: (SequenceInputStream); line: 1, column: 2]
REQUEST		Login Redirect 3	1605973695352	1605973695613	OK	 
REQUEST		Login Redirect 4	1605973695353	1605973695616	KO	jsonPath($..token).find.exists preparation crashed: Jackson failed to parse into a valid AST: c.f.j.c.JsonParseException: Unexpected character ('<' (code 60)): expected a valid value (JSON String, Number, Array, Object or token 'null', 'true' or 'false')  at [Source: (SequenceInputStream); line: 1, column: 2]
REQUEST		Login Redirect 4	1605973695352	1605973695620	KO	jsonPath($..token).find.exists preparation crashed: Jackson failed to parse into a valid AST: c.f.j.c.JsonParseException: Unexpected character ('<' (code 60)): expected a valid value (JSON String, Number, Array, Object or token 'null', 'true' or 'false')  at [Source: (SequenceInputStream); line: 1, column: 2]
REQUEST		Login Redirect 4	1605973695353	1605973695620	KO	jsonPath($..token).find.exists preparation crashed: Jackson failed to parse into a valid AST: c.f.j.c.JsonParseException: Unexpected character ('<' (code 60)): expected a valid value (JSON String, Number, Array, Object or token 'null', 'true' or 'false')  at [Source: (SequenceInputStream); line: 1, column: 2]
REQUEST		Login Redirect 4	1605973695355	1605973695624	KO	jsonPath($..token).find.exists preparation crashed: Jackson failed to parse into a valid AST: c.f.j.c.JsonParseException: Unexpected character ('<' (code 60)): expected a valid value (JSON String, Number, Array, Object or token 'null', 'true' or 'false')  at [Source: (SequenceInputStream); line: 1, column: 2]
REQUEST		Login Redirect 4	1605973695354	1605973695626	KO	jsonPath($..token).find.exists preparation crashed: Jackson failed to parse into a valid AST: c.f.j.c.JsonParseException: Unexpected character ('<' (code 60)): expected a valid value (JSON String, Number, Array, Object or token 'null', 'true' or 'false')  at [Source: (SequenceInputStream); line: 1, column: 2]
REQUEST		Login Redirect 3	1605973695372	1605973695626	OK	 
REQUEST		Login Redirect 3	1605973695373	1605973695628	OK	 
REQUEST		Login Redirect 4	1605973695359	1605973695640	KO	jsonPath($..token).find.exists preparation crashed: Jackson failed to parse into a valid AST: c.f.j.c.JsonParseException: Unexpected character ('<' (code 60)): expected a valid value (JSON String, Number, Array, Object or token 'null', 'true' or 'false')  at [Source: (SequenceInputStream); line: 1, column: 2]
REQUEST		Login Redirect 4	1605973695369	1605973695638	KO	jsonPath($..token).find.exists preparation crashed: Jackson failed to parse into a valid AST: c.f.j.c.JsonParseException: Unexpected character ('<' (code 60)): expected a valid value (JSON String, Number, Array, Object or token 'null', 'true' or 'false')  at [Source: (SequenceInputStream); line: 1, column: 2]
REQUEST		Login Redirect 4	1605973695355	1605973695654	KO	jsonPath($..token).find.exists preparation crashed: Jackson failed to parse into a valid AST: c.f.j.c.JsonParseException: Unexpected character ('<' (code 60)): expected a valid value (JSON String, Number, Array, Object or token 'null', 'true' or 'false')  at [Source: (SequenceInputStream); line: 1, column: 2]
REQUEST		Login Redirect 4	1605973695372	1605973695656	KO	jsonPath($..token).find.exists preparation crashed: Jackson failed to parse into a valid AST: c.f.j.c.JsonParseException: Unexpected character ('<' (code 60)): expected a valid value (JSON String, Number, Array, Object or token 'null', 'true' or 'false')  at [Source: (SequenceInputStream); line: 1, column: 2]
REQUEST		Login Redirect 4	1605973695380	1605973695671	KO	jsonPath($..token).find.exists preparation crashed: Jackson failed to parse into a valid AST: c.f.j.c.JsonParseException: Unexpected character ('<' (code 60)): expected a valid value (JSON String, Number, Array, Object or token 'null', 'true' or 'false')  at [Source: (SequenceInputStream); line: 1, column: 2]
REQUEST		Login Redirect 4	1605973695378	1605973695680	KO	jsonPath($..token).find.exists preparation crashed: Jackson failed to parse into a valid AST: c.f.j.c.JsonParseException: Unexpected character ('<' (code 60)): expected a valid value (JSON String, Number, Array, Object or token 'null', 'true' or 'false')  at [Source: (SequenceInputStream); line: 1, column: 2]
REQUEST		Login Redirect 4	1605973695376	1605973695680	KO	jsonPath($..token).find.exists preparation crashed: Jackson failed to parse into a valid AST: c.f.j.c.JsonParseException: Unexpected character ('<' (code 60)): expected a valid value (JSON String, Number, Array, Object or token 'null', 'true' or 'false')  at [Source: (SequenceInputStream); line: 1, column: 2]
REQUEST		Login Redirect 4	1605973695377	1605973695690	KO	jsonPath($..token).find.exists preparation crashed: Jackson failed to parse into a valid AST: c.f.j.c.JsonParseException: Unexpected character ('<' (code 60)): expected a valid value (JSON String, Number, Array, Object or token 'null', 'true' or 'false')  at [Source: (SequenceInputStream); line: 1, column: 2]
REQUEST		Login Redirect 4	1605973695381	1605973695692	KO	jsonPath($..token).find.exists preparation crashed: Jackson failed to parse into a valid AST: c.f.j.c.JsonParseException: Unexpected character ('<' (code 60)): expected a valid value (JSON String, Number, Array, Object or token 'null', 'true' or 'false')  at [Source: (SequenceInputStream); line: 1, column: 2]
REQUEST		Login Redirect 4	1605973695379	1605973695695	KO	jsonPath($..token).find.exists preparation crashed: Jackson failed to parse into a valid AST: c.f.j.c.JsonParseException: Unexpected character ('<' (code 60)): expected a valid value (JSON String, Number, Array, Object or token 'null', 'true' or 'false')  at [Source: (SequenceInputStream); line: 1, column: 2]
REQUEST		Login Redirect 2	1605973695418	1605973695799	OK	 
REQUEST		Login Redirect 2	1605973695419	1605973695800	OK	 
REQUEST		Open Main Page Redirect 3	1605973695417	1605973695801	OK	 
REQUEST		Login Redirect 4	1605973695395	1605973695801	KO	jsonPath($..token).find.exists preparation crashed: Jackson failed to parse into a valid AST: c.f.j.c.JsonParseException: Unexpected character ('<' (code 60)): expected a valid value (JSON String, Number, Array, Object or token 'null', 'true' or 'false')  at [Source: (SequenceInputStream); line: 1, column: 2]
REQUEST		Login Redirect 3	1605973695419	1605973695814	OK	 
REQUEST		Login Redirect 4	1605973695402	1605973695815	KO	jsonPath($..token).find.exists preparation crashed: Jackson failed to parse into a valid AST: c.f.j.c.JsonParseException: Unexpected character ('<' (code 60)): expected a valid value (JSON String, Number, Array, Object or token 'null', 'true' or 'false')  at [Source: (SequenceInputStream); line: 1, column: 2]
REQUEST		Login Redirect 4	1605973695394	1605973695815	KO	jsonPath($..token).find.exists preparation crashed: Jackson failed to parse into a valid AST: c.f.j.c.JsonParseException: Unexpected character ('<' (code 60)): expected a valid value (JSON String, Number, Array, Object or token 'null', 'true' or 'false')  at [Source: (SequenceInputStream); line: 1, column: 2]
REQUEST		Login Redirect 3	1605973695422	1605973695832	OK	 
REQUEST		Login Redirect 4	1605973695417	1605973695832	KO	jsonPath($..token).find.exists preparation crashed: Jackson failed to parse into a valid AST: c.f.j.c.JsonParseException: Unexpected character ('<' (code 60)): expected a valid value (JSON String, Number, Array, Object or token 'null', 'true' or 'false')  at [Source: (SequenceInputStream); line: 1, column: 2]
REQUEST		Login Redirect 4	1605973695395	1605973695834	KO	jsonPath($..token).find.exists preparation crashed: Jackson failed to parse into a valid AST: c.f.j.c.JsonParseException: Unexpected character ('<' (code 60)): expected a valid value (JSON String, Number, Array, Object or token 'null', 'true' or 'false')  at [Source: (SequenceInputStream); line: 1, column: 2]
REQUEST		Login Redirect 4	1605973695421	1605973695835	KO	jsonPath($..token).find.exists preparation crashed: Jackson failed to parse into a valid AST: c.f.j.c.JsonParseException: Unexpected character ('<' (code 60)): expected a valid value (JSON String, Number, Array, Object or token 'null', 'true' or 'false')  at [Source: (SequenceInputStream); line: 1, column: 2]
REQUEST		Login Redirect 4	1605973695421	1605973695838	KO	jsonPath($..token).find.exists preparation crashed: Jackson failed to parse into a valid AST: c.f.j.c.JsonParseException: Unexpected character ('<' (code 60)): expected a valid value (JSON String, Number, Array, Object or token 'null', 'true' or 'false')  at [Source: (SequenceInputStream); line: 1, column: 2]
REQUEST		Login Redirect 4	1605973695422	1605973695841	KO	jsonPath($..token).find.exists preparation crashed: Jackson failed to parse into a valid AST: c.f.j.c.JsonParseException: Unexpected character ('<' (code 60)): expected a valid value (JSON String, Number, Array, Object or token 'null', 'true' or 'false')  at [Source: (SequenceInputStream); line: 1, column: 2]
REQUEST		Open Main Page Redirect 4	1605973694796	1605973695843	OK	 
REQUEST		Login Redirect 4	1605973695465	1605973695849	KO	jsonPath($..token).find.exists preparation crashed: Jackson failed to parse into a valid AST: c.f.j.c.JsonParseException: Unexpected character ('<' (code 60)): expected a valid value (JSON String, Number, Array, Object or token 'null', 'true' or 'false')  at [Source: (SequenceInputStream); line: 1, column: 2]
REQUEST		Login Redirect 4	1605973695466	1605973695850	KO	jsonPath($..token).find.exists preparation crashed: Jackson failed to parse into a valid AST: c.f.j.c.JsonParseException: Unexpected character ('<' (code 60)): expected a valid value (JSON String, Number, Array, Object or token 'null', 'true' or 'false')  at [Source: (SequenceInputStream); line: 1, column: 2]
REQUEST		Login Redirect 4	1605973695467	1605973695858	KO	jsonPath($..token).find.exists preparation crashed: Jackson failed to parse into a valid AST: c.f.j.c.JsonParseException: Unexpected character ('<' (code 60)): expected a valid value (JSON String, Number, Array, Object or token 'null', 'true' or 'false')  at [Source: (SequenceInputStream); line: 1, column: 2]
REQUEST		Open Main Page Redirect 3	1605973695500	1605973695862	OK	 
REQUEST		Login Redirect 4	1605973695465	1605973695862	KO	jsonPath($..token).find.exists preparation crashed: Jackson failed to parse into a valid AST: c.f.j.c.JsonParseException: Unexpected character ('<' (code 60)): expected a valid value (JSON String, Number, Array, Object or token 'null', 'true' or 'false')  at [Source: (SequenceInputStream); line: 1, column: 2]
REQUEST		Login Redirect 4	1605973695468	1605973695879	KO	jsonPath($..token).find.exists preparation crashed: Jackson failed to parse into a valid AST: c.f.j.c.JsonParseException: Unexpected character ('<' (code 60)): expected a valid value (JSON String, Number, Array, Object or token 'null', 'true' or 'false')  at [Source: (SequenceInputStream); line: 1, column: 2]
REQUEST		Login Redirect 4	1605973695468	1605973695892	KO	jsonPath($..token).find.exists preparation crashed: Jackson failed to parse into a valid AST: c.f.j.c.JsonParseException: Unexpected character ('<' (code 60)): expected a valid value (JSON String, Number, Array, Object or token 'null', 'true' or 'false')  at [Source: (SequenceInputStream); line: 1, column: 2]
REQUEST		Login Redirect 4	1605973695468	1605973695897	KO	jsonPath($..token).find.exists preparation crashed: Jackson failed to parse into a valid AST: c.f.j.c.JsonParseException: Unexpected character ('<' (code 60)): expected a valid value (JSON String, Number, Array, Object or token 'null', 'true' or 'false')  at [Source: (SequenceInputStream); line: 1, column: 2]
REQUEST		Login Redirect 4	1605973695500	1605973695901	KO	jsonPath($..token).find.exists preparation crashed: Jackson failed to parse into a valid AST: c.f.j.c.JsonParseException: Unexpected character ('<' (code 60)): expected a valid value (JSON String, Number, Array, Object or token 'null', 'true' or 'false')  at [Source: (SequenceInputStream); line: 1, column: 2]
REQUEST		Login Redirect 4	1605973695499	1605973695903	KO	jsonPath($..token).find.exists preparation crashed: Jackson failed to parse into a valid AST: c.f.j.c.JsonParseException: Unexpected character ('<' (code 60)): expected a valid value (JSON String, Number, Array, Object or token 'null', 'true' or 'false')  at [Source: (SequenceInputStream); line: 1, column: 2]
REQUEST		Login Redirect 4	1605973695506	1605973695919	KO	jsonPath($..token).find.exists preparation crashed: Jackson failed to parse into a valid AST: c.f.j.c.JsonParseException: Unexpected character ('<' (code 60)): expected a valid value (JSON String, Number, Array, Object or token 'null', 'true' or 'false')  at [Source: (SequenceInputStream); line: 1, column: 2]
REQUEST		Login Redirect 4	1605973695499	1605973695919	KO	jsonPath($..token).find.exists preparation crashed: Jackson failed to parse into a valid AST: c.f.j.c.JsonParseException: Unexpected character ('<' (code 60)): expected a valid value (JSON String, Number, Array, Object or token 'null', 'true' or 'false')  at [Source: (SequenceInputStream); line: 1, column: 2]
REQUEST		Login Redirect 4	1605973695501	1605973695923	KO	jsonPath($..token).find.exists preparation crashed: Jackson failed to parse into a valid AST: c.f.j.c.JsonParseException: Unexpected character ('<' (code 60)): expected a valid value (JSON String, Number, Array, Object or token 'null', 'true' or 'false')  at [Source: (SequenceInputStream); line: 1, column: 2]
REQUEST		Login Redirect 4	1605973695502	1605973695927	KO	jsonPath($..token).find.exists preparation crashed: Jackson failed to parse into a valid AST: c.f.j.c.JsonParseException: Unexpected character ('<' (code 60)): expected a valid value (JSON String, Number, Array, Object or token 'null', 'true' or 'false')  at [Source: (SequenceInputStream); line: 1, column: 2]
REQUEST		Login Redirect 4	1605973695501	1605973695927	KO	jsonPath($..token).find.exists preparation crashed: Jackson failed to parse into a valid AST: c.f.j.c.JsonParseException: Unexpected character ('<' (code 60)): expected a valid value (JSON String, Number, Array, Object or token 'null', 'true' or 'false')  at [Source: (SequenceInputStream); line: 1, column: 2]
REQUEST		Login Redirect 4	1605973695505	1605973695927	KO	jsonPath($..token).find.exists preparation crashed: Jackson failed to parse into a valid AST: c.f.j.c.JsonParseException: Unexpected character ('<' (code 60)): expected a valid value (JSON String, Number, Array, Object or token 'null', 'true' or 'false')  at [Source: (SequenceInputStream); line: 1, column: 2]
REQUEST		Login Redirect 4	1605973695508	1605973695932	KO	jsonPath($..token).find.exists preparation crashed: Jackson failed to parse into a valid AST: c.f.j.c.JsonParseException: Unexpected character ('<' (code 60)): expected a valid value (JSON String, Number, Array, Object or token 'null', 'true' or 'false')  at [Source: (SequenceInputStream); line: 1, column: 2]
REQUEST		Login Redirect 4	1605973695506	1605973695938	KO	jsonPath($..token).find.exists preparation crashed: Jackson failed to parse into a valid AST: c.f.j.c.JsonParseException: Unexpected character ('<' (code 60)): expected a valid value (JSON String, Number, Array, Object or token 'null', 'true' or 'false')  at [Source: (SequenceInputStream); line: 1, column: 2]
REQUEST		Login Redirect 4	1605973695508	1605973695943	KO	jsonPath($..token).find.exists preparation crashed: Jackson failed to parse into a valid AST: c.f.j.c.JsonParseException: Unexpected character ('<' (code 60)): expected a valid value (JSON String, Number, Array, Object or token 'null', 'true' or 'false')  at [Source: (SequenceInputStream); line: 1, column: 2]
REQUEST		Login Redirect 4	1605973695555	1605973696072	KO	jsonPath($..token).find.exists preparation crashed: Jackson failed to parse into a valid AST: c.f.j.c.JsonParseException: Unexpected character ('<' (code 60)): expected a valid value (JSON String, Number, Array, Object or token 'null', 'true' or 'false')  at [Source: (SequenceInputStream); line: 1, column: 2]
REQUEST		Login Redirect 1	1605973694792	1605973696090	OK	 
REQUEST		Login Redirect 2	1605973695000	1605973696117	OK	 
REQUEST		Login Redirect 2	1605973695024	1605973696118	OK	 
REQUEST		Login Redirect 4	1605973695582	1605973696121	KO	jsonPath($..token).find.exists preparation crashed: Jackson failed to parse into a valid AST: c.f.j.c.JsonParseException: Unexpected character ('<' (code 60)): expected a valid value (JSON String, Number, Array, Object or token 'null', 'true' or 'false')  at [Source: (SequenceInputStream); line: 1, column: 2]
REQUEST		Login Redirect 4	1605973695604	1605973696130	KO	jsonPath($..token).find.exists preparation crashed: Jackson failed to parse into a valid AST: c.f.j.c.JsonParseException: Unexpected character ('<' (code 60)): expected a valid value (JSON String, Number, Array, Object or token 'null', 'true' or 'false')  at [Source: (SequenceInputStream); line: 1, column: 2]
REQUEST		Login Redirect 4	1605973695601	1605973696134	KO	jsonPath($..token).find.exists preparation crashed: Jackson failed to parse into a valid AST: c.f.j.c.JsonParseException: Unexpected character ('<' (code 60)): expected a valid value (JSON String, Number, Array, Object or token 'null', 'true' or 'false')  at [Source: (SequenceInputStream); line: 1, column: 2]
REQUEST		Login Redirect 3	1605973695609	1605973696136	OK	 
REQUEST		Login Redirect 1	1605973694794	1605973696139	OK	 
REQUEST		Login Redirect 4	1605973695602	1605973696140	KO	jsonPath($..token).find.exists preparation crashed: Jackson failed to parse into a valid AST: c.f.j.c.JsonParseException: Unexpected character ('<' (code 60)): expected a valid value (JSON String, Number, Array, Object or token 'null', 'true' or 'false')  at [Source: (SequenceInputStream); line: 1, column: 2]
REQUEST		Login Redirect 4	1605973695604	1605973696179	KO	jsonPath($..token).find.exists preparation crashed: Jackson failed to parse into a valid AST: c.f.j.c.JsonParseException: Unexpected character ('<' (code 60)): expected a valid value (JSON String, Number, Array, Object or token 'null', 'true' or 'false')  at [Source: (SequenceInputStream); line: 1, column: 2]
REQUEST		Login Redirect 4	1605973695609	1605973696190	KO	jsonPath($..token).find.exists preparation crashed: Jackson failed to parse into a valid AST: c.f.j.c.JsonParseException: Unexpected character ('<' (code 60)): expected a valid value (JSON String, Number, Array, Object or token 'null', 'true' or 'false')  at [Source: (SequenceInputStream); line: 1, column: 2]
REQUEST		Login Redirect 4	1605973695610	1605973696190	KO	jsonPath($..token).find.exists preparation crashed: Jackson failed to parse into a valid AST: c.f.j.c.JsonParseException: Unexpected character ('<' (code 60)): expected a valid value (JSON String, Number, Array, Object or token 'null', 'true' or 'false')  at [Source: (SequenceInputStream); line: 1, column: 2]
REQUEST		Login Redirect 2	1605973695017	1605973696193	OK	 
REQUEST		Login Redirect 4	1605973695614	1605973696193	KO	jsonPath($..token).find.exists preparation crashed: Jackson failed to parse into a valid AST: c.f.j.c.JsonParseException: Unexpected character ('<' (code 60)): expected a valid value (JSON String, Number, Array, Object or token 'null', 'true' or 'false')  at [Source: (SequenceInputStream); line: 1, column: 2]
REQUEST		Login Redirect 4	1605973695629	1605973696222	KO	jsonPath($..token).find.exists preparation crashed: Jackson failed to parse into a valid AST: c.f.j.c.JsonParseException: Unexpected character ('<' (code 60)): expected a valid value (JSON String, Number, Array, Object or token 'null', 'true' or 'false')  at [Source: (SequenceInputStream); line: 1, column: 2]
REQUEST		Login Redirect 2	1605973695009	1605973696268	OK	 
REQUEST		Login Redirect 1	1605973694925	1605973696268	OK	 
REQUEST		Login Redirect 3	1605973695212	1605973696268	OK	 
REQUEST		Login Redirect 3	1605973695209	1605973696268	OK	 
REQUEST		Login Redirect 1	1605973694925	1605973696270	OK	 
REQUEST		Login Redirect 3	1605973695800	1605973696316	OK	 
REQUEST		Login Redirect 2	1605973695020	1605973696344	OK	 
REQUEST		Login Redirect 2	1605973694967	1605973696345	OK	 
REQUEST		Login Redirect 3	1605973695196	1605973696345	OK	 
REQUEST		Login	1605973695844	1605973696347	OK	 
REQUEST		Login Redirect 1	1605973694960	1605973696355	OK	 
REQUEST		Open Main Page Redirect 4	1605973695802	1605973696364	OK	 
REQUEST		Open Main Page Redirect 4	1605973695863	1605973696366	OK	 
REQUEST		Login Redirect 4	1605973695815	1605973696365	KO	jsonPath($..token).find.exists preparation crashed: Jackson failed to parse into a valid AST: c.f.j.c.JsonParseException: Unexpected character ('<' (code 60)): expected a valid value (JSON String, Number, Array, Object or token 'null', 'true' or 'false')  at [Source: (SequenceInputStream); line: 1, column: 2]
REQUEST		Login Redirect 4	1605973695833	1605973696372	KO	jsonPath($..token).find.exists preparation crashed: Jackson failed to parse into a valid AST: c.f.j.c.JsonParseException: Unexpected character ('<' (code 60)): expected a valid value (JSON String, Number, Array, Object or token 'null', 'true' or 'false')  at [Source: (SequenceInputStream); line: 1, column: 2]
REQUEST		Login Redirect 3	1605973695328	1605973696421	OK	 
REQUEST		Login Redirect 4	1605973695373	1605973696429	KO	jsonPath($..token).find.exists preparation crashed: Jackson failed to parse into a valid AST: c.f.j.c.JsonParseException: Unexpected character ('<' (code 60)): expected a valid value (JSON String, Number, Array, Object or token 'null', 'true' or 'false')  at [Source: (SequenceInputStream); line: 1, column: 2]
REQUEST		Login Redirect 4	1605973695351	1605973696432	KO	jsonPath($..token).find.exists preparation crashed: Jackson failed to parse into a valid AST: c.f.j.c.JsonParseException: Unexpected character ('<' (code 60)): expected a valid value (JSON String, Number, Array, Object or token 'null', 'true' or 'false')  at [Source: (SequenceInputStream); line: 1, column: 2]
REQUEST		Login Redirect 2	1605973696090	1605973696463	OK	 
REQUEST		Login Redirect 4	1605973695501	1605973696463	KO	jsonPath($..token).find.exists preparation crashed: Jackson failed to parse into a valid AST: c.f.j.c.JsonParseException: Unexpected character ('<' (code 60)): expected a valid value (JSON String, Number, Array, Object or token 'null', 'true' or 'false')  at [Source: (SequenceInputStream); line: 1, column: 2]
REQUEST		Login Redirect 3	1605973696117	1605973696465	OK	 
REQUEST		Login Redirect 3	1605973696119	1605973696466	OK	 
REQUEST		Login Redirect 2	1605973696140	1605973696471	OK	 
REQUEST		Login Redirect 3	1605973695327	1605973696481	OK	 
REQUEST		Login Redirect 4	1605973695443	1605973696485	KO	jsonPath($..token).find.exists preparation crashed: Jackson failed to parse into a valid AST: c.f.j.c.JsonParseException: Unexpected character ('<' (code 60)): expected a valid value (JSON String, Number, Array, Object or token 'null', 'true' or 'false')  at [Source: (SequenceInputStream); line: 1, column: 2]
REQUEST		Login Redirect 3	1605973696194	1605973696514	OK	 
REQUEST		Login Redirect 2	1605973696269	1605973696520	OK	 
REQUEST		Login Redirect 3	1605973696269	1605973696521	OK	 
REQUEST		Login Redirect 2	1605973696270	1605973696524	OK	 
REQUEST		Login Redirect 3	1605973695506	1605973696524	OK	 
REQUEST		Login Redirect 4	1605973696269	1605973696533	KO	jsonPath($..token).find.exists preparation crashed: Jackson failed to parse into a valid AST: c.f.j.c.JsonParseException: Unexpected character ('<' (code 60)): expected a valid value (JSON String, Number, Array, Object or token 'null', 'true' or 'false')  at [Source: (SequenceInputStream); line: 1, column: 2]
REQUEST		Login Redirect 4	1605973696317	1605973696545	KO	jsonPath($..token).find.exists preparation crashed: Jackson failed to parse into a valid AST: c.f.j.c.JsonParseException: Unexpected character ('<' (code 60)): expected a valid value (JSON String, Number, Array, Object or token 'null', 'true' or 'false')  at [Source: (SequenceInputStream); line: 1, column: 2]
REQUEST		Login Redirect 4	1605973696269	1605973696589	KO	jsonPath($..token).find.exists preparation crashed: Jackson failed to parse into a valid AST: c.f.j.c.JsonParseException: Unexpected character ('<' (code 60)): expected a valid value (JSON String, Number, Array, Object or token 'null', 'true' or 'false')  at [Source: (SequenceInputStream); line: 1, column: 2]
REQUEST		Login Redirect 3	1605973696344	1605973696592	OK	 
REQUEST		Login Redirect 4	1605973695627	1605973696592	KO	jsonPath($..token).find.exists preparation crashed: Jackson failed to parse into a valid AST: c.f.j.c.JsonParseException: Unexpected character ('<' (code 60)): expected a valid value (JSON String, Number, Array, Object or token 'null', 'true' or 'false')  at [Source: (SequenceInputStream); line: 1, column: 2]
REQUEST		Login	1605973696366	1605973696594	OK	 
REQUEST		Login Redirect 3	1605973695557	1605973696594	OK	 
REQUEST		Login Redirect 1	1605973696348	1605973696594	OK	 
REQUEST		Login	1605973696366	1605973696596	OK	 
REQUEST		Login Redirect 2	1605973696355	1605973696596	OK	 
REQUEST		Login Redirect 4	1605973696346	1605973696600	KO	jsonPath($..token).find.exists preparation crashed: Jackson failed to parse into a valid AST: c.f.j.c.JsonParseException: Unexpected character ('<' (code 60)): expected a valid value (JSON String, Number, Array, Object or token 'null', 'true' or 'false')  at [Source: (SequenceInputStream); line: 1, column: 2]
REQUEST		Login Redirect 3	1605973696464	1605973696612	OK	 
REQUEST		Login Redirect 4	1605973696136	1605973696615	KO	jsonPath($..token).find.exists preparation crashed: Jackson failed to parse into a valid AST: c.f.j.c.JsonParseException: Unexpected character ('<' (code 60)): expected a valid value (JSON String, Number, Array, Object or token 'null', 'true' or 'false')  at [Source: (SequenceInputStream); line: 1, column: 2]
REQUEST		Login Redirect 3	1605973695800	1605973696615	OK	 
REQUEST		Login Redirect 4	1605973696421	1605973696615	KO	jsonPath($..token).find.exists preparation crashed: Jackson failed to parse into a valid AST: c.f.j.c.JsonParseException: Unexpected character ('<' (code 60)): expected a valid value (JSON String, Number, Array, Object or token 'null', 'true' or 'false')  at [Source: (SequenceInputStream); line: 1, column: 2]
REQUEST		Login Redirect 3	1605973696472	1605973696619	OK	 
REQUEST		Login Redirect 4	1605973696466	1605973696620	KO	jsonPath($..token).find.exists preparation crashed: Jackson failed to parse into a valid AST: c.f.j.c.JsonParseException: Unexpected character ('<' (code 60)): expected a valid value (JSON String, Number, Array, Object or token 'null', 'true' or 'false')  at [Source: (SequenceInputStream); line: 1, column: 2]
REQUEST		Login Redirect 4	1605973696466	1605973696628	KO	jsonPath($..token).find.exists preparation crashed: Jackson failed to parse into a valid AST: c.f.j.c.JsonParseException: Unexpected character ('<' (code 60)): expected a valid value (JSON String, Number, Array, Object or token 'null', 'true' or 'false')  at [Source: (SequenceInputStream); line: 1, column: 2]
REQUEST		Login Redirect 3	1605973695225	1605973696640	OK	 
REQUEST		Login Redirect 3	1605973696520	1605973696640	OK	 
REQUEST		Login Redirect 3	1605973696524	1605973696640	OK	 
REQUEST		Login Redirect 4	1605973696521	1605973696651	KO	jsonPath($..token).find.exists preparation crashed: Jackson failed to parse into a valid AST: c.f.j.c.JsonParseException: Unexpected character ('<' (code 60)): expected a valid value (JSON String, Number, Array, Object or token 'null', 'true' or 'false')  at [Source: (SequenceInputStream); line: 1, column: 2]
REQUEST		Login Redirect 4	1605973696525	1605973696661	KO	jsonPath($..token).find.exists preparation crashed: Jackson failed to parse into a valid AST: c.f.j.c.JsonParseException: Unexpected character ('<' (code 60)): expected a valid value (JSON String, Number, Array, Object or token 'null', 'true' or 'false')  at [Source: (SequenceInputStream); line: 1, column: 2]
REQUEST		Login Redirect 4	1605973696515	1605973696665	KO	jsonPath($..token).find.exists preparation crashed: Jackson failed to parse into a valid AST: c.f.j.c.JsonParseException: Unexpected character ('<' (code 60)): expected a valid value (JSON String, Number, Array, Object or token 'null', 'true' or 'false')  at [Source: (SequenceInputStream); line: 1, column: 2]
REQUEST		Login Redirect 1	1605973696594	1605973696680	OK	 
REQUEST		Login Redirect 1	1605973696596	1605973696696	OK	 
REQUEST		Login Redirect 4	1605973696593	1605973696696	KO	jsonPath($..token).find.exists preparation crashed: Jackson failed to parse into a valid AST: c.f.j.c.JsonParseException: Unexpected character ('<' (code 60)): expected a valid value (JSON String, Number, Array, Object or token 'null', 'true' or 'false')  at [Source: (SequenceInputStream); line: 1, column: 2]
REQUEST		Login Redirect 2	1605973696595	1605973696703	OK	 
REQUEST		Login Redirect 3	1605973696596	1605973696703	OK	 
REQUEST		Login Redirect 4	1605973696619	1605973696717	KO	jsonPath($..token).find.exists preparation crashed: Jackson failed to parse into a valid AST: c.f.j.c.JsonParseException: Unexpected character ('<' (code 60)): expected a valid value (JSON String, Number, Array, Object or token 'null', 'true' or 'false')  at [Source: (SequenceInputStream); line: 1, column: 2]
REQUEST		Login Redirect 4	1605973696613	1605973696719	KO	jsonPath($..token).find.exists preparation crashed: Jackson failed to parse into a valid AST: c.f.j.c.JsonParseException: Unexpected character ('<' (code 60)): expected a valid value (JSON String, Number, Array, Object or token 'null', 'true' or 'false')  at [Source: (SequenceInputStream); line: 1, column: 2]
REQUEST		Login Redirect 4	1605973696620	1605973696739	KO	jsonPath($..token).find.exists preparation crashed: Jackson failed to parse into a valid AST: c.f.j.c.JsonParseException: Unexpected character ('<' (code 60)): expected a valid value (JSON String, Number, Array, Object or token 'null', 'true' or 'false')  at [Source: (SequenceInputStream); line: 1, column: 2]
REQUEST		Login Redirect 4	1605973696641	1605973696741	KO	jsonPath($..token).find.exists preparation crashed: Jackson failed to parse into a valid AST: c.f.j.c.JsonParseException: Unexpected character ('<' (code 60)): expected a valid value (JSON String, Number, Array, Object or token 'null', 'true' or 'false')  at [Source: (SequenceInputStream); line: 1, column: 2]
REQUEST		Login Redirect 4	1605973696641	1605973696744	KO	