RUN	LogonSimulation	logonsimulation	1605974614747	 	3.4.1
USER	Logon to MRS	START	1605974615800
USER	Logon to MRS	START	1605974615801
USER	Logon to MRS	START	1605974615800
USER	Logon to MRS	START	1605974615801
USER	Logon to MRS	START	1605974615800
USER	Logon to MRS	START	1605974615852
USER	Logon to MRS	START	1605974615852
USER	Logon to MRS	START	1605974615801
USER	Logon to MRS	START	1605974615853
USER	Logon to MRS	START	1605974615852
USER	Logon to MRS	START	1605974615852
USER	Logon to MRS	START	1605974615854
USER	Logon to MRS	START	1605974615801
USER	Logon to MRS	START	1605974615854
USER	Logon to MRS	START	1605974615801
USER	Logon to MRS	START	1605974615854
USER	Logon to MRS	START	1605974615856
USER	Logon to MRS	START	1605974615857
USER	Logon to MRS	START	1605974615855
USER	Logon to MRS	START	1605974615857
USER	Logon to MRS	START	1605974615858
USER	Logon to MRS	START	1605974615858
USER	Logon to MRS	START	1605974615859
USER	Logon to MRS	START	1605974615859
USER	Logon to MRS	START	1605974615859
USER	Logon to MRS	START	1605974615861
USER	Logon to MRS	START	1605974615862
USER	Logon to MRS	START	1605974615862
USER	Logon to MRS	START	1605974615855
USER	Logon to MRS	START	1605974615854
USER	Logon to MRS	START	1605974615865
USER	Logon to MRS	START	1605974615857
USER	Logon to MRS	START	1605974615863
USER	Logon to MRS	START	1605974615867
USER	Logon to MRS	START	1605974615868
USER	Logon to MRS	START	1605974615868
USER	Logon to MRS	START	1605974615869
USER	Logon to MRS	START	1605974615869
USER	Logon to MRS	START	1605974615871
USER	Logon to MRS	START	1605974615871
USER	Logon to MRS	START	1605974615869
USER	Logon to MRS	START	1605974615873
USER	Logon to MRS	START	1605974615872
USER	Logon to MRS	START	1605974615873
USER	Logon to MRS	START	1605974615875
USER	Logon to MRS	START	1605974615875
USER	Logon to MRS	START	1605974615855
USER	Logon to MRS	START	1605974615877
USER	Logon to MRS	START	1605974615865
USER	Logon to MRS	START	1605974615877
USER	Logon to MRS	START	1605974615865
USER	Logon to MRS	START	1605974615879
USER	Logon to MRS	START	1605974615879
USER	Logon to MRS	START	1605974615879
USER	Logon to MRS	START	1605974615875
USER	Logon to MRS	START	1605974615880
USER	Logon to MRS	START	1605974615880
USER	Logon to MRS	START	1605974615882
USER	Logon to MRS	START	1605974615884
USER	Logon to MRS	START	1605974615884
USER	Logon to MRS	START	1605974615885
USER	Logon to MRS	START	1605974615885
USER	Logon to MRS	START	1605974615885
USER	Logon to MRS	START	1605974615887
USER	Logon to MRS	START	1605974615885
USER	Logon to MRS	START	1605974615887
USER	Logon to MRS	START	1605974615887
USER	Logon to MRS	START	1605974615888
USER	Logon to MRS	START	1605974615888
USER	Logon to MRS	START	1605974615889
USER	Logon to MRS	START	1605974615888
USER	Logon to MRS	START	1605974615891
USER	Logon to MRS	START	1605974615891
USER	Logon to MRS	START	1605974615891
USER	Logon to MRS	START	1605974615891
USER	Logon to MRS	START	1605974615893
USER	Logon to MRS	START	1605974615893
USER	Logon to MRS	START	1605974615894
USER	Logon to MRS	START	1605974615895
USER	Logon to MRS	START	1605974615895
USER	Logon to MRS	START	1605974615896
USER	Logon to MRS	START	1605974615896
USER	Logon to MRS	START	1605974615897
USER	Logon to MRS	START	1605974615895
USER	Logon to MRS	START	1605974615899
USER	Logon to MRS	START	1605974615860
USER	Logon to MRS	START	1605974615901
USER	Logon to MRS	START	1605974615902
USER	Logon to MRS	START	1605974615904
USER	Logon to MRS	START	1605974615904
USER	Logon to MRS	START	1605974615880
USER	Logon to MRS	START	1605974615906
USER	Logon to MRS	START	1605974615909
USER	Logon to MRS	START	1605974615908
USER	Logon to MRS	START	1605974615910
USER	Logon to MRS	START	1605974615911
USER	Logon to MRS	START	1605974615912
USER	Logon to MRS	START	1605974615914
USER	Logon to MRS	START	1605974615916
USER	Logon to MRS	START	1605974615918
REQUEST		Open Main Page	1605974615854	1605974616376	OK	 
REQUEST		Open Main Page	1605974615858	1605974616376	OK	 
REQUEST		Open Main Page	1605974615855	1605974616407	OK	 
REQUEST		Open Main Page	1605974615857	1605974616409	OK	 
REQUEST		Open Main Page	1605974615853	1605974616413	OK	 
REQUEST		Open Main Page	1605974615879	1605974616415	OK	 
REQUEST		Open Main Page	1605974615859	1605974616419	OK	 
REQUEST		Open Main Page	1605974615884	1605974616430	OK	 
REQUEST		Open Main Page	1605974615855	1605974616681	OK	 
REQUEST		Open Main Page	1605974615853	1605974616681	OK	 
REQUEST		Open Main Page	1605974615854	1605974616681	OK	 
REQUEST		Open Main Page	1605974615854	1605974616681	OK	 
REQUEST		Open Main Page	1605974615866	1605974616683	OK	 
REQUEST		Open Main Page	1605974615856	1605974616683	OK	 
REQUEST		Open Main Page	1605974615886	1605974616684	OK	 
REQUEST		Open Main Page	1605974615874	1605974616686	OK	 
REQUEST		Open Main Page	1605974615876	1605974616688	OK	 
REQUEST		Open Main Page	1605974615839	1605974616690	OK	 
REQUEST		Open Main Page	1605974615868	1605974616691	OK	 
REQUEST		Open Main Page	1605974615840	1605974616691	OK	 
REQUEST		Open Main Page	1605974615838	1605974616691	OK	 
REQUEST		Open Main Page	1605974615880	1605974616693	OK	 
REQUEST		Open Main Page	1605974615853	1605974616693	OK	 
REQUEST		Open Main Page	1605974615896	1605974616693	OK	 
REQUEST		Open Main Page	1605974615889	1605974616695	OK	 
REQUEST		Open Main Page	1605974615868	1605974616695	OK	 
REQUEST		Open Main Page	1605974615870	1605974616695	OK	 
REQUEST		Open Main Page	1605974615892	1605974616696	OK	 
REQUEST		Open Main Page	1605974615870	1605974616697	OK	 
REQUEST		Open Main Page	1605974615838	1605974616697	OK	 
REQUEST		Open Main Page	1605974615897	1605974616698	OK	 
REQUEST		Open Main Page	1605974615839	1605974616699	OK	 
REQUEST		Open Main Page	1605974615860	1605974616699	OK	 
REQUEST		Open Main Page	1605974615860	1605974616700	OK	 
REQUEST		Open Main Page	1605974615911	1605974616701	OK	 
REQUEST		Open Main Page	1605974615856	1605974616701	OK	 
REQUEST		Open Main Page	1605974615861	1605974616703	OK	 
REQUEST		Open Main Page	1605974615915	1605974616703	OK	 
REQUEST		Open Main Page	1605974615894	1605974616703	OK	 
REQUEST		Open Main Page	1605974615865	1605974616705	OK	 
REQUEST		Open Main Page	1605974615904	1605974616705	OK	 
REQUEST		Open Main Page	1605974615879	1605974616706	OK	 
REQUEST		Open Main Page	1605974615895	1605974616707	OK	 
REQUEST		Open Main Page	1605974615855	1605974616707	OK	 
REQUEST		Open Main Page	1605974615872	1605974616708	OK	 
REQUEST		Open Main Page	1605974615856	1605974616709	OK	 
REQUEST		Open Main Page	1605974615904	1605974616709	OK	 
REQUEST		Open Main Page	1605974615856	1605974616709	OK	 
REQUEST		Open Main Page	1605974615909	1605974616710	OK	 
REQUEST		Open Main Page	1605974615902	1605974616712	OK	 
REQUEST		Open Main Page	1605974615878	1605974616712	OK	 
REQUEST		Open Main Page	1605974615889	1605974616712	OK	 
REQUEST		Open Main Page	1605974615911	1605974616713	OK	 
REQUEST		Open Main Page	1605974615916	1605974616714	OK	 
REQUEST		Open Main Page	1605974615840	1605974616714	OK	 
REQUEST		Open Main Page	1605974615895	1605974616714	OK	 
REQUEST		Open Main Page	1605974615909	1605974616716	OK	 
REQUEST		Open Main Page	1605974615865	1605974616716	OK	 
REQUEST		Open Main Page	1605974615872	1605974616717	OK	 
REQUEST		Open Main Page	1605974615918	1605974616717	OK	 
REQUEST		Open Main Page	1605974615887	1605974616718	OK	 
REQUEST		Open Main Page	1605974615870	1605974616719	OK	 
REQUEST		Open Main Page	1605974615887	1605974616720	OK	 
REQUEST		Open Main Page	1605974615861	1605974616720	OK	 
REQUEST		Open Main Page	1605974615867	1605974616721	OK	 
REQUEST		Open Main Page	1605974615900	1605974616721	OK	 
REQUEST		Open Main Page	1605974615881	1605974616722	OK	 
REQUEST		Open Main Page	1605974615886	1605974616722	OK	 
REQUEST		Open Main Page	1605974615858	1605974616722	OK	 
REQUEST		Open Main Page	1605974615902	1605974616725	OK	 
REQUEST		Open Main Page	1605974615895	1605974616725	OK	 
REQUEST		Open Main Page	1605974615892	1605974616725	OK	 
REQUEST		Open Main Page	1605974615889	1605974616727	OK	 
REQUEST		Open Main Page	1605974615891	1605974616727	OK	 
REQUEST		Open Main Page	1605974615912	1605974616727	OK	 
REQUEST		Open Main Page	1605974615907	1605974616729	OK	 
REQUEST		Open Main Page	1605974615875	1605974616729	OK	 
REQUEST		Open Main Page	1605974615880	1605974616729	OK	 
REQUEST		Open Main Page	1605974615886	1605974616729	OK	 
REQUEST		Open Main Page	1605974615897	1605974616732	OK	 
REQUEST		Open Main Page	1605974615887	1605974616734	OK	 
REQUEST		Open Main Page	1605974615891	1605974616735	OK	 
REQUEST		Open Main Page	1605974615886	1605974616736	OK	 
REQUEST		Open Main Page	1605974615839	1605974616703	OK	 
REQUEST		Open Main Page	1605974615865	1605974616738	OK	 
REQUEST		Open Main Page	1605974615857	1605974616739	OK	 
REQUEST		Open Main Page	1605974615895	1605974616740	OK	 
REQUEST		Open Main Page	1605974615874	1605974616741	OK	 
REQUEST		Open Main Page	1605974615840	1605974616743	OK	 
REQUEST		Open Main Page	1605974615871	1605974616744	OK	 
REQUEST		Open Main Page	1605974615862	1605974616745	OK	 
REQUEST		Open Main Page	1605974615894	1605974616747	OK	 
REQUEST		Open Main Page	1605974615862	1605974616747	OK	 
REQUEST		Open Main Page	1605974615875	1605974616749	OK	 
REQUEST		Open Main Page	1605974615889	1605974616752	OK	 
REQUEST		Open Main Page	1605974615858	1605974616754	OK	 
REQUEST		Open Main Page	1605974615877	1605974616757	OK	 
REQUEST		Open Main Page	1605974615884	1605974616757	OK	 
REQUEST		Open Main Page	1605974615879	1605974616759	OK	 
REQUEST		Open Main Page	1605974615883	1605974616837	OK	 
REQUEST		Open Main Page Redirect 1	1605974616396	1605974617054	OK	 
REQUEST		Open Main Page Redirect 1	1605974616420	1605974617057	OK	 
REQUEST		Open Main Page Redirect 1	1605974616409	1605974617056	OK	 
REQUEST		Open Main Page Redirect 1	1605974616699	1605974617081	OK	 
REQUEST		Open Main Page Redirect 1	1605974616699	1605974617081	OK	 
REQUEST		Open Main Page Redirect 1	1605974616395	1605974617081	OK	 
REQUEST		Open Main Page Redirect 1	1605974616684	1605974617082	OK	 
REQUEST		Open Main Page Redirect 1	1605974616691	1605974617084	OK	 
REQUEST		Open Main Page Redirect 1	1605974616681	1605974617086	OK	 
REQUEST		Open Main Page Redirect 1	1605974616704	1605974617088	OK	 
REQUEST		Open Main Page Redirect 1	1605974616697	1605974617087	OK	 
REQUEST		Open Main Page Redirect 1	1605974616697	1605974617088	OK	 
REQUEST		Open Main Page Redirect 1	1605974616408	1605974617105	OK	 
REQUEST		Open Main Page Redirect 1	1605974616702	1605974617108	OK	 
REQUEST		Open Main Page Redirect 1	1605974616721	1605974617109	OK	 
REQUEST		Open Main Page Redirect 1	1605974616683	1605974617108	OK	 
REQUEST		Open Main Page Redirect 1	1605974616719	1605974617108	OK	 
REQUEST		Open Main Page Redirect 1	1605974616689	1605974617110	OK	 
REQUEST		Open Main Page Redirect 1	1605974616717	1605974617110	OK	 
REQUEST		Open Main Page Redirect 1	1605974616693	1605974617111	OK	 
REQUEST		Open Main Page Redirect 1	1605974616708	1605974617111	OK	 
REQUEST		Open Main Page Redirect 1	1605974616686	1605974617112	OK	 
REQUEST		Open Main Page Redirect 1	1605974616414	1605974617112	OK	 
REQUEST		Open Main Page Redirect 1	1605974616718	1605974617108	OK	 
REQUEST		Open Main Page Redirect 1	1605974616726	1605974617114	OK	 
REQUEST		Open Main Page Redirect 1	1605974616416	1605974617114	OK	 
REQUEST		Open Main Page Redirect 1	1605974616707	1605974617115	OK	 
REQUEST		Open Main Page Redirect 1	1605974616714	1605974617115	OK	 
REQUEST		Open Main Page Redirect 1	1605974616717	1605974617116	OK	 
REQUEST		Open Main Page Redirect 1	1605974616693	1605974617116	OK	 
REQUEST		Open Main Page Redirect 1	1605974616702	1605974617118	OK	 
REQUEST		Open Main Page Redirect 1	1605974616721	1605974617118	OK	 
REQUEST		Open Main Page Redirect 1	1605974616708	1605974617119	OK	 
REQUEST		Open Main Page Redirect 1	1605974616693	1605974617119	OK	 
REQUEST		Open Main Page Redirect 1	1605974616692	1605974617119	OK	 
REQUEST		Open Main Page Redirect 1	1605974616695	1605974617120	OK	 
REQUEST		Open Main Page Redirect 1	1605974616710	1605974617120	OK	 
REQUEST		Open Main Page Redirect 1	1605974616709	1605974617121	OK	 
REQUEST		Open Main Page Redirect 1	1605974616691	1605974617122	OK	 
REQUEST		Open Main Page Redirect 1	1605974616712	1605974617121	OK	 
REQUEST		Open Main Page Redirect 1	1605974616689	1605974617122	OK	 
REQUEST		Open Main Page Redirect 1	1605974616711	1605974617123	OK	 
REQUEST		Open Main Page Redirect 1	1605974616727	1605974617123	OK	 
REQUEST		Open Main Page Redirect 1	1605974616705	1605974617123	OK	 
REQUEST		Open Main Page Redirect 1	1605974616723	1605974617125	OK	 
REQUEST		Open Main Page Redirect 1	1605974616730	1605974617125	OK	 
REQUEST		Open Main Page Redirect 1	1605974616721	1605974617126	OK	 
REQUEST		Open Main Page Redirect 1	1605974616723	1605974617127	OK	 
REQUEST		Open Main Page Redirect 1	1605974616745	1605974617128	OK	 
REQUEST		Open Main Page Redirect 1	1605974616710	1605974617128	OK	 
REQUEST		Open Main Page Redirect 1	1605974616725	1605974617129	OK	 
REQUEST		Open Main Page Redirect 1	1605974616728	1605974617130	OK	 
REQUEST		Open Main Page Redirect 1	1605974616723	1605974617130	OK	 
REQUEST		Open Main Page Redirect 1	1605974616719	1605974617131	OK	 
REQUEST		Open Main Page Redirect 1	1605974616730	1605974617132	OK	 
REQUEST		Open Main Page Redirect 1	1605974616744	1605974617132	OK	 
REQUEST		Open Main Page Redirect 1	1605974616737	1605974617134	OK	 
REQUEST		Open Main Page Redirect 1	1605974616733	1605974617134	OK	 
REQUEST		Open Main Page Redirect 1	1605974616739	1605974617135	OK	 
REQUEST		Open Main Page Redirect 1	1605974616682	1605974617135	OK	 
REQUEST		Open Main Page Redirect 1	1605974616727	1605974617136	OK	 
REQUEST		Open Main Page Redirect 1	1605974616734	1605974617137	OK	 
REQUEST		Open Main Page Redirect 1	1605974616706	1605974617137	OK	 
REQUEST		Open Main Page Redirect 1	1605974616723	1605974617137	OK	 
REQUEST		Open Main Page Redirect 1	1605974616736	1605974617139	OK	 
REQUEST		Open Main Page Redirect 1	1605974616729	1605974617139	OK	 
REQUEST		Open Main Page Redirect 1	1605974616741	1605974617141	OK	 
REQUEST		Open Main Page Redirect 1	1605974616752	1605974617142	OK	 
REQUEST		Open Main Page Redirect 2	1605974617066	1605974617142	OK	 
REQUEST		Open Main Page Redirect 2	1605974617066	1605974617142	OK	 
REQUEST		Open Main Page Redirect 1	1605974616729	1605974617141	OK	 
REQUEST		Open Main Page Redirect 1	1605974616697	1605974617144	OK	 
REQUEST		Open Main Page Redirect 1	1605974616748	1605974617145	OK	 
REQUEST		Open Main Page Redirect 1	1605974616758	1605974617147	OK	 
REQUEST		Open Main Page Redirect 2	1605974617067	1605974617151	OK	 
REQUEST		Open Main Page Redirect 1	1605974616690	1605974617151	OK	 
REQUEST		Open Main Page Redirect 1	1605974616754	1605974617153	OK	 
REQUEST		Open Main Page Redirect 1	1605974616713	1605974617153	OK	 
REQUEST		Open Main Page Redirect 1	1605974616699	1605974617152	OK	 
REQUEST		Open Main Page Redirect 1	1605974616742	1605974617152	OK	 
REQUEST		Open Main Page Redirect 1	1605974616757	1605974617154	OK	 
REQUEST		Open Main Page Redirect 1	1605974616431	1605974617154	OK	 
REQUEST		Open Main Page Redirect 1	1605974616716	1605974617155	OK	 
REQUEST		Open Main Page Redirect 1	1605974616695	1605974617155	OK	 
REQUEST		Open Main Page Redirect 1	1605974616740	1605974617156	OK	 
REQUEST		Open Main Page Redirect 1	1605974616712	1605974617155	OK	 
REQUEST		Open Main Page Redirect 2	1605974617083	1605974617158	OK	 
REQUEST		Open Main Page Redirect 2	1605974617082	1605974617158	OK	 
REQUEST		Open Main Page Redirect 2	1605974617082	1605974617158	OK	 
REQUEST		Open Main Page Redirect 1	1605974616713	1605974617157	OK	 
REQUEST		Open Main Page Redirect 1	1605974616682	1605974617157	OK	 
REQUEST		Open Main Page Redirect 2	1605974617083	1605974617159	OK	 
REQUEST		Open Main Page Redirect 1	1605974616694	1605974617159	OK	 
REQUEST		Open Main Page Redirect 1	1605974616755	1605974617159	OK	 
REQUEST		Open Main Page Redirect 2	1605974617085	1605974617161	OK	 
REQUEST		Open Main Page Redirect 1	1605974616701	1605974617161	OK	 
REQUEST		Open Main Page Redirect 2	1605974617088	1605974617162	OK	 
REQUEST		Open Main Page Redirect 2	1605974617087	1605974617162	OK	 
REQUEST		Open Main Page Redirect 2	1605974617089	1605974617163	OK	 
REQUEST		Open Main Page Redirect 1	1605974616746	1605974617163	OK	 
REQUEST		Open Main Page Redirect 1	1605974616714	1605974617164	OK	 
REQUEST		Open Main Page Redirect 2	1605974617088	1605974617166	OK	 
REQUEST		Open Main Page Redirect 1	1605974616696	1605974617166	OK	 
REQUEST		Open Main Page Redirect 1	1605974616760	1605974617169	OK	 
REQUEST		Open Main Page Redirect 1	1605974616715	1605974617172	OK	 
REQUEST		Open Main Page Redirect 1	1605974616736	1605974617175	OK	 
REQUEST		Open Main Page Redirect 1	1605974616748	1605974617180	OK	 
REQUEST		Open Main Page Redirect 2	1605974617107	1605974617181	OK	 
REQUEST		Open Main Page Redirect 2	1605974617110	1605974617182	OK	 
REQUEST		Open Main Page Redirect 2	1605974617111	1605974617184	OK	 
REQUEST		Open Main Page Redirect 2	1605974617109	1605974617185	OK	 
REQUEST		Open Main Page Redirect 2	1605974617111	1605974617186	OK	 
REQUEST		Open Main Page Redirect 2	1605974617110	1605974617186	OK	 
REQUEST		Open Main Page Redirect 2	1605974617112	1605974617187	OK	 
REQUEST		Open Main Page Redirect 2	1605974617110	1605974617188	OK	 
REQUEST		Open Main Page Redirect 2	1605974617113	1605974617189	OK	 
REQUEST		Open Main Page Redirect 1	1605974616725	1605974617189	OK	 
REQUEST		Open Main Page Redirect 2	1605974617112	1605974617189	OK	 
REQUEST		Open Main Page Redirect 2	1605974617114	1605974617190	OK	 
REQUEST		Open Main Page Redirect 2	1605974617114	1605974617190	OK	 
REQUEST		Open Main Page Redirect 2	1605974617116	1605974617191	OK	 
REQUEST		Open Main Page Redirect 1	1605974616706	1605974617191	OK	 
REQUEST		Open Main Page Redirect 2	1605974617115	1605974617194	OK	 
REQUEST		Open Main Page Redirect 2	1605974617119	1605974617195	OK	 
REQUEST		Open Main Page Redirect 2	1605974617119	1605974617195	OK	 
REQUEST		Open Main Page Redirect 2	1605974617117	1605974617196	OK	 
REQUEST		Open Main Page Redirect 2	1605974617121	1605974617197	OK	 
REQUEST		Open Main Page Redirect 2	1605974617120	1605974617197	OK	 
REQUEST		Open Main Page Redirect 2	1605974617119	1605974617197	OK	 
REQUEST		Open Main Page Redirect 1	1605974616838	1605974617197	OK	 
REQUEST		Open Main Page Redirect 2	1605974617121	1605974617198	OK	 
REQUEST		Open Main Page Redirect 2	1605974617121	1605974617199	OK	 
REQUEST		Open Main Page Redirect 2	1605974617122	1605974617200	OK	 
REQUEST		Open Main Page Redirect 2	1605974617122	1605974617201	OK	 
REQUEST		Open Main Page Redirect 2	1605974617122	1605974617201	OK	 
REQUEST		Open Main Page Redirect 2	1605974617122	1605974617201	OK	 
REQUEST		Open Main Page Redirect 2	1605974617126	1605974617203	OK	 
REQUEST		Open Main Page Redirect 2	1605974617124	1605974617203	OK	 
REQUEST		Open Main Page Redirect 2	1605974617124	1605974617203	OK	 
REQUEST		Open Main Page Redirect 2	1605974617114	1605974617194	OK	 
REQUEST		Open Main Page Redirect 2	1605974617126	1605974617204	OK	 
REQUEST		Open Main Page Redirect 2	1605974617116	1605974617205	OK	 
REQUEST		Open Main Page Redirect 2	1605974617129	1605974617207	OK	 
REQUEST		Open Main Page Redirect 2	1605974617128	1605974617208	OK	 
REQUEST		Open Main Page Redirect 1	1605974616710	1605974617207	OK	 
REQUEST		Open Main Page Redirect 2	1605974617129	1605974617208	OK	 
REQUEST		Open Main Page Redirect 2	1605974617131	1605974617209	OK	 
REQUEST		Open Main Page Redirect 2	1605974617136	1605974617209	OK	 
REQUEST		Open Main Page Redirect 2	1605974617117	1605974617210	OK	 
REQUEST		Open Main Page Redirect 2	1605974617126	1605974617211	OK	 
REQUEST		Open Main Page Redirect 2	1605974617131	1605974617209	OK	 
REQUEST		Open Main Page Redirect 2	1605974617134	1605974617211	OK	 
REQUEST		Open Main Page Redirect 2	1605974617127	1605974617212	OK	 
REQUEST		Open Main Page Redirect 2	1605974617134	1605974617212	OK	 
REQUEST		Open Main Page Redirect 2	1605974617130	1605974617214	OK	 
REQUEST		Open Main Page Redirect 2	1605974617136	1605974617214	OK	 
REQUEST		Open Main Page Redirect 2	1605974617132	1605974617215	OK	 
REQUEST		Open Main Page Redirect 2	1605974617137	1605974617217	OK	 
REQUEST		Open Main Page Redirect 2	1605974617135	1605974617219	OK	 
REQUEST		Open Main Page Redirect 2	1605974617138	1605974617221	OK	 
REQUEST		Open Main Page Redirect 2	1605974617138	1605974617221	OK	 
REQUEST		Open Main Page Redirect 2	1605974617144	1605974617222	OK	 
REQUEST		Open Main Page Redirect 2	1605974617140	1605974617223	OK	 
REQUEST		Open Main Page Redirect 2	1605974617133	1605974617223	OK	 
REQUEST		Open Main Page Redirect 2	1605974617144	1605974617225	OK	 
REQUEST		Open Main Page Redirect 2	1605974617138	1605974617225	OK	 
REQUEST		Open Main Page Redirect 2	1605974617143	1605974617227	OK	 
REQUEST		Open Main Page Redirect 2	1605974617140	1605974617227	OK	 
REQUEST		Open Main Page Redirect 3	1605974617143	1605974617223	OK	 
REQUEST		Open Main Page Redirect 3	1605974617143	1605974617223	OK	 
REQUEST		Open Main Page Redirect 2	1605974617152	1605974617227	OK	 
REQUEST		Open Main Page Redirect 2	1605974617143	1605974617229	OK	 
REQUEST		Open Main Page Redirect 2	1605974617146	1605974617230	OK	 
REQUEST		Open Main Page Redirect 2	1605974617153	1605974617269	OK	 
REQUEST		Open Main Page Redirect 2	1605974617155	1605974617272	OK	 
REQUEST		Open Main Page Redirect 2	1605974617153	1605974617272	OK	 
REQUEST		Open Main Page Redirect 2	1605974617153	1605974617272	OK	 
REQUEST		Open Main Page Redirect 2	1605974617155	1605974617274	OK	 
REQUEST		Open Main Page Redirect 3	1605974617152	1605974617274	OK	 
REQUEST		Open Main Page Redirect 2	1605974617154	1605974617274	OK	 
REQUEST		Open Main Page Redirect 2	1605974617156	1605974617276	OK	 
REQUEST		Open Main Page Redirect 2	1605974617148	1605974617277	OK	 
REQUEST		Open Main Page Redirect 2	1605974617157	1605974617291	OK	 
REQUEST		Open Main Page Redirect 2	1605974617159	1605974617291	OK	 
REQUEST		Open Main Page Redirect 3	1605974617158	1605974617290	OK	 
REQUEST		Open Main Page Redirect 2	1605974617157	1605974617292	OK	 
REQUEST		Open Main Page Redirect 2	1605974617160	1605974617292	OK	 
REQUEST		Open Main Page Redirect 2	1605974617165	1605974617294	OK	 
REQUEST		Open Main Page Redirect 3	1605974617158	1605974617292	OK	 
REQUEST		Open Main Page Redirect 3	1605974617162	1605974617293	OK	 
REQUEST		Open Main Page Redirect 2	1605974617172	1605974617296	OK	 
REQUEST		Open Main Page Redirect 3	1605974617163	1605974617295	OK	 
REQUEST		Open Main Page Redirect 3	1605974617161	1605974617295	OK	 
REQUEST		Open Main Page Redirect 3	1605974617191	1605974617297	OK	 
REQUEST		Open Main Page Redirect 3	1605974617181	1605974617297	OK	 
REQUEST		Open Main Page Redirect 2	1605974617158	1605974617290	OK	 
REQUEST		Open Main Page Redirect 3	1605974617160	1605974617299	OK	 
REQUEST		Open Main Page Redirect 3	1605974617187	1605974617300	OK	 
REQUEST		Open Main Page Redirect 3	1605974617195	1605974617300	OK	 
REQUEST		Open Main Page Redirect 3	1605974617162	1605974617300	OK	 
REQUEST		Open Main Page Redirect 3	1605974617189	1605974617302	OK	 
REQUEST		Open Main Page Redirect 2	1605974617156	1605974617302	OK	 
REQUEST		Open Main Page Redirect 3	1605974617159	1605974617302	OK	 
REQUEST		Open Main Page Redirect 2	1605974617198	1605974617304	OK	 
REQUEST		Open Main Page Redirect 2	1605974617167	1605974617304	OK	 
REQUEST		Open Main Page Redirect 2	1605974617161	1605974617305	OK	 
REQUEST		Open Main Page Redirect 3	1605974617200	1605974617305	OK	 
REQUEST		Open Main Page Redirect 2	1605974617162	1605974617306	OK	 
REQUEST		Open Main Page Redirect 3	1605974617183	1605974617304	OK	 
REQUEST		Open Main Page Redirect 3	1605974617202	1605974617306	OK	 
REQUEST		Open Main Page Redirect 3	1605974617187	1605974617306	OK	 
REQUEST		Open Main Page Redirect 2	1605974617170	1605974617308	OK	 
REQUEST		Open Main Page Redirect 2	1605974617181	1605974617309	OK	 
REQUEST		Open Main Page Redirect 3	1605974617188	1605974617308	OK	 
REQUEST		Open Main Page Redirect 2	1605974617164	1605974617309	OK	 
REQUEST		Open Main Page Redirect 3	1605974617189	1605974617309	OK	 
REQUEST		Open Main Page Redirect 2	1605974617190	1605974617310	OK	 
REQUEST		Open Main Page Redirect 3	1605974617208	1605974617310	OK	 
REQUEST		Open Main Page Redirect 2	1605974617176	1605974617311	OK	 
REQUEST		Open Main Page Redirect 2	1605974617193	1605974617312	OK	 
REQUEST		Open Main Page Redirect 3	1605974617196	1605974617312	OK	 
REQUEST		Open Main Page Redirect 3	1605974617191	1605974617312	OK	 
REQUEST		Open Main Page Redirect 3	1605974617211	1605974617313	OK	 
REQUEST		Open Main Page Redirect 3	1605974617192	1605974617312	OK	 
REQUEST		Open Main Page Redirect 3	1605974617204	1605974617313	OK	 
REQUEST		Open Main Page Redirect 3	1605974617195	1605974617315	OK	 
REQUEST		Open Main Page Redirect 3	1605974617206	1605974617315	OK	 
REQUEST		Open Main Page Redirect 3	1605974617210	1605974617315	OK	 
REQUEST		Open Main Page Redirect 2	1605974617209	1605974617317	OK	 
REQUEST		Open Main Page Redirect 3	1605974617166	1605974617302	OK	 
REQUEST		Open Main Page Redirect 3	1605974617203	1605974617318	OK	 
REQUEST		Open Main Page Redirect 3	1605974617198	1605974617317	OK	 
REQUEST		Open Main Page Redirect 3	1605974617201	1605974617313	OK	 
REQUEST		Open Main Page Redirect 3	1605974617199	1605974617319	OK	 
REQUEST		Open Main Page Redirect 3	1605974617186	1605974617319	OK	 
REQUEST		Open Main Page Redirect 3	1605974617197	1605974617321	OK	 
REQUEST		Open Main Page Redirect 3	1605974617201	1605974617319	OK	 
REQUEST		Open Main Page Redirect 3	1605974617184	1605974617321	OK	 
REQUEST		Open Main Page Redirect 3	1605974617210	1605974617323	OK	 
REQUEST		Open Main Page Redirect 3	1605974617190	1605974617323	OK	 
REQUEST		Open Main Page Redirect 3	1605974617197	1605974617325	OK	 
REQUEST		Open Main Page Redirect 3	1605974617204	1605974617326	OK	 
REQUEST		Open Main Page Redirect 3	1605974617197	1605974617327	OK	 
REQUEST		Open Main Page Redirect 3	1605974617203	1605974617331	OK	 
REQUEST		Open Main Page Redirect 3	1605974617211	1605974617335	OK	 
REQUEST		Open Main Page Redirect 3	1605974617215	1605974617335	OK	 
REQUEST		Open Main Page Redirect 3	1605974617212	1605974617335	OK	 
REQUEST		Open Main Page Redirect 3	1605974617213	1605974617337	OK	 
REQUEST		Open Main Page Redirect 3	1605974617208	1605974617338	OK	 
REQUEST		Open Main Page Redirect 3	1605974617213	1605974617338	OK	 
REQUEST		Open Main Page Redirect 3	1605974617216	1605974617341	OK	 
REQUEST		Open Main Page Redirect 3	1605974617212	1605974617341	OK	 
REQUEST		Open Main Page Redirect 3	1605974617214	1605974617346	OK	 
REQUEST		Open Main Page Redirect 3	1605974617222	1605974617346	OK	 
REQUEST		Open Main Page Redirect 3	1605974617208	1605974617346	OK	 
REQUEST		Open Main Page Redirect 3	1605974617224	1605974617345	OK	 
REQUEST		Open Main Page Redirect 3	1605974617218	1605974617348	OK	 
REQUEST		Open Main Page Redirect 3	1605974617226	1605974617349	OK	 
REQUEST		Open Main Page Redirect 3	1605974617223	1605974617350	OK	 
REQUEST		Open Main Page Redirect 3	1605974617227	1605974617350	OK	 
REQUEST		Open Main Page Redirect 3	1605974617227	1605974617351	OK	 
REQUEST		Open Main Page Redirect 3	1605974617273	1605974617352	OK	 
REQUEST		Open Main Page Redirect 3	1605974617229	1605974617353	OK	 
REQUEST		Open Main Page Redirect 3	1605974617273	1605974617352	OK	 
REQUEST		Open Main Page Redirect 3	1605974617201	1605974617332	OK	 
REQUEST		Open Main Page Redirect 3	1605974617222	1605974617354	OK	 
REQUEST		Open Main Page Redirect 3	1605974617230	1605974617354	OK	 
REQUEST		Open Main Page Redirect 3	1605974617219	1605974617355	OK	 
REQUEST		Open Main Page Redirect 3	1605974617203	1605974617356	OK	 
REQUEST		Open Main Page Redirect 3	1605974617231	1605974617356	OK	 
REQUEST		Open Main Page Redirect 3	1605974617226	1605974617357	OK	 
REQUEST		Open Main Page Redirect 3	1605974617224	1605974617360	OK	 
REQUEST		Open Main Page Redirect 3	1605974617274	1605974617380	OK	 
REQUEST		Open Main Page Redirect 3	1605974617277	1605974617380	OK	 
REQUEST		Open Main Page Redirect 3	1605974617275	1605974617381	OK	 
REQUEST		Open Main Page Redirect 3	1605974617276	1605974617382	OK	 
REQUEST		Open Main Page Redirect 3	1605974617270	1605974617383	OK	 
REQUEST		Open Main Page Redirect 3	1605974617277	1605974617384	OK	 
REQUEST		Open Main Page Redirect 3	1605974617291	1605974617400	OK	 
REQUEST		Open Main Page Redirect 3	1605974617291	1605974617401	OK	 
REQUEST		Open Main Page Redirect 3	1605974617292	1605974617400	OK	 
REQUEST		Open Main Page Redirect 3	1605974617293	1605974617402	OK	 
REQUEST		Open Main Page Redirect 3	1605974617296	1605974617402	OK	 
REQUEST		Open Main Page Redirect 3	1605974617294	1605974617404	OK	 
REQUEST		Open Main Page Redirect 3	1605974617303	1605974617409	OK	 
REQUEST		Open Main Page Redirect 3	1605974617304	1605974617408	OK	 
REQUEST		Open Main Page Redirect 3	1605974617302	1605974617411	OK	 
REQUEST		Open Main Page Redirect 3	1605974617309	1605974617419	OK	 
REQUEST		Open Main Page Redirect 3	1605974617310	1605974617419	OK	 
REQUEST		Open Main Page Redirect 3	1605974617305	1605974617419	OK	 
REQUEST		Open Main Page Redirect 3	1605974617306	1605974617421	OK	 
REQUEST		Open Main Page Redirect 3	1605974617312	1605974617422	OK	 
REQUEST		Open Main Page Redirect 3	1605974617307	1605974617423	OK	 
REQUEST		Open Main Page Redirect 3	1605974617308	1605974617429	OK	 
REQUEST		Open Main Page Redirect 3	1605974617311	1605974617429	OK	 
REQUEST		Open Main Page Redirect 3	1605974617313	1605974617436	OK	 
REQUEST		Open Main Page Redirect 3	1605974617318	1605974617439	OK	 
REQUEST		Open Main Page Redirect 4	1605974617301	1605974617436	OK	 
REQUEST		Open Main Page Redirect 4	1605974617308	1605974617435	OK	 
REQUEST		Open Main Page Redirect 4	1605974617228	1605974617430	OK	 
REQUEST		Open Main Page Redirect 4	1605974617228	1605974617438	OK	 
REQUEST		Open Main Page Redirect 4	1605974617314	1605974617465	OK	 
REQUEST		Open Main Page Redirect 4	1605974617320	1605974617470	OK	 
REQUEST		Open Main Page Redirect 4	1605974617304	1605974617470	OK	 
REQUEST		Open Main Page Redirect 4	1605974617322	1605974617471	OK	 
REQUEST		Open Main Page Redirect 4	1605974617324	1605974617473	OK	 
REQUEST		Open Main Page Redirect 1	1605974616704	1605974617473	OK	 
REQUEST		Open Main Page Redirect 4	1605974617275	1605974617487	OK	 
REQUEST		Open Main Page Redirect 4	1605974617316	1605974617488	OK	 
REQUEST		Open Main Page Redirect 4	1605974617303	1605974617494	OK	 
REQUEST		Open Main Page Redirect 4	1605974617339	1605974617510	OK	 
REQUEST		Open Main Page Redirect 4	1605974617337	1605974617510	OK	 
REQUEST		Open Main Page Redirect 4	1605974617339	1605974617512	OK	 
REQUEST		Open Main Page Redirect 4	1605974617306	1605974617518	OK	 
REQUEST		Open Main Page Redirect 4	1605974617353	1605974617518	OK	 
REQUEST		Open Main Page Redirect 4	1605974617383	1605974617522	OK	 
REQUEST		Open Main Page Redirect 4	1605974617291	1605974617529	OK	 
REQUEST		Open Main Page Redirect 4	1605974617296	1605974617531	OK	 
REQUEST		Open Main Page Redirect 4	1605974617295	1605974617550	OK	 
REQUEST		Open Main Page Redirect 4	1605974617299	1605974617552	OK	 
REQUEST		Open Main Page Redirect 4	1605974617353	1605974617559	OK	 
REQUEST		Open Main Page Redirect 4	1605974617348	1605974617565	OK	 
REQUEST		Open Main Page Redirect 4	1605974617344	1605974617570	OK	 
REQUEST		Open Main Page Redirect 4	1605974617298	1605974617572	OK	 
REQUEST		Open Main Page Redirect 4	1605974617300	1605974617575	OK	 
REQUEST		Open Main Page Redirect 4	1605974617335	1605974617575	OK	 
REQUEST		Open Main Page Redirect 4	1605974617347	1605974617578	OK	 
REQUEST		Open Main Page Redirect 4	1605974617294	1605974617582	OK	 
REQUEST		Open Main Page Redirect 4	1605974617381	1605974617587	OK	 
REQUEST		Open Main Page Redirect 4	1605974617361	1605974617588	OK	 
REQUEST		Open Main Page Redirect 4	1605974617319	1605974617589	OK	 
REQUEST		Open Main Page Redirect 4	1605974617348	1605974617590	OK	 
REQUEST		Open Main Page Redirect 4	1605974617349	1605974617597	OK	 
REQUEST		Open Main Page Redirect 4	1605974617313	1605974617597	OK	 
REQUEST		Open Main Page Redirect 4	1605974617357	1605974617597	OK	 
REQUEST		Open Main Page Redirect 4	1605974617354	1605974617597	OK	 
REQUEST		Open Main Page Redirect 4	1605974617336	1605974617599	OK	 
REQUEST		Open Main Page Redirect 4	1605974617356	1605974617600	OK	 
REQUEST		Open Main Page Redirect 4	1605974617315	1605974617602	OK	 
REQUEST		Open Main Page Redirect 4	1605974617357	1605974617604	OK	 
REQUEST		Open Main Page Redirect 4	1605974617324	1605974617606	OK	 
REQUEST		Open Main Page Redirect 4	1605974617328	1605974617606	OK	 
REQUEST		Open Main Page Redirect 4	1605974617410	1605974617611	OK	 
REQUEST		Open Main Page Redirect 4	1605974617410	1605974617612	OK	 
REQUEST		Open Main Page Redirect 4	1605974617405	1605974617614	OK	 
REQUEST		Open Main Page Redirect 4	1605974617354	1605974617640	OK	 
REQUEST		Open Main Page Redirect 4	1605974617430	1605974617663	OK	 
REQUEST		Open Main Page Redirect 4	1605974617320	1605974617664	OK	 
REQUEST		Open Main Page Redirect 4	1605974617355	1605974617666	OK	 
REQUEST		Open Main Page Redirect 4	1605974617402	1605974617668	OK	 
REQUEST		Open Main Page Redirect 4	1605974617423	1605974617670	OK	 
REQUEST		Login	1605974617455	1605974617670	OK	 
REQUEST		Open Main Page Redirect 4	1605974617308	1605974617677	OK	 
REQUEST		Open Main Page Redirect 4	1605974617315	1605974617677	OK	 
REQUEST		Login	1605974617453	1605974617678	OK	 
REQUEST		Login	1605974617453	1605974617679	OK	 
REQUEST		Login	1605974617454	1605974617680	OK	 
REQUEST		Open Main Page Redirect 4	1605974617430	1605974617680	OK	 
REQUEST		Open Main Page Redirect 4	1605974617357	1605974617681	OK	 
REQUEST		Open Main Page Redirect 4	1605974617402	1605974617696	OK	 
REQUEST		Open Main Page Redirect 4	1605974617329	1605974617696	OK	 
REQUEST		Open Main Page Redirect 4	1605974617403	1605974617698	OK	 
REQUEST		Open Main Page Redirect 4	1605974617350	1605974617703	OK	 
REQUEST		Open Main Page Redirect 4	1605974617351	1605974617703	OK	 
REQUEST		Open Main Page Redirect 4	1605974617422	1605974617710	OK	 
REQUEST		Open Main Page Redirect 4	1605974617383	1605974617712	OK	 
REQUEST		Open Main Page Redirect 4	1605974617426	1605974617719	OK	 
REQUEST		Open Main Page Redirect 4	1605974617401	1605974617720	OK	 
REQUEST		Open Main Page Redirect 4	1605974617438	1605974617723	OK	 
REQUEST		Open Main Page Redirect 4	1605974617354	1605974617727	OK	 
REQUEST		Open Main Page Redirect 4	1605974617301	1605974617729	OK	 
REQUEST		Open Main Page Redirect 4	1605974617309	1605974617729	OK	 
REQUEST		Open Main Page Redirect 4	1605974617347	1605974617730	OK	 
REQUEST		Open Main Page Redirect 4	1605974617404	1605974617733	OK	 
REQUEST		Open Main Page Redirect 4	1605974617315	1605974617737	OK	 
REQUEST		Open Main Page Redirect 4	1605974617359	1605974617737	OK	 
REQUEST		Open Main Page Redirect 4	1605974617381	1605974617739	OK	 
REQUEST		Open Main Page Redirect 4	1605974617311	1605974617739	OK	 
REQUEST		Open Main Page Redirect 4	1605974617319	1605974617739	OK	 
REQUEST		Open Main Page Redirect 4	1605974617317	1605974617743	OK	 
REQUEST		Open Main Page Redirect 4	1605974617420	1605974617743	OK	 
REQUEST		Login	1605974617466	1605974617742	OK	 
REQUEST		Open Main Page Redirect 4	1605974617385	1605974617753	OK	 
REQUEST		Open Main Page Redirect 4	1605974617420	1605974617753	OK	 
REQUEST		Open Main Page Redirect 4	1605974617302	1605974617754	OK	 
REQUEST		Open Main Page Redirect 4	1605974617339	1605974617755	OK	 
REQUEST		Open Main Page Redirect 4	1605974617320	1605974617756	OK	 
REQUEST		Open Main Page Redirect 4	1605974617322	1605974617767	OK	 
REQUEST		Open Main Page Redirect 4	1605974617316	1605974617766	OK	 
REQUEST		Open Main Page Redirect 2	1605974617474	1605974617767	OK	 
REQUEST		Open Main Page Redirect 4	1605974617337	1605974617768	OK	 
REQUEST		Login	1605974617472	1605974617770	OK	 
REQUEST		Login	1605974617471	1605974617771	OK	 
REQUEST		Open Main Page Redirect 4	1605974617352	1605974617772	OK	 
REQUEST		Login	1605974617472	1605974617771	OK	 
REQUEST		Login	1605974617489	1605974617772	OK	 
REQUEST		Open Main Page Redirect 4	1605974617325	1605974617772	OK	 
REQUEST		Open Main Page Redirect 4	1605974617299	1605974617774	OK	 
REQUEST		Login	1605974617474	1605974617774	OK	 
REQUEST		Login	1605974617489	1605974617774	OK	 
REQUEST		Open Main Page Redirect 4	1605974617311	1605974617776	OK	 
REQUEST		Open Main Page Redirect 4	1605974617330	1605974617777	OK	 
REQUEST		Open Main Page Redirect 4	1605974617420	1605974617780	OK	 
REQUEST		Login	1605974617512	1605974617784	OK	 
REQUEST		Login	1605974617511	1605974617784	OK	 
REQUEST		Open Main Page Redirect 4	1605974617310	1605974617784	OK	 
REQUEST		Login	1605974617495	1605974617785	OK	 
REQUEST		Login	1605974617519	1605974617785	OK	 
REQUEST		Login	1605974617524	1605974617787	OK	 
REQUEST		Login	1605974617513	1605974617786	OK	 
REQUEST		Login	1605974617519	1605974617787	OK	 
REQUEST		Open Main Page Redirect 4	1605974617412	1605974617791	OK	 
REQUEST		Open Main Page Redirect 4	1605974617355	1605974617792	OK	 
REQUEST		Open Main Page Redirect 4	1605974617319	1605974617795	OK	 
REQUEST		Login	1605974617560	1605974617796	OK	 
REQUEST		Login	1605974617567	1605974617797	OK	 
REQUEST		Login	1605974617590	1605974617797	OK	 
REQUEST		Login	1605974617531	1605974617799	OK	 
REQUEST		Open Main Page Redirect 4	1605974617441	1605974617795	OK	 
REQUEST		Login	1605974617532	1605974617800	OK	 
REQUEST		Login	1605974617607	1605974617800	OK	 
REQUEST		Login	1605974617551	1605974617801	OK	 
REQUEST		Login	1605974617604	1605974617802	OK	 
REQUEST		Login	1605974617553	1605974617803	OK	 
REQUEST		Login	1605974617704	1605974617803	OK	 
REQUEST		Login	1605974617666	1605974617805	OK	 
REQUEST		Login	1605974617599	1605974617805	OK	 
REQUEST		Login	1605974617571	1605974617805	OK	 
REQUEST		Login	1605974617576	1605974617806	OK	 
REQUEST		Login	1605974617613	1605974617806	OK	 
REQUEST		Login	1605974617669	1605974617807	OK	 
REQUEST		Login	1605974617615	1605974617808	OK	 
REQUEST		Login	1605974617682	1605974617803	OK	 
REQUEST		Login	1605974617601	1605974617809	OK	 
REQUEST		Login	1605974617682	1605974617808	OK	 
REQUEST		Login	1605974617588	1605974617808	OK	 
REQUEST		Login	1605974617588	1605974617810	OK	 
REQUEST		Login Redirect 1	1605974617680	1605974617810	OK	 
REQUEST		Login	1605974617678	1605974617810	OK	 
REQUEST		Login Redirect 1	1605974617680	1605974617812	OK	 
REQUEST		Login	1605974617599	1605974617812	OK	 
REQUEST		Login	1605974617697	1605974617812	OK	 
REQUEST		Login	1605974617671	1605974617813	OK	 
REQUEST		Login	1605974617598	1605974617813	OK	 
REQUEST		Login	1605974617699	1605974617813	OK	 
REQUEST		Login	1605974617573	1605974617813	OK	 
REQUEST		Login	1605974617595	1605974617808	OK	 
REQUEST		Login	1605974617704	1605974617815	OK	 
REQUEST		Login	1605974617600	1605974617815	OK	 
REQUEST		Login	1605974617576	1605974617815	OK	 
REQUEST		Login	1605974617598	1605974617815	OK	 
REQUEST		Login	1605974617583	1605974617818	OK	 
REQUEST		Login	1605974617606	1605974617818	OK	 
REQUEST		Login	1605974617613	1605974617818	OK	 
REQUEST		Login	1605974617579	1605974617819	OK	 
REQUEST		Login	1605974617667	1605974617820	OK	 
REQUEST		Login	1605974617641	1605974617820	OK	 
REQUEST		Login	1605974617608	1605974617821	OK	 
REQUEST		Login	1605974617665	1605974617822	OK	 
REQUEST		Login	1605974617678	1605974617822	OK	 
REQUEST		Login Redirect 1	1605974617671	1605974617822	OK	 
REQUEST		Login Redirect 1	1605974617679	1605974617824	OK	 
REQUEST		Login	1605974617697	1605974617824	OK	 
REQUEST		Login	1605974617738	1605974617888	OK	 
REQUEST		Login	1605974617720	1605974617888	OK	 
REQUEST		Login	1605974617728	1605974617888	OK	 
REQUEST		Login	1605974617730	1605974617888	OK	 
REQUEST		Login	1605974617713	1605974617888	OK	 
REQUEST		Login	1605974617724	1605974617889	OK	 
REQUEST		Login	1605974617720	1605974617891	OK	 
REQUEST		Login	1605974617733	1605974617891	OK	 
REQUEST		Login	1605974617734	1605974617891	OK	 
REQUEST		Login	1605974617711	1605974617893	OK	 
REQUEST		Login	1605974617730	1605974617893	OK	 
REQUEST		Login	1605974617740	1605974617895	OK	 
REQUEST		Open Main Page Redirect 4	1605974617385	1605974617925	OK	 
REQUEST		Login	1605974617740	1605974617925	OK	 
REQUEST		Login	1605974617755	1605974617925	OK	 
REQUEST		Login	1605974617740	1605974617927	OK	 
REQUEST		Login	1605974617744	1605974617927	OK	 
REQUEST		Login	1605974617756	1605974617927	OK	 
REQUEST		Login	1605974617741	1605974617926	OK	 
REQUEST		Login	1605974617754	1605974617928	OK	 
REQUEST		Login Redirect 1	1605974617784	1605974617928	OK	 
REQUEST		Login	1605974617756	1605974617930	OK	 
REQUEST		Login	1605974617767	1605974617930	OK	 
REQUEST		Login Redirect 1	1605974617787	1605974617930	OK	 
REQUEST		Login Redirect 1	1605974617786	1605974617931	OK	 
REQUEST		Login	1605974617769	1605974617931	OK	 
REQUEST		Login Redirect 1	1605974617744	1605974617931	OK	 
REQUEST		Login Redirect 1	1605974617797	1605974617932	OK	 
REQUEST		Login Redirect 1	1605974617773	1605974617932	OK	 
REQUEST		Login	1605974617757	1605974617932	OK	 
REQUEST		Login Redirect 1	1605974617775	1605974617933	OK	 
REQUEST		Open Main Page Redirect 3	1605974617768	1605974617933	OK	 
REQUEST		Login	1605974617773	1605974617934	OK	 
REQUEST		Login	1605974617776	1605974617934	OK	 
REQUEST		Login Redirect 1	1605974617773	1605974617934	OK	 
REQUEST		Login Redirect 1	1605974617775	1605974617935	OK	 
REQUEST		Login Redirect 1	1605974617786	1605974617936	OK	 
REQUEST		Login	1605974617797	1605974617936	OK	 
REQUEST		Login Redirect 1	1605974617788	1605974617935	OK	 
REQUEST		Login	1605974617778	1605974617937	OK	 
REQUEST		Login	1605974617744	1605974617930	OK	 
REQUEST		Login Redirect 1	1605974617788	1605974617937	OK	 
REQUEST		Login	1605974617793	1605974617938	OK	 
REQUEST		Login Redirect 1	1605974617771	1605974617938	OK	 
REQUEST		Login	1605974617786	1605974617939	OK	 
REQUEST		Login	1605974617770	1605974617940	OK	 
REQUEST		Login	1605974617792	1605974617941	OK	 
REQUEST		Login	1605974617781	1605974617941	OK	 
REQUEST		Login Redirect 1	1605974617772	1605974617941	OK	 
REQUEST		Login	1605974617773	1605974617943	OK	 
REQUEST		Login	1605974617777	1605974617942	OK	 
REQUEST		Login Redirect 1	1605974617800	1605974617944	OK	 
REQUEST		Login Redirect 1	1605974617797	1605974617944	OK	 
REQUEST		Login Redirect 1	1605974617784	1605974617944	OK	 
REQUEST		Login	1605974617801	1605974617945	OK	 
REQUEST		Login Redirect 1	1605974617806	1605974617946	OK	 
REQUEST		Login Redirect 1	1605974617799	1605974617946	OK	 
REQUEST		Login Redirect 1	1605974617806	1605974617946	OK	 
REQUEST		Login Redirect 1	1605974617801	1605974617945	OK	 
REQUEST		Login Redirect 1	1605974617803	1605974617947	OK	 
REQUEST		Login Redirect 1	1605974617801	1605974617947	OK	 
REQUEST		Login Redirect 1	1605974617804	1605974617947	OK	 
REQUEST		Login Redirect 1	1605974617802	1605974617948	OK	 
REQUEST		Login Redirect 1	1605974617805	1605974617949	OK	 
REQUEST		Login Redirect 1	1605974617804	1605974617950	OK	 
REQUEST		Login Redirect 1	1605974617811	1605974617966	OK	 
REQUEST		Login Redirect 1	1605974617807	1605974617966	OK	 
REQUEST		Login Redirect 1	1605974617814	1605974617967	OK	 
REQUEST		Login Redirect 1	1605974617809	1605974617968	OK	 
REQUEST		Login Redirect 2	1605974617811	1605974617966	OK	 
REQUEST		Login Redirect 1	1605974617818	1605974617969	OK	 
REQUEST		Login Redirect 1	1605974617812	1605974617969	OK	 
REQUEST		Login Redirect 1	1605974617809	1605974617968	OK	 
REQUEST		Login Redirect 1	1605974617811	1605974617970	OK	 
REQUEST		Login Redirect 1	1605974617810	1605974617966	OK	 
REQUEST		Login Redirect 1	1605974617820	1605974617970	OK	 
REQUEST		Login Redirect 1	1605974617814	1605974617970	OK	 
REQUEST		Login Redirect 1	1605974617816	1605974617971	OK	 
REQUEST		Login Redirect 1	1605974617815	1605974617971	OK	 
REQUEST		Login Redirect 2	1605974617812	1605974617971	OK	 
REQUEST		Login Redirect 1	1605974617807	1605974617972	OK	 
REQUEST		Login Redirect 1	1605974617807	1605974617972	OK	 
REQUEST		Login Redirect 1	1605974617814	1605974617973	OK	 
REQUEST		Login Redirect 1	1605974617814	1605974617971	OK	 
REQUEST		Login Redirect 1	1605974617809	1605974617973	OK	 
REQUEST		Login Redirect 1	1605974617814	1605974617974	OK	 
REQUEST		Login Redirect 1	1605974617816	1605974617974	OK	 
REQUEST		Login Redirect 1	1605974617819	1605974617975	OK	 
REQUEST		Login Redirect 1	1605974617816	1605974617975	OK	 
REQUEST		Login Redirect 1	1605974617813	1605974617975	OK	 
REQUEST		Login Redirect 1	1605974617819	1605974617976	OK	 
REQUEST		Login Redirect 1	1605974617810	1605974617976	OK	 
REQUEST		Login Redirect 2	1605974617823	1605974617987	OK	 
REQUEST		Login Redirect 1	1605974617889	1605974617988	OK	 
REQUEST		Login Redirect 1	1605974617820	1605974617987	OK	 
REQUEST		Login Redirect 1	1605974617822	1605974617989	OK	 
REQUEST		Login Redirect 1	1605974617820	1605974617987	OK	 
REQUEST		Login Redirect 1	1605974617892	1605974617989	OK	 
REQUEST		Login Redirect 1	1605974617823	1605974617990	OK	 
REQUEST		Login Redirect 1	1605974617825	1605974617990	OK	 
REQUEST		Login Redirect 1	1605974617889	1605974617990	OK	 
REQUEST		Login Redirect 1	1605974617892	1605974617992	OK	 
REQUEST		Login Redirect 1	1605974617890	1605974617992	OK	 
REQUEST		Login Redirect 1	1605974617890	1605974617991	OK	 
REQUEST		Login Redirect 2	1605974617825	1605974617992	OK	 
REQUEST		Login Redirect 1	1605974617892	1605974617992	OK	 
REQUEST		Login Redirect 1	1605974617822	1605974617993	OK	 
REQUEST		Login Redirect 1	1605974617894	1605974617993	OK	 
REQUEST		Login Redirect 1	1605974617892	1605974617994	OK	 
REQUEST		Login Redirect 1	1605974617889	1605974617994	OK	 
REQUEST		Login Redirect 1	1605974617893	1605974617995	OK	 
REQUEST		Login Redirect 1	1605974617896	1605974617996	OK	 
REQUEST		Login Redirect 1	1605974617927	1605974618006	OK	 
REQUEST		Login Redirect 1	1605974617927	1605974618006	OK	 
REQUEST		Login Redirect 1	1605974617927	1605974618006	OK	 
REQUEST		Login Redirect 1	1605974617926	1605974618008	OK	 
REQUEST		Login Redirect 1	1605974617926	1605974618009	OK	 
REQUEST		Login Redirect 2	1605974617932	1605974618017	OK	 
REQUEST		Login Redirect 2	1605974617929	1605974618017	OK	 
REQUEST		Login Redirect 1	1605974617928	1605974618017	OK	 
REQUEST		Login Redirect 2	1605974617930	1605974618018	OK	 
REQUEST		Login Redirect 1	1605974617929	1605974618018	OK	 
REQUEST		Login	1605974617928	1605974618018	OK	 
REQUEST		Login Redirect 1	1605974617932	1605974618019	OK	 
REQUEST		Login Redirect 2	1605974617931	1605974618019	OK	 
REQUEST		Login Redirect 1	1605974617930	1605974618020	OK	 
REQUEST		Login Redirect 1	1605974617931	1605974618020	OK	 
REQUEST		Login Redirect 2	1605974617933	1605974618064	OK	 
REQUEST		Login Redirect 2	1605974617933	1605974618064	OK	 
REQUEST		Login Redirect 2	1605974617934	1605974618066	OK	 
REQUEST		Login Redirect 1	1605974617935	1605974618067	OK	 
REQUEST		Login Redirect 2	1605974617937	1605974618069	OK	 
REQUEST		Login Redirect 2	1605974617936	1605974618069	OK	 
REQUEST		Login Redirect 1	1605974617936	1605974618070	OK	 
REQUEST		Login Redirect 1	1605974617933	1605974618070	OK	 
REQUEST		Login Redirect 2	1605974617936	1605974618071	OK	 
REQUEST		Login Redirect 1	1605974617937	1605974618072	OK	 
REQUEST		Login Redirect 1	1605974617939	1605974618072	OK	 
REQUEST		Login Redirect 2	1605974617938	1605974618073	OK	 
REQUEST		Login Redirect 2	1605974617935	1605974618072	OK	 
REQUEST		Login Redirect 1	1605974617934	1605974618073	OK	 
REQUEST		Login Redirect 2	1605974617945	1605974618075	OK	 
REQUEST		Login Redirect 1	1605974617938	1605974618075	OK	 
REQUEST		Login Redirect 1	1605974617940	1605974618075	OK	 
REQUEST		Login Redirect 2	1605974617939	1605974618076	OK	 
REQUEST		Login Redirect 2	1605974617946	1605974618076	OK	 
REQUEST		Login Redirect 1	1605974617941	1605974618076	OK	 
REQUEST		Login Redirect 2	1605974617948	1605974618077	OK	 
REQUEST		Open Main Page Redirect 4	1605974617935	1605974618078	OK	 
REQUEST		Login Redirect 1	1605974617946	1605974618078	OK	 
REQUEST		Login Redirect 1	1605974617941	1605974618077	OK	 
REQUEST		Login Redirect 2	1605974617947	1605974618079	OK	 
REQUEST		Login Redirect 2	1605974617942	1605974618078	OK	 
REQUEST		Login Redirect 2	1605974617947	1605974618080	OK	 
REQUEST		Login Redirect 1	1605974617944	1605974618079	OK	 
REQUEST		Login Redirect 2	1605974617950	1605974618080	OK	 
REQUEST		Login Redirect 1	1605974617941	1605974618080	OK	 
REQUEST		Login Redirect 2	1605974617945	1605974618081	OK	 
REQUEST		Login Redirect 1	1605974617944	1605974618081	OK	 
REQUEST		Login Redirect 2	1605974617945	1605974618082	OK	 
REQUEST		Login Redirect 2	1605974617948	1605974618090	OK	 
REQUEST		Login Redirect 2	1605974617948	1605974618090	OK	 
REQUEST		Login Redirect 2	1605974617949	1605974618091	OK	 
REQUEST		Login Redirect 2	1605974617950	1605974618093	OK	 
REQUEST		Login Redirect 2	1605974617971	1605974618114	OK	 
REQUEST		Login Redirect 2	1605974617975	1605974618114	OK	 
REQUEST		Login Redirect 2	1605974617971	1605974618114	OK	 
REQUEST		Login Redirect 2	1605974617973	1605974618115	OK	 
REQUEST		Login Redirect 2	1605974617968	1605974618116	OK	 
REQUEST		Login Redirect 2	1605974617968	1605974618114	OK	 
REQUEST		Login Redirect 2	1605974617969	1605974618125	OK	 
REQUEST		Login Redirect 2	1605974617974	1605974618125	OK	 
REQUEST		Login Redirect 2	1605974617972	1605974618126	OK	 
REQUEST		Login Redirect 3	1605974617972	1605974618126	OK	 
REQUEST		Login Redirect 3	1605974617970	1605974618126	OK	 
REQUEST		Login Redirect 2	1605974617969	1605974618127	OK	 
REQUEST		Login Redirect 2	1605974617967	1605974618127	OK	 
REQUEST		Login Redirect 2	1605974617970	1605974618128	OK	 
REQUEST		Login Redirect 2	1605974617974	1605974618128	OK	 
REQUEST		Login Redirect 2	1605974617990	1605974618128	OK	 
REQUEST		Login Redirect 2	1605974617972	1605974618129	OK	 
REQUEST		Login Redirect 2	1605974617977	1605974618129	OK	 
REQUEST		Login Redirect 3	1605974617988	1605974618129	OK	 
REQUEST		Login Redirect 2	1605974617969	1605974618130	OK	 
REQUEST		Login Redirect 2	1605974617990	1605974618130	OK	 
REQUEST		Login Redirect 2	1605974617990	1605974618130	OK	 
REQUEST		Login Redirect 2	1605974617970	1605974618130	OK	 
REQUEST		Login Redirect 2	1605974617989	1605974618131	OK	 
REQUEST		Login Redirect 2	1605974617974	1605974618131	OK	 
REQUEST		Login Redirect 2	1605974617991	1605974618131	OK	 
REQUEST		Login Redirect 2	1605974617990	1605974618131	OK	 
REQUEST		Login Redirect 2	1605974617976	1605974618132	OK	 
REQUEST		Login Redirect 2	1605974617973	1605974618132	OK	 
REQUEST		Login Redirect 2	1605974617975	1605974618133	OK	 
REQUEST		Login Redirect 2	1605974617975	1605974618133	OK	 
REQUEST		Login Redirect 2	1605974617973	1605974618134	OK	 
REQUEST		Login Redirect 2	1605974617974	1605974618134	OK	 
REQUEST		Login Redirect 2	1605974617991	1605974618135	OK	 
REQUEST		Login Redirect 2	1605974618008	1605974618142	OK	 
REQUEST		Login Redirect 2	1605974617997	1605974618142	OK	 
REQUEST		Login Redirect 2	1605974617995	1605974618144	OK	 
REQUEST		Login Redirect 2	1605974617992	1605974618144	OK	 
REQUEST		Login Redirect 3	1605974617992	1605974618143	OK	 
REQUEST		Login Redirect 2	1605974617992	1605974618143	OK	 
REQUEST		Login Redirect 2	1605974617994	1605974618145	OK	 
REQUEST		Login Redirect 2	1605974618009	1605974618145	OK	 
REQUEST		Login Redirect 2	1605974617993	1605974618145	OK	 
REQUEST		Login Redirect 2	1605974617994	1605974618145	OK	 
REQUEST		Login Redirect 2	1605974617993	1605974618146	OK	 
REQUEST		Login Redirect 2	1605974617992	1605974618146	OK	 
REQUEST		Login Redirect 2	1605974618008	1605974618147	OK	 
REQUEST		Login Redirect 2	1605974618010	1605974618147	OK	 
REQUEST		Login Redirect 2	1605974617996	1605974618147	OK	 
REQUEST		Login Redirect 2	1605974618007	1605974618173	OK	 
REQUEST		Login Redirect 3	1605974618017	1605974618173	OK	 
REQUEST		Login Redirect 3	1605974618017	1605974618175	OK	 
REQUEST		Login Redirect 2	1605974618019	1605974618176	OK	 
REQUEST		Login Redirect 2	1605974618018	1605974618176	OK	 
REQUEST		Login Redirect 1	1605974618019	1605974618176	OK	 
REQUEST		Login Redirect 2	1605974618020	1605974618177	OK	 
REQUEST		Login Redirect 2	1605974618068	1605974618177	OK	 
REQUEST		Login Redirect 2	1605974618019	1605974618177	OK	 
REQUEST		Login Redirect 3	1605974618019	1605974618177	OK	 
REQUEST		Login Redirect 3	1605974618072	1605974618178	OK	 
REQUEST		Login Redirect 3	1605974618070	1605974618178	OK	 
REQUEST		Login Redirect 3	1605974618019	1605974618178	OK	 
REQUEST		Login Redirect 2	1605974618020	1605974618179	OK	 
REQUEST		Login Redirect 2	1605974618073	1605974618179	OK	 
REQUEST		Login Redirect 3	1605974618070	1605974618179	OK	 
REQUEST		Login Redirect 3	1605974618066	1605974618180	OK	 
REQUEST		Login Redirect 3	1605974618066	1605974618180	OK	 
REQUEST		Login Redirect 2	1605974618071	1605974618180	OK	 
REQUEST		Login Redirect 2	1605974618071	1605974618181	OK	 
REQUEST		Login Redirect 3	1605974618067	1605974618181	OK	 
REQUEST		Login Redirect 2	1605974618073	1605974618199	OK	 
REQUEST		Login Redirect 2	1605974618075	1605974618200	OK	 
REQUEST		Login Redirect 2	1605974618074	1605974618201	OK	 
REQUEST		Login Redirect 3	1605974618074	1605974618201	OK	 
REQUEST		Login Redirect 2	1605974618079	1605974618201	OK	 
REQUEST		Login Redirect 2	1605974618078	1605974618202	OK	 
REQUEST		Login Redirect 3	1605974618076	1605974618202	OK	 
REQUEST		Login Redirect 3	1605974618074	1605974618201	OK	 
REQUEST		Login Redirect 2	1605974618077	1605974618203	OK	 
REQUEST		Login Redirect 3	1605974618075	1605974618203	OK	 
REQUEST		Login	1605974618079	1605974618204	OK	 
REQUEST		Login Redirect 2	1605974618076	1605974618204	OK	 
REQUEST		Login Redirect 3	1605974618076	1605974618203	OK	 
REQUEST		Login Redirect 3	1605974618078	1605974618205	OK	 
REQUEST		Login Redirect 3	1605974618079	1605974618234	OK	 
REQUEST		Login Redirect 3	1605974618080	1605974618234	OK	 
REQUEST		Login Redirect 2	1605974618080	1605974618237	OK	 
REQUEST		Login Redirect 2	1605974618081	1605974618238	OK	 
REQUEST		Login Redirect 3	1605974618080	1605974618237	OK	 
REQUEST		Login Redirect 3	1605974618083	1605974618239	OK	 
REQUEST		Login Redirect 3	1605974618081	1605974618239	OK	 
REQUEST		Login Redirect 2	1605974618082	1605974618241	OK	 
REQUEST		Login Redirect 3	1605974618092	1605974618240	OK	 
REQUEST		Login Redirect 3	1605974618091	1605974618241	OK	 
REQUEST		Login Redirect 3	1605974618091	1605974618242	OK	 
REQUEST		Login Redirect 3	1605974618115	1605974618243	OK	 
REQUEST		Login Redirect 3	1605974618094	1605974618243	OK	 
REQUEST		Login Redirect 3	1605974618115	1605974618242	OK	 
REQUEST		Login Redirect 3	1605974618116	1605974618242	OK	 
REQUEST		Login Redirect 3	1605974618125	1605974618242	OK	 
REQUEST		Login Redirect 3	1605974618082	1605974618244	OK	 
REQUEST		Login Redirect 3	1605974618125	1605974618244	OK	 
REQUEST		Login Redirect 3	1605974618115	1605974618245	OK	 
REQUEST		Login Redirect 3	1605974618128	1605974618265	OK	 
REQUEST		Login Redirect 3	1605974618117	1605974618265	OK	 
REQUEST		Login Redirect 3	1605974618128	1605974618265	OK	 
REQUEST		Login Redirect 3	1605974618125	1605974618266	OK	 
REQUEST		Login Redirect 3	1605974618127	1605974618267	OK	 
REQUEST		Login Redirect 3	1605974618131	1605974618272	OK	 
REQUEST		Login Redirect 3	1605974618129	1605974618273	OK	 
REQUEST		Login Redirect 3	1605974618131	1605974618273	OK	 
REQUEST		Login Redirect 3	1605974618129	1605974618273	OK	 
REQUEST		Login Redirect 3	1605974618132	1605974618274	OK	 
REQUEST		Login Redirect 3	1605974618131	1605974618274	OK	 
REQUEST		Login Redirect 3	1605974618131	1605974618275	OK	 
REQUEST		Login Redirect 3	1605974618131	1605974618299	OK	 
REQUEST		Login Redirect 3	1605974618130	1605974618299	OK	 
REQUEST		Login Redirect 3	1605974618133	1605974618313	OK	 
REQUEST		Login Redirect 3	1605974618130	1605974618313	OK	 
REQUEST		Login Redirect 3	1605974618132	1605974618313	OK	 
REQUEST		Login Redirect 3	1605974618131	1605974618314	OK	 
REQUEST		Login Redirect 3	1605974618134	1605974618316	OK	 
REQUEST		Login Redirect 3	1605974618129	1605974618317	OK	 
REQUEST		Login Redirect 3	1605974618135	1605974618317	OK	 
REQUEST		Login Redirect 3	1605974618135	1605974618318	OK	 
REQUEST		Login Redirect 3	1605974618143	1605974618318	OK	 
REQUEST		Login Redirect 3	1605974618136	1605974618319	OK	 
REQUEST		Login Redirect 3	1605974618145	1605974618321	OK	 
REQUEST		Login Redirect 3	1605974618144	1605974618321	OK	 
REQUEST		Login Redirect 3	1605974618143	1605974618321	OK	 
REQUEST		Login Redirect 3	1605974618146	1605974618322	OK	 
REQUEST		Login Redirect 3	1605974618145	1605974618321	OK	 
REQUEST		Login Redirect 3	1605974618145	1605974618323	OK	 
REQUEST		Login Redirect 3	1605974618144	1605974618324	OK	 
REQUEST		Login Redirect 3	1605974618174	1605974618324	OK	 
REQUEST		Login Redirect 3	1605974618134	1605974618325	OK	 
REQUEST		Login Redirect 2	1605974618176	1605974618325	OK	 
REQUEST		Login Redirect 3	1605974618148	1605974618325	OK	 
REQUEST		Login Redirect 3	1605974618145	1605974618326	OK	 
REQUEST		Login Redirect 3	1605974618176	1605974618327	OK	 
REQUEST		Login Redirect 3	1605974618146	1605974618327	OK	 
REQUEST		Login Redirect 3	1605974618147	1605974618328	OK	 
REQUEST		Login Redirect 3	1605974618177	1605974618328	OK	 
REQUEST		Login Redirect 3	1605974618200	1605974618334	OK	 
REQUEST		Login Redirect 4	1605974618176	1605974618333	KO	jsonPath($..token).find.exists preparation crashed: Jackson failed to parse into a valid AST: c.f.j.c.JsonParseException: Unexpected character ('<' (code 60)): expected a valid value (JSON String, Number, Array, Object or token 'null', 'true' or 'false')  at [Source: (SequenceInputStream); line: 1, column: 2]
REQUEST		Login Redirect 4	1605974618144	1605974618324	KO	jsonPath($..token).find.exists preparation crashed: Jackson failed to parse into a valid AST: c.f.j.c.JsonParseException: Unexpected character ('<' (code 60)): expected a valid value (JSON String, Number, Array, Object or token 'null', 'true' or 'false')  at [Source: (SequenceInputStream); line: 1, column: 2]
REQUEST		Login Redirect 4	1605974618128	1605974618313	KO	jsonPath($..token).find.exists preparation crashed: Jackson failed to parse into a valid AST: c.f.j.c.JsonParseException: Unexpected character ('<' (code 60)): expected a valid value (JSON String, Number, Array, Object or token 'null', 'true' or 'false')  at [Source: (SequenceInputStream); line: 1, column: 2]
REQUEST		Login Redirect 4	1605974618130	1605974618320	KO	jsonPath($..token).find.exists preparation crashed: Jackson failed to parse into a valid AST: c.f.j.c.JsonParseException: Unexpected character ('<' (code 60)): expected a valid value (JSON String, Number, Array, Object or token 'null', 'true' or 'false')  at [Source: (SequenceInputStream); line: 1, column: 2]
REQUEST		Login Redirect 4	1605974618127	1605974618316	KO	jsonPath($..token).find.exists preparation crashed: Jackson failed to parse into a valid AST: c.f.j.c.JsonParseException: Unexpected character ('<' (code 60)): expected a valid value (JSON String, Number, Array, Object or token 'null', 'true' or 'false')  at [Source: (SequenceInputStream); line: 1, column: 2]
REQUEST		Login Redirect 3	1605974618201	1605974618361	OK	 
REQUEST		Login Redirect 3	1605974618129	1605974618373	OK	 
REQUEST		Login Redirect 3	1605974618181	1605974618375	OK	 
REQUEST		Login Redirect 4	1605974618174	1605974618376	KO	jsonPath($..token).find.exists preparation crashed: Jackson failed to parse into a valid AST: c.f.j.c.JsonParseException: Unexpected character ('<' (code 60)): expected a valid value (JSON String, Number, Array, Object or token 'null', 'true' or 'false')  at [Source: (SequenceInputStream); line: 1, column: 2]
REQUEST		Login Redirect 4	1605974618178	1605974618376	KO	jsonPath($..token).find.exists preparation crashed: Jackson failed to parse into a valid AST: c.f.j.c.JsonParseException: Unexpected character ('<' (code 60)): expected a valid value (JSON String, Number, Array, Object or token 'null', 'true' or 'false')  at [Source: (SequenceInputStream); line: 1, column: 2]
REQUEST		Login Redirect 3	1605974618147	1605974618376	OK	 
REQUEST		Login Redirect 3	1605974618200	1605974618377	OK	 
REQUEST		Login Redirect 4	1605974618180	1605974618377	KO	jsonPath($..token).find.exists preparation crashed: Jackson failed to parse into a valid AST: c.f.j.c.JsonParseException: Unexpected character ('<' (code 60)): expected a valid value (JSON String, Number, Array, Object or token 'null', 'true' or 'false')  at [Source: (SequenceInputStream); line: 1, column: 2]
REQUEST		Login Redirect 3	1605974618176	1605974618378	OK	 
REQUEST		Login Redirect 3	1605974618182	1605974618378	OK	 
REQUEST		Login Redirect 3	1605974618201	1605974618379	OK	 
REQUEST		Login Redirect 3	1605974618180	1605974618379	OK	 
REQUEST		Login Redirect 3	1605974618178	1605974618379	OK	 
REQUEST		Login Redirect 4	1605974618180	1605974618379	KO	jsonPath($..token).find.exists preparation crashed: Jackson failed to parse into a valid AST: c.f.j.c.JsonParseException: Unexpected character ('<' (code 60)): expected a valid value (JSON String, Number, Array, Object or token 'null', 'true' or 'false')  at [Source: (SequenceInputStream); line: 1, column: 2]
REQUEST		Login Redirect 3	1605974618177	1605974618377	OK	 
REQUEST		Login Redirect 3	1605974618179	1605974618381	OK	 
REQUEST		Login Redirect 4	1605974618178	1605974618382	KO	jsonPath($..token).find.exists preparation crashed: Jackson failed to parse into a valid AST: c.f.j.c.JsonParseException: Unexpected character ('<' (code 60)): expected a valid value (JSON String, Number, Array, Object or token 'null', 'true' or 'false')  at [Source: (SequenceInputStream); line: 1, column: 2]
REQUEST		Login Redirect 4	1605974618179	1605974618382	KO	jsonPath($..token).find.exists preparation crashed: Jackson failed to parse into a valid AST: c.f.j.c.JsonParseException: Unexpected character ('<' (code 60)): expected a valid value (JSON String, Number, Array, Object or token 'null', 'true' or 'false')  at [Source: (SequenceInputStream); line: 1, column: 2]
REQUEST		Login Redirect 4	1605974618179	1605974618384	KO	jsonPath($..token).find.exists preparation crashed: Jackson failed to parse into a valid AST: c.f.j.c.JsonParseException: Unexpected character ('<' (code 60)): expected a valid value (JSON String, Number, Array, Object or token 'null', 'true' or 'false')  at [Source: (SequenceInputStream); line: 1, column: 2]
REQUEST		Login Redirect 4	1605974618182	1605974618384	KO	jsonPath($..token).find.exists preparation crashed: Jackson failed to parse into a valid AST: c.f.j.c.JsonParseException: Unexpected character ('<' (code 60)): expected a valid value (JSON String, Number, Array, Object or token 'null', 'true' or 'false')  at [Source: (SequenceInputStream); line: 1, column: 2]
REQUEST		Login Redirect 3	1605974618203	1605974618386	OK	 
REQUEST		Login Redirect 3	1605974618202	1605974618386	OK	 
REQUEST		Login Redirect 1	1605974618205	1605974618386	OK	 
REQUEST		Login Redirect 4	1605974618181	1605974618386	KO	jsonPath($..token).find.exists preparation crashed: Jackson failed to parse into a valid AST: c.f.j.c.JsonParseException: Unexpected character ('<' (code 60)): expected a valid value (JSON String, Number, Array, Object or token 'null', 'true' or 'false')  at [Source: (SequenceInputStream); line: 1, column: 2]
REQUEST		Login Redirect 3	1605974618238	1605974618387	OK	 
REQUEST		Login Redirect 3	1605974618238	1605974618387	OK	 
REQUEST		Login Redirect 3	1605974618205	1605974618387	OK	 
REQUEST		Login Redirect 4	1605974618203	1605974618406	KO	jsonPath($..token).find.exists preparation crashed: Jackson failed to parse into a valid AST: c.f.j.c.JsonParseException: Unexpected character ('<' (code 60)): expected a valid value (JSON String, Number, Array, Object or token 'null', 'true' or 'false')  at [Source: (SequenceInputStream); line: 1, column: 2]
REQUEST		Login Redirect 4	1605974618235	1605974618406	KO	jsonPath($..token).find.exists preparation crashed: Jackson failed to parse into a valid AST: c.f.j.c.JsonParseException: Unexpected character ('<' (code 60)): expected a valid value (JSON String, Number, Array, Object or token 'null', 'true' or 'false')  at [Source: (SequenceInputStream); line: 1, column: 2]
REQUEST		Login Redirect 3	1605974618241	1605974618406	OK	 
REQUEST		Login Redirect 4	1605974618206	1605974618411	KO	jsonPath($..token).find.exists preparation crashed: Jackson failed to parse into a valid AST: c.f.j.c.JsonParseException: Unexpected character ('<' (code 60)): expected a valid value (JSON String, Number, Array, Object or token 'null', 'true' or 'false')  at [Source: (SequenceInputStream); line: 1, column: 2]
REQUEST		Login Redirect 4	1605974618201	1605974618411	KO	jsonPath($..token).find.exists preparation crashed: Jackson failed to parse into a valid AST: c.f.j.c.JsonParseException: Unexpected character ('<' (code 60)): expected a valid value (JSON String, Number, Array, Object or token 'null', 'true' or 'false')  at [Source: (SequenceInputStream); line: 1, column: 2]
REQUEST		Login Redirect 4	1605974618239	1605974618414	KO	jsonPath($..token).find.exists preparation crashed: Jackson failed to parse into a valid AST: c.f.j.c.JsonParseException: Unexpected character ('<' (code 60)): expected a valid value (JSON String, Number, Array, Object or token 'null', 'true' or 'false')  at [Source: (SequenceInputStream); line: 1, column: 2]
REQUEST		Login Redirect 4	1605974618204	1605974618416	KO	jsonPath($..token).find.exists preparation crashed: Jackson failed to parse into a valid AST: c.f.j.c.JsonParseException: Unexpected character ('<' (code 60)): expected a valid value (JSON String, Number, Array, Object or token 'null', 'true' or 'false')  at [Source: (SequenceInputStream); line: 1, column: 2]
REQUEST		Login Redirect 4	1605974618243	1605974618418	KO	jsonPath($..token).find.exists preparation crashed: Jackson failed to parse into a valid AST: c.f.j.c.JsonParseException: Unexpected character ('<' (code 60)): expected a valid value (JSON String, Number, Array, Object or token 'null', 'true' or 'false')  at [Source: (SequenceInputStream); line: 1, column: 2]
REQUEST		Login Redirect 4	1605974618240	1605974618418	KO	jsonPath($..token).find.exists preparation crashed: Jackson failed to parse into a valid AST: c.f.j.c.JsonParseException: Unexpected character ('<' (code 60)): expected a valid value (JSON String, Number, Array, Object or token 'null', 'true' or 'false')  at [Source: (SequenceInputStream); line: 1, column: 2]
REQUEST		Login Redirect 4	1605974618242	1605974618508	KO	jsonPath($..token).find.exists preparation crashed: Jackson failed to parse into a valid AST: c.f.j.c.JsonParseException: Unexpected character ('<' (code 60)): expected a valid value (JSON String, Number, Array, Object or token 'null', 'true' or 'false')  at [Source: (SequenceInputStream); line: 1, column: 2]
REQUEST		Login Redirect 4	1605974618243	1605974618512	KO	jsonPath($..token).find.exists preparation crashed: Jackson failed to parse into a valid AST: c.f.j.c.JsonParseException: Unexpected character ('<' (code 60)): expected a valid value (JSON String, Number, Array, Object or token 'null', 'true' or 'false')  at [Source: (SequenceInputStream); line: 1, column: 2]
REQUEST		Login Redirect 4	1605974618241	1605974618512	KO	jsonPath($..token).find.exists preparation crashed: Jackson failed to parse into a valid AST: c.f.j.c.JsonParseException: Unexpected character ('<' (code 60)): expected a valid value (JSON String, Number, Array, Object or token 'null', 'true' or 'false')  at [Source: (SequenceInputStream); line: 1, column: 2]
REQUEST		Login Redirect 4	1605974618235	1605974618515	KO	jsonPath($..token).find.exists preparation crashed: Jackson failed to parse into a valid AST: c.f.j.c.JsonParseException: Unexpected character ('<' (code 60)): expected a valid value (JSON String, Number, Array, Object or token 'null', 'true' or 'false')  at [Source: (SequenceInputStream); line: 1, column: 2]
REQUEST		Login Redirect 4	1605974618242	1605974618515	KO	jsonPath($..token).find.exists preparation crashed: Jackson failed to parse into a valid AST: c.f.j.c.JsonParseException: Unexpected character ('<' (code 60)): expected a valid value (JSON String, Number, Array, Object or token 'null', 'true' or 'false')  at [Source: (SequenceInputStream); line: 1, column: 2]
REQUEST		Login Redirect 4	1605974618240	1605974618530	KO	jsonPath($..token).find.exists preparation crashed: Jackson failed to parse into a valid AST: c.f.j.c.JsonParseException: Unexpected character ('<' (code 60)): expected a valid value (JSON String, Number, Array, Object or token 'null', 'true' or 'false')  at [Source: (SequenceInputStream); line: 1, column: 2]
REQUEST		Login Redirect 4	1605974618202	1605974618533	KO	jsonPath($..token).find.exists preparation crashed: Jackson failed to parse into a valid AST: c.f.j.c.JsonParseException: Unexpected character ('<' (code 60)): expected a valid value (JSON String, Number, Array, Object or token 'null', 'true' or 'false')  at [Source: (SequenceInputStream); line: 1, column: 2]
REQUEST		Login Redirect 4	1605974618205	1605974618533	KO	jsonPath($..token).find.exists preparation crashed: Jackson failed to parse into a valid AST: c.f.j.c.JsonParseException: Unexpected character ('<' (code 60)): expected a valid value (JSON String, Number, Array, Object or token 'null', 'true' or 'false')  at [Source: (SequenceInputStream); line: 1, column: 2]
REQUEST		Login Redirect 4	1605974618244	1605974618535	KO	jsonPath($..token).find.exists preparation crashed: Jackson failed to parse into a valid AST: c.f.j.c.JsonParseException: Unexpected character ('<' (code 60)): expected a valid value (JSON String, Number, Array, Object or token 'null', 'true' or 'false')  at [Source: (SequenceInputStream); line: 1, column: 2]
REQUEST		Login Redirect 4	1605974618243	1605974618537	KO	jsonPath($..token).find.exists preparation crashed: Jackson failed to parse into a valid AST: c.f.j.c.JsonParseException: Unexpected character ('<' (code 60)): expected a valid value (JSON String, Number, Array, Object or token 'null', 'true' or 'false')  at [Source: (SequenceInputStream); line: 1, column: 2]
REQUEST		Login Redirect 4	1605974618245	1605974618545	KO	jsonPath($..token).find.exists preparation crashed: Jackson failed to parse into a valid AST: c.f.j.c.JsonParseException: Unexpected character ('<' (code 60)): expected a valid value (JSON String, Number, Array, Object or token 'null', 'true' or 'false')  at [Source: (SequenceInputStream); line: 1, column: 2]
REQUEST		Login Redirect 4	1605974618244	1605974618547	KO	jsonPath($..token).find.exists preparation crashed: Jackson failed to parse into a valid AST: c.f.j.c.JsonParseException: Unexpected character ('<' (code 60)): expected a valid value (JSON String, Number, Array, Object or token 'null', 'true' or 'false')  at [Source: (SequenceInputStream); line: 1, column: 2]
REQUEST		Login Redirect 4	1605974618244	1605974618548	KO	jsonPath($..token).find.exists preparation crashed: Jackson failed to parse into a valid AST: c.f.j.c.JsonParseException: Unexpected character ('<' (code 60)): expected a valid value (JSON String, Number, Array, Object or token 'null', 'true' or 'false')  at [Source: (SequenceInputStream); line: 1, column: 2]
REQUEST		Login Redirect 4	1605974618275	1605974618550	KO	jsonPath($..token).find.exists preparation crashed: Jackson failed to parse into a valid AST: c.f.j.c.JsonParseException: Unexpected character ('<' (code 60)): expected a valid value (JSON String, Number, Array, Object or token 'null', 'true' or 'false')  at [Source: (SequenceInputStream); line: 1, column: 2]
REQUEST		Login Redirect 4	1605974618266	1605974618554	KO	jsonPath($..token).find.exists preparation crashed: Jackson failed to parse into a valid AST: c.f.j.c.JsonParseException: Unexpected character ('<' (code 60)): expected a valid value (JSON String, Number, Array, Object or token 'null', 'true' or 'false')  at [Source: (SequenceInputStream); line: 1, column: 2]
REQUEST		Login Redirect 4	1605974618267	1605974618557	KO	jsonPath($..token).find.exists preparation crashed: Jackson failed to parse into a valid AST: c.f.j.c.JsonParseException: Unexpected character ('<' (code 60)): expected a valid value (JSON String, Number, Array, Object or token 'null', 'true' or 'false')  at [Source: (SequenceInputStream); line: 1, column: 2]
REQUEST		Login Redirect 4	1605974618300	1605974618557	KO	jsonPath($..token).find.exists preparation crashed: Jackson failed to parse into a valid AST: c.f.j.c.JsonParseException: Unexpected character ('<' (code 60)): expected a valid value (JSON String, Number, Array, Object or token 'null', 'true' or 'false')  at [Source: (SequenceInputStream); line: 1, column: 2]
REQUEST		Login Redirect 4	1605974618266	1605974618560	KO	jsonPath($..token).find.exists preparation crashed: Jackson failed to parse into a valid AST: c.f.j.c.JsonParseException: Unexpected character ('<' (code 60)): expected a valid value (JSON String, Number, Array, Object or token 'null', 'true' or 'false')  at [Source: (SequenceInputStream); line: 1, column: 2]
REQUEST		Login Redirect 4	1605974618274	1605974618560	KO	jsonPath($..token).find.exists preparation crashed: Jackson failed to parse into a valid AST: c.f.j.c.JsonParseException: Unexpected character ('<' (code 60)): expected a valid value (JSON String, Number, Array, Object or token 'null', 'true' or 'false')  at [Source: (SequenceInputStream); line: 1, column: 2]
REQUEST		Login Redirect 4	1605974618274	1605974618562	KO	jsonPath($..token).find.exists preparation crashed: Jackson failed to parse into a valid AST: c.f.j.c.JsonParseException: Unexpected character ('<' (code 60)): expected a valid value (JSON String, Number, Array, Object or token 'null', 'true' or 'false')  at [Source: (SequenceInputStream); line: 1, column: 2]
REQUEST		Login Redirect 4	1605974618273	1605974618565	KO	jsonPath($..token).find.exists preparation crashed: Jackson failed to parse into a valid AST: c.f.j.c.JsonParseException: Unexpected character ('<' (code 60)): expected a valid value (JSON String, Number, Array, Object or token 'null', 'true' or 'false')  at [Source: (SequenceInputStream); line: 1, column: 2]
REQUEST		Login Redirect 4	1605974618300	1605974618565	KO	jsonPath($..token).find.exists preparation crashed: Jackson failed to parse into a valid AST: c.f.j.c.JsonParseException: Unexpected character ('<' (code 60)): expected a valid value (JSON String, Number, Array, Object or token 'null', 'true' or 'false')  at [Source: (SequenceInputStream); line: 1, column: 2]
REQUEST		Login Redirect 4	1605974618314	1605974618569	KO	jsonPath($..token).find.exists preparation crashed: Jackson failed to parse into a valid AST: c.f.j.c.JsonParseException: Unexpected character ('<' (code 60)): expected a valid value (JSON String, Number, Array, Object or token 'null', 'true' or 'false')  at [Source: (SequenceInputStream); line: 1, column: 2]
REQUEST		Login Redirect 4	1605974618314	1605974618570	KO	jsonPath($..token).find.exists preparation crashed: Jackson failed to parse into a valid AST: c.f.j.c.JsonParseException: Unexpected character ('<' (code 60)): expected a valid value (JSON String, Number, Array, Object or token 'null', 'true' or 'false')  at [Source: (SequenceInputStream); line: 1, column: 2]
REQUEST		Login Redirect 4	1605974618274	1605974618580	KO	jsonPath($..token).find.exists preparation crashed: Jackson failed to parse into a valid AST: c.f.j.c.JsonParseException: Unexpected character ('<' (code 60)): expected a valid value (JSON String, Number, Array, Object or token 'null', 'true' or 'false')  at [Source: (SequenceInputStream); line: 1, column: 2]
REQUEST		Login Redirect 4	1605974618318	1605974618581	KO	jsonPath($..token).find.exists preparation crashed: Jackson failed to parse into a valid AST: c.f.j.c.JsonParseException: Unexpected character ('<' (code 60)): expected a valid value (JSON String, Number, Array, Object or token 'null', 'true' or 'false')  at [Source: (SequenceInputStream); line: 1, column: 2]
REQUEST		Login Redirect 4	1605974618318	1605974618584	KO	jsonPath($..token).find.exists preparation crashed: Jackson failed to parse into a valid AST: c.f.j.c.JsonParseException: Unexpected character ('<' (code 60)): expected a valid value (JSON String, Number, Array, Object or token 'null', 'true' or 'false')  at [Source: (SequenceInputStream); line: 1, column: 2]
REQUEST		Login Redirect 4	1605974618275	1605974618588	KO	jsonPath($..token).find.exists preparation crashed: Jackson failed to parse into a valid AST: c.f.j.c.JsonParseException: Unexpected character ('<' (code 60)): expected a valid value (JSON String, Number, Array, Object or token 'null', 'true' or 'false')  at [Source: (SequenceInputStream); line: 1, column: 2]
REQUEST		Login Redirect 4	1605974618318	1605974618588	KO	jsonPath($..token).find.exists preparation crashed: Jackson failed to parse into a valid AST: c.f.j.c.JsonParseException: Unexpected character ('<' (code 60)): expected a valid value (JSON String, Number, Array, Object or token 'null', 'true' or 'false')  at [Source: (SequenceInputStream); line: 1, column: 2]
REQUEST		Login Redirect 4	1605974618321	1605974618588	KO	jsonPath($..token).find.exists preparation crashed: Jackson failed to parse into a valid AST: c.f.j.c.JsonParseException: Unexpected character ('<' (code 60)): expected a valid value (JSON String, Number, Array, Object or token 'null', 'true' or 'false')  at [Source: (SequenceInputStream); line: 1, column: 2]
REQUEST		Login Redirect 4	1605974618266	1605974618590	KO	jsonPath($..token).find.exists preparation crashed: Jackson failed to parse into a valid AST: c.f.j.c.JsonParseException: Unexpected character ('<' (code 60)): expected a valid value (JSON String, Number, Array, Object or token 'null', 'true' or 'false')  at [Source: (SequenceInputStream); line: 1, column: 2]
REQUEST		Login Redirect 4	1605974618267	1605974618592	KO	jsonPath($..token).find.exists preparation crashed: Jackson failed to parse into a valid AST: c.f.j.c.JsonParseException: Unexpected character ('<' (code 60)): expected a valid value (JSON String, Number, Array, Object or token 'null', 'true' or 'false')  at [Source: (SequenceInputStream); line: 1, column: 2]
REQUEST		Login Redirect 4	1605974618313	1605974618596	KO	jsonPath($..token).find.exists preparation crashed: Jackson failed to parse into a valid AST: c.f.j.c.JsonParseException: Unexpected character ('<' (code 60)): expected a valid value (JSON String, Number, Array, Object or token 'null', 'true' or 'false')  at [Source: (SequenceInputStream); line: 1, column: 2]
REQUEST		Login Redirect 4	1605974618322	1605974618597	KO	jsonPath($..token).find.exists preparation crashed: Jackson failed to parse into a valid AST: c.f.j.c.JsonParseException: Unexpected character ('<' (code 60)): expected a valid value (JSON String, Number, Array, Object or token 'null', 'true' or 'false')  at [Source: (SequenceInputStream); line: 1, column: 2]
REQUEST		Login Redirect 4	1605974618274	1605974618600	KO	jsonPath($..token).find.exists preparation crashed: Jackson failed to parse into a valid AST: c.f.j.c.JsonParseException: Unexpected character ('<' (code 60)): expected a valid value (JSON String, Number, Array, Object or token 'null', 'true' or 'false')  at [Source: (SequenceInputStream); line: 1, column: 2]
REQUEST		Login Redirect 4	1605974618317	1605974618600	KO	jsonPath($..token).find.exists preparation crashed: Jackson failed to parse into a valid AST: c.f.j.c.JsonParseException: Unexpected character ('<' (code 60)): expected a valid value (JSON String, Number, Array, Object or token 'null', 'true' or 'false')  at [Source: (SequenceInputStream); line: 1, column: 2]
REQUEST		Login Redirect 4	1605974618246	1605974618601	KO	jsonPath($..token).find.exists preparation crashed: Jackson failed to parse into a valid AST: c.f.j.c.JsonParseException: Unexpected character ('<' (code 60)): expected a valid value (JSON String, Number, Array, Object or token 'null', 'true' or 'false')  at [Source: (SequenceInputStream); line: 1, column: 2]
REQUEST		Login Redirect 4	1605974618322	1605974618604	KO	jsonPath($..token).find.exists preparation crashed: Jackson failed to parse into a valid AST: c.f.j.c.JsonParseException: Unexpected character ('<' (code 60)): expected a valid value (JSON String, Number, Array, Object or token 'null', 'true' or 'false')  at [Source: (SequenceInputStream); line: 1, column: 2]
REQUEST		Login Redirect 4	1605974618319	1605974618605	KO	jsonPath($..token).find.exists preparation crashed: Jackson failed to parse into a valid AST: c.f.j.c.JsonParseException: Unexpected character ('<' (code 60)): expected a valid value (JSON String, Number, Array, Object or token 'null', 'true' or 'false')  at [Source: (SequenceInputStream); line: 1, column: 2]
REQUEST		Login Redirect 4	1605974618314	1605974618613	KO	jsonPath($..token).find.exists preparation crashed: Jackson failed to parse into a valid AST: c.f.j.c.JsonParseException: Unexpected character ('<' (code 60)): expected a valid value (JSON String, Number, Array, Object or token 'null', 'true' or 'false')  at [Source: (SequenceInputStream); line: 1, column: 2]
REQUEST		Login Redirect 4	1605974618323	1605974618616	KO	jsonPath($..token).find.exists preparation crashed: Jackson failed to parse into a valid AST: c.f.j.c.JsonParseException: Unexpected character ('<' (code 60)): expected a valid value (JSON String, Number, Array, Object or token 'null', 'true' or 'false')  at [Source: (SequenceInputStream); line: 1, column: 2]
REQUEST		Login Redirect 4	1605974618323	1605974618616	KO	jsonPath($..token).find.exists preparation crashed: Jackson failed to parse into a valid AST: c.f.j.c.JsonParseException: Unexpected character ('<' (code 60)): expected a valid value (JSON String, Number, Array, Object or token 'null', 'true' or 'false')  at [Source: (SequenceInputStream); line: 1, column: 2]
REQUEST		Login Redirect 3	1605974618325	1605974618616	OK	 
REQUEST		Login Redirect 4	1605974618326	1605974618620	KO	jsonPath($..token).find.exists preparation crashed: Jackson failed to parse into a valid AST: c.f.j.c.JsonParseException: Unexpected character ('<' (code 60)): expected a valid value (JSON String, Number, Array, Object or token 'null', 'true' or 'false')  at [Source: (SequenceInputStream); line: 1, column: 2]
REQUEST		Login Redirect 4	1605974618327	1605974618620	KO	jsonPath($..token).find.exists preparation crashed: Jackson failed to parse into a valid AST: c.f.j.c.JsonParseException: Unexpected character ('<' (code 60)): expected a valid value (JSON String, Number, Array, Object or token 'null', 'true' or 'false')  at [Source: (SequenceInputStream); line: 1, column: 2]
REQUEST		Login Redirect 4	1605974618325	1605974618634	KO	jsonPath($..token).find.exists preparation crashed: Jackson failed to parse into a valid AST: c.f.j.c.JsonParseException: Unexpected character ('<' (code 60)): expected a valid value (JSON String, Number, Array, Object or token 'null', 'true' or 'false')  at [Source: (SequenceInputStream); line: 1, column: 2]
REQUEST		Login Redirect 4	1605974618325	1605974618638	KO	jsonPath($..token).find.exists preparation crashed: Jackson failed to parse into a valid AST: c.f.j.c.JsonParseException: Unexpected character ('<' (code 60)): expected a valid value (JSON String, Number, Array, Object or token 'null', 'true' or 'false')  at [Source: (SequenceInputStream); line: 1, column: 2]
REQUEST		Login Redirect 4	1605974618320	1605974618640	KO	jsonPath($..token).find.exists preparation crashed: Jackson failed to parse into a valid AST: c.f.j.c.JsonParseException: Unexpected character ('<' (code 60)): expected a valid value (JSON String, Number, Array, Object or token 'null', 'true' or 'false')  at [Source: (SequenceInputStream); line: 1, column: 2]
REQUEST		Login Redirect 4	1605974618326	1605974618654	KO	jsonPath($..token).find.exists preparation crashed: Jackson failed to parse into a valid AST: c.f.j.c.JsonParseException: Unexpected character ('<' (code 60)): expected a valid value (JSON String, Number, Array, Object or token 'null', 'true' or 'false')  at [Source: (SequenceInputStream); line: 1, column: 2]
REQUEST		Login Redirect 4	1605974618376	1605974618660	KO	jsonPath($..token).find.exists preparation crashed: Jackson failed to parse into a valid AST: c.f.j.c.JsonParseException: Unexpected character ('<' (code 60)): expected a valid value (JSON String, Number, Array, Object or token 'null', 'true' or 'false')  at [Source: (SequenceInputStream); line: 1, column: 2]
REQUEST		Login Redirect 4	1605974618379	1605974618662	KO	jsonPath($..token).find.exists preparation crashed: Jackson failed to parse into a valid AST: c.f.j.c.JsonParseException: Unexpected character ('<' (code 60)): expected a valid value (JSON String, Number, Array, Object or token 'null', 'true' or 'false')  at [Source: (SequenceInputStream); line: 1, column: 2]
REQUEST		Login Redirect 4	1605974618379	1605974618664	KO	jsonPath($..token).find.exists preparation crashed: Jackson failed to parse into a valid AST: c.f.j.c.JsonParseException: Unexpected character ('<' (code 60)): expected a valid value (JSON String, Number, Array, Object or token 'null', 'true' or 'false')  at [Source: (SequenceInputStream); line: 1, column: 2]
REQUEST		Login Redirect 4	1605974618374	1605974618666	KO	jsonPath($..token).find.exists preparation crashed: Jackson failed to parse into a valid AST: c.f.j.c.JsonParseException: Unexpected character ('<' (code 60)): expected a valid value (JSON String, Number, Array, Object or token 'null', 'true' or 'false')  at [Source: (SequenceInputStream); line: 1, column: 2]
REQUEST		Login Redirect 4	1605974618378	1605974618667	KO	jsonPath($..token).find.exists preparation crashed: Jackson failed to parse into a valid AST: c.f.j.c.JsonParseException: Unexpected character ('<' (code 60)): expected a valid value (JSON String, Number, Array, Object or token 'null', 'true' or 'false')  at [Source: (SequenceInputStream); line: 1, column: 2]
REQUEST		Login Redirect 2	1605974617991	1605974618671	OK	 
REQUEST		Login Redirect 4	1605974618380	1605974618671	KO	jsonPath($..token).find.exists preparation crashed: Jackson failed to parse into a valid AST: c.f.j.c.JsonParseException: Unexpected character ('<' (code 60)): expected a valid value (JSON String, Number, Array, Object or token 'null', 'true' or 'false')  at [Source: (SequenceInputStream); line: 1, column: 2]
REQUEST		Login Redirect 4	1605974618377	1605974618672	KO	jsonPath($..token).find.exists preparation crashed: Jackson failed to parse into a valid AST: c.f.j.c.JsonParseException: Unexpected character ('<' (code 60)): expected a valid value (JSON String, Number, Array, Object or token 'null', 'true' or 'false')  at [Source: (SequenceInputStream); line: 1, column: 2]
REQUEST		Login Redirect 2	1605974618386	1605974618674	OK	 
REQUEST		Login Redirect 4	1605974618363	1605974618677	KO	jsonPath($..token).find.exists preparation crashed: Jackson failed to parse into a valid AST: c.f.j.c.JsonParseException: Unexpected character ('<' (code 60)): expected a valid value (JSON String, Number, Array, Object or token 'null', 'true' or 'false')  at [Source: (SequenceInputStream); line: 1, column: 2]
REQUEST		Login Redirect 4	1605974618379	1605974618716	KO	jsonPath($..token).find.exists preparation crashed: Jackson failed to parse into a valid AST: c.f.j.c.JsonParseException: Unexpected character ('<' (code 60)): expected a valid value (JSON String, Number, Array, Object or token 'null', 'true' or 'false')  at [Source: (SequenceInputStream); line: 1, column: 2]
REQUEST		Login Redirect 4	1605974618382	1605974618719	KO	jsonPath($..token).find.exists preparation crashed: Jackson failed to parse into a valid AST: c.f.j.c.JsonParseException: Unexpected character ('<' (code 60)): expected a valid value (JSON String, Number, Array, Object or token 'null', 'true' or 'false')  at [Source: (SequenceInputStream); line: 1, column: 2]
REQUEST		Login Redirect 4	1605974618335	1605974618721	KO	jsonPath($..token).find.exists preparation crashed: Jackson failed to parse into a valid AST: c.f.j.c.JsonParseException: Unexpected character ('<' (code 60)): expected a valid value (JSON String, Number, Array, Object or token 'null', 'true' or 'false')  at [Source: (SequenceInputStream); line: 1, column: 2]
REQUEST		Login Redirect 4	1605974618383	1605974618722	KO	jsonPath($..token).find.exists preparation crashed: Jackson failed to parse into a valid AST: c.f.j.c.JsonParseException: Unexpected character ('<' (code 60)): expected a valid value (JSON String, Number, Array, Object or token 'null', 'true' or 'false')  at [Source: (SequenceInputStream); line: 1, column: 2]
REQUEST		Login Redirect 4	1605974618386	1605974618725	KO	jsonPath($..token).find.exists preparation crashed: Jackson failed to parse into a valid AST: c.f.j.c.JsonParseException: Unexpected character ('<' (code 60)): expected a valid value (JSON String, Number, Array, Object or token 'null', 'true' or 'false')  at [Source: (SequenceInputStream); line: 1, column: 2]
REQUEST		Login Redirect 4	1605974618329	1605974618727	KO	jsonPath($..token).find.exists preparation crashed: Jackson failed to parse into a valid AST: c.f.j.c.JsonParseException: Unexpected character ('<' (code 60)): expected a valid value (JSON String, Number, Array, Object or token 'null', 'true' or 'false')  at [Source: (SequenceInputStream); line: 1, column: 2]
REQUEST		Login Redirect 4	1605974618387	1605974618732	KO	jsonPath($..token).find.exists preparation crashed: Jackson failed to parse into a valid AST: c.f.j.c.JsonParseException: Unexpected character ('<' (code 60)): expected a valid value (JSON String, Number, Array, Object or token 'null', 'true' or 'false')  at [Source: (SequenceInputStream); line: 1, column: 2]
REQUEST		Login Redirect 4	1605974618380	1605974618748	KO	jsonPath($..token).find.exists preparation crashed: Jackson failed to parse into a valid AST: c.f.j.c.JsonParseException: Unexpected character ('<' (code 60)): expected a valid value (JSON String, Number, Array, Object or token 'null', 'true' or 'false')  at [Source: (SequenceInputStream); line: 1, column: 2]
REQUEST		Login Redirect 4	1605974618388	1605974618748	KO	jsonPath($..token).find.exists preparation crashed: Jackson failed to parse into a valid AST: c.f.j.c.JsonParseException: Unexpected character ('<' (code 60)): expected a valid value (JSON String, Number, Array, Object or token 'null', 'true' or 'false')  at [Source: (SequenceInputStream); line: 1, column: 2]
REQUEST		Login Redirect 4	1605974618387	1605974618750	KO	jsonPath($..token).find.exists preparation crashed: Jackson failed to parse into a valid AST: c.f.j.c.JsonParseException: Unexpected character ('<' (code 60)): expected a valid value (JSON String, Number, Array, Object or token 'null', 'true' or 'false')  at [Source: (SequenceInputStream); line: 1, column: 2]
REQUEST		Login Redirect 4	1605974618387	1605974618752	KO	jsonPath($..token).find.exists preparation crashed: Jackson failed to parse into a valid AST: c.f.j.c.JsonParseException: Unexpected character ('<' (code 60)): expected a valid value (JSON String, Number, Array, Object or token 'null', 'true' or 'false')  at [Source: (SequenceInputStream); line: 1, column: 2]
REQUEST		Login Redirect 4	1605974618328	1605974618757	KO	jsonPath($..token).find.exists preparation crashed: Jackson failed to parse into a valid AST: c.f.j.c.JsonParseException: Unexpected character ('<' (code 60)): expected a valid value (JSON String, Number, Array, Object or token 'null', 'true' or 'false')  at [Source: (SequenceInputStream); line: 1, column: 2]
REQUEST		Login Redirect 4	1605974618329	1605974618758	KO	jsonPath($..token).find.exists preparation crashed: Jackson failed to parse into a valid AST: c.f.j.c.JsonParseException: Unexpected character ('<' (code 60)): expected a valid value (JSON String, Number, Array, Object or token 'null', 'true' or 'false')  at [Source: (SequenceInputStream); line: 1, column: 2]
REQUEST		Login Redirect 4	1605974618408	1605974618760	KO	