RUN	LogonSimulation	logonsimulation	1605974772930	 	3.4.1
USER	Logon to MRS	START	1605974773829
USER	Logon to MRS	START	1605974773829
USER	Logon to MRS	START	1605974773830
USER	Logon to MRS	START	1605974773883
USER	Logon to MRS	START	1605974773884
USER	Logon to MRS	START	1605974773885
USER	Logon to MRS	START	1605974773885
USER	Logon to MRS	START	1605974773886
USER	Logon to MRS	START	1605974773886
USER	Logon to MRS	START	1605974773888
USER	Logon to MRS	START	1605974773888
USER	Logon to MRS	START	1605974773829
USER	Logon to MRS	START	1605974773829
USER	Logon to MRS	START	1605974773890
USER	Logon to MRS	START	1605974773825
USER	Logon to MRS	START	1605974773892
USER	Logon to MRS	START	1605974773892
USER	Logon to MRS	START	1605974773891
USER	Logon to MRS	START	1605974773894
USER	Logon to MRS	START	1605974773894
USER	Logon to MRS	START	1605974773895
USER	Logon to MRS	START	1605974773895
USER	Logon to MRS	START	1605974773895
USER	Logon to MRS	START	1605974773897
USER	Logon to MRS	START	1605974773897
USER	Logon to MRS	START	1605974773899
USER	Logon to MRS	START	1605974773899
USER	Logon to MRS	START	1605974773900
USER	Logon to MRS	START	1605974773901
USER	Logon to MRS	START	1605974773831
USER	Logon to MRS	START	1605974773891
USER	Logon to MRS	START	1605974773903
USER	Logon to MRS	START	1605974773903
USER	Logon to MRS	START	1605974773904
USER	Logon to MRS	START	1605974773905
USER	Logon to MRS	START	1605974773905
USER	Logon to MRS	START	1605974773906
USER	Logon to MRS	START	1605974773890
USER	Logon to MRS	START	1605974773829
USER	Logon to MRS	START	1605974773908
USER	Logon to MRS	START	1605974773909
USER	Logon to MRS	START	1605974773909
USER	Logon to MRS	START	1605974773905
USER	Logon to MRS	START	1605974773910
USER	Logon to MRS	START	1605974773910
USER	Logon to MRS	START	1605974773910
USER	Logon to MRS	START	1605974773908
USER	Logon to MRS	START	1605974773900
USER	Logon to MRS	START	1605974773912
USER	Logon to MRS	START	1605974773913
USER	Logon to MRS	START	1605974773914
USER	Logon to MRS	START	1605974773914
USER	Logon to MRS	START	1605974773908
USER	Logon to MRS	START	1605974773914
USER	Logon to MRS	START	1605974773915
USER	Logon to MRS	START	1605974773915
USER	Logon to MRS	START	1605974773917
USER	Logon to MRS	START	1605974773915
USER	Logon to MRS	START	1605974773917
USER	Logon to MRS	START	1605974773914
USER	Logon to MRS	START	1605974773918
USER	Logon to MRS	START	1605974773919
USER	Logon to MRS	START	1605974773917
USER	Logon to MRS	START	1605974773920
USER	Logon to MRS	START	1605974773921
USER	Logon to MRS	START	1605974773921
USER	Logon to MRS	START	1605974773916
USER	Logon to MRS	START	1605974773920
USER	Logon to MRS	START	1605974773921
USER	Logon to MRS	START	1605974773923
USER	Logon to MRS	START	1605974773923
USER	Logon to MRS	START	1605974773923
USER	Logon to MRS	START	1605974773923
USER	Logon to MRS	START	1605974773924
USER	Logon to MRS	START	1605974773920
USER	Logon to MRS	START	1605974773925
USER	Logon to MRS	START	1605974773925
USER	Logon to MRS	START	1605974773926
USER	Logon to MRS	START	1605974773926
USER	Logon to MRS	START	1605974773926
USER	Logon to MRS	START	1605974773925
USER	Logon to MRS	START	1605974773927
USER	Logon to MRS	START	1605974773929
USER	Logon to MRS	START	1605974773927
USER	Logon to MRS	START	1605974773924
USER	Logon to MRS	START	1605974773927
USER	Logon to MRS	START	1605974773926
USER	Logon to MRS	START	1605974773930
USER	Logon to MRS	START	1605974773930
USER	Logon to MRS	START	1605974773931
USER	Logon to MRS	START	1605974773930
USER	Logon to MRS	START	1605974773933
USER	Logon to MRS	START	1605974773929
USER	Logon to MRS	START	1605974773932
USER	Logon to MRS	START	1605974773902
USER	Logon to MRS	START	1605974773937
USER	Logon to MRS	START	1605974773940
USER	Logon to MRS	START	1605974773941
USER	Logon to MRS	START	1605974773944
USER	Logon to MRS	START	1605974773945
REQUEST		Open Main Page	1605974773888	1605974774361	OK	 
REQUEST		Open Main Page	1605974773895	1605974774361	OK	 
REQUEST		Open Main Page	1605974773912	1605974774383	OK	 
REQUEST		Open Main Page	1605974773901	1605974774383	OK	 
REQUEST		Open Main Page	1605974773867	1605974774386	OK	 
REQUEST		Open Main Page	1605974773887	1605974774387	OK	 
REQUEST		Open Main Page	1605974773891	1605974774389	OK	 
REQUEST		Open Main Page	1605974773915	1605974774392	OK	 
REQUEST		Open Main Page	1605974773899	1605974774393	OK	 
REQUEST		Open Main Page	1605974773888	1605974774408	OK	 
REQUEST		Open Main Page	1605974773890	1605974774411	OK	 
REQUEST		Open Main Page	1605974773863	1605974774412	OK	 
REQUEST		Open Main Page	1605974773884	1605974774414	OK	 
REQUEST		Open Main Page	1605974773919	1605974774417	OK	 
REQUEST		Open Main Page	1605974773905	1605974774417	OK	 
REQUEST		Open Main Page	1605974773887	1605974774420	OK	 
REQUEST		Open Main Page	1605974773904	1605974774420	OK	 
REQUEST		Open Main Page	1605974773936	1605974774422	OK	 
REQUEST		Open Main Page	1605974773924	1605974774425	OK	 
REQUEST		Open Main Page	1605974773938	1605974774426	OK	 
REQUEST		Open Main Page	1605974773944	1605974774429	OK	 
REQUEST		Open Main Page	1605974773892	1605974774440	OK	 
REQUEST		Open Main Page	1605974773942	1605974774443	OK	 
REQUEST		Open Main Page	1605974773885	1605974774444	OK	 
REQUEST		Open Main Page	1605974773926	1605974774468	OK	 
REQUEST		Open Main Page	1605974773914	1605974774470	OK	 
REQUEST		Open Main Page	1605974773923	1605974774471	OK	 
REQUEST		Open Main Page	1605974773863	1605974774472	OK	 
REQUEST		Open Main Page	1605974773921	1605974774474	OK	 
REQUEST		Open Main Page	1605974773945	1605974774476	OK	 
REQUEST		Open Main Page	1605974773893	1605974774478	OK	 
REQUEST		Open Main Page	1605974773897	1605974774478	OK	 
REQUEST		Open Main Page	1605974773885	1605974774478	OK	 
REQUEST		Open Main Page	1605974773940	1605974774481	OK	 
REQUEST		Open Main Page	1605974773890	1605974774481	OK	 
REQUEST		Open Main Page	1605974773864	1605974774481	OK	 
REQUEST		Open Main Page	1605974773913	1605974774484	OK	 
REQUEST		Open Main Page	1605974773894	1605974774484	OK	 
REQUEST		Open Main Page	1605974773884	1605974774486	OK	 
REQUEST		Open Main Page	1605974773909	1605974774486	OK	 
REQUEST		Open Main Page	1605974773915	1605974774489	OK	 
REQUEST		Open Main Page	1605974773920	1605974774489	OK	 
REQUEST		Open Main Page	1605974773896	1605974774497	OK	 
REQUEST		Open Main Page	1605974773905	1605974774500	OK	 
REQUEST		Open Main Page	1605974773910	1605974774503	OK	 
REQUEST		Open Main Page	1605974773916	1605974774504	OK	 
REQUEST		Open Main Page	1605974773864	1605974774506	OK	 
REQUEST		Open Main Page	1605974773929	1605974774509	OK	 
REQUEST		Open Main Page	1605974773931	1605974774513	OK	 
REQUEST		Open Main Page	1605974773929	1605974774512	OK	 
REQUEST		Open Main Page	1605974773903	1605974774516	OK	 
REQUEST		Open Main Page	1605974773913	1605974774518	OK	 
REQUEST		Open Main Page	1605974773915	1605974774520	OK	 
REQUEST		Open Main Page	1605974773925	1605974774525	OK	 
REQUEST		Open Main Page	1605974773909	1605974774527	OK	 
REQUEST		Open Main Page	1605974773899	1605974774529	OK	 
REQUEST		Open Main Page	1605974773914	1605974774530	OK	 
REQUEST		Open Main Page	1605974773864	1605974774530	OK	 
REQUEST		Open Main Page	1605974773897	1605974774531	OK	 
REQUEST		Open Main Page	1605974773911	1605974774532	OK	 
REQUEST		Open Main Page	1605974773921	1605974774533	OK	 
REQUEST		Open Main Page	1605974773911	1605974774533	OK	 
REQUEST		Open Main Page	1605974773920	1605974774535	OK	 
REQUEST		Open Main Page	1605974773926	1605974774535	OK	 
REQUEST		Open Main Page	1605974773933	1605974774535	OK	 
REQUEST		Open Main Page	1605974773894	1605974774537	OK	 
REQUEST		Open Main Page	1605974773901	1605974774538	OK	 
REQUEST		Open Main Page	1605974773926	1605974774538	OK	 
REQUEST		Open Main Page	1605974773912	1605974774539	OK	 
REQUEST		Open Main Page	1605974773863	1605974774542	OK	 
REQUEST		Open Main Page	1605974773928	1605974774542	OK	 
REQUEST		Open Main Page	1605974773917	1605974774545	OK	 
REQUEST		Open Main Page	1605974773896	1605974774545	OK	 
REQUEST		Open Main Page	1605974773925	1605974774517	OK	 
REQUEST		Open Main Page	1605974773911	1605974774556	OK	 
REQUEST		Open Main Page	1605974773905	1605974774558	OK	 
REQUEST		Open Main Page	1605974773915	1605974774559	OK	 
REQUEST		Open Main Page	1605974773907	1605974774562	OK	 
REQUEST		Open Main Page	1605974773933	1605974774562	OK	 
REQUEST		Open Main Page	1605974773914	1605974774562	OK	 
REQUEST		Open Main Page	1605974773926	1605974774564	OK	 
REQUEST		Open Main Page	1605974773918	1605974774565	OK	 
REQUEST		Open Main Page	1605974773909	1605974774567	OK	 
REQUEST		Open Main Page	1605974773919	1605974774570	OK	 
REQUEST		Open Main Page	1605974773921	1605974774571	OK	 
REQUEST		Open Main Page	1605974773928	1605974774575	OK	 
REQUEST		Open Main Page	1605974773923	1605974774578	OK	 
REQUEST		Open Main Page	1605974773933	1605974774578	OK	 
REQUEST		Open Main Page	1605974773903	1605974774581	OK	 
REQUEST		Open Main Page	1605974773920	1605974774584	OK	 
REQUEST		Open Main Page	1605974773931	1605974774584	OK	 
REQUEST		Open Main Page	1605974773924	1605974774584	OK	 
REQUEST		Open Main Page	1605974773931	1605974774587	OK	 
REQUEST		Open Main Page	1605974773930	1605974774587	OK	 
REQUEST		Open Main Page	1605974773919	1605974774589	OK	 
REQUEST		Open Main Page	1605974773925	1605974774591	OK	 
REQUEST		Open Main Page	1605974773924	1605974774592	OK	 
REQUEST		Open Main Page	1605974773866	1605974774597	OK	 
REQUEST		Open Main Page	1605974773929	1605974774600	OK	 
REQUEST		Open Main Page	1605974773892	1605974774607	OK	 
REQUEST		Open Main Page Redirect 1	1605974774409	1605974774774	OK	 
REQUEST		Open Main Page Redirect 1	1605974774384	1605974774757	OK	 
REQUEST		Open Main Page Redirect 1	1605974774388	1605974774778	OK	 
REQUEST		Open Main Page Redirect 1	1605974774415	1605974774780	OK	 
REQUEST		Open Main Page Redirect 1	1605974774394	1605974774782	OK	 
REQUEST		Open Main Page Redirect 1	1605974774374	1605974774791	OK	 
REQUEST		Open Main Page Redirect 1	1605974774412	1605974774793	OK	 
REQUEST		Open Main Page Redirect 1	1605974774384	1605974774832	OK	 
REQUEST		Open Main Page Redirect 1	1605974774376	1605974774835	OK	 
REQUEST		Open Main Page Redirect 1	1605974774421	1605974774844	OK	 
REQUEST		Open Main Page Redirect 1	1605974774438	1605974774880	OK	 
REQUEST		Open Main Page Redirect 1	1605974774475	1605974774880	OK	 
REQUEST		Open Main Page Redirect 1	1605974774418	1605974774881	OK	 
REQUEST		Open Main Page Redirect 1	1605974774441	1605974774884	OK	 
REQUEST		Open Main Page Redirect 1	1605974774424	1605974774884	OK	 
REQUEST		Open Main Page Redirect 1	1605974774417	1605974774884	OK	 
REQUEST		Open Main Page Redirect 1	1605974774386	1605974774885	OK	 
REQUEST		Open Main Page Redirect 1	1605974774444	1605974774885	OK	 
REQUEST		Open Main Page Redirect 1	1605974774471	1605974774910	OK	 
REQUEST		Open Main Page Redirect 1	1605974774477	1605974774909	OK	 
REQUEST		Open Main Page Redirect 1	1605974774391	1605974774913	OK	 
REQUEST		Open Main Page Redirect 1	1605974774444	1605974774915	OK	 
REQUEST		Open Main Page Redirect 1	1605974774397	1605974774919	OK	 
REQUEST		Open Main Page Redirect 1	1605974774470	1605974774927	OK	 
REQUEST		Open Main Page Redirect 1	1605974774487	1605974774930	OK	 
REQUEST		Open Main Page Redirect 1	1605974774479	1605974774931	OK	 
REQUEST		Open Main Page Redirect 1	1605974774485	1605974774932	OK	 
REQUEST		Open Main Page Redirect 1	1605974774427	1605974774933	OK	 
REQUEST		Open Main Page Redirect 1	1605974774474	1605974774935	OK	 
REQUEST		Open Main Page Redirect 2	1605974774776	1605974774935	OK	 
REQUEST		Open Main Page Redirect 1	1605974774482	1605974774937	OK	 
REQUEST		Open Main Page Redirect 2	1605974774792	1605974774938	OK	 
REQUEST		Open Main Page Redirect 1	1605974774479	1605974774938	OK	 
REQUEST		Open Main Page Redirect 2	1605974774777	1605974774941	OK	 
REQUEST		Open Main Page Redirect 2	1605974774783	1605974774945	OK	 
REQUEST		Open Main Page Redirect 1	1605974774481	1605974774945	OK	 
REQUEST		Open Main Page Redirect 1	1605974774420	1605974774946	OK	 
REQUEST		Open Main Page Redirect 2	1605974774781	1605974774947	OK	 
REQUEST		Open Main Page Redirect 1	1605974774490	1605974774948	OK	 
REQUEST		Open Main Page Redirect 2	1605974774779	1605974774949	OK	 
REQUEST		Open Main Page Redirect 2	1605974774794	1605974774951	OK	 
REQUEST		Open Main Page Redirect 2	1605974774836	1605974774976	OK	 
REQUEST		Open Main Page Redirect 1	1605974774501	1605974774976	OK	 
REQUEST		Open Main Page Redirect 2	1605974774834	1605974774978	OK	 
REQUEST		Open Main Page Redirect 1	1605974774469	1605974774978	OK	 
REQUEST		Open Main Page Redirect 2	1605974774882	1605974774980	OK	 
REQUEST		Open Main Page Redirect 1	1605974774426	1605974774980	OK	 
REQUEST		Open Main Page Redirect 1	1605974774531	1605974774980	OK	 
REQUEST		Open Main Page Redirect 2	1605974774884	1605974774982	OK	 
REQUEST		Open Main Page Redirect 1	1605974774414	1605974774982	OK	 
REQUEST		Open Main Page Redirect 2	1605974774882	1605974774983	OK	 
REQUEST		Open Main Page Redirect 2	1605974774846	1605974774983	OK	 
REQUEST		Open Main Page Redirect 1	1605974774542	1605974774985	OK	 
REQUEST		Open Main Page Redirect 2	1605974774883	1605974774985	OK	 
REQUEST		Open Main Page Redirect 2	1605974774886	1605974774985	OK	 
REQUEST		Open Main Page Redirect 2	1605974774884	1605974774986	OK	 
REQUEST		Open Main Page Redirect 2	1605974774884	1605974774987	OK	 
REQUEST		Open Main Page Redirect 1	1605974774540	1605974774986	OK	 
REQUEST		Open Main Page Redirect 2	1605974774913	1605974774989	OK	 
REQUEST		Open Main Page Redirect 2	1605974774913	1605974774989	OK	 
REQUEST		Open Main Page Redirect 1	1605974774521	1605974774988	OK	 
REQUEST		Open Main Page Redirect 2	1605974774914	1605974774992	OK	 
REQUEST		Open Main Page Redirect 2	1605974774887	1605974774989	OK	 
REQUEST		Open Main Page Redirect 1	1605974774538	1605974774992	OK	 
REQUEST		Open Main Page Redirect 2	1605974774915	1605974774994	OK	 
REQUEST		Open Main Page Redirect 1	1605974774529	1605974774994	OK	 
REQUEST		Open Main Page Redirect 2	1605974774920	1605974774996	OK	 
REQUEST		Open Main Page Redirect 1	1605974774533	1605974774997	OK	 
REQUEST		Open Main Page Redirect 1	1605974774526	1605974774998	OK	 
REQUEST		Open Main Page Redirect 1	1605974774536	1605974775000	OK	 
REQUEST		Open Main Page Redirect 2	1605974774928	1605974775009	OK	 
REQUEST		Open Main Page Redirect 1	1605974774531	1605974775009	OK	 
REQUEST		Open Main Page Redirect 1	1605974774559	1605974775010	OK	 
REQUEST		Open Main Page Redirect 2	1605974774931	1605974775012	OK	 
REQUEST		Open Main Page Redirect 1	1605974774533	1605974775012	OK	 
REQUEST		Open Main Page Redirect 1	1605974774482	1605974775012	OK	 
REQUEST		Open Main Page Redirect 2	1605974774933	1605974775014	OK	 
REQUEST		Open Main Page Redirect 1	1605974774568	1605974775014	OK	 
REQUEST		Open Main Page Redirect 2	1605974774934	1605974775014	OK	 
REQUEST		Open Main Page Redirect 1	1605974774487	1605974775015	OK	 
REQUEST		Open Main Page Redirect 2	1605974774933	1605974775016	OK	 
REQUEST		Open Main Page Redirect 1	1605974774528	1605974775016	OK	 
REQUEST		Open Main Page Redirect 1	1605974774588	1605974775018	OK	 
REQUEST		Open Main Page Redirect 1	1605974774504	1605974775018	OK	 
REQUEST		Open Main Page Redirect 1	1605974774498	1605974775022	OK	 
REQUEST		Open Main Page Redirect 1	1605974774564	1605974775022	OK	 
REQUEST		Open Main Page Redirect 2	1605974774938	1605974775025	OK	 
REQUEST		Open Main Page Redirect 1	1605974774492	1605974775025	OK	 
REQUEST		Open Main Page Redirect 1	1605974774562	1605974775023	OK	 
REQUEST		Open Main Page Redirect 1	1605974774584	1605974775026	OK	 
REQUEST		Open Main Page Redirect 1	1605974774584	1605974775026	OK	 
REQUEST		Open Main Page Redirect 2	1605974774938	1605974775028	OK	 
REQUEST		Open Main Page Redirect 1	1605974774484	1605974775028	OK	 
REQUEST		Open Main Page Redirect 1	1605974774531	1605974775028	OK	 
REQUEST		Open Main Page Redirect 1	1605974774539	1605974775030	OK	 
REQUEST		Open Main Page Redirect 1	1605974774536	1605974775032	OK	 
REQUEST		Open Main Page Redirect 3	1605974774940	1605974775029	OK	 
REQUEST		Open Main Page Redirect 3	1605974774936	1605974775028	OK	 
REQUEST		Open Main Page Redirect 2	1605974774939	1605974775036	OK	 
REQUEST		Open Main Page Redirect 1	1605974774504	1605974775037	OK	 
REQUEST		Open Main Page Redirect 1	1605974774576	1605974775037	OK	 
REQUEST		Open Main Page Redirect 1	1605974774546	1605974775039	OK	 
REQUEST		Open Main Page Redirect 1	1605974774514	1605974775039	OK	 
REQUEST		Open Main Page Redirect 1	1605974774579	1605974775040	OK	 
REQUEST		Open Main Page Redirect 1	1605974774590	1605974775039	OK	 
REQUEST		Open Main Page Redirect 1	1605974774564	1605974775041	OK	 
REQUEST		Open Main Page Redirect 1	1605974774584	1605974775041	OK	 
REQUEST		Open Main Page Redirect 1	1605974774516	1605974775042	OK	 
REQUEST		Open Main Page Redirect 1	1605974774479	1605974775042	OK	 
REQUEST		Open Main Page Redirect 1	1605974774539	1605974775042	OK	 
REQUEST		Open Main Page Redirect 2	1605974774947	1605974775043	OK	 
REQUEST		Open Main Page Redirect 1	1605974774592	1605974775044	OK	 
REQUEST		Open Main Page Redirect 1	1605974774572	1605974775044	OK	 
REQUEST		Open Main Page Redirect 2	1605974774949	1605974775045	OK	 
REQUEST		Open Main Page Redirect 1	1605974774536	1605974775046	OK	 
REQUEST		Open Main Page Redirect 1	1605974774563	1605974775045	OK	 
REQUEST		Open Main Page Redirect 3	1605974774944	1605974775037	OK	 
REQUEST		Open Main Page Redirect 1	1605974774511	1605974775047	OK	 
REQUEST		Open Main Page Redirect 1	1605974774546	1605974775048	OK	 
REQUEST		Open Main Page Redirect 1	1605974774514	1605974775048	OK	 
REQUEST		Open Main Page Redirect 3	1605974774946	1605974775048	OK	 
REQUEST		Open Main Page Redirect 2	1605974774946	1605974775049	OK	 
REQUEST		Open Main Page Redirect 1	1605974774600	1605974775049	OK	 
REQUEST		Open Main Page Redirect 3	1605974774951	1605974775050	OK	 
REQUEST		Open Main Page Redirect 1	1605974774608	1605974775051	OK	 
REQUEST		Open Main Page Redirect 3	1605974774948	1605974775051	OK	 
REQUEST		Open Main Page Redirect 1	1605974774598	1605974775052	OK	 
REQUEST		Open Main Page Redirect 3	1605974774950	1605974775053	OK	 
REQUEST		Open Main Page Redirect 1	1605974774560	1605974775055	OK	 
REQUEST		Open Main Page Redirect 1	1605974774566	1605974775055	OK	 
REQUEST		Open Main Page Redirect 1	1605974774542	1605974775055	OK	 
REQUEST		Open Main Page Redirect 1	1605974774587	1605974775056	OK	 
REQUEST		Open Main Page Redirect 2	1605974774979	1605974775057	OK	 
REQUEST		Open Main Page Redirect 2	1605974774981	1605974775057	OK	 
REQUEST		Open Main Page Redirect 1	1605974774571	1605974775057	OK	 
REQUEST		Open Main Page Redirect 1	1605974774594	1605974775057	OK	 
REQUEST		Open Main Page Redirect 1	1605974774582	1605974775058	OK	 
REQUEST		Open Main Page Redirect 3	1605974774979	1605974775059	OK	 
REQUEST		Open Main Page Redirect 2	1605974774983	1605974775060	OK	 
REQUEST		Open Main Page Redirect 3	1605974774981	1605974775058	OK	 
REQUEST		Open Main Page Redirect 2	1605974774983	1605974775062	OK	 
REQUEST		Open Main Page Redirect 3	1605974774977	1605974775062	OK	 
REQUEST		Open Main Page Redirect 2	1605974774979	1605974775064	OK	 
REQUEST		Open Main Page Redirect 1	1605974774547	1605974775064	OK	 
REQUEST		Open Main Page Redirect 1	1605974774534	1605974775064	OK	 
REQUEST		Open Main Page Redirect 1	1605974774557	1605974775065	OK	 
REQUEST		Open Main Page Redirect 1	1605974774581	1605974775067	OK	 
REQUEST		Open Main Page Redirect 1	1605974774518	1605974775067	OK	 
REQUEST		Open Main Page Redirect 1	1605974774507	1605974775069	OK	 
REQUEST		Open Main Page Redirect 2	1605974774986	1605974775072	OK	 
REQUEST		Open Main Page Redirect 3	1605974774984	1605974775072	OK	 
REQUEST		Open Main Page Redirect 3	1605974774985	1605974775072	OK	 
REQUEST		Open Main Page Redirect 2	1605974774991	1605974775077	OK	 
REQUEST		Open Main Page Redirect 2	1605974774988	1605974775077	OK	 
REQUEST		Open Main Page Redirect 3	1605974774986	1605974775076	OK	 
REQUEST		Open Main Page Redirect 3	1605974774991	1605974775076	OK	 
REQUEST		Open Main Page Redirect 2	1605974774993	1605974775079	OK	 
REQUEST		Open Main Page Redirect 3	1605974774988	1605974775079	OK	 
REQUEST		Open Main Page Redirect 3	1605974774988	1605974775079	OK	 
REQUEST		Open Main Page Redirect 3	1605974774987	1605974775081	OK	 
REQUEST		Open Main Page Redirect 3	1605974774992	1605974775081	OK	 
REQUEST		Open Main Page Redirect 3	1605974774983	1605974775084	OK	 
REQUEST		Open Main Page Redirect 3	1605974774990	1605974775087	OK	 
REQUEST		Open Main Page Redirect 3	1605974774993	1605974775089	OK	 
REQUEST		Open Main Page Redirect 2	1605974775013	1605974775097	OK	 
REQUEST		Open Main Page Redirect 2	1605974774999	1605974775097	OK	 
REQUEST		Open Main Page Redirect 2	1605974775014	1605974775099	OK	 
REQUEST		Open Main Page Redirect 2	1605974775010	1605974775099	OK	 
REQUEST		Open Main Page Redirect 2	1605974775011	1605974775099	OK	 
REQUEST		Open Main Page Redirect 2	1605974775017	1605974775100	OK	 
REQUEST		Open Main Page Redirect 2	1605974775017	1605974775100	OK	 
REQUEST		Open Main Page Redirect 2	1605974774996	1605974775101	OK	 
REQUEST		Open Main Page Redirect 2	1605974775018	1605974775102	OK	 
REQUEST		Open Main Page Redirect 2	1605974775019	1605974775102	OK	 
REQUEST		Open Main Page Redirect 2	1605974775001	1605974775102	OK	 
REQUEST		Open Main Page Redirect 2	1605974775023	1605974775103	OK	 
REQUEST		Open Main Page Redirect 2	1605974775015	1605974775103	OK	 
REQUEST		Open Main Page Redirect 2	1605974774998	1605974775104	OK	 
REQUEST		Open Main Page Redirect 3	1605974774997	1605974775104	OK	 
REQUEST		Open Main Page Redirect 3	1605974775010	1605974775104	OK	 
REQUEST		Open Main Page Redirect 3	1605974775013	1605974775104	OK	 
REQUEST		Open Main Page Redirect 3	1605974775015	1605974775106	OK	 
REQUEST		Open Main Page Redirect 3	1605974775017	1605974775106	OK	 
REQUEST		Open Main Page Redirect 2	1605974775025	1605974775108	OK	 
REQUEST		Open Main Page Redirect 2	1605974775026	1605974775109	OK	 
REQUEST		Open Main Page Redirect 2	1605974775027	1605974775109	OK	 
REQUEST		Open Main Page Redirect 3	1605974775015	1605974775109	OK	 
REQUEST		Open Main Page Redirect 2	1605974775027	1605974775110	OK	 
REQUEST		Open Main Page Redirect 2	1605974775028	1605974775110	OK	 
REQUEST		Open Main Page Redirect 2	1605974775029	1605974775111	OK	 
REQUEST		Open Main Page Redirect 3	1605974775025	1605974775111	OK	 
REQUEST		Open Main Page Redirect 2	1605974775027	1605974775112	OK	 
REQUEST		Open Main Page Redirect 2	1605974775033	1605974775113	OK	 
REQUEST		Open Main Page Redirect 3	1605974775028	1605974775111	OK	 
REQUEST		Open Main Page Redirect 2	1605974775031	1605974775114	OK	 
REQUEST		Open Main Page Redirect 3	1605974775037	1605974775126	OK	 
REQUEST		Open Main Page Redirect 2	1605974775038	1605974775132	OK	 
REQUEST		Open Main Page Redirect 2	1605974775038	1605974775132	OK	 
REQUEST		Open Main Page Redirect 2	1605974775041	1605974775133	OK	 
REQUEST		Open Main Page Redirect 2	1605974775041	1605974775134	OK	 
REQUEST		Open Main Page Redirect 2	1605974775041	1605974775134	OK	 
REQUEST		Open Main Page Redirect 2	1605974775040	1605974775134	OK	 
REQUEST		Open Main Page Redirect 2	1605974775041	1605974775135	OK	 
REQUEST		Open Main Page Redirect 2	1605974775043	1605974775136	OK	 
REQUEST		Open Main Page Redirect 2	1605974775043	1605974775136	OK	 
REQUEST		Open Main Page Redirect 2	1605974775049	1605974775136	OK	 
REQUEST		Open Main Page Redirect 2	1605974775043	1605974775136	OK	 
REQUEST		Open Main Page Redirect 2	1605974775040	1605974775137	OK	 
REQUEST		Open Main Page Redirect 2	1605974775046	1605974775138	OK	 
REQUEST		Open Main Page Redirect 2	1605974775056	1605974775138	OK	 
REQUEST		Open Main Page Redirect 2	1605974775048	1605974775139	OK	 
REQUEST		Open Main Page Redirect 2	1605974775046	1605974775138	OK	 
REQUEST		Open Main Page Redirect 2	1605974775045	1605974775139	OK	 
REQUEST		Open Main Page Redirect 2	1605974775045	1605974775140	OK	 
REQUEST		Open Main Page Redirect 2	1605974775057	1605974775141	OK	 
REQUEST		Open Main Page Redirect 2	1605974775049	1605974775142	OK	 
REQUEST		Open Main Page Redirect 3	1605974775050	1605974775141	OK	 
REQUEST		Open Main Page Redirect 2	1605974775050	1605974775142	OK	 
REQUEST		Open Main Page Redirect 3	1605974775044	1605974775141	OK	 
REQUEST		Open Main Page Redirect 2	1605974775053	1605974775143	OK	 
REQUEST		Open Main Page Redirect 3	1605974775046	1605974775144	OK	 
REQUEST		Open Main Page Redirect 3	1605974775058	1605974775145	OK	 
REQUEST		Open Main Page Redirect 2	1605974775058	1605974775146	OK	 
REQUEST		Open Main Page Redirect 2	1605974775066	1605974775146	OK	 
REQUEST		Open Main Page Redirect 2	1605974775051	1605974775146	OK	 
REQUEST		Open Main Page Redirect 2	1605974775063	1605974775147	OK	 
REQUEST		Open Main Page Redirect 3	1605974775062	1605974775148	OK	 
REQUEST		Open Main Page Redirect 3	1605974775065	1605974775147	OK	 
REQUEST		Open Main Page Redirect 2	1605974775063	1605974775149	OK	 
REQUEST		Open Main Page Redirect 2	1605974775059	1605974775149	OK	 
REQUEST		Open Main Page Redirect 3	1605974775061	1605974775149	OK	 
REQUEST		Open Main Page Redirect 3	1605974775058	1605974775149	OK	 
REQUEST		Open Main Page Redirect 2	1605974775059	1605974775151	OK	 
REQUEST		Open Main Page Redirect 2	1605974775069	1605974775164	OK	 
REQUEST		Open Main Page Redirect 2	1605974775066	1605974775164	OK	 
REQUEST		Open Main Page Redirect 2	1605974775066	1605974775165	OK	 
REQUEST		Open Main Page Redirect 2	1605974775068	1605974775166	OK	 
REQUEST		Open Main Page Redirect 3	1605974775076	1605974775165	OK	 
REQUEST		Open Main Page Redirect 2	1605974775068	1605974775167	OK	 
REQUEST		Open Main Page Redirect 3	1605974775078	1605974775167	OK	 
REQUEST		Open Main Page Redirect 3	1605974775078	1605974775169	OK	 
REQUEST		Open Main Page Redirect 3	1605974775080	1605974775172	OK	 
REQUEST		Open Main Page Redirect 4	1605974775035	1605974775176	OK	 
REQUEST		Open Main Page Redirect 3	1605974775099	1605974775186	OK	 
REQUEST		Open Main Page Redirect 3	1605974775099	1605974775188	OK	 
REQUEST		Open Main Page Redirect 3	1605974775100	1605974775189	OK	 
REQUEST		Open Main Page Redirect 3	1605974775098	1605974775190	OK	 
REQUEST		Open Main Page Redirect 3	1605974775101	1605974775193	OK	 
REQUEST		Open Main Page Redirect 3	1605974775102	1605974775194	OK	 
REQUEST		Open Main Page Redirect 3	1605974775102	1605974775196	OK	 
REQUEST		Open Main Page Redirect 3	1605974775101	1605974775197	OK	 
REQUEST		Open Main Page Redirect 3	1605974775102	1605974775198	OK	 
REQUEST		Open Main Page Redirect 3	1605974775103	1605974775199	OK	 
REQUEST		Open Main Page Redirect 3	1605974775103	1605974775199	OK	 
REQUEST		Open Main Page Redirect 3	1605974775109	1605974775199	OK	 
REQUEST		Open Main Page Redirect 3	1605974775101	1605974775200	OK	 
REQUEST		Open Main Page Redirect 3	1605974775104	1605974775201	OK	 
REQUEST		Open Main Page Redirect 3	1605974775110	1605974775202	OK	 
REQUEST		Open Main Page Redirect 3	1605974775109	1605974775204	OK	 
REQUEST		Open Main Page Redirect 3	1605974775103	1605974775204	OK	 
REQUEST		Open Main Page Redirect 3	1605974775113	1605974775205	OK	 
REQUEST		Open Main Page Redirect 4	1605974775063	1605974775207	OK	 
REQUEST		Open Main Page Redirect 4	1605974775078	1605974775208	OK	 
REQUEST		Open Main Page Redirect 4	1605974775055	1605974775210	OK	 
REQUEST		Open Main Page Redirect 4	1605974775053	1605974775212	OK	 
REQUEST		Open Main Page Redirect 3	1605974775111	1605974775215	OK	 
REQUEST		Open Main Page Redirect 3	1605974775112	1605974775215	OK	 
REQUEST		Open Main Page Redirect 3	1605974775111	1605974775217	OK	 
REQUEST		Open Main Page Redirect 4	1605974775051	1605974775219	OK	 
REQUEST		Open Main Page Redirect 3	1605974775133	1605974775221	OK	 
REQUEST		Open Main Page Redirect 3	1605974775114	1605974775221	OK	 
REQUEST		Open Main Page Redirect 4	1605974775105	1605974775222	OK	 
REQUEST		Open Main Page Redirect 4	1605974775047	1605974775224	OK	 
REQUEST		Open Main Page Redirect 3	1605974775134	1605974775225	OK	 
REQUEST		Open Main Page Redirect 3	1605974775113	1605974775225	OK	 
REQUEST		Open Main Page Redirect 3	1605974775135	1605974775225	OK	 
REQUEST		Open Main Page Redirect 3	1605974775138	1605974775227	OK	 
REQUEST		Open Main Page Redirect 3	1605974775137	1605974775227	OK	 
REQUEST		Open Main Page Redirect 3	1605974775135	1605974775228	OK	 
REQUEST		Open Main Page Redirect 3	1605974775140	1605974775229	OK	 
REQUEST		Open Main Page Redirect 3	1605974775137	1605974775229	OK	 
REQUEST		Open Main Page Redirect 3	1605974775139	1605974775230	OK	 
REQUEST		Open Main Page Redirect 3	1605974775135	1605974775230	OK	 
REQUEST		Open Main Page Redirect 3	1605974775133	1605974775230	OK	 
REQUEST		Open Main Page Redirect 3	1605974775137	1605974775230	OK	 
REQUEST		Open Main Page Redirect 3	1605974775136	1605974775232	OK	 
REQUEST		Open Main Page Redirect 3	1605974775137	1605974775233	OK	 
REQUEST		Open Main Page Redirect 3	1605974775142	1605974775234	OK	 
REQUEST		Open Main Page Redirect 3	1605974775140	1605974775234	OK	 
REQUEST		Open Main Page Redirect 3	1605974775141	1605974775235	OK	 
REQUEST		Open Main Page Redirect 3	1605974775141	1605974775236	OK	 
REQUEST		Open Main Page Redirect 3	1605974775143	1605974775237	OK	 
REQUEST		Open Main Page Redirect 4	1605974775035	1605974775238	OK	 
REQUEST		Open Main Page Redirect 3	1605974775139	1605974775238	OK	 
REQUEST		Open Main Page Redirect 4	1605974775106	1605974775240	OK	 
REQUEST		Open Main Page Redirect 3	1605974775144	1605974775239	OK	 
REQUEST		Open Main Page Redirect 3	1605974775147	1605974775241	OK	 
REQUEST		Open Main Page Redirect 3	1605974775147	1605974775242	OK	 
REQUEST		Open Main Page Redirect 3	1605974775150	1605974775242	OK	 
REQUEST		Open Main Page Redirect 4	1605974775108	1605974775245	OK	 
REQUEST		Open Main Page Redirect 3	1605974775148	1605974775244	OK	 
REQUEST		Open Main Page Redirect 3	1605974775150	1605974775244	OK	 
REQUEST		Open Main Page Redirect 3	1605974775168	1605974775247	OK	 
REQUEST		Open Main Page Redirect 3	1605974775139	1605974775246	OK	 
REQUEST		Open Main Page Redirect 3	1605974775152	1605974775247	OK	 
REQUEST		Open Main Page Redirect 3	1605974775165	1605974775249	OK	 
REQUEST		Open Main Page Redirect 4	1605974775073	1605974775250	OK	 
REQUEST		Open Main Page Redirect 4	1605974775073	1605974775250	OK	 
REQUEST		Open Main Page Redirect 3	1605974775148	1605974775250	OK	 
REQUEST		Open Main Page Redirect 4	1605974775061	1605974775252	OK	 
REQUEST		Open Main Page Redirect 3	1605974775167	1605974775252	OK	 
REQUEST		Open Main Page Redirect 4	1605974775083	1605974775254	OK	 
REQUEST		Open Main Page Redirect 4	1605974775143	1605974775257	OK	 
REQUEST		Open Main Page Redirect 4	1605974775049	1605974775257	OK	 
REQUEST		Open Main Page Redirect 3	1605974775164	1605974775259	OK	 
REQUEST		Open Main Page Redirect 4	1605974775113	1605974775260	OK	 
REQUEST		Open Main Page Redirect 3	1605974775166	1605974775261	OK	 
REQUEST		Open Main Page Redirect 4	1605974775086	1605974775261	OK	 
REQUEST		Open Main Page Redirect 4	1605974775061	1605974775263	OK	 
REQUEST		Open Main Page Redirect 4	1605974775127	1605974775265	OK	 
REQUEST		Open Main Page Redirect 4	1605974775168	1605974775265	OK	 
REQUEST		Open Main Page Redirect 4	1605974775106	1605974775266	OK	 
REQUEST		Open Main Page Redirect 4	1605974775080	1605974775269	OK	 
REQUEST		Open Main Page Redirect 4	1605974775080	1605974775270	OK	 
REQUEST		Open Main Page Redirect 4	1605974775110	1605974775272	OK	 
REQUEST		Open Main Page Redirect 4	1605974775114	1605974775272	OK	 
REQUEST		Open Main Page Redirect 4	1605974775145	1605974775275	OK	 
REQUEST		Open Main Page Redirect 4	1605974775147	1605974775277	OK	 
REQUEST		Open Main Page Redirect 4	1605974775083	1605974775277	OK	 
REQUEST		Open Main Page Redirect 4	1605974775148	1605974775279	OK	 
REQUEST		Open Main Page Redirect 4	1605974775088	1605974775284	OK	 
REQUEST		Open Main Page Redirect 4	1605974775168	1605974775286	OK	 
REQUEST		Open Main Page Redirect 4	1605974775150	1605974775287	OK	 
REQUEST		Open Main Page Redirect 4	1605974775171	1605974775297	OK	 
REQUEST		Open Main Page Redirect 4	1605974775078	1605974775299	OK	 
REQUEST		Open Main Page Redirect 4	1605974775187	1605974775300	OK	 
REQUEST		Open Main Page Redirect 4	1605974775173	1605974775302	OK	 
REQUEST		Open Main Page Redirect 4	1605974775090	1605974775304	OK	 
REQUEST		Open Main Page Redirect 4	1605974775189	1605974775306	OK	 
REQUEST		Open Main Page Redirect 4	1605974775196	1605974775310	OK	 
REQUEST		Open Main Page Redirect 4	1605974775191	1605974775313	OK	 
REQUEST		Open Main Page Redirect 4	1605974775111	1605974775315	OK	 
REQUEST		Open Main Page Redirect 4	1605974775193	1605974775312	OK	 
REQUEST		Open Main Page Redirect 4	1605974775195	1605974775316	OK	 
REQUEST		Open Main Page Redirect 4	1605974775142	1605974775329	OK	 
REQUEST		Open Main Page Redirect 4	1605974775149	1605974775330	OK	 
REQUEST		Open Main Page Redirect 4	1605974775151	1605974775331	OK	 
REQUEST		Login	1605974775207	1605974775367	OK	 
REQUEST		Open Main Page Redirect 4	1605974775197	1605974775393	OK	 
REQUEST		Open Main Page Redirect 4	1605974775205	1605974775398	OK	 
REQUEST		Open Main Page Redirect 4	1605974775203	1605974775400	OK	 
REQUEST		Open Main Page Redirect 4	1605974775202	1605974775400	OK	 
REQUEST		Open Main Page Redirect 4	1605974775206	1605974775400	OK	 
REQUEST		Open Main Page Redirect 4	1605974775200	1605974775402	OK	 
REQUEST		Open Main Page Redirect 4	1605974775200	1605974775403	OK	 
REQUEST		Open Main Page Redirect 4	1605974775200	1605974775412	OK	 
REQUEST		Open Main Page Redirect 4	1605974775200	1605974775415	OK	 
REQUEST		Open Main Page Redirect 4	1605974775198	1605974775416	OK	 
REQUEST		Open Main Page Redirect 4	1605974775204	1605974775425	OK	 
REQUEST		Open Main Page Redirect 4	1605974775206	1605974775425	OK	 
REQUEST		Login	1605974775208	1605974775427	OK	 
REQUEST		Login	1605974775209	1605974775427	OK	 
REQUEST		Open Main Page Redirect 4	1605974775219	1605974775429	OK	 
REQUEST		Login	1605974775213	1605974775429	OK	 
REQUEST		Open Main Page Redirect 4	1605974775222	1605974775431	OK	 
REQUEST		Login	1605974775239	1605974775431	OK	 
REQUEST		Login	1605974775211	1605974775433	OK	 
REQUEST		Open Main Page Redirect 4	1605974775216	1605974775433	OK	 
REQUEST		Open Main Page Redirect 4	1605974775227	1605974775434	OK	 
REQUEST		Login	1605974775221	1605974775435	OK	 
REQUEST		Open Main Page Redirect 4	1605974775233	1605974775437	OK	 
REQUEST		Open Main Page Redirect 4	1605974775226	1605974775437	OK	 
REQUEST		Login	1605974775225	1605974775437	OK	 
REQUEST		Open Main Page Redirect 4	1605974775236	1605974775439	OK	 
REQUEST		Login	1605974775245	1605974775439	OK	 
REQUEST		Login	1605974775249	1605974775440	OK	 
REQUEST		Login	1605974775222	1605974775441	OK	 
REQUEST		Login	1605974775261	1605974775443	OK	 
REQUEST		Login	1605974775256	1605974775443	OK	 
REQUEST		Login	1605974775253	1605974775443	OK	 
REQUEST		Login	1605974775258	1605974775445	OK	 
REQUEST		Login	1605974775259	1605974775446	OK	 
REQUEST		Login	1605974775251	1605974775446	OK	 
REQUEST		Login	1605974775252	1605974775447	OK	 
REQUEST		Open Main Page Redirect 4	1605974775231	1605974775454	OK	 
REQUEST		Login	1605974775264	1605974775458	OK	 
REQUEST		Login	1605974775266	1605974775459	OK	 
REQUEST		Open Main Page Redirect 4	1605974775237	1605974775460	OK	 
REQUEST		Login	1605974775264	1605974775461	OK	 
REQUEST		Login	1605974775273	1605974775462	OK	 
REQUEST		Login	1605974775270	1605974775463	OK	 
REQUEST		Login	1605974775279	1605974775464	OK	 
REQUEST		Login	1605974775266	1605974775462	OK	 
REQUEST		Login	1605974775268	1605974775466	OK	 
REQUEST		Login	1605974775287	1605974775467	OK	 
REQUEST		Open Main Page Redirect 4	1605974775226	1605974775466	OK	 
REQUEST		Login	1605974775278	1605974775467	OK	 
REQUEST		Open Main Page Redirect 4	1605974775248	1605974775468	OK	 
REQUEST		Login	1605974775276	1605974775469	OK	 
REQUEST		Open Main Page Redirect 4	1605974775230	1605974775470	OK	 
REQUEST		Login	1605974775280	1605974775471	OK	 
REQUEST		Login	1605974775271	1605974775473	OK	 
REQUEST		Login	1605974775301	1605974775473	OK	 
REQUEST		Open Main Page Redirect 4	1605974775222	1605974775474	OK	 
REQUEST		Open Main Page Redirect 4	1605974775236	1605974775474	OK	 
REQUEST		Login	1605974775300	1605974775475	OK	 
REQUEST		Login	1605974775286	1605974775477	OK	 
REQUEST		Login	1605974775289	1605974775473	OK	 
REQUEST		Open Main Page Redirect 4	1605974775230	1605974775478	OK	 
REQUEST		Open Main Page Redirect 4	1605974775253	1605974775479	OK	 
REQUEST		Open Main Page Redirect 4	1605974775252	1605974775479	OK	 
REQUEST		Open Main Page Redirect 4	1605974775260	1605974775480	OK	 
REQUEST		Login	1605974775273	1605974775478	OK	 
REQUEST		Open Main Page Redirect 4	1605974775248	1605974775483	OK	 
REQUEST		Open Main Page Redirect 4	1605974775231	1605974775484	OK	 
REQUEST		Login	1605974775298	1605974775484	OK	 
REQUEST		Open Main Page Redirect 4	1605974775228	1605974775485	OK	 
REQUEST		Login	1605974775307	1605974775486	OK	 
REQUEST		Open Main Page Redirect 4	1605974775262	1605974775490	OK	 
REQUEST		Open Main Page Redirect 4	1605974775242	1605974775493	OK	 
REQUEST		Open Main Page Redirect 4	1605974775239	1605974775497	OK	 
REQUEST		Login	1605974775306	1605974775498	OK	 
REQUEST		Login	1605974775303	1605974775500	OK	 
REQUEST		Open Main Page Redirect 4	1605974775243	1605974775500	OK	 
REQUEST		Open Main Page Redirect 4	1605974775246	1605974775501	OK	 
REQUEST		Open Main Page Redirect 4	1605974775232	1605974775504	OK	 
REQUEST		Open Main Page Redirect 4	1605974775216	1605974775510	OK	 
REQUEST		Open Main Page Redirect 4	1605974775228	1605974775510	OK	 
REQUEST		Login	1605974775316	1605974775511	OK	 
REQUEST		Login	1605974775312	1605974775512	OK	 
REQUEST		Open Main Page Redirect 4	1605974775243	1605974775512	OK	 
REQUEST		Open Main Page Redirect 4	1605974775231	1605974775514	OK	 
REQUEST		Login	1605974775317	1605974775514	OK	 
REQUEST		Open Main Page Redirect 4	1605974775250	1605974775514	OK	 
REQUEST		Open Main Page Redirect 4	1605974775230	1605974775516	OK	 
REQUEST		Open Main Page Redirect 4	1605974775245	1605974775516	OK	 
REQUEST		Login	1605974775332	1605974775517	OK	 
REQUEST		Login	1605974775330	1605974775517	OK	 
REQUEST		Login	1605974775317	1605974775518	OK	 
REQUEST		Login	1605974775315	1605974775518	OK	 
REQUEST		Open Main Page Redirect 4	1605974775241	1605974775526	OK	 
REQUEST		Login Redirect 1	1605974775368	1605974775526	OK	 
REQUEST		Login	1605974775330	1605974775527	OK	 
REQUEST		Open Main Page Redirect 4	1605974775242	1605974775529	OK	 
REQUEST		Open Main Page Redirect 4	1605974775234	1605974775530	OK	 
REQUEST		Open Main Page Redirect 4	1605974775235	1605974775532	OK	 
REQUEST		Open Main Page Redirect 3	1605974774995	1605974775532	OK	 
REQUEST		Login	1605974775400	1605974775533	OK	 
REQUEST		Login	1605974775401	1605974775533	OK	 
REQUEST		Login	1605974775394	1605974775534	OK	 
REQUEST		Login	1605974775401	1605974775535	OK	 
REQUEST		Login	1605974775403	1605974775617	OK	 
REQUEST		Login	1605974775413	1605974775617	OK	 
REQUEST		Login	1605974775416	1605974775618	OK	 
REQUEST		Login	1605974775417	1605974775617	OK	 
REQUEST		Login	1605974775404	1605974775617	OK	 
REQUEST		Login	1605974775402	1605974775620	OK	 
REQUEST		Login	1605974775430	1605974775621	OK	 
REQUEST		Login	1605974775426	1605974775621	OK	 
REQUEST		Login Redirect 1	1605974775429	1605974775622	OK	 
REQUEST		Login	1605974775426	1605974775623	OK	 
REQUEST		Login	1605974775432	1605974775623	OK	 
REQUEST		Login Redirect 1	1605974775432	1605974775622	OK	 
REQUEST		Login Redirect 1	1605974775428	1605974775623	OK	 
REQUEST		Login Redirect 1	1605974775430	1605974775626	OK	 
REQUEST		Login Redirect 1	1605974775441	1605974775630	OK	 
REQUEST		Login	1605974775434	1605974775630	OK	 
REQUEST		Login Redirect 1	1605974775441	1605974775630	OK	 
REQUEST		Login	1605974775440	1605974775632	OK	 
REQUEST		Login	1605974775440	1605974775632	OK	 
REQUEST		Login	1605974775438	1605974775631	OK	 
REQUEST		Login	1605974775435	1605974775630	OK	 
REQUEST		Login Redirect 1	1605974775434	1605974775629	OK	 
REQUEST		Login Redirect 1	1605974775444	1605974775634	OK	 
REQUEST		Login Redirect 1	1605974775438	1605974775635	OK	 
REQUEST		Login Redirect 1	1605974775441	1605974775636	OK	 
REQUEST		Login Redirect 1	1605974775436	1605974775638	OK	 
REQUEST		Login Redirect 1	1605974775458	1605974775638	OK	 
REQUEST		Login Redirect 1	1605974775444	1605974775639	OK	 
REQUEST		Login Redirect 1	1605974775445	1605974775639	OK	 
REQUEST		Login Redirect 1	1605974775447	1605974775641	OK	 
REQUEST		Login Redirect 1	1605974775465	1605974775643	OK	 
REQUEST		Login	1605974775461	1605974775643	OK	 
REQUEST		Login Redirect 1	1605974775462	1605974775642	OK	 
REQUEST		Login Redirect 1	1605974775467	1605974775643	OK	 
REQUEST		Login	1605974775455	1605974775643	OK	 
REQUEST		Login Redirect 1	1605974775460	1605974775645	OK	 
REQUEST		Login	1605974775469	1605974775646	OK	 
REQUEST		Login	1605974775469	1605974775646	OK	 
REQUEST		Login Redirect 1	1605974775464	1605974775647	OK	 
REQUEST		Login Redirect 1	1605974775446	1605974775645	OK	 
REQUEST		Login Redirect 1	1605974775463	1605974775648	OK	 
REQUEST		Login Redirect 1	1605974775468	1605974775647	OK	 
REQUEST		Login Redirect 1	1605974775446	1605974775648	OK	 
REQUEST		Login Redirect 1	1605974775447	1605974775649	OK	 
REQUEST		Login	1605974775472	1605974775650	OK	 
REQUEST		Login Redirect 1	1605974775468	1605974775651	OK	 
REQUEST		Login	1605974775476	1605974775651	OK	 
REQUEST		Login Redirect 1	1605974775474	1605974775652	OK	 
REQUEST		Login Redirect 1	1605974775466	1605974775653	OK	 
REQUEST		Login Redirect 1	1605974775477	1605974775652	OK	 
REQUEST		Login Redirect 1	1605974775473	1605974775653	OK	 
REQUEST		Login Redirect 1	1605974775475	1605974775655	OK	 
REQUEST		Login	1605974775475	1605974775655	OK	 
REQUEST		Login	1605974775479	1605974775656	OK	 
REQUEST		Login	1605974775485	1605974775656	OK	 
REQUEST		Login Redirect 1	1605974775478	1605974775655	OK	 
REQUEST		Login	1605974775481	1605974775658	OK	 
REQUEST		Login Redirect 1	1605974775482	1605974775658	OK	 
REQUEST		Login	1605974775480	1605974775659	OK	 
REQUEST		Login	1605974775482	1605974775659	OK	 
REQUEST		Login Redirect 1	1605974775472	1605974775660	OK	 
REQUEST		Login	1605974775484	1605974775660	OK	 
REQUEST		Login Redirect 1	1605974775470	1605974775661	OK	 
REQUEST		Login Redirect 1	1605974775485	1605974775661	OK	 
REQUEST		Login	1605974775486	1605974775662	OK	 
REQUEST		Login Redirect 1	1605974775499	1605974775672	OK	 
REQUEST		Login Redirect 1	1605974775486	1605974775672	OK	 
REQUEST		Login	1605974775511	1605974775673	OK	 
REQUEST		Login	1605974775502	1605974775675	OK	 
REQUEST		Login	1605974775498	1605974775674	OK	 
REQUEST		Login	1605974775503	1605974775675	OK	 
REQUEST		Login Redirect 1	1605974775514	1605974775676	OK	 
REQUEST		Login Redirect 1	1605974775512	1605974775677	OK	 
REQUEST		Login	1605974775505	1605974775677	OK	 
REQUEST		Login	1605974775517	1605974775678	OK	 
REQUEST		Login	1605974775515	1605974775678	OK	 
REQUEST		Login Redirect 1	1605974775513	1605974775679	OK	 
REQUEST		Login	1605974775494	1605974775678	OK	 
REQUEST		Login Redirect 1	1605974775519	1605974775679	OK	 
REQUEST		Login	1605974775533	1605974775681	OK	 
REQUEST		Login	1605974775528	1605974775681	OK	 
REQUEST		Login	1605974775511	1605974775681	OK	 
REQUEST		Login Redirect 1	1605974775528	1605974775681	OK	 
REQUEST		Login Redirect 1	1605974775500	1605974775682	OK	 
REQUEST		Login Redirect 1	1605974775518	1605974775683	OK	 
REQUEST		Login	1605974775530	1605974775683	OK	 
REQUEST		Login Redirect 2	1605974775528	1605974775684	OK	 
REQUEST		Login Redirect 1	1605974775518	1605974775684	OK	 
REQUEST		Login	1605974775515	1605974775684	OK	 
REQUEST		Login	1605974775531	1605974775686	OK	 
REQUEST		Login	1605974775492	1605974775686	OK	 
REQUEST		Login	1605974775517	1605974775686	OK	 
REQUEST		Login	1605974775513	1605974775688	OK	 
REQUEST		Login Redirect 1	1605974775518	1605974775689	OK	 
REQUEST		Login Redirect 1	1605974775534	1605974775694	OK	 
REQUEST		Login Redirect 1	1605974775535	1605974775694	OK	 
REQUEST		Login Redirect 1	1605974775534	1605974775695	OK	 
REQUEST		Login Redirect 1	1605974775619	1605974775696	OK	 
REQUEST		Login Redirect 1	1605974775536	1605974775696	OK	 
REQUEST		Login Redirect 1	1605974775618	1605974775698	OK	 
REQUEST		Login Redirect 1	1605974775619	1605974775698	OK	 
REQUEST		Open Main Page Redirect 4	1605974775533	1605974775698	OK	 
REQUEST		Login Redirect 1	1605974775622	1605974775699	OK	 
REQUEST		Login Redirect 1	1605974775622	1605974775699	OK	 
REQUEST		Login Redirect 1	1605974775619	1605974775698	OK	 
REQUEST		Login Redirect 1	1605974775624	1605974775700	OK	 
REQUEST		Login Redirect 2	1605974775623	1605974775700	OK	 
REQUEST		Login Redirect 1	1605974775622	1605974775701	OK	 
REQUEST		Login Redirect 1	1605974775624	1605974775707	OK	 
REQUEST		Login Redirect 1	1605974775619	1605974775707	OK	 
REQUEST		Login Redirect 2	1605974775631	1605974775707	OK	 
REQUEST		Login Redirect 2	1605974775624	1605974775707	OK	 
REQUEST		Login Redirect 2	1605974775627	1605974775707	OK	 
REQUEST		Login Redirect 1	1605974775632	1605974775709	OK	 
REQUEST		Login Redirect 2	1605974775631	1605974775710	OK	 
REQUEST		Login Redirect 1	1605974775631	1605974775710	OK	 
REQUEST		Login Redirect 2	1605974775625	1605974775710	OK	 
REQUEST		Login Redirect 1	1605974775632	1605974775710	OK	 
REQUEST		Login Redirect 1	1605974775633	1605974775712	OK	 
REQUEST		Login Redirect 2	1605974775634	1605974775714	OK	 
REQUEST		Login Redirect 1	1605974775633	1605974775714	OK	 
REQUEST		Login Redirect 2	1605974775635	1605974775714	OK	 
REQUEST		Login Redirect 2	1605974775636	1605974775715	OK	 
REQUEST		Login Redirect 2	1605974775640	1605974775718	OK	 
REQUEST		Login Redirect 2	1605974775640	1605974775718	OK	 
REQUEST		Login Redirect 2	1605974775638	1605974775719	OK	 
REQUEST		Login Redirect 2	1605974775639	1605974775720	OK	 
REQUEST		Login Redirect 2	1605974775637	1605974775721	OK	 
REQUEST		Login Redirect 2	1605974775644	1605974775733	OK	 
REQUEST		Login Redirect 1	1605974775644	1605974775733	OK	 
REQUEST		Login Redirect 2	1605974775644	1605974775733	OK	 
REQUEST		Login Redirect 2	1605974775642	1605974775733	OK	 
REQUEST		Login Redirect 2	1605974775648	1605974775735	OK	 
REQUEST		Login Redirect 2	1605974775644	1605974775734	OK	 
REQUEST		Login Redirect 1	1605974775647	1605974775735	OK	 
REQUEST		Login Redirect 2	1605974775653	1605974775736	OK	 
REQUEST		Login Redirect 2	1605974775648	1605974775736	OK	 
REQUEST		Login Redirect 2	1605974775646	1605974775736	OK	 
REQUEST		Login Redirect 2	1605974775651	1605974775737	OK	 
REQUEST		Login Redirect 1	1605974775651	1605974775737	OK	 
REQUEST		Login Redirect 2	1605974775648	1605974775738	OK	 
REQUEST		Login Redirect 1	1605974775647	1605974775738	OK	 
REQUEST		Login Redirect 2	1605974775654	1605974775738	OK	 
REQUEST		Login Redirect 2	1605974775652	1605974775739	OK	 
REQUEST		Login Redirect 2	1605974775654	1605974775739	OK	 
REQUEST		Login Redirect 1	1605974775657	1605974775739	OK	 
REQUEST		Login Redirect 2	1605974775649	1605974775740	OK	 
REQUEST		Login Redirect 1	1605974775645	1605974775741	OK	 
REQUEST		Login Redirect 2	1605974775650	1605974775741	OK	 
REQUEST		Login Redirect 2	1605974775654	1605974775742	OK	 
REQUEST		Login Redirect 1	1605974775652	1605974775742	OK	 
REQUEST		Login Redirect 2	1605974775656	1605974775743	OK	 
REQUEST		Login Redirect 1	1605974775657	1605974775744	OK	 
REQUEST		Login Redirect 1	1605974775657	1605974775745	OK	 
REQUEST		Login Redirect 1	1605974775660	1605974775745	OK	 
REQUEST		Login Redirect 2	1605974775659	1605974775746	OK	 
REQUEST		Login Redirect 2	1605974775673	1605974775746	OK	 
REQUEST		Login Redirect 2	1605974775660	1605974775745	OK	 
REQUEST		Login Redirect 2	1605974775658	1605974775747	OK	 
REQUEST		Login Redirect 1	1605974775659	1605974775747	OK	 
REQUEST		Login Redirect 2	1605974775662	1605974775748	OK	 
REQUEST		Login Redirect 1	1605974775661	1605974775748	OK	 
REQUEST		Login Redirect 1	1605974775663	1605974775749	OK	 
REQUEST		Login Redirect 2	1605974775662	1605974775750	OK	 
REQUEST		Login Redirect 1	1605974775661	1605974775750	OK	 
REQUEST		Open Main Page Redirect 4	1605974775250	1605974775751	OK	 
REQUEST		Login Redirect 2	1605974775675	1605974775771	OK	 
REQUEST		Login Redirect 2	1605974775677	1605974775772	OK	 
REQUEST		Login Redirect 1	1605974775674	1605974775772	OK	 
REQUEST		Login Redirect 1	1605974775676	1605974775771	OK	 
REQUEST		Login Redirect 2	1605974775681	1605974775774	OK	 
REQUEST		Login Redirect 1	1605974775675	1605974775774	OK	 
REQUEST		Login Redirect 2	1605974775684	1605974775775	OK	 
REQUEST		Login Redirect 2	1605974775679	1605974775774	OK	 
REQUEST		Login Redirect 1	1605974775678	1605974775775	OK	 
REQUEST		Login Redirect 2	1605974775685	1605974775775	OK	 
REQUEST		Login Redirect 2	1605974775680	1605974775777	OK	 
REQUEST		Login Redirect 1	1605974775680	1605974775777	OK	 
REQUEST		Login Redirect 1	1605974775682	1605974775777	OK	 
REQUEST		Login	1605974775699	1605974775778	OK	 
REQUEST		Login Redirect 2	1605974775695	1605974775778	OK	 
REQUEST		Login Redirect 2	1605974775683	1605974775778	OK	 
REQUEST		Login Redirect 1	1605974775682	1605974775778	OK	 
REQUEST		Login Redirect 2	1605974775699	1605974775780	OK	 
REQUEST		Login Redirect 2	1605974775697	1605974775780	OK	 
REQUEST		Login Redirect 1	1605974775678	1605974775780	OK	 
REQUEST		Login Redirect 1	1605974775679	1605974775780	OK	 
REQUEST		Login Redirect 2	1605974775683	1605974775781	OK	 
REQUEST		Login Redirect 2	1605974775700	1605974775781	OK	 
REQUEST		Login Redirect 1	1605974775687	1605974775782	OK	 
REQUEST		Login Redirect 1	1605974775682	1605974775782	OK	 
REQUEST		Login Redirect 3	1605974775685	1605974775782	OK	 
REQUEST		Login Redirect 2	1605974775696	1605974775782	OK	 
REQUEST		Login Redirect 1	1605974775683	1605974775783	OK	 
REQUEST		Login Redirect 2	1605974775690	1605974775783	OK	 
REQUEST		Login Redirect 1	1605974775685	1605974775784	OK	 
REQUEST		Login Redirect 1	1605974775676	1605974775784	OK	 
REQUEST		Login Redirect 1	1605974775687	1605974775785	OK	 
REQUEST		Login Redirect 2	1605974775697	1605974775785	OK	 
REQUEST		Login Redirect 2	1605974775695	1605974775786	OK	 
REQUEST		Login Redirect 1	1605974775688	1605974775786	OK	 
REQUEST		Login Redirect 2	1605974775700	1605974775788	OK	 
REQUEST		Login Redirect 2	1605974775698	1605974775789	OK	 
REQUEST		Login Redirect 2	1605974775701	1605974775795	OK	 
REQUEST		Login Redirect 1	1605974775686	1605974775795	OK	 
REQUEST		Login Redirect 2	1605974775708	1605974775795	OK	 
REQUEST		Login Redirect 3	1605974775701	1605974775795	OK	 
REQUEST		Login Redirect 3	1605974775708	1605974775796	OK	 
REQUEST		Login Redirect 2	1605974775709	1605974775798	OK	 
REQUEST		Login Redirect 2	1605974775714	1605974775798	OK	 
REQUEST		Login Redirect 3	1605974775711	1605974775798	OK	 
REQUEST		Login Redirect 3	1605974775709	1605974775798	OK	 
REQUEST		Login Redirect 2	1605974775701	1605974775795	OK	 
REQUEST		Login Redirect 2	1605974775711	1605974775799	OK	 
REQUEST		Login Redirect 3	1605974775709	1605974775799	OK	 
REQUEST		Login Redirect 2	1605974775702	1605974775799	OK	 
REQUEST		Login Redirect 2	1605974775711	1605974775800	OK	 
REQUEST		Login Redirect 3	1605974775711	1605974775800	OK	 
REQUEST		Login Redirect 2	1605974775713	1605974775828	OK	 
REQUEST		Login Redirect 3	1605974775715	1605974775828	OK	 
REQUEST		Login Redirect 3	1605974775719	1605974775828	OK	 
REQUEST		Login Redirect 2	1605974775711	1605974775832	OK	 
REQUEST		Login Redirect 3	1605974775735	1605974775832	OK	 
REQUEST		Login Redirect 2	1605974775733	1605974775832	OK	 
REQUEST		Login Redirect 2	1605974775742	1605974775833	OK	 
REQUEST		Login Redirect 3	1605974775720	1605974775834	OK	 
REQUEST		Login Redirect 3	1605974775734	1605974775833	OK	 
REQUEST		Login Redirect 2	1605974775745	1605974775834	OK	 
REQUEST		Login Redirect 2	1605974775743	1605974775834	OK	 
REQUEST		Login Redirect 2	1605974775735	1605974775835	OK	 
REQUEST		Login Redirect 3	1605974775743	1605974775835	OK	 
REQUEST		Login Redirect 3	1605974775734	1605974775835	OK	 
REQUEST		Login Redirect 2	1605974775739	1605974775836	OK	 
REQUEST		Login Redirect 2	1605974775738	1605974775836	OK	 
REQUEST		Login Redirect 3	1605974775740	1605974775836	OK	 
REQUEST		Login Redirect 3	1605974775736	1605974775836	OK	 
REQUEST		Login Redirect 2	1605974775740	1605974775837	OK	 
REQUEST		Login Redirect 3	1605974775737	1605974775837	OK	 
REQUEST		Login Redirect 3	1605974775738	1605974775837	OK	 
REQUEST		Login Redirect 3	1605974775716	1605974775828	OK	 
REQUEST		Login Redirect 3	1605974775742	1605974775838	OK	 
REQUEST		Login Redirect 3	1605974775738	1605974775838	OK	 
REQUEST		Login Redirect 3	1605974775741	1605974775839	OK	 
REQUEST		Login Redirect 3	1605974775714	1605974775839	OK	 
REQUEST		Login Redirect 3	1605974775740	1605974775840	OK	 
REQUEST		Login Redirect 3	1605974775739	1605974775841	OK	 
REQUEST		Login Redirect 3	1605974775719	1605974775842	OK	 
REQUEST		Login Redirect 3	1605974775722	1605974775843	OK	 
REQUEST		Login Redirect 3	1605974775720	1605974775844	OK	 
REQUEST		Login Redirect 3	1605974775734	1605974775846	OK	 
REQUEST		Login Redirect 3	1605974775738	1605974775847	OK	 
REQUEST		Login Redirect 3	1605974775739	1605974775849	OK	 
REQUEST		Login Redirect 2	1605974775744	1605974775879	OK	 
REQUEST		Login Redirect 3	1605974775746	1605974775880	OK	 
REQUEST		Login Redirect 3	1605974775747	1605974775880	OK	 
REQUEST		Login Redirect 2	1605974775746	1605974775879	OK	 
REQUEST		Login Redirect 3	1605974775744	1605974775879	OK	 
REQUEST		Login Redirect 2	1605974775749	1605974775879	OK	 
REQUEST		Login Redirect 2	1605974775779	1605974775882	OK	 
REQUEST		Login Redirect 3	1605974775748	1605974775883	OK	 
REQUEST		Login Redirect 3	1605974775749	1605974775883	OK	 
REQUEST		Login Redirect 3	1605974775778	1605974775884	OK	 
REQUEST		Login Redirect 3	1605974775747	1605974775887	OK	 
REQUEST		Login Redirect 3	1605974775772	1605974775881	OK	 
REQUEST		Login	1605974775751	1605974775891	OK	 
REQUEST		Login Redirect 3	1605974775776	1605974775891	OK	 
REQUEST		Login Redirect 3	1605974775781	1605974775890	OK	 
REQUEST		Login Redirect 3	1605974775775	1605974775891	OK	 
REQUEST		Login Redirect 2	1605974775785	1605974775892	OK	 
REQUEST		Login Redirect 2	1605974775748	1605974775893	OK	 
REQUEST		Login Redirect 3	1605974775750	1605974775892	OK	 
REQUEST		Login Redirect 2	1605974775780	1605974775894	OK	 
REQUEST		Login Redirect 2	1605974775775	1605974775894	OK	 
REQUEST		Login Redirect 2	1605974775749	1605974775894	OK	 
REQUEST		Login Redirect 2	1605974775782	1605974775895	OK	 
REQUEST		Login Redirect 2	1605974775750	1605974775896	OK	 
REQUEST		Login Redirect 3	1605974775776	1605974775894	OK	 
REQUEST		Login Redirect 2	1605974775773	1605974775897	OK	 
REQUEST		Login Redirect 3	1605974775799	1605974775897	OK	 
REQUEST		Login Redirect 2	1605974775782	1605974775898	OK	 
REQUEST		Login Redirect 3	1605974775784	1605974775897	OK	 
REQUEST		Login Redirect 1	1605974775779	1605974775898	OK	 
REQUEST		Login Redirect 2	1605974775781	1605974775899	OK	 
REQUEST		Login Redirect 2	1605974775786	1605974775899	OK	 
REQUEST		Login Redirect 2	1605974775783	1605974775900	OK	 
REQUEST		Login Redirect 2	1605974775787	1605974775901	OK	 
REQUEST		Login Redirect 2	1605974775785	1605974775902	OK	 
REQUEST		Login Redirect 3	1605974775773	1605974775902	OK	 
REQUEST		Login Redirect 2	1605974775774	1605974775904	OK	 
REQUEST		Login Redirect 3	1605974775786	1605974775903	OK	 
REQUEST		Login Redirect 2	1605974775778	1605974775905	OK	 
REQUEST		Login Redirect 3	1605974775788	1605974775905	OK	 
REQUEST		Login Redirect 2	1605974775777	1605974775907	OK	 
REQUEST		Login Redirect 3	1605974775787	1605974775907	OK	 
REQUEST		Login Redirect 3	1605974775779	1605974775908	OK	 
REQUEST		Login Redirect 3	1605974775781	1605974775909	OK	 
REQUEST		Login Redirect 3	1605974775789	1605974775908	OK	 
REQUEST		Login Redirect 3	1605974775780	1605974775911	OK	 
REQUEST		Login Redirect 3	1605974775796	1605974775913	OK	 
REQUEST		Login Redirect 3	1605974775798	1605974775913	OK	 
REQUEST		Login Redirect 3	1605974775797	1605974775914	OK	 
REQUEST		Login Redirect 2	1605974775778	1605974775896	OK	 
REQUEST		Login Redirect 3	1605974775777	1605974775917	OK	 
REQUEST		Login Redirect 3	1605974775779	1605974775919	OK	 
REQUEST		Login Redirect 3	1605974775783	1605974775921	OK	 
REQUEST		Login Redirect 3	1605974775780	1605974775928	OK	 
REQUEST		Login Redirect 2	1605974775796	1605974775930	OK	 
REQUEST		Login Redirect 3	1605974775800	1605974775930	OK	 
REQUEST		Login Redirect 3	1605974775800	1605974775930	OK	 
REQUEST		Login Redirect 3	1605974775833	1605974775932	OK	 
REQUEST		Login Redirect 3	1605974775800	1605974775933	OK	 
REQUEST		Login Redirect 3	1605974775829	1605974775934	OK	 
REQUEST		Login Redirect 3	1605974775832	1605974775935	OK	 
REQUEST		Login Redirect 3	1605974775801	1605974775935	OK	 
REQUEST		Login Redirect 3	1605974775834	1605974775938	OK	 
REQUEST		Login Redirect 3	1605974775833	1605974775938	OK	 
REQUEST		Login Redirect 3	1605974775834	1605974775939	OK	 
REQUEST		Login Redirect 3	1605974775835	1605974775941	OK	 
REQUEST		Login Redirect 4	1605974775782	1605974775900	KO	jsonPath($..token).find.exists preparation crashed: Jackson failed to parse into a valid AST: c.f.j.c.JsonParseException: Unexpected character ('<' (code 60)): expected a valid value (JSON String, Number, Array, Object or token 'null', 'true' or 'false')  at [Source: (SequenceInputStream); line: 1, column: 2]
REQUEST		Login Redirect 4	1605974775798	1605974775910	KO	jsonPath($..token).find.exists preparation crashed: Jackson failed to parse into a valid AST: c.f.j.c.JsonParseException: Unexpected character ('<' (code 60)): expected a valid value (JSON String, Number, Array, Object or token 'null', 'true' or 'false')  at [Source: (SequenceInputStream); line: 1, column: 2]
REQUEST		Login Redirect 4	1605974775797	1605974775911	KO	jsonPath($..token).find.exists preparation crashed: Jackson failed to parse into a valid AST: c.f.j.c.JsonParseException: Unexpected character ('<' (code 60)): expected a valid value (JSON String, Number, Array, Object or token 'null', 'true' or 'false')  at [Source: (SequenceInputStream); line: 1, column: 2]
REQUEST		Login Redirect 4	1605974775798	1605974775961	KO	jsonPath($..token).find.exists preparation crashed: Jackson failed to parse into a valid AST: c.f.j.c.JsonParseException: Unexpected character ('<' (code 60)): expected a valid value (JSON String, Number, Array, Object or token 'null', 'true' or 'false')  at [Source: (SequenceInputStream); line: 1, column: 2]
REQUEST		Login Redirect 4	1605974775797	1605974775962	KO	jsonPath($..token).find.exists preparation crashed: Jackson failed to parse into a valid AST: c.f.j.c.JsonParseException: Unexpected character ('<' (code 60)): expected a valid value (JSON String, Number, Array, Object or token 'null', 'true' or 'false')  at [Source: (SequenceInputStream); line: 1, column: 2]
REQUEST		Login Redirect 4	1605974775800	1605974775962	KO	jsonPath($..token).find.exists preparation crashed: Jackson failed to parse into a valid AST: c.f.j.c.JsonParseException: Unexpected character ('<' (code 60)): expected a valid value (JSON String, Number, Array, Object or token 'null', 'true' or 'false')  at [Source: (SequenceInputStream); line: 1, column: 2]
REQUEST		Login Redirect 4	1605974775801	1605974775964	KO	jsonPath($..token).find.exists preparation crashed: Jackson failed to parse into a valid AST: c.f.j.c.JsonParseException: Unexpected character ('<' (code 60)): expected a valid value (JSON String, Number, Array, Object or token 'null', 'true' or 'false')  at [Source: (SequenceInputStream); line: 1, column: 2]
REQUEST		Login Redirect 4	1605974775833	1605974775964	KO	jsonPath($..token).find.exists preparation crashed: Jackson failed to parse into a valid AST: c.f.j.c.JsonParseException: Unexpected character ('<' (code 60)): expected a valid value (JSON String, Number, Array, Object or token 'null', 'true' or 'false')  at [Source: (SequenceInputStream); line: 1, column: 2]
REQUEST		Login Redirect 4	1605974775833	1605974775965	KO	jsonPath($..token).find.exists preparation crashed: Jackson failed to parse into a valid AST: c.f.j.c.JsonParseException: Unexpected character ('<' (code 60)): expected a valid value (JSON String, Number, Array, Object or token 'null', 'true' or 'false')  at [Source: (SequenceInputStream); line: 1, column: 2]
REQUEST		Login Redirect 4	1605974775831	1605974775966	KO	jsonPath($..token).find.exists preparation crashed: Jackson failed to parse into a valid AST: c.f.j.c.JsonParseException: Unexpected character ('<' (code 60)): expected a valid value (JSON String, Number, Array, Object or token 'null', 'true' or 'false')  at [Source: (SequenceInputStream); line: 1, column: 2]
REQUEST		Login Redirect 3	1605974775836	1605974776006	OK	 
REQUEST		Login Redirect 4	1605974775834	1605974776008	KO	jsonPath($..token).find.exists preparation crashed: Jackson failed to parse into a valid AST: c.f.j.c.JsonParseException: Unexpected character ('<' (code 60)): expected a valid value (JSON String, Number, Array, Object or token 'null', 'true' or 'false')  at [Source: (SequenceInputStream); line: 1, column: 2]
REQUEST		Login Redirect 4	1605974775835	1605974776010	KO	jsonPath($..token).find.exists preparation crashed: Jackson failed to parse into a valid AST: c.f.j.c.JsonParseException: Unexpected character ('<' (code 60)): expected a valid value (JSON String, Number, Array, Object or token 'null', 'true' or 'false')  at [Source: (SequenceInputStream); line: 1, column: 2]
REQUEST		Login Redirect 3	1605974775836	1605974776011	OK	 
REQUEST		Login Redirect 4	1605974775835	1605974776013	KO	jsonPath($..token).find.exists preparation crashed: Jackson failed to parse into a valid AST: c.f.j.c.JsonParseException: Unexpected character ('<' (code 60)): expected a valid value (JSON String, Number, Array, Object or token 'null', 'true' or 'false')  at [Source: (SequenceInputStream); line: 1, column: 2]
REQUEST		Login Redirect 4	1605974775835	1605974776012	KO	jsonPath($..token).find.exists preparation crashed: Jackson failed to parse into a valid AST: c.f.j.c.JsonParseException: Unexpected character ('<' (code 60)): expected a valid value (JSON String, Number, Array, Object or token 'null', 'true' or 'false')  at [Source: (SequenceInputStream); line: 1, column: 2]
REQUEST		Login Redirect 3	1605974775837	1605974776015	OK	 
REQUEST		Login Redirect 4	1605974775837	1605974776018	KO	jsonPath($..token).find.exists preparation crashed: Jackson failed to parse into a valid AST: c.f.j.c.JsonParseException: Unexpected character ('<' (code 60)): expected a valid value (JSON String, Number, Array, Object or token 'null', 'true' or 'false')  at [Source: (SequenceInputStream); line: 1, column: 2]
REQUEST		Login Redirect 4	1605974775840	1605974776020	KO	jsonPath($..token).find.exists preparation crashed: Jackson failed to parse into a valid AST: c.f.j.c.JsonParseException: Unexpected character ('<' (code 60)): expected a valid value (JSON String, Number, Array, Object or token 'null', 'true' or 'false')  at [Source: (SequenceInputStream); line: 1, column: 2]
REQUEST		Login Redirect 4	1605974775841	1605974776020	KO	jsonPath($..token).find.exists preparation crashed: Jackson failed to parse into a valid AST: c.f.j.c.JsonParseException: Unexpected character ('<' (code 60)): expected a valid value (JSON String, Number, Array, Object or token 'null', 'true' or 'false')  at [Source: (SequenceInputStream); line: 1, column: 2]
REQUEST		Login Redirect 4	1605974775836	1605974776020	KO	jsonPath($..token).find.exists preparation crashed: Jackson failed to parse into a valid AST: c.f.j.c.JsonParseException: Unexpected character ('<' (code 60)): expected a valid value (JSON String, Number, Array, Object or token 'null', 'true' or 'false')  at [Source: (SequenceInputStream); line: 1, column: 2]
REQUEST		Login Redirect 4	1605974775838	1605974776023	KO	jsonPath($..token).find.exists preparation crashed: Jackson failed to parse into a valid AST: c.f.j.c.JsonParseException: Unexpected character ('<' (code 60)): expected a valid value (JSON String, Number, Array, Object or token 'null', 'true' or 'false')  at [Source: (SequenceInputStream); line: 1, column: 2]
REQUEST		Login Redirect 4	1605974775839	1605974776024	KO	jsonPath($..token).find.exists preparation crashed: Jackson failed to parse into a valid AST: c.f.j.c.JsonParseException: Unexpected character ('<' (code 60)): expected a valid value (JSON String, Number, Array, Object or token 'null', 'true' or 'false')  at [Source: (SequenceInputStream); line: 1, column: 2]
REQUEST		Login Redirect 4	1605974775839	1605974776039	KO	jsonPath($..token).find.exists preparation crashed: Jackson failed to parse into a valid AST: c.f.j.c.JsonParseException: Unexpected character ('<' (code 60)): expected a valid value (JSON String, Number, Array, Object or token 'null', 'true' or 'false')  at [Source: (SequenceInputStream); line: 1, column: 2]
REQUEST		Login Redirect 4	1605974775839	1605974776040	KO	jsonPath($..token).find.exists preparation crashed: Jackson failed to parse into a valid AST: c.f.j.c.JsonParseException: Unexpected character ('<' (code 60)): expected a valid value (JSON String, Number, Array, Object or token 'null', 'true' or 'false')  at [Source: (SequenceInputStream); line: 1, column: 2]
REQUEST		Login Redirect 4	1605974775844	1605974776044	KO	jsonPath($..token).find.exists preparation crashed: Jackson failed to parse into a valid AST: c.f.j.c.JsonParseException: Unexpected character ('<' (code 60)): expected a valid value (JSON String, Number, Array, Object or token 'null', 'true' or 'false')  at [Source: (SequenceInputStream); line: 1, column: 2]
REQUEST		Login Redirect 4	1605974775842	1605974776063	KO	jsonPath($..token).find.exists preparation crashed: Jackson failed to parse into a valid AST: c.f.j.c.JsonParseException: Unexpected character ('<' (code 60)): expected a valid value (JSON String, Number, Array, Object or token 'null', 'true' or 'false')  at [Source: (SequenceInputStream); line: 1, column: 2]
REQUEST		Login Redirect 4	1605974775843	1605974776064	KO	jsonPath($..token).find.exists preparation crashed: Jackson failed to parse into a valid AST: c.f.j.c.JsonParseException: Unexpected character ('<' (code 60)): expected a valid value (JSON String, Number, Array, Object or token 'null', 'true' or 'false')  at [Source: (SequenceInputStream); line: 1, column: 2]
REQUEST		Login Redirect 4	1605974775838	1605974776065	KO	jsonPath($..token).find.exists preparation crashed: Jackson failed to parse into a valid AST: c.f.j.c.JsonParseException: Unexpected character ('<' (code 60)): expected a valid value (JSON String, Number, Array, Object or token 'null', 'true' or 'false')  at [Source: (SequenceInputStream); line: 1, column: 2]
REQUEST		Login Redirect 3	1605974775881	1605974776069	OK	 
REQUEST		Login Redirect 3	1605974775882	1605974776069	OK	 
REQUEST		Login Redirect 4	1605974775841	1605974776069	KO	jsonPath($..token).find.exists preparation crashed: Jackson failed to parse into a valid AST: c.f.j.c.JsonParseException: Unexpected character ('<' (code 60)): expected a valid value (JSON String, Number, Array, Object or token 'null', 'true' or 'false')  at [Source: (SequenceInputStream); line: 1, column: 2]
REQUEST		Login Redirect 3	1605974775883	1605974776071	OK	 
REQUEST		Login Redirect 4	1605974775848	1605974776075	KO	jsonPath($..token).find.exists preparation crashed: Jackson failed to parse into a valid AST: c.f.j.c.JsonParseException: Unexpected character ('<' (code 60)): expected a valid value (JSON String, Number, Array, Object or token 'null', 'true' or 'false')  at [Source: (SequenceInputStream); line: 1, column: 2]
REQUEST		Login Redirect 4	1605974775845	1605974776077	KO	jsonPath($..token).find.exists preparation crashed: Jackson failed to parse into a valid AST: c.f.j.c.JsonParseException: Unexpected character ('<' (code 60)): expected a valid value (JSON String, Number, Array, Object or token 'null', 'true' or 'false')  at [Source: (SequenceInputStream); line: 1, column: 2]
REQUEST		Login Redirect 1	1605974775892	1605974776083	OK	 
REQUEST		Login Redirect 3	1605974775881	1605974776083	OK	 
REQUEST		Login Redirect 4	1605974775889	1605974776084	KO	jsonPath($..token).find.exists preparation crashed: Jackson failed to parse into a valid AST: c.f.j.c.JsonParseException: Unexpected character ('<' (code 60)): expected a valid value (JSON String, Number, Array, Object or token 'null', 'true' or 'false')  at [Source: (SequenceInputStream); line: 1, column: 2]
REQUEST		Login Redirect 4	1605974775882	1605974776079	KO	jsonPath($..token).find.exists preparation crashed: Jackson failed to parse into a valid AST: c.f.j.c.JsonParseException: Unexpected character ('<' (code 60)): expected a valid value (JSON String, Number, Array, Object or token 'null', 'true' or 'false')  at [Source: (SequenceInputStream); line: 1, column: 2]
REQUEST		Login Redirect 4	1605974775847	1605974776084	KO	jsonPath($..token).find.exists preparation crashed: Jackson failed to parse into a valid AST: c.f.j.c.JsonParseException: Unexpected character ('<' (code 60)): expected a valid value (JSON String, Number, Array, Object or token 'null', 'true' or 'false')  at [Source: (SequenceInputStream); line: 1, column: 2]
REQUEST		Login Redirect 3	1605974775894	1605974776084	OK	 
REQUEST		Login Redirect 4	1605974775850	1605974776086	KO	jsonPath($..token).find.exists preparation crashed: Jackson failed to parse into a valid AST: c.f.j.c.JsonParseException: Unexpected character ('<' (code 60)): expected a valid value (JSON String, Number, Array, Object or token 'null', 'true' or 'false')  at [Source: (SequenceInputStream); line: 1, column: 2]
REQUEST		Login Redirect 4	1605974775889	1605974776087	KO	jsonPath($..token).find.exists preparation crashed: Jackson failed to parse into a valid AST: c.f.j.c.JsonParseException: Unexpected character ('<' (code 60)): expected a valid value (JSON String, Number, Array, Object or token 'null', 'true' or 'false')  at [Source: (SequenceInputStream); line: 1, column: 2]
REQUEST		Login Redirect 4	1605974775886	1605974776089	KO	jsonPath($..token).find.exists preparation crashed: Jackson failed to parse into a valid AST: c.f.j.c.JsonParseException: Unexpected character ('<' (code 60)): expected a valid value (JSON String, Number, Array, Object or token 'null', 'true' or 'false')  at [Source: (SequenceInputStream); line: 1, column: 2]
REQUEST		Login Redirect 4	1605974775890	1605974776092	KO	jsonPath($..token).find.exists preparation crashed: Jackson failed to parse into a valid AST: c.f.j.c.JsonParseException: Unexpected character ('<' (code 60)): expected a valid value (JSON String, Number, Array, Object or token 'null', 'true' or 'false')  at [Source: (SequenceInputStream); line: 1, column: 2]
REQUEST		Login Redirect 3	1605974775893	1605974776093	OK	 
REQUEST		Login Redirect 4	1605974775891	1605974776094	KO	jsonPath($..token).find.exists preparation crashed: Jackson failed to parse into a valid AST: c.f.j.c.JsonParseException: Unexpected character ('<' (code 60)): expected a valid value (JSON String, Number, Array, Object or token 'null', 'true' or 'false')  at [Source: (SequenceInputStream); line: 1, column: 2]
REQUEST		Login Redirect 4	1605974775892	1605974776095	KO	jsonPath($..token).find.exists preparation crashed: Jackson failed to parse into a valid AST: c.f.j.c.JsonParseException: Unexpected character ('<' (code 60)): expected a valid value (JSON String, Number, Array, Object or token 'null', 'true' or 'false')  at [Source: (SequenceInputStream); line: 1, column: 2]
REQUEST		Login Redirect 4	1605974775892	1605974776102	KO	jsonPath($..token).find.exists preparation crashed: Jackson failed to parse into a valid AST: c.f.j.c.JsonParseException: Unexpected character ('<' (code 60)): expected a valid value (JSON String, Number, Array, Object or token 'null', 'true' or 'false')  at [Source: (SequenceInputStream); line: 1, column: 2]
REQUEST		Login Redirect 4	1605974775893	1605974776103	KO	jsonPath($..token).find.exists preparation crashed: Jackson failed to parse into a valid AST: c.f.j.c.JsonParseException: Unexpected character ('<' (code 60)): expected a valid value (JSON String, Number, Array, Object or token 'null', 'true' or 'false')  at [Source: (SequenceInputStream); line: 1, column: 2]
REQUEST		Login Redirect 4	1605974775894	1605974776106	KO	jsonPath($..token).find.exists preparation crashed: Jackson failed to parse into a valid AST: c.f.j.c.JsonParseException: Unexpected character ('<' (code 60)): expected a valid value (JSON String, Number, Array, Object or token 'null', 'true' or 'false')  at [Source: (SequenceInputStream); line: 1, column: 2]
REQUEST		Login Redirect 3	1605974775894	1605974776106	OK	 
REQUEST		Login Redirect 3	1605974775896	1605974776106	OK	 
REQUEST		Login Redirect 3	1605974775896	1605974776108	OK	 
REQUEST		Login Redirect 3	1605974775895	1605974776108	OK	 
REQUEST		Login Redirect 3	1605974775904	1605974776108	OK	 
REQUEST		Login Redirect 3	1605974775897	1605974776108	OK	 
REQUEST		Login Redirect 3	1605974775897	1605974776108	OK	 
REQUEST		Login Redirect 3	1605974775900	1605974776109	OK	 
REQUEST		Login Redirect 3	1605974775906	1605974776109	OK	 
REQUEST		Login Redirect 2	1605974775899	1605974776110	OK	 
REQUEST		Login Redirect 3	1605974775898	1605974776110	OK	 
REQUEST		Login Redirect 3	1605974775901	1605974776111	OK	 
REQUEST		Login Redirect 3	1605974775907	1605974776111	OK	 
REQUEST		Login Redirect 3	1605974775901	1605974776112	OK	 
REQUEST		Login Redirect 3	1605974775916	1605974776113	OK	 
REQUEST		Login Redirect 3	1605974775900	1605974776114	OK	 
REQUEST		Login Redirect 3	1605974775902	1605974776116	OK	 
REQUEST		Login Redirect 4	1605974775903	1605974776116	KO	jsonPath($..token).find.exists preparation crashed: Jackson failed to parse into a valid AST: c.f.j.c.JsonParseException: Unexpected character ('<' (code 60)): expected a valid value (JSON String, Number, Array, Object or token 'null', 'true' or 'false')  at [Source: (SequenceInputStream); line: 1, column: 2]
REQUEST		Login Redirect 4	1605974775881	1605974776116	KO	jsonPath($..token).find.exists preparation crashed: Jackson failed to parse into a valid AST: c.f.j.c.JsonParseException: Unexpected character ('<' (code 60)): expected a valid value (JSON String, Number, Array, Object or token 'null', 'true' or 'false')  at [Source: (SequenceInputStream); line: 1, column: 2]
REQUEST		Login Redirect 4	1605974775906	1605974776118	KO	jsonPath($..token).find.exists preparation crashed: Jackson failed to parse into a valid AST: c.f.j.c.JsonParseException: Unexpected character ('<' (code 60)): expected a valid value (JSON String, Number, Array, Object or token 'null', 'true' or 'false')  at [Source: (SequenceInputStream); line: 1, column: 2]
REQUEST		Login Redirect 4	1605974775905	1605974776119	KO	jsonPath($..token).find.exists preparation crashed: Jackson failed to parse into a valid AST: c.f.j.c.JsonParseException: Unexpected character ('<' (code 60)): expected a valid value (JSON String, Number, Array, Object or token 'null', 'true' or 'false')  at [Source: (SequenceInputStream); line: 1, column: 2]
REQUEST		Login Redirect 4	1605974775897	1605974776125	KO	jsonPath($..token).find.exists preparation crashed: Jackson failed to parse into a valid AST: c.f.j.c.JsonParseException: Unexpected character ('<' (code 60)): expected a valid value (JSON String, Number, Array, Object or token 'null', 'true' or 'false')  at [Source: (SequenceInputStream); line: 1, column: 2]
REQUEST		Login Redirect 4	1605974775907	1605974776140	KO	jsonPath($..token).find.exists preparation crashed: Jackson failed to parse into a valid AST: c.f.j.c.JsonParseException: Unexpected character ('<' (code 60)): expected a valid value (JSON String, Number, Array, Object or token 'null', 'true' or 'false')  at [Source: (SequenceInputStream); line: 1, column: 2]
REQUEST		Login Redirect 4	1605974775910	1605974776140	KO	jsonPath($..token).find.exists preparation crashed: Jackson failed to parse into a valid AST: c.f.j.c.JsonParseException: Unexpected character ('<' (code 60)): expected a valid value (JSON String, Number, Array, Object or token 'null', 'true' or 'false')  at [Source: (SequenceInputStream); line: 1, column: 2]
REQUEST		Login Redirect 4	1605974775900	1605974776142	KO	jsonPath($..token).find.exists preparation crashed: Jackson failed to parse into a valid AST: c.f.j.c.JsonParseException: Unexpected character ('<' (code 60)): expected a valid value (JSON String, Number, Array, Object or token 'null', 'true' or 'false')  at [Source: (SequenceInputStream); line: 1, column: 2]
REQUEST		Login Redirect 4	1605974775909	1605974776150	KO	jsonPath($..token).find.exists preparation crashed: Jackson failed to parse into a valid AST: c.f.j.c.JsonParseException: Unexpected character ('<' (code 60)): expected a valid value (JSON String, Number, Array, Object or token 'null', 'true' or 'false')  at [Source: (SequenceInputStream); line: 1, column: 2]
REQUEST		Login Redirect 3	1605974775931	1605974776150	OK	 
REQUEST		Login Redirect 4	1605974775898	1605974776155	KO	jsonPath($..token).find.exists preparation crashed: Jackson failed to parse into a valid AST: c.f.j.c.JsonParseException: Unexpected character ('<' (code 60)): expected a valid value (JSON String, Number, Array, Object or token 'null', 'true' or 'false')  at [Source: (SequenceInputStream); line: 1, column: 2]
REQUEST		Login Redirect 4	1605974775912	1605974776157	KO	jsonPath($..token).find.exists preparation crashed: Jackson failed to parse into a valid AST: c.f.j.c.JsonParseException: Unexpected character ('<' (code 60)): expected a valid value (JSON String, Number, Array, Object or token 'null', 'true' or 'false')  at [Source: (SequenceInputStream); line: 1, column: 2]
REQUEST		Login Redirect 4	1605974775914	1605974776158	KO	jsonPath($..token).find.exists preparation crashed: Jackson failed to parse into a valid AST: c.f.j.c.JsonParseException: Unexpected character ('<' (code 60)): expected a valid value (JSON String, Number, Array, Object or token 'null', 'true' or 'false')  at [Source: (SequenceInputStream); line: 1, column: 2]
REQUEST		Login Redirect 4	1605974775937	1605974776162	KO	jsonPath($..token).find.exists preparation crashed: Jackson failed to parse into a valid AST: c.f.j.c.JsonParseException: Unexpected character ('<' (code 60)): expected a valid value (JSON String, Number, Array, Object or token 'null', 'true' or 'false')  at [Source: (SequenceInputStream); line: 1, column: 2]
REQUEST		Login Redirect 4	1605974775935	1605974776166	KO	jsonPath($..token).find.exists preparation crashed: Jackson failed to parse into a valid AST: c.f.j.c.JsonParseException: Unexpected character ('<' (code 60)): expected a valid value (JSON String, Number, Array, Object or token 'null', 'true' or 'false')  at [Source: (SequenceInputStream); line: 1, column: 2]
REQUEST		Login Redirect 4	1605974775921	1605974776166	KO	jsonPath($..token).find.exists preparation crashed: Jackson failed to parse into a valid AST: c.f.j.c.JsonParseException: Unexpected character ('<' (code 60)): expected a valid value (JSON String, Number, Array, Object or token 'null', 'true' or 'false')  at [Source: (SequenceInputStream); line: 1, column: 2]
REQUEST		Login Redirect 4	1605974775933	1605974776167	KO	jsonPath($..token).find.exists preparation crashed: Jackson failed to parse into a valid AST: c.f.j.c.JsonParseException: Unexpected character ('<' (code 60)): expected a valid value (JSON String, Number, Array, Object or token 'null', 'true' or 'false')  at [Source: (SequenceInputStream); line: 1, column: 2]
REQUEST		Login Redirect 4	1605974775922	1605974776174	KO	jsonPath($..token).find.exists preparation crashed: Jackson failed to parse into a valid AST: c.f.j.c.JsonParseException: Unexpected character ('<' (code 60)): expected a valid value (JSON String, Number, Array, Object or token 'null', 'true' or 'false')  at [Source: (SequenceInputStream); line: 1, column: 2]
REQUEST		Login Redirect 4	1605974775932	1605974776175	KO	jsonPath($..token).find.exists preparation crashed: Jackson failed to parse into a valid AST: c.f.j.c.JsonParseException: Unexpected character ('<' (code 60)): expected a valid value (JSON String, Number, Array, Object or token 'null', 'true' or 'false')  at [Source: (SequenceInputStream); line: 1, column: 2]
REQUEST		Login Redirect 4	1605974775936	1605974776179	KO	jsonPath($..token).find.exists preparation crashed: Jackson failed to parse into a valid AST: c.f.j.c.JsonParseException: Unexpected character ('<' (code 60)): expected a valid value (JSON String, Number, Array, Object or token 'null', 'true' or 'false')  at [Source: (SequenceInputStream); line: 1, column: 2]
REQUEST		Login Redirect 4	1605974775935	1605974776180	KO	jsonPath($..token).find.exists preparation crashed: Jackson failed to parse into a valid AST: c.f.j.c.JsonParseException: Unexpected character ('<' (code 60)): expected a valid value (JSON String, Number, Array, Object or token 'null', 'true' or 'false')  at [Source: (SequenceInputStream); line: 1, column: 2]
REQUEST		Login Redirect 4	1605974775900	1605974776181	KO	jsonPath($..token).find.exists preparation crashed: Jackson failed to parse into a valid AST: c.f.j.c.JsonParseException: Unexpected character ('<' (code 60)): expected a valid value (JSON String, Number, Array, Object or token 'null', 'true' or 'false')  at [Source: (SequenceInputStream); line: 1, column: 2]
REQUEST		Login Redirect 4	1605974775914	1605974776182	KO	jsonPath($..token).find.exists preparation crashed: Jackson failed to parse into a valid AST: c.f.j.c.JsonParseException: Unexpected character ('<' (code 60)): expected a valid value (JSON String, Number, Array, Object or token 'null', 'true' or 'false')  at [Source: (SequenceInputStream); line: 1, column: 2]
REQUEST		Login Redirect 4	1605974775940	1605974776187	KO	jsonPath($..token).find.exists preparation crashed: Jackson failed to parse into a valid AST: c.f.j.c.JsonParseException: Unexpected character ('<' (code 60)): expected a valid value (JSON String, Number, Array, Object or token 'null', 'true' or 'false')  at [Source: (SequenceInputStream); line: 1, column: 2]
REQUEST		Login Redirect 4	1605974775932	1605974776187	KO	jsonPath($..token).find.exists preparation crashed: Jackson failed to parse into a valid AST: c.f.j.c.JsonParseException: Unexpected character ('<' (code 60)): expected a valid value (JSON String, Number, Array, Object or token 'null', 'true' or 'false')  at [Source: (SequenceInputStream); line: 1, column: 2]
REQUEST		Login Redirect 4	1605974775939	1605974776188	KO	jsonPath($..token).find.exists preparation crashed: Jackson failed to parse into a valid AST: c.f.j.c.JsonParseException: Unexpected character ('<' (code 60)): expected a valid value (JSON String, Number, Array, Object or token 'null', 'true' or 'false')  at [Source: (SequenceInputStream); line: 1, column: 2]
REQUEST		Login Redirect 4	1605974775939	1605974776191	KO	jsonPath($..token).find.exists preparation crashed: Jackson failed to parse into a valid AST: c.f.j.c.JsonParseException: Unexpected character ('<' (code 60)): expected a valid value (JSON String, Number, Array, Object or token 'null', 'true' or 'false')  at [Source: (SequenceInputStream); line: 1, column: 2]
REQUEST		Login Redirect 4	1605974775912	1605974776193	KO	jsonPath($..token).find.exists preparation crashed: Jackson failed to parse into a valid AST: c.f.j.c.JsonParseException: Unexpected character ('<' (code 60)): expected a valid value (JSON String, Number, Array, Object or token 'null', 'true' or 'false')  at [Source: (SequenceInputStream); line: 1, column: 2]
REQUEST		Login Redirect 4	1605974775918	1605974776196	KO	jsonPath($..token).find.exists preparation crashed: Jackson failed to parse into a valid AST: c.f.j.c.JsonParseException: Unexpected character ('<' (code 60)): expected a valid value (JSON String, Number, Array, Object or token 'null', 'true' or 'false')  at [Source: (SequenceInputStream); line: 1, column: 2]
REQUEST		Login Redirect 4	1605974775915	1605974776196	KO	jsonPath($..token).find.exists preparation crashed: Jackson failed to parse into a valid AST: c.f.j.c.JsonParseException: Unexpected character ('<' (code 60)): expected a valid value (JSON String, Number, Array, Object or token 'null', 'true' or 'false')  at [Source: (SequenceInputStream); line: 1, column: 2]
REQUEST		Login Redirect 4	1605974775929	1605974776198	KO	jsonPath($..token).find.exists preparation crashed: Jackson failed to parse into a valid AST: c.f.j.c.JsonParseException: Unexpected character ('<' (code 60)): expected a valid value (JSON String, Number, Array, Object or token 'null', 'true' or 'false')  at [Source: (SequenceInputStream); line: 1, column: 2]
REQUEST		Login Redirect 4	1605974776013	1605974776210	KO	jsonPath($..token).find.exists preparation crashed: Jackson failed to parse into a valid AST: c.f.j.c.JsonParseException: Unexpected character ('<' (code 60)): expected a valid value (JSON String, Number, Array, Object or token 'null', 'true' or 'false')  at [Source: (SequenceInputStream); line: 1, column: 2]
REQUEST		Login Redirect 4	1605974776008	1605974776210	KO	jsonPath($..token).find.exists preparation crashed: Jackson failed to parse into a valid AST: c.f.j.c.JsonParseException: Unexpected character ('<' (code 60)): expected a valid value (JSON String, Number, Array, Object or token 'null', 'true' or 'false')  at [Source: (SequenceInputStream); line: 1, column: 2]
REQUEST		Login Redirect 4	1605974776017	1605974776309	KO	jsonPath($..token).find.exists preparation crashed: Jackson failed to parse into a valid AST: c.f.j.c.JsonParseException: Unexpected character ('<' (code 60)): expected a valid value (JSON String, Number, Array, Object or token 'null', 'true' or 'false')  at [Source: (SequenceInputStream); line: 1, column: 2]
REQUEST		Login Redirect 4	1605974776070	1605974776339	KO	jsonPath($..token).find.exists preparation crashed: Jackson failed to parse into a valid AST: c.f.j.c.JsonParseException: Unexpected character ('<' (code 60)): expected a valid value (JSON String, Number, Array, Object or token 'null', 'true' or 'false')  at [Source: (SequenceInputStream); line: 1, column: 2]
REQUEST		Login Redirect 4	1605974776070	1605974776340	KO	jsonPath($..token).find.exists preparation crashed: Jackson failed to parse into a valid AST: c.f.j.c.JsonParseException: Unexpected character ('<' (code 60)): expected a valid value (JSON String, Number, Array, Object or token 'null', 'true' or 'false')  at [Source: (SequenceInputStream); line: 1, column: 2]
REQUEST		Login Redirect 2	1605974776084	1605974776343	OK	 
REQUEST		Login Redirect 4	1605974776072	1605974776343	KO	jsonPath($..token).find.exists preparation crashed: Jackson failed to parse into a valid AST: c.f.j.c.JsonParseException: Unexpected character ('<' (code 60)): expected a valid value (JSON String, Number, Array, Object or token 'null', 'true' or 'false')  at [Source: (SequenceInputStream); line: 1, column: 2]
REQUEST		Login Redirect 4	1605974776084	1605974776391	KO	jsonPath($..token).find.exists preparation crashed: Jackson failed to parse into a valid AST: c.f.j.c.JsonParseException: Unexpected character ('<' (code 60)): expected a valid value (JSON String, Number, Array, Object or token 'null', 'true' or 'false')  at [Source: (SequenceInputStream); line: 1, column: 2]
REQUEST		Login Redirect 4	1605974776086	1605974776393	KO	jsonPath($..token).find.exists preparation crashed: Jackson failed to parse into a valid AST: c.f.j.c.JsonParseException: Unexpected character ('<' (code 60)): expected a valid value (JSON String, Number, Array, Object or token 'null', 'true' or 'false')  at [Source: (SequenceInputStream); line: 1, column: 2]
REQUEST		Login Redirect 4	1605974776094	1605974776395	KO	jsonPath($..token).find.exists preparation crashed: Jackson failed to parse into a valid AST: c.f.j.c.JsonParseException: Unexpected character ('<' (code 60)): expected a valid value (JSON String, Number, Array, Object or token 'null', 'true' or 'false')  at [Source: (SequenceInputStream); line: 1, column: 2]
REQUEST		Login Redirect 4	1605974776108	1605974776427	KO	jsonPath($..token).find.exists preparation crashed: Jackson failed to parse into a valid AST: c.f.j.c.JsonParseException: Unexpected character ('<' (code 60)): expected a valid value (JSON String, Number, Array, Object or token 'null', 'true' or 'false')  at [Source: (SequenceInputStream); line: 1, column: 2]
REQUEST		Login Redirect 4	1605974776107	1605974776428	KO	jsonPath($..token).find.exists preparation crashed: Jackson failed to parse into a valid AST: c.f.j.c.JsonParseException: Unexpected character ('<' (code 60)): expected a valid value (JSON String, Number, Array, Object or token 'null', 'true' or 'false')  at [Source: (SequenceInputStream); line: 1, column: 2]
REQUEST		Login Redirect 4	1605974776110	1605974776430	KO	jsonPath($..token).find.exists preparation crashed: Jackson failed to parse into a valid AST: c.f.j.c.JsonParseException: Unexpected character ('<' (code 60)): expected a valid value (JSON String, Number, Array, Object or token 'null', 'true' or 'false')  at [Source: (SequenceInputStream); line: 1, column: 2]
REQUEST		Login Redirect 4	1605974776109	1605974776431	KO	jsonPath($..token).find.exists preparation crashed: Jackson failed to parse into a valid AST: c.f.j.c.JsonParseException: Unexpected character ('<' (code 60)): expected a valid value (JSON String, Number, Array, Object or token 'null', 'true' or 'false')  at [Source: (SequenceInputStream); line: 1, column: 2]
REQUEST		Login Redirect 4	1605974776108	1605974776433	KO	jsonPath($..token).find.exists preparation crashed: Jackson failed to parse into a valid AST: c.f.j.c.JsonParseException: Unexpected character ('<' (code 60)): expected a valid value (JSON String, Number, Array, Object or token 'null', 'true' or 'false')  at [Source: (SequenceInputStream); line: 1, column: 2]
REQUEST		Login Redirect 4	1605974776109	1605974776444	KO	jsonPath($..token).find.exists preparation crashed: Jackson failed to parse into a valid AST: c.f.j.c.JsonParseException: Unexpected character ('<' (code 60)): expected a valid value (JSON String, Number, Array, Object or token 'null', 'true' or 'false')  at [Source: (SequenceInputStream); line: 1, column: 2]
REQUEST		Login Redirect 4	1605974776108	1605974776444	KO	jsonPath($..token).find.exists preparation crashed: Jackson failed to parse into a valid AST: c.f.j.c.JsonParseException: Unexpected character ('<' (code 60)): expected a valid value (JSON String, Number, Array, Object or token 'null', 'true' or 'false')  at [Source: (SequenceInputStream); line: 1, column: 2]
REQUEST		Login Redirect 4	1605974776109	1605974776446	KO	jsonPath($..token).find.exists preparation crashed: Jackson failed to parse into a valid AST: c.f.j.c.JsonParseException: Unexpected character ('<' (code 60)): expected a valid value (JSON String, Number, Array, Object or token 'null', 'true' or 'false')  at [Source: (SequenceInputStream); line: 1, column: 2]
REQUEST		Login Redirect 3	1605974776111	1605974776452	OK	 
REQUEST		Login Redirect 4	1605974776111	1605974776455	KO	jsonPath($..token).find.exists preparation crashed: Jackson failed to parse into a valid AST: c.f.j.c.JsonParseException: Unexpected character ('<' (code 60)): expected a valid value (JSON String, Number, Array, Object or token 'null', 'true' or 'false')  at [Source: (SequenceInputStream); line: 1, column: 2]
REQUEST		Login Redirect 4	1605974776111	1605974776457	KO	jsonPath($..token).find.exists preparation crashed: Jackson failed to parse into a valid AST: c.f.j.c.JsonParseException: Unexpected character ('<' (code 60)): expected a valid value (JSON String, Number, Array, Object or token 'null', 'true' or 'false')  at [Source: (SequenceInputStream); line: 1, column: 2]
REQUEST		Login Redirect 4	1605974776113	1605974776469	KO	jsonPath($..token).find.exists preparation crashed: Jackson failed to parse into a valid AST: c.f.j.c.JsonParseException: Unexpected character ('<' (code 60)): expected a valid value (JSON String, Number, Array, Object or token 'null', 'true' or 'false')  at [Source: (SequenceInputStream); line: 1, column: 2]
REQUEST		Login Redirect 4	1605974776151	1605974776471	KO	